ARM GAS  /tmp/ccwCYvYD.s 			page 1


   1              		.syntax unified
   2              		.cpu cortex-m4
   3              		.eabi_attribute 27, 1
   4              		.eabi_attribute 28, 1
   5              		.fpu fpv4-sp-d16
   6              		.eabi_attribute 20, 1
   7              		.eabi_attribute 21, 1
   8              		.eabi_attribute 23, 3
   9              		.eabi_attribute 24, 1
  10              		.eabi_attribute 25, 1
  11              		.eabi_attribute 26, 1
  12              		.eabi_attribute 30, 1
  13              		.eabi_attribute 34, 1
  14              		.eabi_attribute 18, 4
  15              		.thumb
  16              		.file	"stm32f4xx_hal_msp.c"
  17              		.text
  18              	.Ltext0:
  19              		.cfi_sections	.debug_frame
  20              		.section	.text.HAL_MspInit,"ax",%progbits
  21              		.align	2
  22              		.global	HAL_MspInit
  23              		.thumb
  24              		.thumb_func
  26              	HAL_MspInit:
  27              	.LFB123:
  28              		.file 1 "Src/stm32f4xx_hal_msp.c"
   1:Src/stm32f4xx_hal_msp.c **** /**
   2:Src/stm32f4xx_hal_msp.c ****   ******************************************************************************
   3:Src/stm32f4xx_hal_msp.c ****   * File Name          : stm32f4xx_hal_msp.c
   4:Src/stm32f4xx_hal_msp.c ****   * Description        : This file provides code for the MSP Initialization 
   5:Src/stm32f4xx_hal_msp.c ****   *                      and de-Initialization codes.
   6:Src/stm32f4xx_hal_msp.c ****   ******************************************************************************
   7:Src/stm32f4xx_hal_msp.c ****   * This notice applies to any and all portions of this file
   8:Src/stm32f4xx_hal_msp.c ****   * that are not between comment pairs USER CODE BEGIN and
   9:Src/stm32f4xx_hal_msp.c ****   * USER CODE END. Other portions of this file, whether 
  10:Src/stm32f4xx_hal_msp.c ****   * inserted by the user or by software development tools
  11:Src/stm32f4xx_hal_msp.c ****   * are owned by their respective copyright owners.
  12:Src/stm32f4xx_hal_msp.c ****   *
  13:Src/stm32f4xx_hal_msp.c ****   * Copyright (c) 2018 STMicroelectronics International N.V. 
  14:Src/stm32f4xx_hal_msp.c ****   * All rights reserved.
  15:Src/stm32f4xx_hal_msp.c ****   *
  16:Src/stm32f4xx_hal_msp.c ****   * Redistribution and use in source and binary forms, with or without 
  17:Src/stm32f4xx_hal_msp.c ****   * modification, are permitted, provided that the following conditions are met:
  18:Src/stm32f4xx_hal_msp.c ****   *
  19:Src/stm32f4xx_hal_msp.c ****   * 1. Redistribution of source code must retain the above copyright notice, 
  20:Src/stm32f4xx_hal_msp.c ****   *    this list of conditions and the following disclaimer.
  21:Src/stm32f4xx_hal_msp.c ****   * 2. Redistributions in binary form must reproduce the above copyright notice,
  22:Src/stm32f4xx_hal_msp.c ****   *    this list of conditions and the following disclaimer in the documentation
  23:Src/stm32f4xx_hal_msp.c ****   *    and/or other materials provided with the distribution.
  24:Src/stm32f4xx_hal_msp.c ****   * 3. Neither the name of STMicroelectronics nor the names of other 
  25:Src/stm32f4xx_hal_msp.c ****   *    contributors to this software may be used to endorse or promote products 
  26:Src/stm32f4xx_hal_msp.c ****   *    derived from this software without specific written permission.
  27:Src/stm32f4xx_hal_msp.c ****   * 4. This software, including modifications and/or derivative works of this 
  28:Src/stm32f4xx_hal_msp.c ****   *    software, must execute solely and exclusively on microcontroller or
  29:Src/stm32f4xx_hal_msp.c ****   *    microprocessor devices manufactured by or for STMicroelectronics.
  30:Src/stm32f4xx_hal_msp.c ****   * 5. Redistribution and use of this software other than as permitted under 
ARM GAS  /tmp/ccwCYvYD.s 			page 2


  31:Src/stm32f4xx_hal_msp.c ****   *    this license is void and will automatically terminate your rights under 
  32:Src/stm32f4xx_hal_msp.c ****   *    this license. 
  33:Src/stm32f4xx_hal_msp.c ****   *
  34:Src/stm32f4xx_hal_msp.c ****   * THIS SOFTWARE IS PROVIDED BY STMICROELECTRONICS AND CONTRIBUTORS "AS IS" 
  35:Src/stm32f4xx_hal_msp.c ****   * AND ANY EXPRESS, IMPLIED OR STATUTORY WARRANTIES, INCLUDING, BUT NOT 
  36:Src/stm32f4xx_hal_msp.c ****   * LIMITED TO, THE IMPLIED WARRANTIES OF MERCHANTABILITY, FITNESS FOR A 
  37:Src/stm32f4xx_hal_msp.c ****   * PARTICULAR PURPOSE AND NON-INFRINGEMENT OF THIRD PARTY INTELLECTUAL PROPERTY
  38:Src/stm32f4xx_hal_msp.c ****   * RIGHTS ARE DISCLAIMED TO THE FULLEST EXTENT PERMITTED BY LAW. IN NO EVENT 
  39:Src/stm32f4xx_hal_msp.c ****   * SHALL STMICROELECTRONICS OR CONTRIBUTORS BE LIABLE FOR ANY DIRECT, INDIRECT,
  40:Src/stm32f4xx_hal_msp.c ****   * INCIDENTAL, SPECIAL, EXEMPLARY, OR CONSEQUENTIAL DAMAGES (INCLUDING, BUT NOT
  41:Src/stm32f4xx_hal_msp.c ****   * LIMITED TO, PROCUREMENT OF SUBSTITUTE GOODS OR SERVICES; LOSS OF USE, DATA, 
  42:Src/stm32f4xx_hal_msp.c ****   * OR PROFITS; OR BUSINESS INTERRUPTION) HOWEVER CAUSED AND ON ANY THEORY OF 
  43:Src/stm32f4xx_hal_msp.c ****   * LIABILITY, WHETHER IN CONTRACT, STRICT LIABILITY, OR TORT (INCLUDING 
  44:Src/stm32f4xx_hal_msp.c ****   * NEGLIGENCE OR OTHERWISE) ARISING IN ANY WAY OUT OF THE USE OF THIS SOFTWARE,
  45:Src/stm32f4xx_hal_msp.c ****   * EVEN IF ADVISED OF THE POSSIBILITY OF SUCH DAMAGE.
  46:Src/stm32f4xx_hal_msp.c ****   *
  47:Src/stm32f4xx_hal_msp.c ****   ******************************************************************************
  48:Src/stm32f4xx_hal_msp.c ****   */
  49:Src/stm32f4xx_hal_msp.c **** /* Includes ------------------------------------------------------------------*/
  50:Src/stm32f4xx_hal_msp.c **** #include "stm32f4xx_hal.h"
  51:Src/stm32f4xx_hal_msp.c **** extern void _Error_Handler(char *, int);
  52:Src/stm32f4xx_hal_msp.c **** /* USER CODE BEGIN 0 */
  53:Src/stm32f4xx_hal_msp.c **** 
  54:Src/stm32f4xx_hal_msp.c **** /* USER CODE END 0 */
  55:Src/stm32f4xx_hal_msp.c **** /**
  56:Src/stm32f4xx_hal_msp.c ****   * Initializes the Global MSP.
  57:Src/stm32f4xx_hal_msp.c ****   */
  58:Src/stm32f4xx_hal_msp.c **** void HAL_MspInit(void)
  59:Src/stm32f4xx_hal_msp.c **** {
  29              		.loc 1 59 0
  30              		.cfi_startproc
  31              		@ args = 0, pretend = 0, frame = 8
  32              		@ frame_needed = 0, uses_anonymous_args = 0
  33 0000 10B5     		push	{r4, lr}
  34              	.LCFI0:
  35              		.cfi_def_cfa_offset 8
  36              		.cfi_offset 4, -8
  37              		.cfi_offset 14, -4
  38 0002 82B0     		sub	sp, sp, #8
  39              	.LCFI1:
  40              		.cfi_def_cfa_offset 16
  41              	.LBB2:
  60:Src/stm32f4xx_hal_msp.c ****   /* USER CODE BEGIN MspInit 0 */
  61:Src/stm32f4xx_hal_msp.c **** 
  62:Src/stm32f4xx_hal_msp.c ****   /* USER CODE END MspInit 0 */
  63:Src/stm32f4xx_hal_msp.c **** 
  64:Src/stm32f4xx_hal_msp.c ****   __HAL_RCC_SYSCFG_CLK_ENABLE();
  42              		.loc 1 64 0
  43 0004 0024     		movs	r4, #0
  44 0006 0094     		str	r4, [sp]
  45 0008 214B     		ldr	r3, .L3
  46 000a 5A6C     		ldr	r2, [r3, #68]
  47 000c 42F48042 		orr	r2, r2, #16384
  48 0010 5A64     		str	r2, [r3, #68]
  49 0012 5A6C     		ldr	r2, [r3, #68]
  50 0014 02F48042 		and	r2, r2, #16384
  51 0018 0092     		str	r2, [sp]
ARM GAS  /tmp/ccwCYvYD.s 			page 3


  52 001a 009A     		ldr	r2, [sp]
  53              	.LBE2:
  54              	.LBB3:
  65:Src/stm32f4xx_hal_msp.c ****   __HAL_RCC_PWR_CLK_ENABLE();
  55              		.loc 1 65 0
  56 001c 0194     		str	r4, [sp, #4]
  57 001e 1A6C     		ldr	r2, [r3, #64]
  58 0020 42F08052 		orr	r2, r2, #268435456
  59 0024 1A64     		str	r2, [r3, #64]
  60 0026 1B6C     		ldr	r3, [r3, #64]
  61 0028 03F08053 		and	r3, r3, #268435456
  62 002c 0193     		str	r3, [sp, #4]
  63 002e 019B     		ldr	r3, [sp, #4]
  64              	.LBE3:
  66:Src/stm32f4xx_hal_msp.c **** 
  67:Src/stm32f4xx_hal_msp.c ****   HAL_NVIC_SetPriorityGrouping(NVIC_PRIORITYGROUP_4);
  65              		.loc 1 67 0
  66 0030 0320     		movs	r0, #3
  67 0032 FFF7FEFF 		bl	HAL_NVIC_SetPriorityGrouping
  68              	.LVL0:
  68:Src/stm32f4xx_hal_msp.c **** 
  69:Src/stm32f4xx_hal_msp.c ****   /* System interrupt init*/
  70:Src/stm32f4xx_hal_msp.c ****   /* MemoryManagement_IRQn interrupt configuration */
  71:Src/stm32f4xx_hal_msp.c ****   HAL_NVIC_SetPriority(MemoryManagement_IRQn, 0, 0);
  69              		.loc 1 71 0
  70 0036 6FF00B00 		mvn	r0, #11
  71 003a 2146     		mov	r1, r4
  72 003c 2246     		mov	r2, r4
  73 003e FFF7FEFF 		bl	HAL_NVIC_SetPriority
  74              	.LVL1:
  72:Src/stm32f4xx_hal_msp.c ****   /* BusFault_IRQn interrupt configuration */
  73:Src/stm32f4xx_hal_msp.c ****   HAL_NVIC_SetPriority(BusFault_IRQn, 0, 0);
  75              		.loc 1 73 0
  76 0042 6FF00A00 		mvn	r0, #10
  77 0046 2146     		mov	r1, r4
  78 0048 2246     		mov	r2, r4
  79 004a FFF7FEFF 		bl	HAL_NVIC_SetPriority
  80              	.LVL2:
  74:Src/stm32f4xx_hal_msp.c ****   /* UsageFault_IRQn interrupt configuration */
  75:Src/stm32f4xx_hal_msp.c ****   HAL_NVIC_SetPriority(UsageFault_IRQn, 0, 0);
  81              		.loc 1 75 0
  82 004e 6FF00900 		mvn	r0, #9
  83 0052 2146     		mov	r1, r4
  84 0054 2246     		mov	r2, r4
  85 0056 FFF7FEFF 		bl	HAL_NVIC_SetPriority
  86              	.LVL3:
  76:Src/stm32f4xx_hal_msp.c ****   /* SVCall_IRQn interrupt configuration */
  77:Src/stm32f4xx_hal_msp.c ****   HAL_NVIC_SetPriority(SVCall_IRQn, 0, 0);
  87              		.loc 1 77 0
  88 005a 6FF00400 		mvn	r0, #4
  89 005e 2146     		mov	r1, r4
  90 0060 2246     		mov	r2, r4
  91 0062 FFF7FEFF 		bl	HAL_NVIC_SetPriority
  92              	.LVL4:
  78:Src/stm32f4xx_hal_msp.c ****   /* DebugMonitor_IRQn interrupt configuration */
  79:Src/stm32f4xx_hal_msp.c ****   HAL_NVIC_SetPriority(DebugMonitor_IRQn, 0, 0);
  93              		.loc 1 79 0
ARM GAS  /tmp/ccwCYvYD.s 			page 4


  94 0066 6FF00300 		mvn	r0, #3
  95 006a 2146     		mov	r1, r4
  96 006c 2246     		mov	r2, r4
  97 006e FFF7FEFF 		bl	HAL_NVIC_SetPriority
  98              	.LVL5:
  80:Src/stm32f4xx_hal_msp.c ****   /* PendSV_IRQn interrupt configuration */
  81:Src/stm32f4xx_hal_msp.c ****   HAL_NVIC_SetPriority(PendSV_IRQn, 15, 0);
  99              		.loc 1 81 0
 100 0072 6FF00100 		mvn	r0, #1
 101 0076 0F21     		movs	r1, #15
 102 0078 2246     		mov	r2, r4
 103 007a FFF7FEFF 		bl	HAL_NVIC_SetPriority
 104              	.LVL6:
  82:Src/stm32f4xx_hal_msp.c ****   /* SysTick_IRQn interrupt configuration */
  83:Src/stm32f4xx_hal_msp.c ****   HAL_NVIC_SetPriority(SysTick_IRQn, 15, 0);
 105              		.loc 1 83 0
 106 007e 4FF0FF30 		mov	r0, #-1
 107 0082 0F21     		movs	r1, #15
 108 0084 2246     		mov	r2, r4
 109 0086 FFF7FEFF 		bl	HAL_NVIC_SetPriority
 110              	.LVL7:
  84:Src/stm32f4xx_hal_msp.c **** 
  85:Src/stm32f4xx_hal_msp.c ****   /* USER CODE BEGIN MspInit 1 */
  86:Src/stm32f4xx_hal_msp.c **** 
  87:Src/stm32f4xx_hal_msp.c ****   /* USER CODE END MspInit 1 */
  88:Src/stm32f4xx_hal_msp.c **** }
 111              		.loc 1 88 0
 112 008a 02B0     		add	sp, sp, #8
 113              	.LCFI2:
 114              		.cfi_def_cfa_offset 8
 115              		@ sp needed
 116 008c 10BD     		pop	{r4, pc}
 117              	.L4:
 118 008e 00BF     		.align	2
 119              	.L3:
 120 0090 00380240 		.word	1073887232
 121              		.cfi_endproc
 122              	.LFE123:
 124              		.section	.text.HAL_CAN_MspInit,"ax",%progbits
 125              		.align	2
 126              		.global	HAL_CAN_MspInit
 127              		.thumb
 128              		.thumb_func
 130              	HAL_CAN_MspInit:
 131              	.LFB124:
  89:Src/stm32f4xx_hal_msp.c **** 
  90:Src/stm32f4xx_hal_msp.c **** void HAL_CAN_MspInit(CAN_HandleTypeDef* hcan)
  91:Src/stm32f4xx_hal_msp.c **** {
 132              		.loc 1 91 0
 133              		.cfi_startproc
 134              		@ args = 0, pretend = 0, frame = 24
 135              		@ frame_needed = 0, uses_anonymous_args = 0
 136              	.LVL8:
  92:Src/stm32f4xx_hal_msp.c **** 
  93:Src/stm32f4xx_hal_msp.c ****   GPIO_InitTypeDef GPIO_InitStruct;
  94:Src/stm32f4xx_hal_msp.c ****   if(hcan->Instance==CAN1)
 137              		.loc 1 94 0
ARM GAS  /tmp/ccwCYvYD.s 			page 5


 138 0000 0268     		ldr	r2, [r0]
 139 0002 124B     		ldr	r3, .L9
 140 0004 9A42     		cmp	r2, r3
 141 0006 1FD1     		bne	.L8
  91:Src/stm32f4xx_hal_msp.c **** 
 142              		.loc 1 91 0
 143 0008 00B5     		push	{lr}
 144              	.LCFI3:
 145              		.cfi_def_cfa_offset 4
 146              		.cfi_offset 14, -4
 147 000a 87B0     		sub	sp, sp, #28
 148              	.LCFI4:
 149              		.cfi_def_cfa_offset 32
 150              	.LBB4:
  95:Src/stm32f4xx_hal_msp.c ****   {
  96:Src/stm32f4xx_hal_msp.c ****   /* USER CODE BEGIN CAN1_MspInit 0 */
  97:Src/stm32f4xx_hal_msp.c **** 
  98:Src/stm32f4xx_hal_msp.c ****   /* USER CODE END CAN1_MspInit 0 */
  99:Src/stm32f4xx_hal_msp.c ****     /* Peripheral clock enable */
 100:Src/stm32f4xx_hal_msp.c ****     __HAL_RCC_CAN1_CLK_ENABLE();
 151              		.loc 1 100 0
 152 000c 0021     		movs	r1, #0
 153 000e 0091     		str	r1, [sp]
 154 0010 03F5EA33 		add	r3, r3, #119808
 155 0014 1A6C     		ldr	r2, [r3, #64]
 156 0016 42F00072 		orr	r2, r2, #33554432
 157 001a 1A64     		str	r2, [r3, #64]
 158 001c 1B6C     		ldr	r3, [r3, #64]
 159 001e 03F00073 		and	r3, r3, #33554432
 160 0022 0093     		str	r3, [sp]
 161 0024 009B     		ldr	r3, [sp]
 162              	.LBE4:
 101:Src/stm32f4xx_hal_msp.c ****   
 102:Src/stm32f4xx_hal_msp.c ****     /**CAN1 GPIO Configuration    
 103:Src/stm32f4xx_hal_msp.c ****     PB8     ------> CAN1_RX
 104:Src/stm32f4xx_hal_msp.c ****     PB9     ------> CAN1_TX 
 105:Src/stm32f4xx_hal_msp.c ****     */
 106:Src/stm32f4xx_hal_msp.c ****     GPIO_InitStruct.Pin = GPIO_PIN_8|GPIO_PIN_9;
 163              		.loc 1 106 0
 164 0026 4FF44073 		mov	r3, #768
 165 002a 0193     		str	r3, [sp, #4]
 107:Src/stm32f4xx_hal_msp.c ****     GPIO_InitStruct.Mode = GPIO_MODE_AF_PP;
 166              		.loc 1 107 0
 167 002c 0223     		movs	r3, #2
 168 002e 0293     		str	r3, [sp, #8]
 108:Src/stm32f4xx_hal_msp.c ****     GPIO_InitStruct.Pull = GPIO_NOPULL;
 169              		.loc 1 108 0
 170 0030 0391     		str	r1, [sp, #12]
 109:Src/stm32f4xx_hal_msp.c ****     GPIO_InitStruct.Speed = GPIO_SPEED_FREQ_VERY_HIGH;
 171              		.loc 1 109 0
 172 0032 0323     		movs	r3, #3
 173 0034 0493     		str	r3, [sp, #16]
 110:Src/stm32f4xx_hal_msp.c ****     GPIO_InitStruct.Alternate = GPIO_AF9_CAN1;
 174              		.loc 1 110 0
 175 0036 0923     		movs	r3, #9
 176 0038 0593     		str	r3, [sp, #20]
 111:Src/stm32f4xx_hal_msp.c ****     HAL_GPIO_Init(GPIOB, &GPIO_InitStruct);
ARM GAS  /tmp/ccwCYvYD.s 			page 6


 177              		.loc 1 111 0
 178 003a 0548     		ldr	r0, .L9+4
 179              	.LVL9:
 180 003c 01A9     		add	r1, sp, #4
 181 003e FFF7FEFF 		bl	HAL_GPIO_Init
 182              	.LVL10:
 112:Src/stm32f4xx_hal_msp.c **** 
 113:Src/stm32f4xx_hal_msp.c ****   /* USER CODE BEGIN CAN1_MspInit 1 */
 114:Src/stm32f4xx_hal_msp.c **** 
 115:Src/stm32f4xx_hal_msp.c ****   /* USER CODE END CAN1_MspInit 1 */
 116:Src/stm32f4xx_hal_msp.c ****   }
 117:Src/stm32f4xx_hal_msp.c **** 
 118:Src/stm32f4xx_hal_msp.c **** }
 183              		.loc 1 118 0
 184 0042 07B0     		add	sp, sp, #28
 185              	.LCFI5:
 186              		.cfi_def_cfa_offset 4
 187              		@ sp needed
 188 0044 5DF804FB 		ldr	pc, [sp], #4
 189              	.LVL11:
 190              	.L8:
 191              	.LCFI6:
 192              		.cfi_def_cfa_offset 0
 193              		.cfi_restore 14
 194 0048 7047     		bx	lr
 195              	.L10:
 196 004a 00BF     		.align	2
 197              	.L9:
 198 004c 00640040 		.word	1073767424
 199 0050 00040240 		.word	1073873920
 200              		.cfi_endproc
 201              	.LFE124:
 203              		.section	.text.HAL_CAN_MspDeInit,"ax",%progbits
 204              		.align	2
 205              		.global	HAL_CAN_MspDeInit
 206              		.thumb
 207              		.thumb_func
 209              	HAL_CAN_MspDeInit:
 210              	.LFB125:
 119:Src/stm32f4xx_hal_msp.c **** 
 120:Src/stm32f4xx_hal_msp.c **** void HAL_CAN_MspDeInit(CAN_HandleTypeDef* hcan)
 121:Src/stm32f4xx_hal_msp.c **** {
 211              		.loc 1 121 0
 212              		.cfi_startproc
 213              		@ args = 0, pretend = 0, frame = 0
 214              		@ frame_needed = 0, uses_anonymous_args = 0
 215              	.LVL12:
 216 0000 08B5     		push	{r3, lr}
 217              	.LCFI7:
 218              		.cfi_def_cfa_offset 8
 219              		.cfi_offset 3, -8
 220              		.cfi_offset 14, -4
 122:Src/stm32f4xx_hal_msp.c **** 
 123:Src/stm32f4xx_hal_msp.c ****   if(hcan->Instance==CAN1)
 221              		.loc 1 123 0
 222 0002 0268     		ldr	r2, [r0]
 223 0004 064B     		ldr	r3, .L14
ARM GAS  /tmp/ccwCYvYD.s 			page 7


 224 0006 9A42     		cmp	r2, r3
 225 0008 09D1     		bne	.L11
 124:Src/stm32f4xx_hal_msp.c ****   {
 125:Src/stm32f4xx_hal_msp.c ****   /* USER CODE BEGIN CAN1_MspDeInit 0 */
 126:Src/stm32f4xx_hal_msp.c **** 
 127:Src/stm32f4xx_hal_msp.c ****   /* USER CODE END CAN1_MspDeInit 0 */
 128:Src/stm32f4xx_hal_msp.c ****     /* Peripheral clock disable */
 129:Src/stm32f4xx_hal_msp.c ****     __HAL_RCC_CAN1_CLK_DISABLE();
 226              		.loc 1 129 0
 227 000a 064A     		ldr	r2, .L14+4
 228 000c 136C     		ldr	r3, [r2, #64]
 229 000e 23F00073 		bic	r3, r3, #33554432
 230 0012 1364     		str	r3, [r2, #64]
 130:Src/stm32f4xx_hal_msp.c ****   
 131:Src/stm32f4xx_hal_msp.c ****     /**CAN1 GPIO Configuration    
 132:Src/stm32f4xx_hal_msp.c ****     PB8     ------> CAN1_RX
 133:Src/stm32f4xx_hal_msp.c ****     PB9     ------> CAN1_TX 
 134:Src/stm32f4xx_hal_msp.c ****     */
 135:Src/stm32f4xx_hal_msp.c ****     HAL_GPIO_DeInit(GPIOB, GPIO_PIN_8|GPIO_PIN_9);
 231              		.loc 1 135 0
 232 0014 0448     		ldr	r0, .L14+8
 233              	.LVL13:
 234 0016 4FF44071 		mov	r1, #768
 235 001a FFF7FEFF 		bl	HAL_GPIO_DeInit
 236              	.LVL14:
 237              	.L11:
 238 001e 08BD     		pop	{r3, pc}
 239              	.L15:
 240              		.align	2
 241              	.L14:
 242 0020 00640040 		.word	1073767424
 243 0024 00380240 		.word	1073887232
 244 0028 00040240 		.word	1073873920
 245              		.cfi_endproc
 246              	.LFE125:
 248              		.section	.text.HAL_I2C_MspInit,"ax",%progbits
 249              		.align	2
 250              		.global	HAL_I2C_MspInit
 251              		.thumb
 252              		.thumb_func
 254              	HAL_I2C_MspInit:
 255              	.LFB126:
 136:Src/stm32f4xx_hal_msp.c **** 
 137:Src/stm32f4xx_hal_msp.c ****   /* USER CODE BEGIN CAN1_MspDeInit 1 */
 138:Src/stm32f4xx_hal_msp.c **** 
 139:Src/stm32f4xx_hal_msp.c ****   /* USER CODE END CAN1_MspDeInit 1 */
 140:Src/stm32f4xx_hal_msp.c ****   }
 141:Src/stm32f4xx_hal_msp.c **** 
 142:Src/stm32f4xx_hal_msp.c **** }
 143:Src/stm32f4xx_hal_msp.c **** 
 144:Src/stm32f4xx_hal_msp.c **** void HAL_I2C_MspInit(I2C_HandleTypeDef* hi2c)
 145:Src/stm32f4xx_hal_msp.c **** {
 256              		.loc 1 145 0
 257              		.cfi_startproc
 258              		@ args = 0, pretend = 0, frame = 24
 259              		@ frame_needed = 0, uses_anonymous_args = 0
 260              	.LVL15:
ARM GAS  /tmp/ccwCYvYD.s 			page 8


 146:Src/stm32f4xx_hal_msp.c **** 
 147:Src/stm32f4xx_hal_msp.c ****   GPIO_InitTypeDef GPIO_InitStruct;
 148:Src/stm32f4xx_hal_msp.c ****   if(hi2c->Instance==I2C1)
 261              		.loc 1 148 0
 262 0000 0268     		ldr	r2, [r0]
 263 0002 124B     		ldr	r3, .L20
 264 0004 9A42     		cmp	r2, r3
 265 0006 1FD1     		bne	.L19
 145:Src/stm32f4xx_hal_msp.c **** 
 266              		.loc 1 145 0
 267 0008 00B5     		push	{lr}
 268              	.LCFI8:
 269              		.cfi_def_cfa_offset 4
 270              		.cfi_offset 14, -4
 271 000a 87B0     		sub	sp, sp, #28
 272              	.LCFI9:
 273              		.cfi_def_cfa_offset 32
 149:Src/stm32f4xx_hal_msp.c ****   {
 150:Src/stm32f4xx_hal_msp.c ****   /* USER CODE BEGIN I2C1_MspInit 0 */
 151:Src/stm32f4xx_hal_msp.c **** 
 152:Src/stm32f4xx_hal_msp.c ****   /* USER CODE END I2C1_MspInit 0 */
 153:Src/stm32f4xx_hal_msp.c ****   
 154:Src/stm32f4xx_hal_msp.c ****     /**I2C1 GPIO Configuration    
 155:Src/stm32f4xx_hal_msp.c ****     PB6     ------> I2C1_SCL
 156:Src/stm32f4xx_hal_msp.c ****     PB7     ------> I2C1_SDA 
 157:Src/stm32f4xx_hal_msp.c ****     */
 158:Src/stm32f4xx_hal_msp.c ****     GPIO_InitStruct.Pin = GPIO_PIN_6|GPIO_PIN_7;
 274              		.loc 1 158 0
 275 000c C023     		movs	r3, #192
 276 000e 0193     		str	r3, [sp, #4]
 159:Src/stm32f4xx_hal_msp.c ****     GPIO_InitStruct.Mode = GPIO_MODE_AF_OD;
 277              		.loc 1 159 0
 278 0010 1223     		movs	r3, #18
 279 0012 0293     		str	r3, [sp, #8]
 160:Src/stm32f4xx_hal_msp.c ****     GPIO_InitStruct.Pull = GPIO_PULLUP;
 280              		.loc 1 160 0
 281 0014 0123     		movs	r3, #1
 282 0016 0393     		str	r3, [sp, #12]
 161:Src/stm32f4xx_hal_msp.c ****     GPIO_InitStruct.Speed = GPIO_SPEED_FREQ_VERY_HIGH;
 283              		.loc 1 161 0
 284 0018 0323     		movs	r3, #3
 285 001a 0493     		str	r3, [sp, #16]
 162:Src/stm32f4xx_hal_msp.c ****     GPIO_InitStruct.Alternate = GPIO_AF4_I2C1;
 286              		.loc 1 162 0
 287 001c 0423     		movs	r3, #4
 288 001e 0593     		str	r3, [sp, #20]
 163:Src/stm32f4xx_hal_msp.c ****     HAL_GPIO_Init(GPIOB, &GPIO_InitStruct);
 289              		.loc 1 163 0
 290 0020 0B48     		ldr	r0, .L20+4
 291              	.LVL16:
 292 0022 0DEB0301 		add	r1, sp, r3
 293 0026 FFF7FEFF 		bl	HAL_GPIO_Init
 294              	.LVL17:
 295              	.LBB5:
 164:Src/stm32f4xx_hal_msp.c **** 
 165:Src/stm32f4xx_hal_msp.c ****     /* Peripheral clock enable */
 166:Src/stm32f4xx_hal_msp.c ****     __HAL_RCC_I2C1_CLK_ENABLE();
ARM GAS  /tmp/ccwCYvYD.s 			page 9


 296              		.loc 1 166 0
 297 002a 0023     		movs	r3, #0
 298 002c 0093     		str	r3, [sp]
 299 002e 094B     		ldr	r3, .L20+8
 300 0030 1A6C     		ldr	r2, [r3, #64]
 301 0032 42F40012 		orr	r2, r2, #2097152
 302 0036 1A64     		str	r2, [r3, #64]
 303 0038 1B6C     		ldr	r3, [r3, #64]
 304 003a 03F40013 		and	r3, r3, #2097152
 305 003e 0093     		str	r3, [sp]
 306 0040 009B     		ldr	r3, [sp]
 307              	.LBE5:
 167:Src/stm32f4xx_hal_msp.c ****   /* USER CODE BEGIN I2C1_MspInit 1 */
 168:Src/stm32f4xx_hal_msp.c **** 
 169:Src/stm32f4xx_hal_msp.c ****   /* USER CODE END I2C1_MspInit 1 */
 170:Src/stm32f4xx_hal_msp.c ****   }
 171:Src/stm32f4xx_hal_msp.c **** 
 172:Src/stm32f4xx_hal_msp.c **** }
 308              		.loc 1 172 0
 309 0042 07B0     		add	sp, sp, #28
 310              	.LCFI10:
 311              		.cfi_def_cfa_offset 4
 312              		@ sp needed
 313 0044 5DF804FB 		ldr	pc, [sp], #4
 314              	.LVL18:
 315              	.L19:
 316              	.LCFI11:
 317              		.cfi_def_cfa_offset 0
 318              		.cfi_restore 14
 319 0048 7047     		bx	lr
 320              	.L21:
 321 004a 00BF     		.align	2
 322              	.L20:
 323 004c 00540040 		.word	1073763328
 324 0050 00040240 		.word	1073873920
 325 0054 00380240 		.word	1073887232
 326              		.cfi_endproc
 327              	.LFE126:
 329              		.section	.text.HAL_I2C_MspDeInit,"ax",%progbits
 330              		.align	2
 331              		.global	HAL_I2C_MspDeInit
 332              		.thumb
 333              		.thumb_func
 335              	HAL_I2C_MspDeInit:
 336              	.LFB127:
 173:Src/stm32f4xx_hal_msp.c **** 
 174:Src/stm32f4xx_hal_msp.c **** void HAL_I2C_MspDeInit(I2C_HandleTypeDef* hi2c)
 175:Src/stm32f4xx_hal_msp.c **** {
 337              		.loc 1 175 0
 338              		.cfi_startproc
 339              		@ args = 0, pretend = 0, frame = 0
 340              		@ frame_needed = 0, uses_anonymous_args = 0
 341              	.LVL19:
 342 0000 08B5     		push	{r3, lr}
 343              	.LCFI12:
 344              		.cfi_def_cfa_offset 8
 345              		.cfi_offset 3, -8
ARM GAS  /tmp/ccwCYvYD.s 			page 10


 346              		.cfi_offset 14, -4
 176:Src/stm32f4xx_hal_msp.c **** 
 177:Src/stm32f4xx_hal_msp.c ****   if(hi2c->Instance==I2C1)
 347              		.loc 1 177 0
 348 0002 0268     		ldr	r2, [r0]
 349 0004 064B     		ldr	r3, .L25
 350 0006 9A42     		cmp	r2, r3
 351 0008 08D1     		bne	.L22
 178:Src/stm32f4xx_hal_msp.c ****   {
 179:Src/stm32f4xx_hal_msp.c ****   /* USER CODE BEGIN I2C1_MspDeInit 0 */
 180:Src/stm32f4xx_hal_msp.c **** 
 181:Src/stm32f4xx_hal_msp.c ****   /* USER CODE END I2C1_MspDeInit 0 */
 182:Src/stm32f4xx_hal_msp.c ****     /* Peripheral clock disable */
 183:Src/stm32f4xx_hal_msp.c ****     __HAL_RCC_I2C1_CLK_DISABLE();
 352              		.loc 1 183 0
 353 000a 064A     		ldr	r2, .L25+4
 354 000c 136C     		ldr	r3, [r2, #64]
 355 000e 23F40013 		bic	r3, r3, #2097152
 356 0012 1364     		str	r3, [r2, #64]
 184:Src/stm32f4xx_hal_msp.c ****   
 185:Src/stm32f4xx_hal_msp.c ****     /**I2C1 GPIO Configuration    
 186:Src/stm32f4xx_hal_msp.c ****     PB6     ------> I2C1_SCL
 187:Src/stm32f4xx_hal_msp.c ****     PB7     ------> I2C1_SDA 
 188:Src/stm32f4xx_hal_msp.c ****     */
 189:Src/stm32f4xx_hal_msp.c ****     HAL_GPIO_DeInit(GPIOB, GPIO_PIN_6|GPIO_PIN_7);
 357              		.loc 1 189 0
 358 0014 0448     		ldr	r0, .L25+8
 359              	.LVL20:
 360 0016 C021     		movs	r1, #192
 361 0018 FFF7FEFF 		bl	HAL_GPIO_DeInit
 362              	.LVL21:
 363              	.L22:
 364 001c 08BD     		pop	{r3, pc}
 365              	.L26:
 366 001e 00BF     		.align	2
 367              	.L25:
 368 0020 00540040 		.word	1073763328
 369 0024 00380240 		.word	1073887232
 370 0028 00040240 		.word	1073873920
 371              		.cfi_endproc
 372              	.LFE127:
 374              		.section	.text.HAL_SPI_MspInit,"ax",%progbits
 375              		.align	2
 376              		.global	HAL_SPI_MspInit
 377              		.thumb
 378              		.thumb_func
 380              	HAL_SPI_MspInit:
 381              	.LFB128:
 190:Src/stm32f4xx_hal_msp.c **** 
 191:Src/stm32f4xx_hal_msp.c ****   /* USER CODE BEGIN I2C1_MspDeInit 1 */
 192:Src/stm32f4xx_hal_msp.c **** 
 193:Src/stm32f4xx_hal_msp.c ****   /* USER CODE END I2C1_MspDeInit 1 */
 194:Src/stm32f4xx_hal_msp.c ****   }
 195:Src/stm32f4xx_hal_msp.c **** 
 196:Src/stm32f4xx_hal_msp.c **** }
 197:Src/stm32f4xx_hal_msp.c **** 
 198:Src/stm32f4xx_hal_msp.c **** void HAL_SPI_MspInit(SPI_HandleTypeDef* hspi)
ARM GAS  /tmp/ccwCYvYD.s 			page 11


 199:Src/stm32f4xx_hal_msp.c **** {
 382              		.loc 1 199 0
 383              		.cfi_startproc
 384              		@ args = 0, pretend = 0, frame = 32
 385              		@ frame_needed = 0, uses_anonymous_args = 0
 386              	.LVL22:
 387 0000 2DE9F041 		push	{r4, r5, r6, r7, r8, lr}
 388              	.LCFI13:
 389              		.cfi_def_cfa_offset 24
 390              		.cfi_offset 4, -24
 391              		.cfi_offset 5, -20
 392              		.cfi_offset 6, -16
 393              		.cfi_offset 7, -12
 394              		.cfi_offset 8, -8
 395              		.cfi_offset 14, -4
 396 0004 88B0     		sub	sp, sp, #32
 397              	.LCFI14:
 398              		.cfi_def_cfa_offset 56
 200:Src/stm32f4xx_hal_msp.c ****   /**SPI2 GPIO Configuration    
 201:Src/stm32f4xx_hal_msp.c ****     PA5     ------> SPI2A_SCK
 202:Src/stm32f4xx_hal_msp.c ****     PA6     ------> SPI2A_MISO
 203:Src/stm32f4xx_hal_msp.c ****     PA7     ------> SPI2A_MOSI 
 204:Src/stm32f4xx_hal_msp.c ****     PA4     ------> SPI2A_CS1A
 205:Src/stm32f4xx_hal_msp.c ****     PB1     ------> SPI2A_CS2A 
 206:Src/stm32f4xx_hal_msp.c ****     PC7     ------> SPI2A_CS3A 
 207:Src/stm32f4xx_hal_msp.c ****     PC9     ------> SPI2A_CS4A 
 208:Src/stm32f4xx_hal_msp.c ****   */
 209:Src/stm32f4xx_hal_msp.c **** 
 210:Src/stm32f4xx_hal_msp.c ****   /**SPI3 GPIO Configuration    
 211:Src/stm32f4xx_hal_msp.c ****     PA13     ------> SPI3B_SCK
 212:Src/stm32f4xx_hal_msp.c ****     PA14     ------> SPI3B_MISO
 213:Src/stm32f4xx_hal_msp.c ****     PA15     ------> SPI3B_MOSI 
 214:Src/stm32f4xx_hal_msp.c ****     PA3      ------> SPI2B_CS1B
 215:Src/stm32f4xx_hal_msp.c ****     PA2      ------> SPI2B_CS2B 
 216:Src/stm32f4xx_hal_msp.c ****     PC6      ------> SPI2B_CS3B 
 217:Src/stm32f4xx_hal_msp.c ****     PC8      ------> SPI2B_CS4B 
 218:Src/stm32f4xx_hal_msp.c ****   */
 219:Src/stm32f4xx_hal_msp.c **** 
 220:Src/stm32f4xx_hal_msp.c ****   GPIO_InitTypeDef GPIO_InitStruct;
 221:Src/stm32f4xx_hal_msp.c ****   if(hspi->Instance==SPI2)
 399              		.loc 1 221 0
 400 0006 0368     		ldr	r3, [r0]
 401 0008 4A4A     		ldr	r2, .L31
 402 000a 9342     		cmp	r3, r2
 403 000c 4ED1     		bne	.L28
 404              	.LBB6:
 222:Src/stm32f4xx_hal_msp.c ****   {
 223:Src/stm32f4xx_hal_msp.c ****     /* Peripheral clock enable */
 224:Src/stm32f4xx_hal_msp.c ****     __HAL_RCC_SPI2_CLK_ENABLE();
 405              		.loc 1 224 0
 406 000e 0024     		movs	r4, #0
 407 0010 0194     		str	r4, [sp, #4]
 408 0012 494B     		ldr	r3, .L31+4
 409 0014 1A6C     		ldr	r2, [r3, #64]
 410 0016 42F48042 		orr	r2, r2, #16384
 411 001a 1A64     		str	r2, [r3, #64]
 412 001c 1B6C     		ldr	r3, [r3, #64]
ARM GAS  /tmp/ccwCYvYD.s 			page 12


 413 001e 03F48043 		and	r3, r3, #16384
 414 0022 0193     		str	r3, [sp, #4]
 415 0024 019B     		ldr	r3, [sp, #4]
 416              	.LBE6:
 225:Src/stm32f4xx_hal_msp.c ****   
 226:Src/stm32f4xx_hal_msp.c ****     GPIO_InitStruct.Pin = GPIO_PIN_10|GPIO_PIN_11|GPIO_PIN_12;
 417              		.loc 1 226 0
 418 0026 4FF4E053 		mov	r3, #7168
 419 002a 0393     		str	r3, [sp, #12]
 227:Src/stm32f4xx_hal_msp.c ****     GPIO_InitStruct.Mode = GPIO_MODE_AF_PP;
 420              		.loc 1 227 0
 421 002c 0226     		movs	r6, #2
 422 002e 0496     		str	r6, [sp, #16]
 228:Src/stm32f4xx_hal_msp.c ****     GPIO_InitStruct.Pull = GPIO_NOPULL;
 423              		.loc 1 228 0
 424 0030 0594     		str	r4, [sp, #20]
 229:Src/stm32f4xx_hal_msp.c ****     GPIO_InitStruct.Speed = GPIO_SPEED_FREQ_VERY_HIGH;
 425              		.loc 1 229 0
 426 0032 0323     		movs	r3, #3
 427 0034 0693     		str	r3, [sp, #24]
 230:Src/stm32f4xx_hal_msp.c ****     GPIO_InitStruct.Alternate = GPIO_AF5_SPI1;
 428              		.loc 1 230 0
 429 0036 0523     		movs	r3, #5
 430 0038 0793     		str	r3, [sp, #28]
 231:Src/stm32f4xx_hal_msp.c ****     HAL_GPIO_Init(GPIOA, &GPIO_InitStruct);
 431              		.loc 1 231 0
 432 003a 404F     		ldr	r7, .L31+8
 433 003c 3846     		mov	r0, r7
 434              	.LVL23:
 435 003e 03A9     		add	r1, sp, #12
 436 0040 FFF7FEFF 		bl	HAL_GPIO_Init
 437              	.LVL24:
 232:Src/stm32f4xx_hal_msp.c **** 
 233:Src/stm32f4xx_hal_msp.c ****     //CS1A
 234:Src/stm32f4xx_hal_msp.c ****     GPIO_InitStruct.Pin = GPIO_PIN_4;
 438              		.loc 1 234 0
 439 0044 4FF01008 		mov	r8, #16
 440 0048 CDF80C80 		str	r8, [sp, #12]
 235:Src/stm32f4xx_hal_msp.c ****     GPIO_InitStruct.Mode = GPIO_MODE_OUTPUT_PP;
 441              		.loc 1 235 0
 442 004c 0125     		movs	r5, #1
 443 004e 0495     		str	r5, [sp, #16]
 236:Src/stm32f4xx_hal_msp.c ****     GPIO_InitStruct.Pull = GPIO_NOPULL;
 444              		.loc 1 236 0
 445 0050 0594     		str	r4, [sp, #20]
 237:Src/stm32f4xx_hal_msp.c ****     GPIO_InitStruct.Speed = GPIO_SPEED_FREQ_LOW;
 446              		.loc 1 237 0
 447 0052 0694     		str	r4, [sp, #24]
 238:Src/stm32f4xx_hal_msp.c ****     HAL_GPIO_Init(GPIOA, &GPIO_InitStruct);
 448              		.loc 1 238 0
 449 0054 3846     		mov	r0, r7
 450 0056 03A9     		add	r1, sp, #12
 451 0058 FFF7FEFF 		bl	HAL_GPIO_Init
 452              	.LVL25:
 239:Src/stm32f4xx_hal_msp.c ****     HAL_GPIO_WritePin(GPIOA, GPIO_PIN_4, GPIO_PIN_SET);
 453              		.loc 1 239 0
 454 005c 3846     		mov	r0, r7
ARM GAS  /tmp/ccwCYvYD.s 			page 13


 455 005e 4146     		mov	r1, r8
 456 0060 2A46     		mov	r2, r5
 457 0062 FFF7FEFF 		bl	HAL_GPIO_WritePin
 458              	.LVL26:
 240:Src/stm32f4xx_hal_msp.c **** 
 241:Src/stm32f4xx_hal_msp.c ****     //CS2A
 242:Src/stm32f4xx_hal_msp.c ****     GPIO_InitStruct.Pin = GPIO_PIN_1;
 459              		.loc 1 242 0
 460 0066 0396     		str	r6, [sp, #12]
 243:Src/stm32f4xx_hal_msp.c ****     GPIO_InitStruct.Mode = GPIO_MODE_OUTPUT_PP;
 461              		.loc 1 243 0
 462 0068 0495     		str	r5, [sp, #16]
 244:Src/stm32f4xx_hal_msp.c ****     GPIO_InitStruct.Pull = GPIO_NOPULL;
 463              		.loc 1 244 0
 464 006a 0594     		str	r4, [sp, #20]
 245:Src/stm32f4xx_hal_msp.c ****     GPIO_InitStruct.Speed = GPIO_SPEED_FREQ_LOW;
 465              		.loc 1 245 0
 466 006c 0694     		str	r4, [sp, #24]
 246:Src/stm32f4xx_hal_msp.c ****     HAL_GPIO_Init(GPIOB, &GPIO_InitStruct);
 467              		.loc 1 246 0
 468 006e 07F58067 		add	r7, r7, #1024
 469 0072 3846     		mov	r0, r7
 470 0074 03A9     		add	r1, sp, #12
 471 0076 FFF7FEFF 		bl	HAL_GPIO_Init
 472              	.LVL27:
 247:Src/stm32f4xx_hal_msp.c ****     HAL_GPIO_WritePin(GPIOB, GPIO_PIN_1, GPIO_PIN_SET);
 473              		.loc 1 247 0
 474 007a 3846     		mov	r0, r7
 475 007c 3146     		mov	r1, r6
 476 007e 2A46     		mov	r2, r5
 477 0080 FFF7FEFF 		bl	HAL_GPIO_WritePin
 478              	.LVL28:
 248:Src/stm32f4xx_hal_msp.c **** 
 249:Src/stm32f4xx_hal_msp.c ****     //CS3A and CS4A
 250:Src/stm32f4xx_hal_msp.c ****     GPIO_InitStruct.Pin = GPIO_PIN_7|GPIO_PIN_9;
 479              		.loc 1 250 0
 480 0084 4FF42076 		mov	r6, #640
 481 0088 0396     		str	r6, [sp, #12]
 251:Src/stm32f4xx_hal_msp.c ****     GPIO_InitStruct.Mode = GPIO_MODE_OUTPUT_PP;
 482              		.loc 1 251 0
 483 008a 0495     		str	r5, [sp, #16]
 252:Src/stm32f4xx_hal_msp.c ****     GPIO_InitStruct.Pull = GPIO_NOPULL;
 484              		.loc 1 252 0
 485 008c 0594     		str	r4, [sp, #20]
 253:Src/stm32f4xx_hal_msp.c ****     GPIO_InitStruct.Speed = GPIO_SPEED_FREQ_LOW;
 486              		.loc 1 253 0
 487 008e 0694     		str	r4, [sp, #24]
 254:Src/stm32f4xx_hal_msp.c ****     HAL_GPIO_Init(GPIOC, &GPIO_InitStruct);
 488              		.loc 1 254 0
 489 0090 04F18044 		add	r4, r4, #1073741824
 490 0094 04F50234 		add	r4, r4, #133120
 491 0098 2046     		mov	r0, r4
 492 009a 03A9     		add	r1, sp, #12
 493 009c FFF7FEFF 		bl	HAL_GPIO_Init
 494              	.LVL29:
 255:Src/stm32f4xx_hal_msp.c ****     HAL_GPIO_WritePin(GPIOC, GPIO_PIN_7|GPIO_PIN_9, GPIO_PIN_SET);
 495              		.loc 1 255 0
ARM GAS  /tmp/ccwCYvYD.s 			page 14


 496 00a0 2046     		mov	r0, r4
 497 00a2 3146     		mov	r1, r6
 498 00a4 2A46     		mov	r2, r5
 499 00a6 FFF7FEFF 		bl	HAL_GPIO_WritePin
 500              	.LVL30:
 501 00aa 40E0     		b	.L27
 502              	.LVL31:
 503              	.L28:
 256:Src/stm32f4xx_hal_msp.c **** 
 257:Src/stm32f4xx_hal_msp.c ****   }
 258:Src/stm32f4xx_hal_msp.c ****   else if (hspi->Instance==SPI3) {
 504              		.loc 1 258 0
 505 00ac 244A     		ldr	r2, .L31+12
 506 00ae 9342     		cmp	r3, r2
 507 00b0 3DD1     		bne	.L27
 508              	.LBB7:
 259:Src/stm32f4xx_hal_msp.c ****     __HAL_RCC_SPI3_CLK_ENABLE();
 509              		.loc 1 259 0
 510 00b2 0024     		movs	r4, #0
 511 00b4 0294     		str	r4, [sp, #8]
 512 00b6 204B     		ldr	r3, .L31+4
 513 00b8 1A6C     		ldr	r2, [r3, #64]
 514 00ba 42F40042 		orr	r2, r2, #32768
 515 00be 1A64     		str	r2, [r3, #64]
 516 00c0 1B6C     		ldr	r3, [r3, #64]
 517 00c2 03F40043 		and	r3, r3, #32768
 518 00c6 0293     		str	r3, [sp, #8]
 519 00c8 029B     		ldr	r3, [sp, #8]
 520              	.LBE7:
 260:Src/stm32f4xx_hal_msp.c **** 
 261:Src/stm32f4xx_hal_msp.c ****     GPIO_InitStruct.Pin = GPIO_PIN_13|GPIO_PIN_14|GPIO_PIN_15;
 521              		.loc 1 261 0
 522 00ca 4FF46043 		mov	r3, #57344
 523 00ce 0393     		str	r3, [sp, #12]
 262:Src/stm32f4xx_hal_msp.c ****     GPIO_InitStruct.Mode = GPIO_MODE_AF_PP;
 524              		.loc 1 262 0
 525 00d0 0223     		movs	r3, #2
 526 00d2 0493     		str	r3, [sp, #16]
 263:Src/stm32f4xx_hal_msp.c ****     GPIO_InitStruct.Pull = GPIO_NOPULL;
 527              		.loc 1 263 0
 528 00d4 0594     		str	r4, [sp, #20]
 264:Src/stm32f4xx_hal_msp.c ****     GPIO_InitStruct.Speed = GPIO_SPEED_FREQ_VERY_HIGH;
 529              		.loc 1 264 0
 530 00d6 0323     		movs	r3, #3
 531 00d8 0693     		str	r3, [sp, #24]
 265:Src/stm32f4xx_hal_msp.c ****     GPIO_InitStruct.Alternate = GPIO_AF5_SPI1;
 532              		.loc 1 265 0
 533 00da 0523     		movs	r3, #5
 534 00dc 0793     		str	r3, [sp, #28]
 266:Src/stm32f4xx_hal_msp.c ****     HAL_GPIO_Init(GPIOB, &GPIO_InitStruct);
 535              		.loc 1 266 0
 536 00de 1948     		ldr	r0, .L31+16
 537              	.LVL32:
 538 00e0 03A9     		add	r1, sp, #12
 539 00e2 FFF7FEFF 		bl	HAL_GPIO_Init
 540              	.LVL33:
 267:Src/stm32f4xx_hal_msp.c **** 
ARM GAS  /tmp/ccwCYvYD.s 			page 15


 268:Src/stm32f4xx_hal_msp.c ****     //CS1B and CS2B
 269:Src/stm32f4xx_hal_msp.c ****     GPIO_InitStruct.Pin = GPIO_PIN_3 | GPIO_PIN_2;
 541              		.loc 1 269 0
 542 00e6 0C26     		movs	r6, #12
 543 00e8 0396     		str	r6, [sp, #12]
 270:Src/stm32f4xx_hal_msp.c ****     GPIO_InitStruct.Mode = GPIO_MODE_OUTPUT_PP;
 544              		.loc 1 270 0
 545 00ea 0125     		movs	r5, #1
 546 00ec 0495     		str	r5, [sp, #16]
 271:Src/stm32f4xx_hal_msp.c ****     GPIO_InitStruct.Pull = GPIO_NOPULL;
 547              		.loc 1 271 0
 548 00ee 0594     		str	r4, [sp, #20]
 272:Src/stm32f4xx_hal_msp.c ****     GPIO_InitStruct.Speed = GPIO_SPEED_FREQ_LOW;
 549              		.loc 1 272 0
 550 00f0 0694     		str	r4, [sp, #24]
 273:Src/stm32f4xx_hal_msp.c ****     HAL_GPIO_Init(GPIOA, &GPIO_InitStruct);
 551              		.loc 1 273 0
 552 00f2 124F     		ldr	r7, .L31+8
 553 00f4 3846     		mov	r0, r7
 554 00f6 0DEB0601 		add	r1, sp, r6
 555 00fa FFF7FEFF 		bl	HAL_GPIO_Init
 556              	.LVL34:
 274:Src/stm32f4xx_hal_msp.c ****     HAL_GPIO_WritePin(GPIOA, GPIO_PIN_3|GPIO_PIN_2, GPIO_PIN_SET);
 557              		.loc 1 274 0
 558 00fe 3846     		mov	r0, r7
 559 0100 3146     		mov	r1, r6
 560 0102 2A46     		mov	r2, r5
 561 0104 FFF7FEFF 		bl	HAL_GPIO_WritePin
 562              	.LVL35:
 275:Src/stm32f4xx_hal_msp.c **** 
 276:Src/stm32f4xx_hal_msp.c ****     //CS3B and CS4B
 277:Src/stm32f4xx_hal_msp.c ****     GPIO_InitStruct.Pin = GPIO_PIN_6|GPIO_PIN_8;
 563              		.loc 1 277 0
 564 0108 4FF4A076 		mov	r6, #320
 565 010c 0396     		str	r6, [sp, #12]
 278:Src/stm32f4xx_hal_msp.c ****     GPIO_InitStruct.Mode = GPIO_MODE_OUTPUT_PP;
 566              		.loc 1 278 0
 567 010e 0495     		str	r5, [sp, #16]
 279:Src/stm32f4xx_hal_msp.c ****     GPIO_InitStruct.Pull = GPIO_NOPULL;
 568              		.loc 1 279 0
 569 0110 0594     		str	r4, [sp, #20]
 280:Src/stm32f4xx_hal_msp.c ****     GPIO_InitStruct.Speed = GPIO_SPEED_FREQ_LOW;
 570              		.loc 1 280 0
 571 0112 0694     		str	r4, [sp, #24]
 281:Src/stm32f4xx_hal_msp.c ****     HAL_GPIO_Init(GPIOC, &GPIO_InitStruct);
 572              		.loc 1 281 0
 573 0114 04F18044 		add	r4, r4, #1073741824
 574 0118 04F50234 		add	r4, r4, #133120
 575 011c 2046     		mov	r0, r4
 576 011e 03A9     		add	r1, sp, #12
 577 0120 FFF7FEFF 		bl	HAL_GPIO_Init
 578              	.LVL36:
 282:Src/stm32f4xx_hal_msp.c ****     HAL_GPIO_WritePin(GPIOC, GPIO_PIN_6|GPIO_PIN_8, GPIO_PIN_SET);
 579              		.loc 1 282 0
 580 0124 2046     		mov	r0, r4
 581 0126 3146     		mov	r1, r6
 582 0128 2A46     		mov	r2, r5
ARM GAS  /tmp/ccwCYvYD.s 			page 16


 583 012a FFF7FEFF 		bl	HAL_GPIO_WritePin
 584              	.LVL37:
 585              	.L27:
 283:Src/stm32f4xx_hal_msp.c ****   }
 284:Src/stm32f4xx_hal_msp.c **** 
 285:Src/stm32f4xx_hal_msp.c **** }
 586              		.loc 1 285 0
 587 012e 08B0     		add	sp, sp, #32
 588              	.LCFI15:
 589              		.cfi_def_cfa_offset 24
 590              		@ sp needed
 591 0130 BDE8F081 		pop	{r4, r5, r6, r7, r8, pc}
 592              	.L32:
 593              		.align	2
 594              	.L31:
 595 0134 00380040 		.word	1073756160
 596 0138 00380240 		.word	1073887232
 597 013c 00000240 		.word	1073872896
 598 0140 003C0040 		.word	1073757184
 599 0144 00040240 		.word	1073873920
 600              		.cfi_endproc
 601              	.LFE128:
 603              		.section	.text.HAL_SPI_MspDeInit,"ax",%progbits
 604              		.align	2
 605              		.global	HAL_SPI_MspDeInit
 606              		.thumb
 607              		.thumb_func
 609              	HAL_SPI_MspDeInit:
 610              	.LFB129:
 286:Src/stm32f4xx_hal_msp.c **** 
 287:Src/stm32f4xx_hal_msp.c **** void HAL_SPI_MspDeInit(SPI_HandleTypeDef* hspi)
 288:Src/stm32f4xx_hal_msp.c **** {
 611              		.loc 1 288 0
 612              		.cfi_startproc
 613              		@ args = 0, pretend = 0, frame = 0
 614              		@ frame_needed = 0, uses_anonymous_args = 0
 615              	.LVL38:
 616 0000 08B5     		push	{r3, lr}
 617              	.LCFI16:
 618              		.cfi_def_cfa_offset 8
 619              		.cfi_offset 3, -8
 620              		.cfi_offset 14, -4
 289:Src/stm32f4xx_hal_msp.c **** 
 290:Src/stm32f4xx_hal_msp.c ****   if(hspi->Instance==SPI1)
 621              		.loc 1 290 0
 622 0002 0268     		ldr	r2, [r0]
 623 0004 064B     		ldr	r3, .L36
 624 0006 9A42     		cmp	r2, r3
 625 0008 08D1     		bne	.L33
 291:Src/stm32f4xx_hal_msp.c ****   {
 292:Src/stm32f4xx_hal_msp.c ****   /* USER CODE BEGIN SPI1_MspDeInit 0 */
 293:Src/stm32f4xx_hal_msp.c **** 
 294:Src/stm32f4xx_hal_msp.c ****   /* USER CODE END SPI1_MspDeInit 0 */
 295:Src/stm32f4xx_hal_msp.c ****     /* Peripheral clock disable */
 296:Src/stm32f4xx_hal_msp.c ****     __HAL_RCC_SPI1_CLK_DISABLE();
 626              		.loc 1 296 0
 627 000a 064A     		ldr	r2, .L36+4
ARM GAS  /tmp/ccwCYvYD.s 			page 17


 628 000c 536C     		ldr	r3, [r2, #68]
 629 000e 23F48053 		bic	r3, r3, #4096
 630 0012 5364     		str	r3, [r2, #68]
 297:Src/stm32f4xx_hal_msp.c ****   
 298:Src/stm32f4xx_hal_msp.c ****     /**SPI1 GPIO Configuration    
 299:Src/stm32f4xx_hal_msp.c ****     PA5     ------> SPI1_SCK
 300:Src/stm32f4xx_hal_msp.c ****     PA6     ------> SPI1_MISO
 301:Src/stm32f4xx_hal_msp.c ****     PA7     ------> SPI1_MOSI 
 302:Src/stm32f4xx_hal_msp.c ****     */
 303:Src/stm32f4xx_hal_msp.c ****     HAL_GPIO_DeInit(GPIOA, GPIO_PIN_5|GPIO_PIN_6|GPIO_PIN_7);
 631              		.loc 1 303 0
 632 0014 0448     		ldr	r0, .L36+8
 633              	.LVL39:
 634 0016 E021     		movs	r1, #224
 635 0018 FFF7FEFF 		bl	HAL_GPIO_DeInit
 636              	.LVL40:
 637              	.L33:
 638 001c 08BD     		pop	{r3, pc}
 639              	.L37:
 640 001e 00BF     		.align	2
 641              	.L36:
 642 0020 00300140 		.word	1073819648
 643 0024 00380240 		.word	1073887232
 644 0028 00000240 		.word	1073872896
 645              		.cfi_endproc
 646              	.LFE129:
 648              		.section	.text.HAL_UART_MspInit,"ax",%progbits
 649              		.align	2
 650              		.global	HAL_UART_MspInit
 651              		.thumb
 652              		.thumb_func
 654              	HAL_UART_MspInit:
 655              	.LFB130:
 304:Src/stm32f4xx_hal_msp.c **** 
 305:Src/stm32f4xx_hal_msp.c ****   /* USER CODE BEGIN SPI1_MspDeInit 1 */
 306:Src/stm32f4xx_hal_msp.c **** 
 307:Src/stm32f4xx_hal_msp.c ****   /* USER CODE END SPI1_MspDeInit 1 */
 308:Src/stm32f4xx_hal_msp.c ****   }
 309:Src/stm32f4xx_hal_msp.c **** 
 310:Src/stm32f4xx_hal_msp.c **** }
 311:Src/stm32f4xx_hal_msp.c **** 
 312:Src/stm32f4xx_hal_msp.c **** void HAL_UART_MspInit(UART_HandleTypeDef* huart)
 313:Src/stm32f4xx_hal_msp.c **** {
 656              		.loc 1 313 0
 657              		.cfi_startproc
 658              		@ args = 0, pretend = 0, frame = 24
 659              		@ frame_needed = 0, uses_anonymous_args = 0
 660              	.LVL41:
 314:Src/stm32f4xx_hal_msp.c **** 
 315:Src/stm32f4xx_hal_msp.c ****   GPIO_InitTypeDef GPIO_InitStruct;
 316:Src/stm32f4xx_hal_msp.c ****   if(huart->Instance==UART4)
 661              		.loc 1 316 0
 662 0000 0268     		ldr	r2, [r0]
 663 0002 124B     		ldr	r3, .L42
 664 0004 9A42     		cmp	r2, r3
 665 0006 1FD1     		bne	.L41
 313:Src/stm32f4xx_hal_msp.c **** 
ARM GAS  /tmp/ccwCYvYD.s 			page 18


 666              		.loc 1 313 0
 667 0008 00B5     		push	{lr}
 668              	.LCFI17:
 669              		.cfi_def_cfa_offset 4
 670              		.cfi_offset 14, -4
 671 000a 87B0     		sub	sp, sp, #28
 672              	.LCFI18:
 673              		.cfi_def_cfa_offset 32
 674              	.LBB8:
 317:Src/stm32f4xx_hal_msp.c ****   {
 318:Src/stm32f4xx_hal_msp.c ****   /* USER CODE BEGIN UART4_MspInit 0 */
 319:Src/stm32f4xx_hal_msp.c **** 
 320:Src/stm32f4xx_hal_msp.c ****   /* USER CODE END UART4_MspInit 0 */
 321:Src/stm32f4xx_hal_msp.c ****     /* Peripheral clock enable */
 322:Src/stm32f4xx_hal_msp.c ****     __HAL_RCC_UART4_CLK_ENABLE();
 675              		.loc 1 322 0
 676 000c 0023     		movs	r3, #0
 677 000e 0093     		str	r3, [sp]
 678 0010 0F4B     		ldr	r3, .L42+4
 679 0012 1A6C     		ldr	r2, [r3, #64]
 680 0014 42F40022 		orr	r2, r2, #524288
 681 0018 1A64     		str	r2, [r3, #64]
 682 001a 1B6C     		ldr	r3, [r3, #64]
 683 001c 03F40023 		and	r3, r3, #524288
 684 0020 0093     		str	r3, [sp]
 685 0022 009B     		ldr	r3, [sp]
 686              	.LBE8:
 323:Src/stm32f4xx_hal_msp.c ****   
 324:Src/stm32f4xx_hal_msp.c ****     /**UART4 GPIO Configuration    
 325:Src/stm32f4xx_hal_msp.c ****     PC10-WKUP     ------> UART4_TX
 326:Src/stm32f4xx_hal_msp.c ****     PC11     ------> UART4_RX 
 327:Src/stm32f4xx_hal_msp.c ****     */
 328:Src/stm32f4xx_hal_msp.c ****     GPIO_InitStruct.Pin = GPIO_PIN_10|GPIO_PIN_11;
 687              		.loc 1 328 0
 688 0024 4FF44063 		mov	r3, #3072
 689 0028 0193     		str	r3, [sp, #4]
 329:Src/stm32f4xx_hal_msp.c ****     GPIO_InitStruct.Mode = GPIO_MODE_AF_PP;
 690              		.loc 1 329 0
 691 002a 0223     		movs	r3, #2
 692 002c 0293     		str	r3, [sp, #8]
 330:Src/stm32f4xx_hal_msp.c ****     GPIO_InitStruct.Pull = GPIO_PULLUP;
 693              		.loc 1 330 0
 694 002e 0123     		movs	r3, #1
 695 0030 0393     		str	r3, [sp, #12]
 331:Src/stm32f4xx_hal_msp.c ****     GPIO_InitStruct.Speed = GPIO_SPEED_FREQ_VERY_HIGH;
 696              		.loc 1 331 0
 697 0032 0323     		movs	r3, #3
 698 0034 0493     		str	r3, [sp, #16]
 332:Src/stm32f4xx_hal_msp.c ****     GPIO_InitStruct.Alternate = GPIO_AF8_UART4;
 699              		.loc 1 332 0
 700 0036 0823     		movs	r3, #8
 701 0038 0593     		str	r3, [sp, #20]
 333:Src/stm32f4xx_hal_msp.c ****     HAL_GPIO_Init(GPIOC, &GPIO_InitStruct);
 702              		.loc 1 333 0
 703 003a 0648     		ldr	r0, .L42+8
 704              	.LVL42:
 705 003c 01A9     		add	r1, sp, #4
ARM GAS  /tmp/ccwCYvYD.s 			page 19


 706 003e FFF7FEFF 		bl	HAL_GPIO_Init
 707              	.LVL43:
 334:Src/stm32f4xx_hal_msp.c **** 
 335:Src/stm32f4xx_hal_msp.c ****   /* USER CODE BEGIN UART4_MspInit 1 */
 336:Src/stm32f4xx_hal_msp.c **** 
 337:Src/stm32f4xx_hal_msp.c ****   /* USER CODE END UART4_MspInit 1 */
 338:Src/stm32f4xx_hal_msp.c ****   }
 339:Src/stm32f4xx_hal_msp.c **** 
 340:Src/stm32f4xx_hal_msp.c **** }
 708              		.loc 1 340 0
 709 0042 07B0     		add	sp, sp, #28
 710              	.LCFI19:
 711              		.cfi_def_cfa_offset 4
 712              		@ sp needed
 713 0044 5DF804FB 		ldr	pc, [sp], #4
 714              	.LVL44:
 715              	.L41:
 716              	.LCFI20:
 717              		.cfi_def_cfa_offset 0
 718              		.cfi_restore 14
 719 0048 7047     		bx	lr
 720              	.L43:
 721 004a 00BF     		.align	2
 722              	.L42:
 723 004c 004C0040 		.word	1073761280
 724 0050 00380240 		.word	1073887232
 725 0054 00080240 		.word	1073874944
 726              		.cfi_endproc
 727              	.LFE130:
 729              		.section	.text.HAL_UART_MspDeInit,"ax",%progbits
 730              		.align	2
 731              		.global	HAL_UART_MspDeInit
 732              		.thumb
 733              		.thumb_func
 735              	HAL_UART_MspDeInit:
 736              	.LFB131:
 341:Src/stm32f4xx_hal_msp.c **** 
 342:Src/stm32f4xx_hal_msp.c **** void HAL_UART_MspDeInit(UART_HandleTypeDef* huart)
 343:Src/stm32f4xx_hal_msp.c **** {
 737              		.loc 1 343 0
 738              		.cfi_startproc
 739              		@ args = 0, pretend = 0, frame = 0
 740              		@ frame_needed = 0, uses_anonymous_args = 0
 741              	.LVL45:
 742 0000 08B5     		push	{r3, lr}
 743              	.LCFI21:
 744              		.cfi_def_cfa_offset 8
 745              		.cfi_offset 3, -8
 746              		.cfi_offset 14, -4
 344:Src/stm32f4xx_hal_msp.c **** 
 345:Src/stm32f4xx_hal_msp.c ****   if(huart->Instance==UART4)
 747              		.loc 1 345 0
 748 0002 0268     		ldr	r2, [r0]
 749 0004 064B     		ldr	r3, .L47
 750 0006 9A42     		cmp	r2, r3
 751 0008 08D1     		bne	.L44
 346:Src/stm32f4xx_hal_msp.c ****   {
ARM GAS  /tmp/ccwCYvYD.s 			page 20


 347:Src/stm32f4xx_hal_msp.c ****   /* USER CODE BEGIN UART4_MspDeInit 0 */
 348:Src/stm32f4xx_hal_msp.c **** 
 349:Src/stm32f4xx_hal_msp.c ****   /* USER CODE END UART4_MspDeInit 0 */
 350:Src/stm32f4xx_hal_msp.c ****     /* Peripheral clock disable */
 351:Src/stm32f4xx_hal_msp.c ****     __HAL_RCC_UART4_CLK_DISABLE();
 752              		.loc 1 351 0
 753 000a 064A     		ldr	r2, .L47+4
 754 000c 136C     		ldr	r3, [r2, #64]
 755 000e 23F40023 		bic	r3, r3, #524288
 756 0012 1364     		str	r3, [r2, #64]
 352:Src/stm32f4xx_hal_msp.c ****   
 353:Src/stm32f4xx_hal_msp.c ****     /**UART4 GPIO Configuration    
 354:Src/stm32f4xx_hal_msp.c ****     PA0-WKUP     ------> UART4_TX
 355:Src/stm32f4xx_hal_msp.c ****     PA1     ------> UART4_RX 
 356:Src/stm32f4xx_hal_msp.c ****     */
 357:Src/stm32f4xx_hal_msp.c ****     HAL_GPIO_DeInit(GPIOA, GPIO_PIN_0|GPIO_PIN_1);
 757              		.loc 1 357 0
 758 0014 0448     		ldr	r0, .L47+8
 759              	.LVL46:
 760 0016 0321     		movs	r1, #3
 761 0018 FFF7FEFF 		bl	HAL_GPIO_DeInit
 762              	.LVL47:
 763              	.L44:
 764 001c 08BD     		pop	{r3, pc}
 765              	.L48:
 766 001e 00BF     		.align	2
 767              	.L47:
 768 0020 004C0040 		.word	1073761280
 769 0024 00380240 		.word	1073887232
 770 0028 00000240 		.word	1073872896
 771              		.cfi_endproc
 772              	.LFE131:
 774              		.text
 775              	.Letext0:
 776              		.file 2 "Drivers/CMSIS/Device/ST/STM32F4xx/Include/stm32f407xx.h"
 777              		.file 3 "/usr/include/newlib/machine/_default_types.h"
 778              		.file 4 "/usr/include/newlib/sys/_stdint.h"
 779              		.file 5 "Drivers/CMSIS/Device/ST/STM32F4xx/Include/stm32f4xx.h"
 780              		.file 6 "Drivers/STM32F4xx_HAL_Driver/Inc/stm32f4xx_hal_def.h"
 781              		.file 7 "Drivers/STM32F4xx_HAL_Driver/Inc/stm32f4xx_hal_gpio.h"
 782              		.file 8 "Drivers/STM32F4xx_HAL_Driver/Inc/stm32f4xx_hal_dma.h"
 783              		.file 9 "Drivers/STM32F4xx_HAL_Driver/Inc/stm32f4xx_hal_can.h"
 784              		.file 10 "Drivers/STM32F4xx_HAL_Driver/Inc/stm32f4xx_hal_i2c.h"
 785              		.file 11 "Drivers/STM32F4xx_HAL_Driver/Inc/stm32f4xx_hal_spi.h"
 786              		.file 12 "Drivers/STM32F4xx_HAL_Driver/Inc/stm32f4xx_hal_uart.h"
 787              		.file 13 "Drivers/STM32F4xx_HAL_Driver/Inc/stm32f4xx_hal_cortex.h"
 788              		.file 14 "Drivers/CMSIS/Include/core_cm4.h"
ARM GAS  /tmp/ccwCYvYD.s 			page 21


DEFINED SYMBOLS
                            *ABS*:0000000000000000 stm32f4xx_hal_msp.c
     /tmp/ccwCYvYD.s:21     .text.HAL_MspInit:0000000000000000 $t
     /tmp/ccwCYvYD.s:26     .text.HAL_MspInit:0000000000000000 HAL_MspInit
     /tmp/ccwCYvYD.s:120    .text.HAL_MspInit:0000000000000090 $d
     /tmp/ccwCYvYD.s:125    .text.HAL_CAN_MspInit:0000000000000000 $t
     /tmp/ccwCYvYD.s:130    .text.HAL_CAN_MspInit:0000000000000000 HAL_CAN_MspInit
     /tmp/ccwCYvYD.s:198    .text.HAL_CAN_MspInit:000000000000004c $d
     /tmp/ccwCYvYD.s:204    .text.HAL_CAN_MspDeInit:0000000000000000 $t
     /tmp/ccwCYvYD.s:209    .text.HAL_CAN_MspDeInit:0000000000000000 HAL_CAN_MspDeInit
     /tmp/ccwCYvYD.s:242    .text.HAL_CAN_MspDeInit:0000000000000020 $d
     /tmp/ccwCYvYD.s:249    .text.HAL_I2C_MspInit:0000000000000000 $t
     /tmp/ccwCYvYD.s:254    .text.HAL_I2C_MspInit:0000000000000000 HAL_I2C_MspInit
     /tmp/ccwCYvYD.s:323    .text.HAL_I2C_MspInit:000000000000004c $d
     /tmp/ccwCYvYD.s:330    .text.HAL_I2C_MspDeInit:0000000000000000 $t
     /tmp/ccwCYvYD.s:335    .text.HAL_I2C_MspDeInit:0000000000000000 HAL_I2C_MspDeInit
     /tmp/ccwCYvYD.s:368    .text.HAL_I2C_MspDeInit:0000000000000020 $d
     /tmp/ccwCYvYD.s:375    .text.HAL_SPI_MspInit:0000000000000000 $t
     /tmp/ccwCYvYD.s:380    .text.HAL_SPI_MspInit:0000000000000000 HAL_SPI_MspInit
     /tmp/ccwCYvYD.s:595    .text.HAL_SPI_MspInit:0000000000000134 $d
     /tmp/ccwCYvYD.s:604    .text.HAL_SPI_MspDeInit:0000000000000000 $t
     /tmp/ccwCYvYD.s:609    .text.HAL_SPI_MspDeInit:0000000000000000 HAL_SPI_MspDeInit
     /tmp/ccwCYvYD.s:642    .text.HAL_SPI_MspDeInit:0000000000000020 $d
     /tmp/ccwCYvYD.s:649    .text.HAL_UART_MspInit:0000000000000000 $t
     /tmp/ccwCYvYD.s:654    .text.HAL_UART_MspInit:0000000000000000 HAL_UART_MspInit
     /tmp/ccwCYvYD.s:723    .text.HAL_UART_MspInit:000000000000004c $d
     /tmp/ccwCYvYD.s:730    .text.HAL_UART_MspDeInit:0000000000000000 $t
     /tmp/ccwCYvYD.s:735    .text.HAL_UART_MspDeInit:0000000000000000 HAL_UART_MspDeInit
     /tmp/ccwCYvYD.s:768    .text.HAL_UART_MspDeInit:0000000000000020 $d
                     .debug_frame:0000000000000010 $d

UNDEFINED SYMBOLS
HAL_NVIC_SetPriorityGrouping
HAL_NVIC_SetPriority
HAL_GPIO_Init
HAL_GPIO_DeInit
HAL_GPIO_WritePin
