ARM GAS  /tmp/cckPdFU4.s 			page 1


   1              		.syntax unified
   2              		.cpu cortex-m4
   3              		.eabi_attribute 27, 1
   4              		.eabi_attribute 28, 1
   5              		.fpu fpv4-sp-d16
   6              		.eabi_attribute 20, 1
   7              		.eabi_attribute 21, 1
   8              		.eabi_attribute 23, 3
   9              		.eabi_attribute 24, 1
  10              		.eabi_attribute 25, 1
  11              		.eabi_attribute 26, 1
  12              		.eabi_attribute 30, 1
  13              		.eabi_attribute 34, 1
  14              		.eabi_attribute 18, 4
  15              		.thumb
  16              		.file	"stm32f4xx_it.c"
  17              		.text
  18              	.Ltext0:
  19              		.cfi_sections	.debug_frame
  20              		.section	.text.NMI_Handler,"ax",%progbits
  21              		.align	2
  22              		.global	NMI_Handler
  23              		.thumb
  24              		.thumb_func
  26              	NMI_Handler:
  27              	.LFB128:
  28              		.file 1 "Src/stm32f4xx_it.c"
   1:Src/stm32f4xx_it.c **** /**
   2:Src/stm32f4xx_it.c ****   ******************************************************************************
   3:Src/stm32f4xx_it.c ****   * @file    stm32f4xx_it.c
   4:Src/stm32f4xx_it.c ****   * @brief   Interrupt Service Routines.
   5:Src/stm32f4xx_it.c ****   ******************************************************************************
   6:Src/stm32f4xx_it.c ****   *
   7:Src/stm32f4xx_it.c ****   * COPYRIGHT(c) 2018 STMicroelectronics
   8:Src/stm32f4xx_it.c ****   *
   9:Src/stm32f4xx_it.c ****   * Redistribution and use in source and binary forms, with or without modification,
  10:Src/stm32f4xx_it.c ****   * are permitted provided that the following conditions are met:
  11:Src/stm32f4xx_it.c ****   *   1. Redistributions of source code must retain the above copyright notice,
  12:Src/stm32f4xx_it.c ****   *      this list of conditions and the following disclaimer.
  13:Src/stm32f4xx_it.c ****   *   2. Redistributions in binary form must reproduce the above copyright notice,
  14:Src/stm32f4xx_it.c ****   *      this list of conditions and the following disclaimer in the documentation
  15:Src/stm32f4xx_it.c ****   *      and/or other materials provided with the distribution.
  16:Src/stm32f4xx_it.c ****   *   3. Neither the name of STMicroelectronics nor the names of its contributors
  17:Src/stm32f4xx_it.c ****   *      may be used to endorse or promote products derived from this software
  18:Src/stm32f4xx_it.c ****   *      without specific prior written permission.
  19:Src/stm32f4xx_it.c ****   *
  20:Src/stm32f4xx_it.c ****   * THIS SOFTWARE IS PROVIDED BY THE COPYRIGHT HOLDERS AND CONTRIBUTORS "AS IS"
  21:Src/stm32f4xx_it.c ****   * AND ANY EXPRESS OR IMPLIED WARRANTIES, INCLUDING, BUT NOT LIMITED TO, THE
  22:Src/stm32f4xx_it.c ****   * IMPLIED WARRANTIES OF MERCHANTABILITY AND FITNESS FOR A PARTICULAR PURPOSE ARE
  23:Src/stm32f4xx_it.c ****   * DISCLAIMED. IN NO EVENT SHALL THE COPYRIGHT HOLDER OR CONTRIBUTORS BE LIABLE
  24:Src/stm32f4xx_it.c ****   * FOR ANY DIRECT, INDIRECT, INCIDENTAL, SPECIAL, EXEMPLARY, OR CONSEQUENTIAL
  25:Src/stm32f4xx_it.c ****   * DAMAGES (INCLUDING, BUT NOT LIMITED TO, PROCUREMENT OF SUBSTITUTE GOODS OR
  26:Src/stm32f4xx_it.c ****   * SERVICES; LOSS OF USE, DATA, OR PROFITS; OR BUSINESS INTERRUPTION) HOWEVER
  27:Src/stm32f4xx_it.c ****   * CAUSED AND ON ANY THEORY OF LIABILITY, WHETHER IN CONTRACT, STRICT LIABILITY,
  28:Src/stm32f4xx_it.c ****   * OR TORT (INCLUDING NEGLIGENCE OR OTHERWISE) ARISING IN ANY WAY OUT OF THE USE
  29:Src/stm32f4xx_it.c ****   * OF THIS SOFTWARE, EVEN IF ADVISED OF THE POSSIBILITY OF SUCH DAMAGE.
  30:Src/stm32f4xx_it.c ****   *
ARM GAS  /tmp/cckPdFU4.s 			page 2


  31:Src/stm32f4xx_it.c ****   ******************************************************************************
  32:Src/stm32f4xx_it.c ****   */
  33:Src/stm32f4xx_it.c **** /* Includes ------------------------------------------------------------------*/
  34:Src/stm32f4xx_it.c **** #include "stm32f4xx_hal.h"
  35:Src/stm32f4xx_it.c **** #include "stm32f4xx.h"
  36:Src/stm32f4xx_it.c **** #include "stm32f4xx_it.h"
  37:Src/stm32f4xx_it.c **** #include "cmsis_os.h"
  38:Src/stm32f4xx_it.c **** 
  39:Src/stm32f4xx_it.c **** /* USER CODE BEGIN 0 */
  40:Src/stm32f4xx_it.c **** 
  41:Src/stm32f4xx_it.c **** /* USER CODE END 0 */
  42:Src/stm32f4xx_it.c **** 
  43:Src/stm32f4xx_it.c **** /* External variables --------------------------------------------------------*/
  44:Src/stm32f4xx_it.c **** 
  45:Src/stm32f4xx_it.c **** extern TIM_HandleTypeDef htim1;
  46:Src/stm32f4xx_it.c **** 
  47:Src/stm32f4xx_it.c **** /******************************************************************************/
  48:Src/stm32f4xx_it.c **** /*            Cortex-M4 Processor Interruption and Exception Handlers         */ 
  49:Src/stm32f4xx_it.c **** /******************************************************************************/
  50:Src/stm32f4xx_it.c **** 
  51:Src/stm32f4xx_it.c **** /**
  52:Src/stm32f4xx_it.c **** * @brief This function handles Non maskable interrupt.
  53:Src/stm32f4xx_it.c **** */
  54:Src/stm32f4xx_it.c **** void NMI_Handler(void)
  55:Src/stm32f4xx_it.c **** {
  29              		.loc 1 55 0
  30              		.cfi_startproc
  31              		@ args = 0, pretend = 0, frame = 0
  32              		@ frame_needed = 0, uses_anonymous_args = 0
  33              		@ link register save eliminated.
  34 0000 7047     		bx	lr
  35              		.cfi_endproc
  36              	.LFE128:
  38 0002 00BF     		.section	.text.HardFault_Handler,"ax",%progbits
  39              		.align	2
  40              		.global	HardFault_Handler
  41              		.thumb
  42              		.thumb_func
  44              	HardFault_Handler:
  45              	.LFB129:
  56:Src/stm32f4xx_it.c ****   /* USER CODE BEGIN NonMaskableInt_IRQn 0 */
  57:Src/stm32f4xx_it.c **** 
  58:Src/stm32f4xx_it.c ****   /* USER CODE END NonMaskableInt_IRQn 0 */
  59:Src/stm32f4xx_it.c ****   /* USER CODE BEGIN NonMaskableInt_IRQn 1 */
  60:Src/stm32f4xx_it.c **** 
  61:Src/stm32f4xx_it.c ****   /* USER CODE END NonMaskableInt_IRQn 1 */
  62:Src/stm32f4xx_it.c **** }
  63:Src/stm32f4xx_it.c **** 
  64:Src/stm32f4xx_it.c **** /**
  65:Src/stm32f4xx_it.c **** * @brief This function handles Hard fault interrupt.
  66:Src/stm32f4xx_it.c **** */
  67:Src/stm32f4xx_it.c **** void HardFault_Handler(void)
  68:Src/stm32f4xx_it.c **** {
  46              		.loc 1 68 0
  47              		.cfi_startproc
  48              		@ Volatile: function does not return.
  49              		@ args = 0, pretend = 0, frame = 0
ARM GAS  /tmp/cckPdFU4.s 			page 3


  50              		@ frame_needed = 0, uses_anonymous_args = 0
  51              		@ link register save eliminated.
  52              	.L3:
  69:Src/stm32f4xx_it.c ****   /* USER CODE BEGIN HardFault_IRQn 0 */
  70:Src/stm32f4xx_it.c **** 
  71:Src/stm32f4xx_it.c ****   /* USER CODE END HardFault_IRQn 0 */
  72:Src/stm32f4xx_it.c ****   while (1)
  73:Src/stm32f4xx_it.c ****   {
  74:Src/stm32f4xx_it.c ****     /* USER CODE BEGIN W1_HardFault_IRQn 0 */
  75:Src/stm32f4xx_it.c ****     /* USER CODE END W1_HardFault_IRQn 0 */
  76:Src/stm32f4xx_it.c ****   }
  53              		.loc 1 76 0 discriminator 1
  54 0000 FEE7     		b	.L3
  55              		.cfi_endproc
  56              	.LFE129:
  58 0002 00BF     		.section	.text.MemManage_Handler,"ax",%progbits
  59              		.align	2
  60              		.global	MemManage_Handler
  61              		.thumb
  62              		.thumb_func
  64              	MemManage_Handler:
  65              	.LFB130:
  77:Src/stm32f4xx_it.c ****   /* USER CODE BEGIN HardFault_IRQn 1 */
  78:Src/stm32f4xx_it.c **** 
  79:Src/stm32f4xx_it.c ****   /* USER CODE END HardFault_IRQn 1 */
  80:Src/stm32f4xx_it.c **** }
  81:Src/stm32f4xx_it.c **** 
  82:Src/stm32f4xx_it.c **** /**
  83:Src/stm32f4xx_it.c **** * @brief This function handles Memory management fault.
  84:Src/stm32f4xx_it.c **** */
  85:Src/stm32f4xx_it.c **** void MemManage_Handler(void)
  86:Src/stm32f4xx_it.c **** {
  66              		.loc 1 86 0
  67              		.cfi_startproc
  68              		@ Volatile: function does not return.
  69              		@ args = 0, pretend = 0, frame = 0
  70              		@ frame_needed = 0, uses_anonymous_args = 0
  71              		@ link register save eliminated.
  72              	.L5:
  87:Src/stm32f4xx_it.c ****   /* USER CODE BEGIN MemoryManagement_IRQn 0 */
  88:Src/stm32f4xx_it.c **** 
  89:Src/stm32f4xx_it.c ****   /* USER CODE END MemoryManagement_IRQn 0 */
  90:Src/stm32f4xx_it.c ****   while (1)
  91:Src/stm32f4xx_it.c ****   {
  92:Src/stm32f4xx_it.c ****     /* USER CODE BEGIN W1_MemoryManagement_IRQn 0 */
  93:Src/stm32f4xx_it.c ****     /* USER CODE END W1_MemoryManagement_IRQn 0 */
  94:Src/stm32f4xx_it.c ****   }
  73              		.loc 1 94 0 discriminator 1
  74 0000 FEE7     		b	.L5
  75              		.cfi_endproc
  76              	.LFE130:
  78 0002 00BF     		.section	.text.BusFault_Handler,"ax",%progbits
  79              		.align	2
  80              		.global	BusFault_Handler
  81              		.thumb
  82              		.thumb_func
  84              	BusFault_Handler:
ARM GAS  /tmp/cckPdFU4.s 			page 4


  85              	.LFB131:
  95:Src/stm32f4xx_it.c ****   /* USER CODE BEGIN MemoryManagement_IRQn 1 */
  96:Src/stm32f4xx_it.c **** 
  97:Src/stm32f4xx_it.c ****   /* USER CODE END MemoryManagement_IRQn 1 */
  98:Src/stm32f4xx_it.c **** }
  99:Src/stm32f4xx_it.c **** 
 100:Src/stm32f4xx_it.c **** /**
 101:Src/stm32f4xx_it.c **** * @brief This function handles Pre-fetch fault, memory access fault.
 102:Src/stm32f4xx_it.c **** */
 103:Src/stm32f4xx_it.c **** void BusFault_Handler(void)
 104:Src/stm32f4xx_it.c **** {
  86              		.loc 1 104 0
  87              		.cfi_startproc
  88              		@ Volatile: function does not return.
  89              		@ args = 0, pretend = 0, frame = 0
  90              		@ frame_needed = 0, uses_anonymous_args = 0
  91              		@ link register save eliminated.
  92              	.L7:
 105:Src/stm32f4xx_it.c ****   /* USER CODE BEGIN BusFault_IRQn 0 */
 106:Src/stm32f4xx_it.c **** 
 107:Src/stm32f4xx_it.c ****   /* USER CODE END BusFault_IRQn 0 */
 108:Src/stm32f4xx_it.c ****   while (1)
 109:Src/stm32f4xx_it.c ****   {
 110:Src/stm32f4xx_it.c ****     /* USER CODE BEGIN W1_BusFault_IRQn 0 */
 111:Src/stm32f4xx_it.c ****     /* USER CODE END W1_BusFault_IRQn 0 */
 112:Src/stm32f4xx_it.c ****   }
  93              		.loc 1 112 0 discriminator 1
  94 0000 FEE7     		b	.L7
  95              		.cfi_endproc
  96              	.LFE131:
  98 0002 00BF     		.section	.text.UsageFault_Handler,"ax",%progbits
  99              		.align	2
 100              		.global	UsageFault_Handler
 101              		.thumb
 102              		.thumb_func
 104              	UsageFault_Handler:
 105              	.LFB132:
 113:Src/stm32f4xx_it.c ****   /* USER CODE BEGIN BusFault_IRQn 1 */
 114:Src/stm32f4xx_it.c **** 
 115:Src/stm32f4xx_it.c ****   /* USER CODE END BusFault_IRQn 1 */
 116:Src/stm32f4xx_it.c **** }
 117:Src/stm32f4xx_it.c **** 
 118:Src/stm32f4xx_it.c **** /**
 119:Src/stm32f4xx_it.c **** * @brief This function handles Undefined instruction or illegal state.
 120:Src/stm32f4xx_it.c **** */
 121:Src/stm32f4xx_it.c **** void UsageFault_Handler(void)
 122:Src/stm32f4xx_it.c **** {
 106              		.loc 1 122 0
 107              		.cfi_startproc
 108              		@ Volatile: function does not return.
 109              		@ args = 0, pretend = 0, frame = 0
 110              		@ frame_needed = 0, uses_anonymous_args = 0
 111              		@ link register save eliminated.
 112              	.L9:
 123:Src/stm32f4xx_it.c ****   /* USER CODE BEGIN UsageFault_IRQn 0 */
 124:Src/stm32f4xx_it.c **** 
 125:Src/stm32f4xx_it.c ****   /* USER CODE END UsageFault_IRQn 0 */
ARM GAS  /tmp/cckPdFU4.s 			page 5


 126:Src/stm32f4xx_it.c ****   while (1)
 127:Src/stm32f4xx_it.c ****   {
 128:Src/stm32f4xx_it.c ****     /* USER CODE BEGIN W1_UsageFault_IRQn 0 */
 129:Src/stm32f4xx_it.c ****     /* USER CODE END W1_UsageFault_IRQn 0 */
 130:Src/stm32f4xx_it.c ****   }
 113              		.loc 1 130 0 discriminator 1
 114 0000 FEE7     		b	.L9
 115              		.cfi_endproc
 116              	.LFE132:
 118 0002 00BF     		.section	.text.DebugMon_Handler,"ax",%progbits
 119              		.align	2
 120              		.global	DebugMon_Handler
 121              		.thumb
 122              		.thumb_func
 124              	DebugMon_Handler:
 125              	.LFB133:
 131:Src/stm32f4xx_it.c ****   /* USER CODE BEGIN UsageFault_IRQn 1 */
 132:Src/stm32f4xx_it.c **** 
 133:Src/stm32f4xx_it.c ****   /* USER CODE END UsageFault_IRQn 1 */
 134:Src/stm32f4xx_it.c **** }
 135:Src/stm32f4xx_it.c **** 
 136:Src/stm32f4xx_it.c **** /**
 137:Src/stm32f4xx_it.c **** * @brief This function handles Debug monitor.
 138:Src/stm32f4xx_it.c **** */
 139:Src/stm32f4xx_it.c **** void DebugMon_Handler(void)
 140:Src/stm32f4xx_it.c **** {
 126              		.loc 1 140 0
 127              		.cfi_startproc
 128              		@ args = 0, pretend = 0, frame = 0
 129              		@ frame_needed = 0, uses_anonymous_args = 0
 130              		@ link register save eliminated.
 131 0000 7047     		bx	lr
 132              		.cfi_endproc
 133              	.LFE133:
 135 0002 00BF     		.section	.text.SysTick_Handler,"ax",%progbits
 136              		.align	2
 137              		.global	SysTick_Handler
 138              		.thumb
 139              		.thumb_func
 141              	SysTick_Handler:
 142              	.LFB134:
 141:Src/stm32f4xx_it.c ****   /* USER CODE BEGIN DebugMonitor_IRQn 0 */
 142:Src/stm32f4xx_it.c **** 
 143:Src/stm32f4xx_it.c ****   /* USER CODE END DebugMonitor_IRQn 0 */
 144:Src/stm32f4xx_it.c ****   /* USER CODE BEGIN DebugMonitor_IRQn 1 */
 145:Src/stm32f4xx_it.c **** 
 146:Src/stm32f4xx_it.c ****   /* USER CODE END DebugMonitor_IRQn 1 */
 147:Src/stm32f4xx_it.c **** }
 148:Src/stm32f4xx_it.c **** 
 149:Src/stm32f4xx_it.c **** /**
 150:Src/stm32f4xx_it.c **** * @brief This function handles System tick timer.
 151:Src/stm32f4xx_it.c **** */
 152:Src/stm32f4xx_it.c **** void SysTick_Handler(void)
 153:Src/stm32f4xx_it.c **** {
 143              		.loc 1 153 0
 144              		.cfi_startproc
 145              		@ args = 0, pretend = 0, frame = 0
ARM GAS  /tmp/cckPdFU4.s 			page 6


 146              		@ frame_needed = 0, uses_anonymous_args = 0
 147              		.loc 1 153 0
 148 0000 08B5     		push	{r3, lr}
 149              	.LCFI0:
 150              		.cfi_def_cfa_offset 8
 151              		.cfi_offset 3, -8
 152              		.cfi_offset 14, -4
 154:Src/stm32f4xx_it.c ****   /* USER CODE BEGIN SysTick_IRQn 0 */
 155:Src/stm32f4xx_it.c **** 
 156:Src/stm32f4xx_it.c ****   /* USER CODE END SysTick_IRQn 0 */
 157:Src/stm32f4xx_it.c ****   osSystickHandler();
 153              		.loc 1 157 0
 154 0002 FFF7FEFF 		bl	osSystickHandler
 155              	.LVL0:
 156 0006 08BD     		pop	{r3, pc}
 157              		.cfi_endproc
 158              	.LFE134:
 160              		.section	.text.TIM1_UP_TIM10_IRQHandler,"ax",%progbits
 161              		.align	2
 162              		.global	TIM1_UP_TIM10_IRQHandler
 163              		.thumb
 164              		.thumb_func
 166              	TIM1_UP_TIM10_IRQHandler:
 167              	.LFB135:
 158:Src/stm32f4xx_it.c ****   /* USER CODE BEGIN SysTick_IRQn 1 */
 159:Src/stm32f4xx_it.c **** 
 160:Src/stm32f4xx_it.c ****   /* USER CODE END SysTick_IRQn 1 */
 161:Src/stm32f4xx_it.c **** }
 162:Src/stm32f4xx_it.c **** 
 163:Src/stm32f4xx_it.c **** /******************************************************************************/
 164:Src/stm32f4xx_it.c **** /* STM32F4xx Peripheral Interrupt Handlers                                    */
 165:Src/stm32f4xx_it.c **** /* Add here the Interrupt Handlers for the used peripherals.                  */
 166:Src/stm32f4xx_it.c **** /* For the available peripheral interrupt handler names,                      */
 167:Src/stm32f4xx_it.c **** /* please refer to the startup file (startup_stm32f4xx.s).                    */
 168:Src/stm32f4xx_it.c **** /******************************************************************************/
 169:Src/stm32f4xx_it.c **** 
 170:Src/stm32f4xx_it.c **** /**
 171:Src/stm32f4xx_it.c **** * @brief This function handles TIM1 update interrupt and TIM10 global interrupt.
 172:Src/stm32f4xx_it.c **** */
 173:Src/stm32f4xx_it.c **** void TIM1_UP_TIM10_IRQHandler(void)
 174:Src/stm32f4xx_it.c **** {
 168              		.loc 1 174 0
 169              		.cfi_startproc
 170              		@ args = 0, pretend = 0, frame = 0
 171              		@ frame_needed = 0, uses_anonymous_args = 0
 172 0000 08B5     		push	{r3, lr}
 173              	.LCFI1:
 174              		.cfi_def_cfa_offset 8
 175              		.cfi_offset 3, -8
 176              		.cfi_offset 14, -4
 175:Src/stm32f4xx_it.c ****   /* USER CODE BEGIN TIM1_UP_TIM10_IRQn 0 */
 176:Src/stm32f4xx_it.c **** 
 177:Src/stm32f4xx_it.c ****   /* USER CODE END TIM1_UP_TIM10_IRQn 0 */
 178:Src/stm32f4xx_it.c ****   HAL_TIM_IRQHandler(&htim1);
 177              		.loc 1 178 0
 178 0002 0248     		ldr	r0, .L15
 179 0004 FFF7FEFF 		bl	HAL_TIM_IRQHandler
ARM GAS  /tmp/cckPdFU4.s 			page 7


 180              	.LVL1:
 181 0008 08BD     		pop	{r3, pc}
 182              	.L16:
 183 000a 00BF     		.align	2
 184              	.L15:
 185 000c 00000000 		.word	htim1
 186              		.cfi_endproc
 187              	.LFE135:
 189              		.text
 190              	.Letext0:
 191              		.file 2 "/usr/include/newlib/machine/_default_types.h"
 192              		.file 3 "/usr/include/newlib/sys/_stdint.h"
 193              		.file 4 "Drivers/CMSIS/Device/ST/STM32F4xx/Include/stm32f407xx.h"
 194              		.file 5 "Drivers/STM32F4xx_HAL_Driver/Inc/stm32f4xx_hal_def.h"
 195              		.file 6 "Drivers/STM32F4xx_HAL_Driver/Inc/stm32f4xx_hal_dma.h"
 196              		.file 7 "Drivers/STM32F4xx_HAL_Driver/Inc/stm32f4xx_hal_tim.h"
 197              		.file 8 "Drivers/CMSIS/Include/core_cm4.h"
 198              		.file 9 "Middlewares/Third_Party/FreeRTOS/Source/CMSIS_RTOS/cmsis_os.h"
ARM GAS  /tmp/cckPdFU4.s 			page 8


DEFINED SYMBOLS
                            *ABS*:0000000000000000 stm32f4xx_it.c
     /tmp/cckPdFU4.s:21     .text.NMI_Handler:0000000000000000 $t
     /tmp/cckPdFU4.s:26     .text.NMI_Handler:0000000000000000 NMI_Handler
     /tmp/cckPdFU4.s:39     .text.HardFault_Handler:0000000000000000 $t
     /tmp/cckPdFU4.s:44     .text.HardFault_Handler:0000000000000000 HardFault_Handler
     /tmp/cckPdFU4.s:59     .text.MemManage_Handler:0000000000000000 $t
     /tmp/cckPdFU4.s:64     .text.MemManage_Handler:0000000000000000 MemManage_Handler
     /tmp/cckPdFU4.s:79     .text.BusFault_Handler:0000000000000000 $t
     /tmp/cckPdFU4.s:84     .text.BusFault_Handler:0000000000000000 BusFault_Handler
     /tmp/cckPdFU4.s:99     .text.UsageFault_Handler:0000000000000000 $t
     /tmp/cckPdFU4.s:104    .text.UsageFault_Handler:0000000000000000 UsageFault_Handler
     /tmp/cckPdFU4.s:119    .text.DebugMon_Handler:0000000000000000 $t
     /tmp/cckPdFU4.s:124    .text.DebugMon_Handler:0000000000000000 DebugMon_Handler
     /tmp/cckPdFU4.s:136    .text.SysTick_Handler:0000000000000000 $t
     /tmp/cckPdFU4.s:141    .text.SysTick_Handler:0000000000000000 SysTick_Handler
     /tmp/cckPdFU4.s:161    .text.TIM1_UP_TIM10_IRQHandler:0000000000000000 $t
     /tmp/cckPdFU4.s:166    .text.TIM1_UP_TIM10_IRQHandler:0000000000000000 TIM1_UP_TIM10_IRQHandler
     /tmp/cckPdFU4.s:185    .text.TIM1_UP_TIM10_IRQHandler:000000000000000c $d
                     .debug_frame:0000000000000010 $d

UNDEFINED SYMBOLS
osSystickHandler
HAL_TIM_IRQHandler
htim1
