ARM GAS  /tmp/ccPUz6Iy.s 			page 1


   1              		.syntax unified
   2              		.cpu cortex-m4
   3              		.eabi_attribute 27, 1
   4              		.eabi_attribute 28, 1
   5              		.fpu fpv4-sp-d16
   6              		.eabi_attribute 20, 1
   7              		.eabi_attribute 21, 1
   8              		.eabi_attribute 23, 3
   9              		.eabi_attribute 24, 1
  10              		.eabi_attribute 25, 1
  11              		.eabi_attribute 26, 1
  12              		.eabi_attribute 30, 1
  13              		.eabi_attribute 34, 1
  14              		.eabi_attribute 18, 4
  15              		.thumb
  16              		.file	"stm32f4xx_hal_timebase_TIM.c"
  17              		.text
  18              	.Ltext0:
  19              		.cfi_sections	.debug_frame
  20              		.section	.text.HAL_InitTick,"ax",%progbits
  21              		.align	2
  22              		.global	HAL_InitTick
  23              		.thumb
  24              		.thumb_func
  26              	HAL_InitTick:
  27              	.LFB123:
  28              		.file 1 "Src/stm32f4xx_hal_timebase_TIM.c"
   1:Src/stm32f4xx_hal_timebase_TIM.c **** /**
   2:Src/stm32f4xx_hal_timebase_TIM.c ****   ******************************************************************************
   3:Src/stm32f4xx_hal_timebase_TIM.c ****   * @file    stm32f4xx_hal_timebase_TIM.c 
   4:Src/stm32f4xx_hal_timebase_TIM.c ****   * @brief   HAL time base based on the hardware TIM.
   5:Src/stm32f4xx_hal_timebase_TIM.c ****   ******************************************************************************
   6:Src/stm32f4xx_hal_timebase_TIM.c ****   * This notice applies to any and all portions of this file
   7:Src/stm32f4xx_hal_timebase_TIM.c ****   * that are not between comment pairs USER CODE BEGIN and
   8:Src/stm32f4xx_hal_timebase_TIM.c ****   * USER CODE END. Other portions of this file, whether 
   9:Src/stm32f4xx_hal_timebase_TIM.c ****   * inserted by the user or by software development tools
  10:Src/stm32f4xx_hal_timebase_TIM.c ****   * are owned by their respective copyright owners.
  11:Src/stm32f4xx_hal_timebase_TIM.c ****   *
  12:Src/stm32f4xx_hal_timebase_TIM.c ****   * Copyright (c) 2018 STMicroelectronics International N.V. 
  13:Src/stm32f4xx_hal_timebase_TIM.c ****   * All rights reserved.
  14:Src/stm32f4xx_hal_timebase_TIM.c ****   *
  15:Src/stm32f4xx_hal_timebase_TIM.c ****   * Redistribution and use in source and binary forms, with or without 
  16:Src/stm32f4xx_hal_timebase_TIM.c ****   * modification, are permitted, provided that the following conditions are met:
  17:Src/stm32f4xx_hal_timebase_TIM.c ****   *
  18:Src/stm32f4xx_hal_timebase_TIM.c ****   * 1. Redistribution of source code must retain the above copyright notice, 
  19:Src/stm32f4xx_hal_timebase_TIM.c ****   *    this list of conditions and the following disclaimer.
  20:Src/stm32f4xx_hal_timebase_TIM.c ****   * 2. Redistributions in binary form must reproduce the above copyright notice,
  21:Src/stm32f4xx_hal_timebase_TIM.c ****   *    this list of conditions and the following disclaimer in the documentation
  22:Src/stm32f4xx_hal_timebase_TIM.c ****   *    and/or other materials provided with the distribution.
  23:Src/stm32f4xx_hal_timebase_TIM.c ****   * 3. Neither the name of STMicroelectronics nor the names of other 
  24:Src/stm32f4xx_hal_timebase_TIM.c ****   *    contributors to this software may be used to endorse or promote products 
  25:Src/stm32f4xx_hal_timebase_TIM.c ****   *    derived from this software without specific written permission.
  26:Src/stm32f4xx_hal_timebase_TIM.c ****   * 4. This software, including modifications and/or derivative works of this 
  27:Src/stm32f4xx_hal_timebase_TIM.c ****   *    software, must execute solely and exclusively on microcontroller or
  28:Src/stm32f4xx_hal_timebase_TIM.c ****   *    microprocessor devices manufactured by or for STMicroelectronics.
  29:Src/stm32f4xx_hal_timebase_TIM.c ****   * 5. Redistribution and use of this software other than as permitted under 
  30:Src/stm32f4xx_hal_timebase_TIM.c ****   *    this license is void and will automatically terminate your rights under 
ARM GAS  /tmp/ccPUz6Iy.s 			page 2


  31:Src/stm32f4xx_hal_timebase_TIM.c ****   *    this license. 
  32:Src/stm32f4xx_hal_timebase_TIM.c ****   *
  33:Src/stm32f4xx_hal_timebase_TIM.c ****   * THIS SOFTWARE IS PROVIDED BY STMICROELECTRONICS AND CONTRIBUTORS "AS IS" 
  34:Src/stm32f4xx_hal_timebase_TIM.c ****   * AND ANY EXPRESS, IMPLIED OR STATUTORY WARRANTIES, INCLUDING, BUT NOT 
  35:Src/stm32f4xx_hal_timebase_TIM.c ****   * LIMITED TO, THE IMPLIED WARRANTIES OF MERCHANTABILITY, FITNESS FOR A 
  36:Src/stm32f4xx_hal_timebase_TIM.c ****   * PARTICULAR PURPOSE AND NON-INFRINGEMENT OF THIRD PARTY INTELLECTUAL PROPERTY
  37:Src/stm32f4xx_hal_timebase_TIM.c ****   * RIGHTS ARE DISCLAIMED TO THE FULLEST EXTENT PERMITTED BY LAW. IN NO EVENT 
  38:Src/stm32f4xx_hal_timebase_TIM.c ****   * SHALL STMICROELECTRONICS OR CONTRIBUTORS BE LIABLE FOR ANY DIRECT, INDIRECT,
  39:Src/stm32f4xx_hal_timebase_TIM.c ****   * INCIDENTAL, SPECIAL, EXEMPLARY, OR CONSEQUENTIAL DAMAGES (INCLUDING, BUT NOT
  40:Src/stm32f4xx_hal_timebase_TIM.c ****   * LIMITED TO, PROCUREMENT OF SUBSTITUTE GOODS OR SERVICES; LOSS OF USE, DATA, 
  41:Src/stm32f4xx_hal_timebase_TIM.c ****   * OR PROFITS; OR BUSINESS INTERRUPTION) HOWEVER CAUSED AND ON ANY THEORY OF 
  42:Src/stm32f4xx_hal_timebase_TIM.c ****   * LIABILITY, WHETHER IN CONTRACT, STRICT LIABILITY, OR TORT (INCLUDING 
  43:Src/stm32f4xx_hal_timebase_TIM.c ****   * NEGLIGENCE OR OTHERWISE) ARISING IN ANY WAY OUT OF THE USE OF THIS SOFTWARE,
  44:Src/stm32f4xx_hal_timebase_TIM.c ****   * EVEN IF ADVISED OF THE POSSIBILITY OF SUCH DAMAGE.
  45:Src/stm32f4xx_hal_timebase_TIM.c ****   *
  46:Src/stm32f4xx_hal_timebase_TIM.c ****   ******************************************************************************
  47:Src/stm32f4xx_hal_timebase_TIM.c ****   */
  48:Src/stm32f4xx_hal_timebase_TIM.c **** 
  49:Src/stm32f4xx_hal_timebase_TIM.c **** /* Includes ------------------------------------------------------------------*/
  50:Src/stm32f4xx_hal_timebase_TIM.c **** #include "stm32f4xx_hal.h"
  51:Src/stm32f4xx_hal_timebase_TIM.c **** #include "stm32f4xx_hal_tim.h"
  52:Src/stm32f4xx_hal_timebase_TIM.c **** /** @addtogroup STM32F7xx_HAL_Examples
  53:Src/stm32f4xx_hal_timebase_TIM.c ****   * @{
  54:Src/stm32f4xx_hal_timebase_TIM.c ****   */
  55:Src/stm32f4xx_hal_timebase_TIM.c **** 
  56:Src/stm32f4xx_hal_timebase_TIM.c **** /** @addtogroup HAL_TimeBase
  57:Src/stm32f4xx_hal_timebase_TIM.c ****   * @{
  58:Src/stm32f4xx_hal_timebase_TIM.c ****   */ 
  59:Src/stm32f4xx_hal_timebase_TIM.c **** 
  60:Src/stm32f4xx_hal_timebase_TIM.c **** /* Private typedef -----------------------------------------------------------*/
  61:Src/stm32f4xx_hal_timebase_TIM.c **** /* Private define ------------------------------------------------------------*/
  62:Src/stm32f4xx_hal_timebase_TIM.c **** /* Private macro -------------------------------------------------------------*/
  63:Src/stm32f4xx_hal_timebase_TIM.c **** /* Private variables ---------------------------------------------------------*/
  64:Src/stm32f4xx_hal_timebase_TIM.c **** TIM_HandleTypeDef        htim1; 
  65:Src/stm32f4xx_hal_timebase_TIM.c **** uint32_t                 uwIncrementState = 0;
  66:Src/stm32f4xx_hal_timebase_TIM.c **** /* Private function prototypes -----------------------------------------------*/
  67:Src/stm32f4xx_hal_timebase_TIM.c **** /* Private functions ---------------------------------------------------------*/
  68:Src/stm32f4xx_hal_timebase_TIM.c **** 
  69:Src/stm32f4xx_hal_timebase_TIM.c **** /**
  70:Src/stm32f4xx_hal_timebase_TIM.c ****   * @brief  This function configures the TIM1 as a time base source. 
  71:Src/stm32f4xx_hal_timebase_TIM.c ****   *         The time source is configured  to have 1ms time base with a dedicated 
  72:Src/stm32f4xx_hal_timebase_TIM.c ****   *         Tick interrupt priority. 
  73:Src/stm32f4xx_hal_timebase_TIM.c ****   * @note   This function is called  automatically at the beginning of program after
  74:Src/stm32f4xx_hal_timebase_TIM.c ****   *         reset by HAL_Init() or at any time when clock is configured, by HAL_RCC_ClockConfig(). 
  75:Src/stm32f4xx_hal_timebase_TIM.c ****   * @param  TickPriority: Tick interrupt priorty.
  76:Src/stm32f4xx_hal_timebase_TIM.c ****   * @retval HAL status
  77:Src/stm32f4xx_hal_timebase_TIM.c ****   */
  78:Src/stm32f4xx_hal_timebase_TIM.c **** HAL_StatusTypeDef HAL_InitTick(uint32_t TickPriority)
  79:Src/stm32f4xx_hal_timebase_TIM.c **** {
  29              		.loc 1 79 0
  30              		.cfi_startproc
  31              		@ args = 0, pretend = 0, frame = 32
  32              		@ frame_needed = 0, uses_anonymous_args = 0
  33              	.LVL0:
  34 0000 10B5     		push	{r4, lr}
  35              	.LCFI0:
  36              		.cfi_def_cfa_offset 8
ARM GAS  /tmp/ccPUz6Iy.s 			page 3


  37              		.cfi_offset 4, -8
  38              		.cfi_offset 14, -4
  39 0002 88B0     		sub	sp, sp, #32
  40              	.LCFI1:
  41              		.cfi_def_cfa_offset 40
  42 0004 0146     		mov	r1, r0
  43              	.LVL1:
  80:Src/stm32f4xx_hal_timebase_TIM.c ****   RCC_ClkInitTypeDef    clkconfig;
  81:Src/stm32f4xx_hal_timebase_TIM.c ****   uint32_t              uwTimclock = 0;
  82:Src/stm32f4xx_hal_timebase_TIM.c ****   uint32_t              uwPrescalerValue = 0;
  83:Src/stm32f4xx_hal_timebase_TIM.c ****   uint32_t              pFLatency;
  84:Src/stm32f4xx_hal_timebase_TIM.c ****   
  85:Src/stm32f4xx_hal_timebase_TIM.c ****   /*Configure the TIM1 IRQ priority */
  86:Src/stm32f4xx_hal_timebase_TIM.c ****   HAL_NVIC_SetPriority(TIM1_UP_TIM10_IRQn, TickPriority ,0); 
  44              		.loc 1 86 0
  45 0006 1920     		movs	r0, #25
  46              	.LVL2:
  47 0008 0022     		movs	r2, #0
  48 000a FFF7FEFF 		bl	HAL_NVIC_SetPriority
  49              	.LVL3:
  87:Src/stm32f4xx_hal_timebase_TIM.c ****   
  88:Src/stm32f4xx_hal_timebase_TIM.c ****   /* Enable the TIM1 global Interrupt */
  89:Src/stm32f4xx_hal_timebase_TIM.c ****   HAL_NVIC_EnableIRQ(TIM1_UP_TIM10_IRQn); 
  50              		.loc 1 89 0
  51 000e 1920     		movs	r0, #25
  52 0010 FFF7FEFF 		bl	HAL_NVIC_EnableIRQ
  53              	.LVL4:
  54              	.LBB2:
  90:Src/stm32f4xx_hal_timebase_TIM.c ****   
  91:Src/stm32f4xx_hal_timebase_TIM.c ****   /* Enable TIM1 clock */
  92:Src/stm32f4xx_hal_timebase_TIM.c ****   __HAL_RCC_TIM1_CLK_ENABLE();
  55              		.loc 1 92 0
  56 0014 0024     		movs	r4, #0
  57 0016 0194     		str	r4, [sp, #4]
  58 0018 134B     		ldr	r3, .L5
  59 001a 5A6C     		ldr	r2, [r3, #68]
  60 001c 42F00102 		orr	r2, r2, #1
  61 0020 5A64     		str	r2, [r3, #68]
  62 0022 5B6C     		ldr	r3, [r3, #68]
  63 0024 03F00103 		and	r3, r3, #1
  64 0028 0193     		str	r3, [sp, #4]
  65 002a 019B     		ldr	r3, [sp, #4]
  66              	.LBE2:
  93:Src/stm32f4xx_hal_timebase_TIM.c ****   
  94:Src/stm32f4xx_hal_timebase_TIM.c ****   /* Get clock configuration */
  95:Src/stm32f4xx_hal_timebase_TIM.c ****   HAL_RCC_GetClockConfig(&clkconfig, &pFLatency);
  67              		.loc 1 95 0
  68 002c 03A8     		add	r0, sp, #12
  69 002e 02A9     		add	r1, sp, #8
  70 0030 FFF7FEFF 		bl	HAL_RCC_GetClockConfig
  71              	.LVL5:
  96:Src/stm32f4xx_hal_timebase_TIM.c ****   
  97:Src/stm32f4xx_hal_timebase_TIM.c ****   /* Compute TIM1 clock */
  98:Src/stm32f4xx_hal_timebase_TIM.c ****   uwTimclock = HAL_RCC_GetPCLK2Freq();
  72              		.loc 1 98 0
  73 0034 FFF7FEFF 		bl	HAL_RCC_GetPCLK2Freq
  74              	.LVL6:
ARM GAS  /tmp/ccPUz6Iy.s 			page 4


  99:Src/stm32f4xx_hal_timebase_TIM.c ****    
 100:Src/stm32f4xx_hal_timebase_TIM.c ****   /* Compute the prescaler value to have TIM1 counter clock equal to 1MHz */
 101:Src/stm32f4xx_hal_timebase_TIM.c ****   uwPrescalerValue = (uint32_t) ((uwTimclock / 1000000) - 1);
  75              		.loc 1 101 0
  76 0038 0C4B     		ldr	r3, .L5+4
  77 003a A3FB0023 		umull	r2, r3, r3, r0
  78 003e 9B0C     		lsrs	r3, r3, #18
  79 0040 013B     		subs	r3, r3, #1
  80              	.LVL7:
 102:Src/stm32f4xx_hal_timebase_TIM.c ****   
 103:Src/stm32f4xx_hal_timebase_TIM.c ****   /* Initialize TIM1 */
 104:Src/stm32f4xx_hal_timebase_TIM.c ****   htim1.Instance = TIM1;
  81              		.loc 1 104 0
  82 0042 0B48     		ldr	r0, .L5+8
  83              	.LVL8:
  84 0044 0B4A     		ldr	r2, .L5+12
  85 0046 0260     		str	r2, [r0]
 105:Src/stm32f4xx_hal_timebase_TIM.c ****   
 106:Src/stm32f4xx_hal_timebase_TIM.c ****   /* Initialize TIMx peripheral as follow:
 107:Src/stm32f4xx_hal_timebase_TIM.c ****   + Period = [(TIM1CLK/1000) - 1]. to have a (1/1000) s time base.
 108:Src/stm32f4xx_hal_timebase_TIM.c ****   + Prescaler = (uwTimclock/1000000 - 1) to have a 1MHz counter clock.
 109:Src/stm32f4xx_hal_timebase_TIM.c ****   + ClockDivision = 0
 110:Src/stm32f4xx_hal_timebase_TIM.c ****   + Counter direction = Up
 111:Src/stm32f4xx_hal_timebase_TIM.c ****   */
 112:Src/stm32f4xx_hal_timebase_TIM.c ****   htim1.Init.Period = (1000000 / 1000) - 1;
  86              		.loc 1 112 0
  87 0048 40F2E732 		movw	r2, #999
  88 004c C260     		str	r2, [r0, #12]
 113:Src/stm32f4xx_hal_timebase_TIM.c ****   htim1.Init.Prescaler = uwPrescalerValue;
  89              		.loc 1 113 0
  90 004e 4360     		str	r3, [r0, #4]
 114:Src/stm32f4xx_hal_timebase_TIM.c ****   htim1.Init.ClockDivision = 0;
  91              		.loc 1 114 0
  92 0050 0461     		str	r4, [r0, #16]
 115:Src/stm32f4xx_hal_timebase_TIM.c ****   htim1.Init.CounterMode = TIM_COUNTERMODE_UP;
  93              		.loc 1 115 0
  94 0052 8460     		str	r4, [r0, #8]
 116:Src/stm32f4xx_hal_timebase_TIM.c ****   if(HAL_TIM_Base_Init(&htim1) == HAL_OK)
  95              		.loc 1 116 0
  96 0054 FFF7FEFF 		bl	HAL_TIM_Base_Init
  97              	.LVL9:
  98 0058 18B9     		cbnz	r0, .L3
 117:Src/stm32f4xx_hal_timebase_TIM.c ****   {
 118:Src/stm32f4xx_hal_timebase_TIM.c ****     /* Start the TIM time Base generation in interrupt mode */
 119:Src/stm32f4xx_hal_timebase_TIM.c ****     return HAL_TIM_Base_Start_IT(&htim1);
  99              		.loc 1 119 0
 100 005a 0548     		ldr	r0, .L5+8
 101 005c FFF7FEFF 		bl	HAL_TIM_Base_Start_IT
 102              	.LVL10:
 103 0060 00E0     		b	.L2
 104              	.L3:
 120:Src/stm32f4xx_hal_timebase_TIM.c ****   }
 121:Src/stm32f4xx_hal_timebase_TIM.c ****   
 122:Src/stm32f4xx_hal_timebase_TIM.c ****   /* Return function status */
 123:Src/stm32f4xx_hal_timebase_TIM.c ****   return HAL_ERROR;
 105              		.loc 1 123 0
 106 0062 0120     		movs	r0, #1
ARM GAS  /tmp/ccPUz6Iy.s 			page 5


 107              	.L2:
 124:Src/stm32f4xx_hal_timebase_TIM.c **** }
 108              		.loc 1 124 0
 109 0064 08B0     		add	sp, sp, #32
 110              	.LCFI2:
 111              		.cfi_def_cfa_offset 8
 112              		@ sp needed
 113 0066 10BD     		pop	{r4, pc}
 114              	.L6:
 115              		.align	2
 116              	.L5:
 117 0068 00380240 		.word	1073887232
 118 006c 83DE1B43 		.word	1125899907
 119 0070 00000000 		.word	htim1
 120 0074 00000140 		.word	1073807360
 121              		.cfi_endproc
 122              	.LFE123:
 124              		.section	.text.HAL_SuspendTick,"ax",%progbits
 125              		.align	2
 126              		.global	HAL_SuspendTick
 127              		.thumb
 128              		.thumb_func
 130              	HAL_SuspendTick:
 131              	.LFB124:
 125:Src/stm32f4xx_hal_timebase_TIM.c **** 
 126:Src/stm32f4xx_hal_timebase_TIM.c **** /**
 127:Src/stm32f4xx_hal_timebase_TIM.c ****   * @brief  Suspend Tick increment.
 128:Src/stm32f4xx_hal_timebase_TIM.c ****   * @note   Disable the tick increment by disabling TIM1 update interrupt.
 129:Src/stm32f4xx_hal_timebase_TIM.c ****   * @param  None
 130:Src/stm32f4xx_hal_timebase_TIM.c ****   * @retval None
 131:Src/stm32f4xx_hal_timebase_TIM.c ****   */
 132:Src/stm32f4xx_hal_timebase_TIM.c **** void HAL_SuspendTick(void)
 133:Src/stm32f4xx_hal_timebase_TIM.c **** {
 132              		.loc 1 133 0
 133              		.cfi_startproc
 134              		@ args = 0, pretend = 0, frame = 0
 135              		@ frame_needed = 0, uses_anonymous_args = 0
 136              		@ link register save eliminated.
 134:Src/stm32f4xx_hal_timebase_TIM.c ****   /* Disable TIM1 update Interrupt */
 135:Src/stm32f4xx_hal_timebase_TIM.c ****   __HAL_TIM_DISABLE_IT(&htim1, TIM_IT_UPDATE);                                                  
 137              		.loc 1 135 0
 138 0000 034B     		ldr	r3, .L8
 139 0002 1A68     		ldr	r2, [r3]
 140 0004 D368     		ldr	r3, [r2, #12]
 141 0006 23F00103 		bic	r3, r3, #1
 142 000a D360     		str	r3, [r2, #12]
 143 000c 7047     		bx	lr
 144              	.L9:
 145 000e 00BF     		.align	2
 146              	.L8:
 147 0010 00000000 		.word	htim1
 148              		.cfi_endproc
 149              	.LFE124:
 151              		.section	.text.HAL_ResumeTick,"ax",%progbits
 152              		.align	2
 153              		.global	HAL_ResumeTick
 154              		.thumb
ARM GAS  /tmp/ccPUz6Iy.s 			page 6


 155              		.thumb_func
 157              	HAL_ResumeTick:
 158              	.LFB125:
 136:Src/stm32f4xx_hal_timebase_TIM.c **** }
 137:Src/stm32f4xx_hal_timebase_TIM.c **** 
 138:Src/stm32f4xx_hal_timebase_TIM.c **** /**
 139:Src/stm32f4xx_hal_timebase_TIM.c ****   * @brief  Resume Tick increment.
 140:Src/stm32f4xx_hal_timebase_TIM.c ****   * @note   Enable the tick increment by Enabling TIM1 update interrupt.
 141:Src/stm32f4xx_hal_timebase_TIM.c ****   * @param  None
 142:Src/stm32f4xx_hal_timebase_TIM.c ****   * @retval None
 143:Src/stm32f4xx_hal_timebase_TIM.c ****   */
 144:Src/stm32f4xx_hal_timebase_TIM.c **** void HAL_ResumeTick(void)
 145:Src/stm32f4xx_hal_timebase_TIM.c **** {
 159              		.loc 1 145 0
 160              		.cfi_startproc
 161              		@ args = 0, pretend = 0, frame = 0
 162              		@ frame_needed = 0, uses_anonymous_args = 0
 163              		@ link register save eliminated.
 146:Src/stm32f4xx_hal_timebase_TIM.c ****   /* Enable TIM1 Update interrupt */
 147:Src/stm32f4xx_hal_timebase_TIM.c ****   __HAL_TIM_ENABLE_IT(&htim1, TIM_IT_UPDATE);
 164              		.loc 1 147 0
 165 0000 034B     		ldr	r3, .L11
 166 0002 1A68     		ldr	r2, [r3]
 167 0004 D368     		ldr	r3, [r2, #12]
 168 0006 43F00103 		orr	r3, r3, #1
 169 000a D360     		str	r3, [r2, #12]
 170 000c 7047     		bx	lr
 171              	.L12:
 172 000e 00BF     		.align	2
 173              	.L11:
 174 0010 00000000 		.word	htim1
 175              		.cfi_endproc
 176              	.LFE125:
 178              		.global	uwIncrementState
 179              		.comm	htim1,60,4
 180              		.section	.bss.uwIncrementState,"aw",%nobits
 181              		.align	2
 184              	uwIncrementState:
 185 0000 00000000 		.space	4
 186              		.text
 187              	.Letext0:
 188              		.file 2 "Drivers/CMSIS/Device/ST/STM32F4xx/Include/stm32f407xx.h"
 189              		.file 3 "/usr/include/newlib/machine/_default_types.h"
 190              		.file 4 "/usr/include/newlib/sys/_stdint.h"
 191              		.file 5 "Drivers/STM32F4xx_HAL_Driver/Inc/stm32f4xx_hal_def.h"
 192              		.file 6 "Drivers/STM32F4xx_HAL_Driver/Inc/stm32f4xx_hal_rcc.h"
 193              		.file 7 "Drivers/STM32F4xx_HAL_Driver/Inc/stm32f4xx_hal_dma.h"
 194              		.file 8 "Drivers/STM32F4xx_HAL_Driver/Inc/stm32f4xx_hal_tim.h"
 195              		.file 9 "Drivers/CMSIS/Include/core_cm4.h"
 196              		.file 10 "Drivers/STM32F4xx_HAL_Driver/Inc/stm32f4xx_hal_cortex.h"
ARM GAS  /tmp/ccPUz6Iy.s 			page 7


DEFINED SYMBOLS
                            *ABS*:0000000000000000 stm32f4xx_hal_timebase_TIM.c
     /tmp/ccPUz6Iy.s:21     .text.HAL_InitTick:0000000000000000 $t
     /tmp/ccPUz6Iy.s:26     .text.HAL_InitTick:0000000000000000 HAL_InitTick
     /tmp/ccPUz6Iy.s:117    .text.HAL_InitTick:0000000000000068 $d
                            *COM*:000000000000003c htim1
     /tmp/ccPUz6Iy.s:125    .text.HAL_SuspendTick:0000000000000000 $t
     /tmp/ccPUz6Iy.s:130    .text.HAL_SuspendTick:0000000000000000 HAL_SuspendTick
     /tmp/ccPUz6Iy.s:147    .text.HAL_SuspendTick:0000000000000010 $d
     /tmp/ccPUz6Iy.s:152    .text.HAL_ResumeTick:0000000000000000 $t
     /tmp/ccPUz6Iy.s:157    .text.HAL_ResumeTick:0000000000000000 HAL_ResumeTick
     /tmp/ccPUz6Iy.s:174    .text.HAL_ResumeTick:0000000000000010 $d
     /tmp/ccPUz6Iy.s:184    .bss.uwIncrementState:0000000000000000 uwIncrementState
     /tmp/ccPUz6Iy.s:181    .bss.uwIncrementState:0000000000000000 $d
                     .debug_frame:0000000000000010 $d

UNDEFINED SYMBOLS
HAL_NVIC_SetPriority
HAL_NVIC_EnableIRQ
HAL_RCC_GetClockConfig
HAL_RCC_GetPCLK2Freq
HAL_TIM_Base_Init
HAL_TIM_Base_Start_IT
