ARM GAS  /tmp/ccGYCsA8.s 			page 1


   1              		.syntax unified
   2              		.cpu cortex-m4
   3              		.eabi_attribute 27, 1
   4              		.eabi_attribute 28, 1
   5              		.fpu fpv4-sp-d16
   6              		.eabi_attribute 20, 1
   7              		.eabi_attribute 21, 1
   8              		.eabi_attribute 23, 3
   9              		.eabi_attribute 24, 1
  10              		.eabi_attribute 25, 1
  11              		.eabi_attribute 26, 1
  12              		.eabi_attribute 30, 6
  13              		.eabi_attribute 34, 1
  14              		.eabi_attribute 18, 4
  15              		.thumb
  16              		.file	"list.c"
  17              		.text
  18              	.Ltext0:
  19              		.cfi_sections	.debug_frame
  20              		.section	.text.vListInitialise,"ax",%progbits
  21              		.align	2
  22              		.global	vListInitialise
  23              		.thumb
  24              		.thumb_func
  26              	vListInitialise:
  27              	.LFB5:
  28              		.file 1 "Middlewares/Third_Party/FreeRTOS/Source/list.c"
   1:Middlewares/Third_Party/FreeRTOS/Source/list.c **** /*
   2:Middlewares/Third_Party/FreeRTOS/Source/list.c ****     FreeRTOS V9.0.0 - Copyright (C) 2016 Real Time Engineers Ltd.
   3:Middlewares/Third_Party/FreeRTOS/Source/list.c ****     All rights reserved
   4:Middlewares/Third_Party/FreeRTOS/Source/list.c **** 
   5:Middlewares/Third_Party/FreeRTOS/Source/list.c ****     VISIT http://www.FreeRTOS.org TO ENSURE YOU ARE USING THE LATEST VERSION.
   6:Middlewares/Third_Party/FreeRTOS/Source/list.c **** 
   7:Middlewares/Third_Party/FreeRTOS/Source/list.c ****     This file is part of the FreeRTOS distribution.
   8:Middlewares/Third_Party/FreeRTOS/Source/list.c **** 
   9:Middlewares/Third_Party/FreeRTOS/Source/list.c ****     FreeRTOS is free software; you can redistribute it and/or modify it under
  10:Middlewares/Third_Party/FreeRTOS/Source/list.c ****     the terms of the GNU General Public License (version 2) as published by the
  11:Middlewares/Third_Party/FreeRTOS/Source/list.c ****     Free Software Foundation >>>> AND MODIFIED BY <<<< the FreeRTOS exception.
  12:Middlewares/Third_Party/FreeRTOS/Source/list.c **** 
  13:Middlewares/Third_Party/FreeRTOS/Source/list.c ****     ***************************************************************************
  14:Middlewares/Third_Party/FreeRTOS/Source/list.c ****     >>!   NOTE: The modification to the GPL is included to allow you to     !<<
  15:Middlewares/Third_Party/FreeRTOS/Source/list.c ****     >>!   distribute a combined work that includes FreeRTOS without being   !<<
  16:Middlewares/Third_Party/FreeRTOS/Source/list.c ****     >>!   obliged to provide the source code for proprietary components     !<<
  17:Middlewares/Third_Party/FreeRTOS/Source/list.c ****     >>!   outside of the FreeRTOS kernel.                                   !<<
  18:Middlewares/Third_Party/FreeRTOS/Source/list.c ****     ***************************************************************************
  19:Middlewares/Third_Party/FreeRTOS/Source/list.c **** 
  20:Middlewares/Third_Party/FreeRTOS/Source/list.c ****     FreeRTOS is distributed in the hope that it will be useful, but WITHOUT ANY
  21:Middlewares/Third_Party/FreeRTOS/Source/list.c ****     WARRANTY; without even the implied warranty of MERCHANTABILITY or FITNESS
  22:Middlewares/Third_Party/FreeRTOS/Source/list.c ****     FOR A PARTICULAR PURPOSE.  Full license text is available on the following
  23:Middlewares/Third_Party/FreeRTOS/Source/list.c ****     link: http://www.freertos.org/a00114.html
  24:Middlewares/Third_Party/FreeRTOS/Source/list.c **** 
  25:Middlewares/Third_Party/FreeRTOS/Source/list.c ****     ***************************************************************************
  26:Middlewares/Third_Party/FreeRTOS/Source/list.c ****      *                                                                       *
  27:Middlewares/Third_Party/FreeRTOS/Source/list.c ****      *    FreeRTOS provides completely free yet professionally developed,    *
  28:Middlewares/Third_Party/FreeRTOS/Source/list.c ****      *    robust, strictly quality controlled, supported, and cross          *
  29:Middlewares/Third_Party/FreeRTOS/Source/list.c ****      *    platform software that is more than just the market leader, it     *
  30:Middlewares/Third_Party/FreeRTOS/Source/list.c ****      *    is the industry's de facto standard.                               *
ARM GAS  /tmp/ccGYCsA8.s 			page 2


  31:Middlewares/Third_Party/FreeRTOS/Source/list.c ****      *                                                                       *
  32:Middlewares/Third_Party/FreeRTOS/Source/list.c ****      *    Help yourself get started quickly while simultaneously helping     *
  33:Middlewares/Third_Party/FreeRTOS/Source/list.c ****      *    to support the FreeRTOS project by purchasing a FreeRTOS           *
  34:Middlewares/Third_Party/FreeRTOS/Source/list.c ****      *    tutorial book, reference manual, or both:                          *
  35:Middlewares/Third_Party/FreeRTOS/Source/list.c ****      *    http://www.FreeRTOS.org/Documentation                              *
  36:Middlewares/Third_Party/FreeRTOS/Source/list.c ****      *                                                                       *
  37:Middlewares/Third_Party/FreeRTOS/Source/list.c ****     ***************************************************************************
  38:Middlewares/Third_Party/FreeRTOS/Source/list.c **** 
  39:Middlewares/Third_Party/FreeRTOS/Source/list.c ****     http://www.FreeRTOS.org/FAQHelp.html - Having a problem?  Start by reading
  40:Middlewares/Third_Party/FreeRTOS/Source/list.c ****     the FAQ page "My application does not run, what could be wrong?".  Have you
  41:Middlewares/Third_Party/FreeRTOS/Source/list.c ****     defined configASSERT()?
  42:Middlewares/Third_Party/FreeRTOS/Source/list.c **** 
  43:Middlewares/Third_Party/FreeRTOS/Source/list.c ****     http://www.FreeRTOS.org/support - In return for receiving this top quality
  44:Middlewares/Third_Party/FreeRTOS/Source/list.c ****     embedded software for free we request you assist our global community by
  45:Middlewares/Third_Party/FreeRTOS/Source/list.c ****     participating in the support forum.
  46:Middlewares/Third_Party/FreeRTOS/Source/list.c **** 
  47:Middlewares/Third_Party/FreeRTOS/Source/list.c ****     http://www.FreeRTOS.org/training - Investing in training allows your team to
  48:Middlewares/Third_Party/FreeRTOS/Source/list.c ****     be as productive as possible as early as possible.  Now you can receive
  49:Middlewares/Third_Party/FreeRTOS/Source/list.c ****     FreeRTOS training directly from Richard Barry, CEO of Real Time Engineers
  50:Middlewares/Third_Party/FreeRTOS/Source/list.c ****     Ltd, and the world's leading authority on the world's leading RTOS.
  51:Middlewares/Third_Party/FreeRTOS/Source/list.c **** 
  52:Middlewares/Third_Party/FreeRTOS/Source/list.c ****     http://www.FreeRTOS.org/plus - A selection of FreeRTOS ecosystem products,
  53:Middlewares/Third_Party/FreeRTOS/Source/list.c ****     including FreeRTOS+Trace - an indispensable productivity tool, a DOS
  54:Middlewares/Third_Party/FreeRTOS/Source/list.c ****     compatible FAT file system, and our tiny thread aware UDP/IP stack.
  55:Middlewares/Third_Party/FreeRTOS/Source/list.c **** 
  56:Middlewares/Third_Party/FreeRTOS/Source/list.c ****     http://www.FreeRTOS.org/labs - Where new FreeRTOS products go to incubate.
  57:Middlewares/Third_Party/FreeRTOS/Source/list.c ****     Come and try FreeRTOS+TCP, our new open source TCP/IP stack for FreeRTOS.
  58:Middlewares/Third_Party/FreeRTOS/Source/list.c **** 
  59:Middlewares/Third_Party/FreeRTOS/Source/list.c ****     http://www.OpenRTOS.com - Real Time Engineers ltd. license FreeRTOS to High
  60:Middlewares/Third_Party/FreeRTOS/Source/list.c ****     Integrity Systems ltd. to sell under the OpenRTOS brand.  Low cost OpenRTOS
  61:Middlewares/Third_Party/FreeRTOS/Source/list.c ****     licenses offer ticketed support, indemnification and commercial middleware.
  62:Middlewares/Third_Party/FreeRTOS/Source/list.c **** 
  63:Middlewares/Third_Party/FreeRTOS/Source/list.c ****     http://www.SafeRTOS.com - High Integrity Systems also provide a safety
  64:Middlewares/Third_Party/FreeRTOS/Source/list.c ****     engineered and independently SIL3 certified version for use in safety and
  65:Middlewares/Third_Party/FreeRTOS/Source/list.c ****     mission critical applications that require provable dependability.
  66:Middlewares/Third_Party/FreeRTOS/Source/list.c **** 
  67:Middlewares/Third_Party/FreeRTOS/Source/list.c ****     1 tab == 4 spaces!
  68:Middlewares/Third_Party/FreeRTOS/Source/list.c **** */
  69:Middlewares/Third_Party/FreeRTOS/Source/list.c **** 
  70:Middlewares/Third_Party/FreeRTOS/Source/list.c **** 
  71:Middlewares/Third_Party/FreeRTOS/Source/list.c **** #include <stdlib.h>
  72:Middlewares/Third_Party/FreeRTOS/Source/list.c **** #include "FreeRTOS.h"
  73:Middlewares/Third_Party/FreeRTOS/Source/list.c **** #include "list.h"
  74:Middlewares/Third_Party/FreeRTOS/Source/list.c **** 
  75:Middlewares/Third_Party/FreeRTOS/Source/list.c **** /*-----------------------------------------------------------
  76:Middlewares/Third_Party/FreeRTOS/Source/list.c ****  * PUBLIC LIST API documented in list.h
  77:Middlewares/Third_Party/FreeRTOS/Source/list.c ****  *----------------------------------------------------------*/
  78:Middlewares/Third_Party/FreeRTOS/Source/list.c **** 
  79:Middlewares/Third_Party/FreeRTOS/Source/list.c **** void vListInitialise( List_t * const pxList )
  80:Middlewares/Third_Party/FreeRTOS/Source/list.c **** {
  29              		.loc 1 80 0
  30              		.cfi_startproc
  31              		@ args = 0, pretend = 0, frame = 8
  32              		@ frame_needed = 1, uses_anonymous_args = 0
  33              		@ link register save eliminated.
  34 0000 80B4     		push	{r7}
  35              	.LCFI0:
ARM GAS  /tmp/ccGYCsA8.s 			page 3


  36              		.cfi_def_cfa_offset 4
  37              		.cfi_offset 7, -4
  38 0002 83B0     		sub	sp, sp, #12
  39              	.LCFI1:
  40              		.cfi_def_cfa_offset 16
  41 0004 00AF     		add	r7, sp, #0
  42              	.LCFI2:
  43              		.cfi_def_cfa_register 7
  44 0006 7860     		str	r0, [r7, #4]
  81:Middlewares/Third_Party/FreeRTOS/Source/list.c **** 	/* The list structure contains a list item which is used to mark the
  82:Middlewares/Third_Party/FreeRTOS/Source/list.c **** 	end of the list.  To initialise the list the list end is inserted
  83:Middlewares/Third_Party/FreeRTOS/Source/list.c **** 	as the only list entry. */
  84:Middlewares/Third_Party/FreeRTOS/Source/list.c **** 	pxList->pxIndex = ( ListItem_t * ) &( pxList->xListEnd );			/*lint !e826 !e740 The mini list struc
  45              		.loc 1 84 0
  46 0008 7B68     		ldr	r3, [r7, #4]
  47 000a 03F10802 		add	r2, r3, #8
  48 000e 7B68     		ldr	r3, [r7, #4]
  49 0010 5A60     		str	r2, [r3, #4]
  85:Middlewares/Third_Party/FreeRTOS/Source/list.c **** 
  86:Middlewares/Third_Party/FreeRTOS/Source/list.c **** 	/* The list end value is the highest possible value in the list to
  87:Middlewares/Third_Party/FreeRTOS/Source/list.c **** 	ensure it remains at the end of the list. */
  88:Middlewares/Third_Party/FreeRTOS/Source/list.c **** 	pxList->xListEnd.xItemValue = portMAX_DELAY;
  50              		.loc 1 88 0
  51 0012 7B68     		ldr	r3, [r7, #4]
  52 0014 4FF0FF32 		mov	r2, #-1
  53 0018 9A60     		str	r2, [r3, #8]
  89:Middlewares/Third_Party/FreeRTOS/Source/list.c **** 
  90:Middlewares/Third_Party/FreeRTOS/Source/list.c **** 	/* The list end next and previous pointers point to itself so we know
  91:Middlewares/Third_Party/FreeRTOS/Source/list.c **** 	when the list is empty. */
  92:Middlewares/Third_Party/FreeRTOS/Source/list.c **** 	pxList->xListEnd.pxNext = ( ListItem_t * ) &( pxList->xListEnd );	/*lint !e826 !e740 The mini list
  54              		.loc 1 92 0
  55 001a 7B68     		ldr	r3, [r7, #4]
  56 001c 03F10802 		add	r2, r3, #8
  57 0020 7B68     		ldr	r3, [r7, #4]
  58 0022 DA60     		str	r2, [r3, #12]
  93:Middlewares/Third_Party/FreeRTOS/Source/list.c **** 	pxList->xListEnd.pxPrevious = ( ListItem_t * ) &( pxList->xListEnd );/*lint !e826 !e740 The mini l
  59              		.loc 1 93 0
  60 0024 7B68     		ldr	r3, [r7, #4]
  61 0026 03F10802 		add	r2, r3, #8
  62 002a 7B68     		ldr	r3, [r7, #4]
  63 002c 1A61     		str	r2, [r3, #16]
  94:Middlewares/Third_Party/FreeRTOS/Source/list.c **** 
  95:Middlewares/Third_Party/FreeRTOS/Source/list.c **** 	pxList->uxNumberOfItems = ( UBaseType_t ) 0U;
  64              		.loc 1 95 0
  65 002e 7B68     		ldr	r3, [r7, #4]
  66 0030 0022     		movs	r2, #0
  67 0032 1A60     		str	r2, [r3]
  96:Middlewares/Third_Party/FreeRTOS/Source/list.c **** 
  97:Middlewares/Third_Party/FreeRTOS/Source/list.c **** 	/* Write known values into the list if
  98:Middlewares/Third_Party/FreeRTOS/Source/list.c **** 	configUSE_LIST_DATA_INTEGRITY_CHECK_BYTES is set to 1. */
  99:Middlewares/Third_Party/FreeRTOS/Source/list.c **** 	listSET_LIST_INTEGRITY_CHECK_1_VALUE( pxList );
 100:Middlewares/Third_Party/FreeRTOS/Source/list.c **** 	listSET_LIST_INTEGRITY_CHECK_2_VALUE( pxList );
 101:Middlewares/Third_Party/FreeRTOS/Source/list.c **** }
  68              		.loc 1 101 0
  69 0034 0C37     		adds	r7, r7, #12
  70              	.LCFI3:
  71              		.cfi_def_cfa_offset 4
ARM GAS  /tmp/ccGYCsA8.s 			page 4


  72 0036 BD46     		mov	sp, r7
  73              	.LCFI4:
  74              		.cfi_def_cfa_register 13
  75              		@ sp needed
  76 0038 5DF8047B 		ldr	r7, [sp], #4
  77              	.LCFI5:
  78              		.cfi_restore 7
  79              		.cfi_def_cfa_offset 0
  80 003c 7047     		bx	lr
  81              		.cfi_endproc
  82              	.LFE5:
  84 003e 00BF     		.section	.text.vListInitialiseItem,"ax",%progbits
  85              		.align	2
  86              		.global	vListInitialiseItem
  87              		.thumb
  88              		.thumb_func
  90              	vListInitialiseItem:
  91              	.LFB6:
 102:Middlewares/Third_Party/FreeRTOS/Source/list.c **** /*-----------------------------------------------------------*/
 103:Middlewares/Third_Party/FreeRTOS/Source/list.c **** 
 104:Middlewares/Third_Party/FreeRTOS/Source/list.c **** void vListInitialiseItem( ListItem_t * const pxItem )
 105:Middlewares/Third_Party/FreeRTOS/Source/list.c **** {
  92              		.loc 1 105 0
  93              		.cfi_startproc
  94              		@ args = 0, pretend = 0, frame = 8
  95              		@ frame_needed = 1, uses_anonymous_args = 0
  96              		@ link register save eliminated.
  97 0000 80B4     		push	{r7}
  98              	.LCFI6:
  99              		.cfi_def_cfa_offset 4
 100              		.cfi_offset 7, -4
 101 0002 83B0     		sub	sp, sp, #12
 102              	.LCFI7:
 103              		.cfi_def_cfa_offset 16
 104 0004 00AF     		add	r7, sp, #0
 105              	.LCFI8:
 106              		.cfi_def_cfa_register 7
 107 0006 7860     		str	r0, [r7, #4]
 106:Middlewares/Third_Party/FreeRTOS/Source/list.c **** 	/* Make sure the list item is not recorded as being on a list. */
 107:Middlewares/Third_Party/FreeRTOS/Source/list.c **** 	pxItem->pvContainer = NULL;
 108              		.loc 1 107 0
 109 0008 7B68     		ldr	r3, [r7, #4]
 110 000a 0022     		movs	r2, #0
 111 000c 1A61     		str	r2, [r3, #16]
 108:Middlewares/Third_Party/FreeRTOS/Source/list.c **** 
 109:Middlewares/Third_Party/FreeRTOS/Source/list.c **** 	/* Write known values into the list item if
 110:Middlewares/Third_Party/FreeRTOS/Source/list.c **** 	configUSE_LIST_DATA_INTEGRITY_CHECK_BYTES is set to 1. */
 111:Middlewares/Third_Party/FreeRTOS/Source/list.c **** 	listSET_FIRST_LIST_ITEM_INTEGRITY_CHECK_VALUE( pxItem );
 112:Middlewares/Third_Party/FreeRTOS/Source/list.c **** 	listSET_SECOND_LIST_ITEM_INTEGRITY_CHECK_VALUE( pxItem );
 113:Middlewares/Third_Party/FreeRTOS/Source/list.c **** }
 112              		.loc 1 113 0
 113 000e 0C37     		adds	r7, r7, #12
 114              	.LCFI9:
 115              		.cfi_def_cfa_offset 4
 116 0010 BD46     		mov	sp, r7
 117              	.LCFI10:
 118              		.cfi_def_cfa_register 13
ARM GAS  /tmp/ccGYCsA8.s 			page 5


 119              		@ sp needed
 120 0012 5DF8047B 		ldr	r7, [sp], #4
 121              	.LCFI11:
 122              		.cfi_restore 7
 123              		.cfi_def_cfa_offset 0
 124 0016 7047     		bx	lr
 125              		.cfi_endproc
 126              	.LFE6:
 128              		.section	.text.vListInsertEnd,"ax",%progbits
 129              		.align	2
 130              		.global	vListInsertEnd
 131              		.thumb
 132              		.thumb_func
 134              	vListInsertEnd:
 135              	.LFB7:
 114:Middlewares/Third_Party/FreeRTOS/Source/list.c **** /*-----------------------------------------------------------*/
 115:Middlewares/Third_Party/FreeRTOS/Source/list.c **** 
 116:Middlewares/Third_Party/FreeRTOS/Source/list.c **** void vListInsertEnd( List_t * const pxList, ListItem_t * const pxNewListItem )
 117:Middlewares/Third_Party/FreeRTOS/Source/list.c **** {
 136              		.loc 1 117 0
 137              		.cfi_startproc
 138              		@ args = 0, pretend = 0, frame = 16
 139              		@ frame_needed = 1, uses_anonymous_args = 0
 140              		@ link register save eliminated.
 141 0000 80B4     		push	{r7}
 142              	.LCFI12:
 143              		.cfi_def_cfa_offset 4
 144              		.cfi_offset 7, -4
 145 0002 85B0     		sub	sp, sp, #20
 146              	.LCFI13:
 147              		.cfi_def_cfa_offset 24
 148 0004 00AF     		add	r7, sp, #0
 149              	.LCFI14:
 150              		.cfi_def_cfa_register 7
 151 0006 7860     		str	r0, [r7, #4]
 152 0008 3960     		str	r1, [r7]
 118:Middlewares/Third_Party/FreeRTOS/Source/list.c **** ListItem_t * const pxIndex = pxList->pxIndex;
 153              		.loc 1 118 0
 154 000a 7B68     		ldr	r3, [r7, #4]
 155 000c 5B68     		ldr	r3, [r3, #4]
 156 000e FB60     		str	r3, [r7, #12]
 119:Middlewares/Third_Party/FreeRTOS/Source/list.c **** 
 120:Middlewares/Third_Party/FreeRTOS/Source/list.c **** 	/* Only effective when configASSERT() is also defined, these tests may catch
 121:Middlewares/Third_Party/FreeRTOS/Source/list.c **** 	the list data structures being overwritten in memory.  They will not catch
 122:Middlewares/Third_Party/FreeRTOS/Source/list.c **** 	data errors caused by incorrect configuration or use of FreeRTOS. */
 123:Middlewares/Third_Party/FreeRTOS/Source/list.c **** 	listTEST_LIST_INTEGRITY( pxList );
 124:Middlewares/Third_Party/FreeRTOS/Source/list.c **** 	listTEST_LIST_ITEM_INTEGRITY( pxNewListItem );
 125:Middlewares/Third_Party/FreeRTOS/Source/list.c **** 
 126:Middlewares/Third_Party/FreeRTOS/Source/list.c **** 	/* Insert a new list item into pxList, but rather than sort the list,
 127:Middlewares/Third_Party/FreeRTOS/Source/list.c **** 	makes the new list item the last item to be removed by a call to
 128:Middlewares/Third_Party/FreeRTOS/Source/list.c **** 	listGET_OWNER_OF_NEXT_ENTRY(). */
 129:Middlewares/Third_Party/FreeRTOS/Source/list.c **** 	pxNewListItem->pxNext = pxIndex;
 157              		.loc 1 129 0
 158 0010 3B68     		ldr	r3, [r7]
 159 0012 FA68     		ldr	r2, [r7, #12]
 160 0014 5A60     		str	r2, [r3, #4]
 130:Middlewares/Third_Party/FreeRTOS/Source/list.c **** 	pxNewListItem->pxPrevious = pxIndex->pxPrevious;
ARM GAS  /tmp/ccGYCsA8.s 			page 6


 161              		.loc 1 130 0
 162 0016 FB68     		ldr	r3, [r7, #12]
 163 0018 9A68     		ldr	r2, [r3, #8]
 164 001a 3B68     		ldr	r3, [r7]
 165 001c 9A60     		str	r2, [r3, #8]
 131:Middlewares/Third_Party/FreeRTOS/Source/list.c **** 
 132:Middlewares/Third_Party/FreeRTOS/Source/list.c **** 	/* Only used during decision coverage testing. */
 133:Middlewares/Third_Party/FreeRTOS/Source/list.c **** 	mtCOVERAGE_TEST_DELAY();
 134:Middlewares/Third_Party/FreeRTOS/Source/list.c **** 
 135:Middlewares/Third_Party/FreeRTOS/Source/list.c **** 	pxIndex->pxPrevious->pxNext = pxNewListItem;
 166              		.loc 1 135 0
 167 001e FB68     		ldr	r3, [r7, #12]
 168 0020 9B68     		ldr	r3, [r3, #8]
 169 0022 3A68     		ldr	r2, [r7]
 170 0024 5A60     		str	r2, [r3, #4]
 136:Middlewares/Third_Party/FreeRTOS/Source/list.c **** 	pxIndex->pxPrevious = pxNewListItem;
 171              		.loc 1 136 0
 172 0026 FB68     		ldr	r3, [r7, #12]
 173 0028 3A68     		ldr	r2, [r7]
 174 002a 9A60     		str	r2, [r3, #8]
 137:Middlewares/Third_Party/FreeRTOS/Source/list.c **** 
 138:Middlewares/Third_Party/FreeRTOS/Source/list.c **** 	/* Remember which list the item is in. */
 139:Middlewares/Third_Party/FreeRTOS/Source/list.c **** 	pxNewListItem->pvContainer = ( void * ) pxList;
 175              		.loc 1 139 0
 176 002c 3B68     		ldr	r3, [r7]
 177 002e 7A68     		ldr	r2, [r7, #4]
 178 0030 1A61     		str	r2, [r3, #16]
 140:Middlewares/Third_Party/FreeRTOS/Source/list.c **** 
 141:Middlewares/Third_Party/FreeRTOS/Source/list.c **** 	( pxList->uxNumberOfItems )++;
 179              		.loc 1 141 0
 180 0032 7B68     		ldr	r3, [r7, #4]
 181 0034 1B68     		ldr	r3, [r3]
 182 0036 5A1C     		adds	r2, r3, #1
 183 0038 7B68     		ldr	r3, [r7, #4]
 184 003a 1A60     		str	r2, [r3]
 142:Middlewares/Third_Party/FreeRTOS/Source/list.c **** }
 185              		.loc 1 142 0
 186 003c 1437     		adds	r7, r7, #20
 187              	.LCFI15:
 188              		.cfi_def_cfa_offset 4
 189 003e BD46     		mov	sp, r7
 190              	.LCFI16:
 191              		.cfi_def_cfa_register 13
 192              		@ sp needed
 193 0040 5DF8047B 		ldr	r7, [sp], #4
 194              	.LCFI17:
 195              		.cfi_restore 7
 196              		.cfi_def_cfa_offset 0
 197 0044 7047     		bx	lr
 198              		.cfi_endproc
 199              	.LFE7:
 201 0046 00BF     		.section	.text.vListInsert,"ax",%progbits
 202              		.align	2
 203              		.global	vListInsert
 204              		.thumb
 205              		.thumb_func
 207              	vListInsert:
ARM GAS  /tmp/ccGYCsA8.s 			page 7


 208              	.LFB8:
 143:Middlewares/Third_Party/FreeRTOS/Source/list.c **** /*-----------------------------------------------------------*/
 144:Middlewares/Third_Party/FreeRTOS/Source/list.c **** 
 145:Middlewares/Third_Party/FreeRTOS/Source/list.c **** void vListInsert( List_t * const pxList, ListItem_t * const pxNewListItem )
 146:Middlewares/Third_Party/FreeRTOS/Source/list.c **** {
 209              		.loc 1 146 0
 210              		.cfi_startproc
 211              		@ args = 0, pretend = 0, frame = 16
 212              		@ frame_needed = 1, uses_anonymous_args = 0
 213              		@ link register save eliminated.
 214 0000 80B4     		push	{r7}
 215              	.LCFI18:
 216              		.cfi_def_cfa_offset 4
 217              		.cfi_offset 7, -4
 218 0002 85B0     		sub	sp, sp, #20
 219              	.LCFI19:
 220              		.cfi_def_cfa_offset 24
 221 0004 00AF     		add	r7, sp, #0
 222              	.LCFI20:
 223              		.cfi_def_cfa_register 7
 224 0006 7860     		str	r0, [r7, #4]
 225 0008 3960     		str	r1, [r7]
 147:Middlewares/Third_Party/FreeRTOS/Source/list.c **** ListItem_t *pxIterator;
 148:Middlewares/Third_Party/FreeRTOS/Source/list.c **** const TickType_t xValueOfInsertion = pxNewListItem->xItemValue;
 226              		.loc 1 148 0
 227 000a 3B68     		ldr	r3, [r7]
 228 000c 1B68     		ldr	r3, [r3]
 229 000e BB60     		str	r3, [r7, #8]
 149:Middlewares/Third_Party/FreeRTOS/Source/list.c **** 
 150:Middlewares/Third_Party/FreeRTOS/Source/list.c **** 	/* Only effective when configASSERT() is also defined, these tests may catch
 151:Middlewares/Third_Party/FreeRTOS/Source/list.c **** 	the list data structures being overwritten in memory.  They will not catch
 152:Middlewares/Third_Party/FreeRTOS/Source/list.c **** 	data errors caused by incorrect configuration or use of FreeRTOS. */
 153:Middlewares/Third_Party/FreeRTOS/Source/list.c **** 	listTEST_LIST_INTEGRITY( pxList );
 154:Middlewares/Third_Party/FreeRTOS/Source/list.c **** 	listTEST_LIST_ITEM_INTEGRITY( pxNewListItem );
 155:Middlewares/Third_Party/FreeRTOS/Source/list.c **** 
 156:Middlewares/Third_Party/FreeRTOS/Source/list.c **** 	/* Insert the new list item into the list, sorted in xItemValue order.
 157:Middlewares/Third_Party/FreeRTOS/Source/list.c **** 
 158:Middlewares/Third_Party/FreeRTOS/Source/list.c **** 	If the list already contains a list item with the same item value then the
 159:Middlewares/Third_Party/FreeRTOS/Source/list.c **** 	new list item should be placed after it.  This ensures that TCB's which are
 160:Middlewares/Third_Party/FreeRTOS/Source/list.c **** 	stored in ready lists (all of which have the same xItemValue value) get a
 161:Middlewares/Third_Party/FreeRTOS/Source/list.c **** 	share of the CPU.  However, if the xItemValue is the same as the back marker
 162:Middlewares/Third_Party/FreeRTOS/Source/list.c **** 	the iteration loop below will not end.  Therefore the value is checked
 163:Middlewares/Third_Party/FreeRTOS/Source/list.c **** 	first, and the algorithm slightly modified if necessary. */
 164:Middlewares/Third_Party/FreeRTOS/Source/list.c **** 	if( xValueOfInsertion == portMAX_DELAY )
 230              		.loc 1 164 0
 231 0010 BB68     		ldr	r3, [r7, #8]
 232 0012 B3F1FF3F 		cmp	r3, #-1
 233 0016 03D1     		bne	.L5
 165:Middlewares/Third_Party/FreeRTOS/Source/list.c **** 	{
 166:Middlewares/Third_Party/FreeRTOS/Source/list.c **** 		pxIterator = pxList->xListEnd.pxPrevious;
 234              		.loc 1 166 0
 235 0018 7B68     		ldr	r3, [r7, #4]
 236 001a 1B69     		ldr	r3, [r3, #16]
 237 001c FB60     		str	r3, [r7, #12]
 238 001e 0CE0     		b	.L6
 239              	.L5:
 167:Middlewares/Third_Party/FreeRTOS/Source/list.c **** 	}
ARM GAS  /tmp/ccGYCsA8.s 			page 8


 168:Middlewares/Third_Party/FreeRTOS/Source/list.c **** 	else
 169:Middlewares/Third_Party/FreeRTOS/Source/list.c **** 	{
 170:Middlewares/Third_Party/FreeRTOS/Source/list.c **** 		/* *** NOTE ***********************************************************
 171:Middlewares/Third_Party/FreeRTOS/Source/list.c **** 		If you find your application is crashing here then likely causes are
 172:Middlewares/Third_Party/FreeRTOS/Source/list.c **** 		listed below.  In addition see http://www.freertos.org/FAQHelp.html for
 173:Middlewares/Third_Party/FreeRTOS/Source/list.c **** 		more tips, and ensure configASSERT() is defined!
 174:Middlewares/Third_Party/FreeRTOS/Source/list.c **** 		http://www.freertos.org/a00110.html#configASSERT
 175:Middlewares/Third_Party/FreeRTOS/Source/list.c **** 
 176:Middlewares/Third_Party/FreeRTOS/Source/list.c **** 			1) Stack overflow -
 177:Middlewares/Third_Party/FreeRTOS/Source/list.c **** 			   see http://www.freertos.org/Stacks-and-stack-overflow-checking.html
 178:Middlewares/Third_Party/FreeRTOS/Source/list.c **** 			2) Incorrect interrupt priority assignment, especially on Cortex-M
 179:Middlewares/Third_Party/FreeRTOS/Source/list.c **** 			   parts where numerically high priority values denote low actual
 180:Middlewares/Third_Party/FreeRTOS/Source/list.c **** 			   interrupt priorities, which can seem counter intuitive.  See
 181:Middlewares/Third_Party/FreeRTOS/Source/list.c **** 			   http://www.freertos.org/RTOS-Cortex-M3-M4.html and the definition
 182:Middlewares/Third_Party/FreeRTOS/Source/list.c **** 			   of configMAX_SYSCALL_INTERRUPT_PRIORITY on
 183:Middlewares/Third_Party/FreeRTOS/Source/list.c **** 			   http://www.freertos.org/a00110.html
 184:Middlewares/Third_Party/FreeRTOS/Source/list.c **** 			3) Calling an API function from within a critical section or when
 185:Middlewares/Third_Party/FreeRTOS/Source/list.c **** 			   the scheduler is suspended, or calling an API function that does
 186:Middlewares/Third_Party/FreeRTOS/Source/list.c **** 			   not end in "FromISR" from an interrupt.
 187:Middlewares/Third_Party/FreeRTOS/Source/list.c **** 			4) Using a queue or semaphore before it has been initialised or
 188:Middlewares/Third_Party/FreeRTOS/Source/list.c **** 			   before the scheduler has been started (are interrupts firing
 189:Middlewares/Third_Party/FreeRTOS/Source/list.c **** 			   before vTaskStartScheduler() has been called?).
 190:Middlewares/Third_Party/FreeRTOS/Source/list.c **** 		**********************************************************************/
 191:Middlewares/Third_Party/FreeRTOS/Source/list.c **** 
 192:Middlewares/Third_Party/FreeRTOS/Source/list.c **** 		for( pxIterator = ( ListItem_t * ) &( pxList->xListEnd ); pxIterator->pxNext->xItemValue <= xValu
 240              		.loc 1 192 0
 241 0020 7B68     		ldr	r3, [r7, #4]
 242 0022 0833     		adds	r3, r3, #8
 243 0024 FB60     		str	r3, [r7, #12]
 244 0026 02E0     		b	.L7
 245              	.L8:
 246              		.loc 1 192 0 is_stmt 0 discriminator 3
 247 0028 FB68     		ldr	r3, [r7, #12]
 248 002a 5B68     		ldr	r3, [r3, #4]
 249 002c FB60     		str	r3, [r7, #12]
 250              	.L7:
 251              		.loc 1 192 0 discriminator 1
 252 002e FB68     		ldr	r3, [r7, #12]
 253 0030 5B68     		ldr	r3, [r3, #4]
 254 0032 1A68     		ldr	r2, [r3]
 255 0034 BB68     		ldr	r3, [r7, #8]
 256 0036 9A42     		cmp	r2, r3
 257 0038 F6D9     		bls	.L8
 258              	.L6:
 193:Middlewares/Third_Party/FreeRTOS/Source/list.c **** 		{
 194:Middlewares/Third_Party/FreeRTOS/Source/list.c **** 			/* There is nothing to do here, just iterating to the wanted
 195:Middlewares/Third_Party/FreeRTOS/Source/list.c **** 			insertion position. */
 196:Middlewares/Third_Party/FreeRTOS/Source/list.c **** 		}
 197:Middlewares/Third_Party/FreeRTOS/Source/list.c **** 	}
 198:Middlewares/Third_Party/FreeRTOS/Source/list.c **** 
 199:Middlewares/Third_Party/FreeRTOS/Source/list.c **** 	pxNewListItem->pxNext = pxIterator->pxNext;
 259              		.loc 1 199 0 is_stmt 1
 260 003a FB68     		ldr	r3, [r7, #12]
 261 003c 5A68     		ldr	r2, [r3, #4]
 262 003e 3B68     		ldr	r3, [r7]
 263 0040 5A60     		str	r2, [r3, #4]
 200:Middlewares/Third_Party/FreeRTOS/Source/list.c **** 	pxNewListItem->pxNext->pxPrevious = pxNewListItem;
ARM GAS  /tmp/ccGYCsA8.s 			page 9


 264              		.loc 1 200 0
 265 0042 3B68     		ldr	r3, [r7]
 266 0044 5B68     		ldr	r3, [r3, #4]
 267 0046 3A68     		ldr	r2, [r7]
 268 0048 9A60     		str	r2, [r3, #8]
 201:Middlewares/Third_Party/FreeRTOS/Source/list.c **** 	pxNewListItem->pxPrevious = pxIterator;
 269              		.loc 1 201 0
 270 004a 3B68     		ldr	r3, [r7]
 271 004c FA68     		ldr	r2, [r7, #12]
 272 004e 9A60     		str	r2, [r3, #8]
 202:Middlewares/Third_Party/FreeRTOS/Source/list.c **** 	pxIterator->pxNext = pxNewListItem;
 273              		.loc 1 202 0
 274 0050 FB68     		ldr	r3, [r7, #12]
 275 0052 3A68     		ldr	r2, [r7]
 276 0054 5A60     		str	r2, [r3, #4]
 203:Middlewares/Third_Party/FreeRTOS/Source/list.c **** 
 204:Middlewares/Third_Party/FreeRTOS/Source/list.c **** 	/* Remember which list the item is in.  This allows fast removal of the
 205:Middlewares/Third_Party/FreeRTOS/Source/list.c **** 	item later. */
 206:Middlewares/Third_Party/FreeRTOS/Source/list.c **** 	pxNewListItem->pvContainer = ( void * ) pxList;
 277              		.loc 1 206 0
 278 0056 3B68     		ldr	r3, [r7]
 279 0058 7A68     		ldr	r2, [r7, #4]
 280 005a 1A61     		str	r2, [r3, #16]
 207:Middlewares/Third_Party/FreeRTOS/Source/list.c **** 
 208:Middlewares/Third_Party/FreeRTOS/Source/list.c **** 	( pxList->uxNumberOfItems )++;
 281              		.loc 1 208 0
 282 005c 7B68     		ldr	r3, [r7, #4]
 283 005e 1B68     		ldr	r3, [r3]
 284 0060 5A1C     		adds	r2, r3, #1
 285 0062 7B68     		ldr	r3, [r7, #4]
 286 0064 1A60     		str	r2, [r3]
 209:Middlewares/Third_Party/FreeRTOS/Source/list.c **** }
 287              		.loc 1 209 0
 288 0066 1437     		adds	r7, r7, #20
 289              	.LCFI21:
 290              		.cfi_def_cfa_offset 4
 291 0068 BD46     		mov	sp, r7
 292              	.LCFI22:
 293              		.cfi_def_cfa_register 13
 294              		@ sp needed
 295 006a 5DF8047B 		ldr	r7, [sp], #4
 296              	.LCFI23:
 297              		.cfi_restore 7
 298              		.cfi_def_cfa_offset 0
 299 006e 7047     		bx	lr
 300              		.cfi_endproc
 301              	.LFE8:
 303              		.section	.text.uxListRemove,"ax",%progbits
 304              		.align	2
 305              		.global	uxListRemove
 306              		.thumb
 307              		.thumb_func
 309              	uxListRemove:
 310              	.LFB9:
 210:Middlewares/Third_Party/FreeRTOS/Source/list.c **** /*-----------------------------------------------------------*/
 211:Middlewares/Third_Party/FreeRTOS/Source/list.c **** 
 212:Middlewares/Third_Party/FreeRTOS/Source/list.c **** UBaseType_t uxListRemove( ListItem_t * const pxItemToRemove )
ARM GAS  /tmp/ccGYCsA8.s 			page 10


 213:Middlewares/Third_Party/FreeRTOS/Source/list.c **** {
 311              		.loc 1 213 0
 312              		.cfi_startproc
 313              		@ args = 0, pretend = 0, frame = 16
 314              		@ frame_needed = 1, uses_anonymous_args = 0
 315              		@ link register save eliminated.
 316 0000 80B4     		push	{r7}
 317              	.LCFI24:
 318              		.cfi_def_cfa_offset 4
 319              		.cfi_offset 7, -4
 320 0002 85B0     		sub	sp, sp, #20
 321              	.LCFI25:
 322              		.cfi_def_cfa_offset 24
 323 0004 00AF     		add	r7, sp, #0
 324              	.LCFI26:
 325              		.cfi_def_cfa_register 7
 326 0006 7860     		str	r0, [r7, #4]
 214:Middlewares/Third_Party/FreeRTOS/Source/list.c **** /* The list item knows which list it is in.  Obtain the list from the list
 215:Middlewares/Third_Party/FreeRTOS/Source/list.c **** item. */
 216:Middlewares/Third_Party/FreeRTOS/Source/list.c **** List_t * const pxList = ( List_t * ) pxItemToRemove->pvContainer;
 327              		.loc 1 216 0
 328 0008 7B68     		ldr	r3, [r7, #4]
 329 000a 1B69     		ldr	r3, [r3, #16]
 330 000c FB60     		str	r3, [r7, #12]
 217:Middlewares/Third_Party/FreeRTOS/Source/list.c **** 
 218:Middlewares/Third_Party/FreeRTOS/Source/list.c **** 	pxItemToRemove->pxNext->pxPrevious = pxItemToRemove->pxPrevious;
 331              		.loc 1 218 0
 332 000e 7B68     		ldr	r3, [r7, #4]
 333 0010 5B68     		ldr	r3, [r3, #4]
 334 0012 7A68     		ldr	r2, [r7, #4]
 335 0014 9268     		ldr	r2, [r2, #8]
 336 0016 9A60     		str	r2, [r3, #8]
 219:Middlewares/Third_Party/FreeRTOS/Source/list.c **** 	pxItemToRemove->pxPrevious->pxNext = pxItemToRemove->pxNext;
 337              		.loc 1 219 0
 338 0018 7B68     		ldr	r3, [r7, #4]
 339 001a 9B68     		ldr	r3, [r3, #8]
 340 001c 7A68     		ldr	r2, [r7, #4]
 341 001e 5268     		ldr	r2, [r2, #4]
 342 0020 5A60     		str	r2, [r3, #4]
 220:Middlewares/Third_Party/FreeRTOS/Source/list.c **** 
 221:Middlewares/Third_Party/FreeRTOS/Source/list.c **** 	/* Only used during decision coverage testing. */
 222:Middlewares/Third_Party/FreeRTOS/Source/list.c **** 	mtCOVERAGE_TEST_DELAY();
 223:Middlewares/Third_Party/FreeRTOS/Source/list.c **** 
 224:Middlewares/Third_Party/FreeRTOS/Source/list.c **** 	/* Make sure the index is left pointing to a valid item. */
 225:Middlewares/Third_Party/FreeRTOS/Source/list.c **** 	if( pxList->pxIndex == pxItemToRemove )
 343              		.loc 1 225 0
 344 0022 FB68     		ldr	r3, [r7, #12]
 345 0024 5A68     		ldr	r2, [r3, #4]
 346 0026 7B68     		ldr	r3, [r7, #4]
 347 0028 9A42     		cmp	r2, r3
 348 002a 03D1     		bne	.L10
 226:Middlewares/Third_Party/FreeRTOS/Source/list.c **** 	{
 227:Middlewares/Third_Party/FreeRTOS/Source/list.c **** 		pxList->pxIndex = pxItemToRemove->pxPrevious;
 349              		.loc 1 227 0
 350 002c 7B68     		ldr	r3, [r7, #4]
 351 002e 9A68     		ldr	r2, [r3, #8]
 352 0030 FB68     		ldr	r3, [r7, #12]
ARM GAS  /tmp/ccGYCsA8.s 			page 11


 353 0032 5A60     		str	r2, [r3, #4]
 354              	.L10:
 228:Middlewares/Third_Party/FreeRTOS/Source/list.c **** 	}
 229:Middlewares/Third_Party/FreeRTOS/Source/list.c **** 	else
 230:Middlewares/Third_Party/FreeRTOS/Source/list.c **** 	{
 231:Middlewares/Third_Party/FreeRTOS/Source/list.c **** 		mtCOVERAGE_TEST_MARKER();
 232:Middlewares/Third_Party/FreeRTOS/Source/list.c **** 	}
 233:Middlewares/Third_Party/FreeRTOS/Source/list.c **** 
 234:Middlewares/Third_Party/FreeRTOS/Source/list.c **** 	pxItemToRemove->pvContainer = NULL;
 355              		.loc 1 234 0
 356 0034 7B68     		ldr	r3, [r7, #4]
 357 0036 0022     		movs	r2, #0
 358 0038 1A61     		str	r2, [r3, #16]
 235:Middlewares/Third_Party/FreeRTOS/Source/list.c **** 	( pxList->uxNumberOfItems )--;
 359              		.loc 1 235 0
 360 003a FB68     		ldr	r3, [r7, #12]
 361 003c 1B68     		ldr	r3, [r3]
 362 003e 5A1E     		subs	r2, r3, #1
 363 0040 FB68     		ldr	r3, [r7, #12]
 364 0042 1A60     		str	r2, [r3]
 236:Middlewares/Third_Party/FreeRTOS/Source/list.c **** 
 237:Middlewares/Third_Party/FreeRTOS/Source/list.c **** 	return pxList->uxNumberOfItems;
 365              		.loc 1 237 0
 366 0044 FB68     		ldr	r3, [r7, #12]
 367 0046 1B68     		ldr	r3, [r3]
 238:Middlewares/Third_Party/FreeRTOS/Source/list.c **** }
 368              		.loc 1 238 0
 369 0048 1846     		mov	r0, r3
 370 004a 1437     		adds	r7, r7, #20
 371              	.LCFI27:
 372              		.cfi_def_cfa_offset 4
 373 004c BD46     		mov	sp, r7
 374              	.LCFI28:
 375              		.cfi_def_cfa_register 13
 376              		@ sp needed
 377 004e 5DF8047B 		ldr	r7, [sp], #4
 378              	.LCFI29:
 379              		.cfi_restore 7
 380              		.cfi_def_cfa_offset 0
 381 0052 7047     		bx	lr
 382              		.cfi_endproc
 383              	.LFE9:
 385              		.text
 386              	.Letext0:
 387              		.file 2 "/usr/include/newlib/machine/_default_types.h"
 388              		.file 3 "/usr/include/newlib/sys/_stdint.h"
 389              		.file 4 "Middlewares/Third_Party/FreeRTOS/Source/portable/GCC/ARM_CM4F/portmacro.h"
 390              		.file 5 "Middlewares/Third_Party/FreeRTOS/Source/include/list.h"
ARM GAS  /tmp/ccGYCsA8.s 			page 12


DEFINED SYMBOLS
                            *ABS*:0000000000000000 list.c
     /tmp/ccGYCsA8.s:21     .text.vListInitialise:0000000000000000 $t
     /tmp/ccGYCsA8.s:26     .text.vListInitialise:0000000000000000 vListInitialise
     /tmp/ccGYCsA8.s:85     .text.vListInitialiseItem:0000000000000000 $t
     /tmp/ccGYCsA8.s:90     .text.vListInitialiseItem:0000000000000000 vListInitialiseItem
     /tmp/ccGYCsA8.s:129    .text.vListInsertEnd:0000000000000000 $t
     /tmp/ccGYCsA8.s:134    .text.vListInsertEnd:0000000000000000 vListInsertEnd
     /tmp/ccGYCsA8.s:202    .text.vListInsert:0000000000000000 $t
     /tmp/ccGYCsA8.s:207    .text.vListInsert:0000000000000000 vListInsert
     /tmp/ccGYCsA8.s:304    .text.uxListRemove:0000000000000000 $t
     /tmp/ccGYCsA8.s:309    .text.uxListRemove:0000000000000000 uxListRemove
                     .debug_frame:0000000000000010 $d

NO UNDEFINED SYMBOLS
