ARM GAS  /tmp/cc2Rgwo3.s 			page 1


   1              		.syntax unified
   2              		.cpu cortex-m4
   3              		.eabi_attribute 27, 1
   4              		.eabi_attribute 28, 1
   5              		.fpu fpv4-sp-d16
   6              		.eabi_attribute 20, 1
   7              		.eabi_attribute 21, 1
   8              		.eabi_attribute 23, 3
   9              		.eabi_attribute 24, 1
  10              		.eabi_attribute 25, 1
  11              		.eabi_attribute 26, 1
  12              		.eabi_attribute 30, 6
  13              		.eabi_attribute 34, 1
  14              		.eabi_attribute 18, 4
  15              		.thumb
  16              		.file	"stm32f4xx_hal_timebase_TIM.c"
  17              		.text
  18              	.Ltext0:
  19              		.cfi_sections	.debug_frame
  20              		.comm	htim1,60,4
  21              		.global	uwIncrementState
  22              		.section	.bss.uwIncrementState,"aw",%nobits
  23              		.align	2
  26              	uwIncrementState:
  27 0000 00000000 		.space	4
  28              		.section	.text.HAL_InitTick,"ax",%progbits
  29              		.align	2
  30              		.global	HAL_InitTick
  31              		.thumb
  32              		.thumb_func
  34              	HAL_InitTick:
  35              	.LFB123:
  36              		.file 1 "Src/stm32f4xx_hal_timebase_TIM.c"
   1:Src/stm32f4xx_hal_timebase_TIM.c **** /**
   2:Src/stm32f4xx_hal_timebase_TIM.c ****   ******************************************************************************
   3:Src/stm32f4xx_hal_timebase_TIM.c ****   * @file    stm32f4xx_hal_timebase_TIM.c 
   4:Src/stm32f4xx_hal_timebase_TIM.c ****   * @brief   HAL time base based on the hardware TIM.
   5:Src/stm32f4xx_hal_timebase_TIM.c ****   ******************************************************************************
   6:Src/stm32f4xx_hal_timebase_TIM.c ****   * This notice applies to any and all portions of this file
   7:Src/stm32f4xx_hal_timebase_TIM.c ****   * that are not between comment pairs USER CODE BEGIN and
   8:Src/stm32f4xx_hal_timebase_TIM.c ****   * USER CODE END. Other portions of this file, whether 
   9:Src/stm32f4xx_hal_timebase_TIM.c ****   * inserted by the user or by software development tools
  10:Src/stm32f4xx_hal_timebase_TIM.c ****   * are owned by their respective copyright owners.
  11:Src/stm32f4xx_hal_timebase_TIM.c ****   *
  12:Src/stm32f4xx_hal_timebase_TIM.c ****   * Copyright (c) 2018 STMicroelectronics International N.V. 
  13:Src/stm32f4xx_hal_timebase_TIM.c ****   * All rights reserved.
  14:Src/stm32f4xx_hal_timebase_TIM.c ****   *
  15:Src/stm32f4xx_hal_timebase_TIM.c ****   * Redistribution and use in source and binary forms, with or without 
  16:Src/stm32f4xx_hal_timebase_TIM.c ****   * modification, are permitted, provided that the following conditions are met:
  17:Src/stm32f4xx_hal_timebase_TIM.c ****   *
  18:Src/stm32f4xx_hal_timebase_TIM.c ****   * 1. Redistribution of source code must retain the above copyright notice, 
  19:Src/stm32f4xx_hal_timebase_TIM.c ****   *    this list of conditions and the following disclaimer.
  20:Src/stm32f4xx_hal_timebase_TIM.c ****   * 2. Redistributions in binary form must reproduce the above copyright notice,
  21:Src/stm32f4xx_hal_timebase_TIM.c ****   *    this list of conditions and the following disclaimer in the documentation
  22:Src/stm32f4xx_hal_timebase_TIM.c ****   *    and/or other materials provided with the distribution.
  23:Src/stm32f4xx_hal_timebase_TIM.c ****   * 3. Neither the name of STMicroelectronics nor the names of other 
  24:Src/stm32f4xx_hal_timebase_TIM.c ****   *    contributors to this software may be used to endorse or promote products 
ARM GAS  /tmp/cc2Rgwo3.s 			page 2


  25:Src/stm32f4xx_hal_timebase_TIM.c ****   *    derived from this software without specific written permission.
  26:Src/stm32f4xx_hal_timebase_TIM.c ****   * 4. This software, including modifications and/or derivative works of this 
  27:Src/stm32f4xx_hal_timebase_TIM.c ****   *    software, must execute solely and exclusively on microcontroller or
  28:Src/stm32f4xx_hal_timebase_TIM.c ****   *    microprocessor devices manufactured by or for STMicroelectronics.
  29:Src/stm32f4xx_hal_timebase_TIM.c ****   * 5. Redistribution and use of this software other than as permitted under 
  30:Src/stm32f4xx_hal_timebase_TIM.c ****   *    this license is void and will automatically terminate your rights under 
  31:Src/stm32f4xx_hal_timebase_TIM.c ****   *    this license. 
  32:Src/stm32f4xx_hal_timebase_TIM.c ****   *
  33:Src/stm32f4xx_hal_timebase_TIM.c ****   * THIS SOFTWARE IS PROVIDED BY STMICROELECTRONICS AND CONTRIBUTORS "AS IS" 
  34:Src/stm32f4xx_hal_timebase_TIM.c ****   * AND ANY EXPRESS, IMPLIED OR STATUTORY WARRANTIES, INCLUDING, BUT NOT 
  35:Src/stm32f4xx_hal_timebase_TIM.c ****   * LIMITED TO, THE IMPLIED WARRANTIES OF MERCHANTABILITY, FITNESS FOR A 
  36:Src/stm32f4xx_hal_timebase_TIM.c ****   * PARTICULAR PURPOSE AND NON-INFRINGEMENT OF THIRD PARTY INTELLECTUAL PROPERTY
  37:Src/stm32f4xx_hal_timebase_TIM.c ****   * RIGHTS ARE DISCLAIMED TO THE FULLEST EXTENT PERMITTED BY LAW. IN NO EVENT 
  38:Src/stm32f4xx_hal_timebase_TIM.c ****   * SHALL STMICROELECTRONICS OR CONTRIBUTORS BE LIABLE FOR ANY DIRECT, INDIRECT,
  39:Src/stm32f4xx_hal_timebase_TIM.c ****   * INCIDENTAL, SPECIAL, EXEMPLARY, OR CONSEQUENTIAL DAMAGES (INCLUDING, BUT NOT
  40:Src/stm32f4xx_hal_timebase_TIM.c ****   * LIMITED TO, PROCUREMENT OF SUBSTITUTE GOODS OR SERVICES; LOSS OF USE, DATA, 
  41:Src/stm32f4xx_hal_timebase_TIM.c ****   * OR PROFITS; OR BUSINESS INTERRUPTION) HOWEVER CAUSED AND ON ANY THEORY OF 
  42:Src/stm32f4xx_hal_timebase_TIM.c ****   * LIABILITY, WHETHER IN CONTRACT, STRICT LIABILITY, OR TORT (INCLUDING 
  43:Src/stm32f4xx_hal_timebase_TIM.c ****   * NEGLIGENCE OR OTHERWISE) ARISING IN ANY WAY OUT OF THE USE OF THIS SOFTWARE,
  44:Src/stm32f4xx_hal_timebase_TIM.c ****   * EVEN IF ADVISED OF THE POSSIBILITY OF SUCH DAMAGE.
  45:Src/stm32f4xx_hal_timebase_TIM.c ****   *
  46:Src/stm32f4xx_hal_timebase_TIM.c ****   ******************************************************************************
  47:Src/stm32f4xx_hal_timebase_TIM.c ****   */
  48:Src/stm32f4xx_hal_timebase_TIM.c **** 
  49:Src/stm32f4xx_hal_timebase_TIM.c **** /* Includes ------------------------------------------------------------------*/
  50:Src/stm32f4xx_hal_timebase_TIM.c **** #include "stm32f4xx_hal.h"
  51:Src/stm32f4xx_hal_timebase_TIM.c **** #include "stm32f4xx_hal_tim.h"
  52:Src/stm32f4xx_hal_timebase_TIM.c **** /** @addtogroup STM32F7xx_HAL_Examples
  53:Src/stm32f4xx_hal_timebase_TIM.c ****   * @{
  54:Src/stm32f4xx_hal_timebase_TIM.c ****   */
  55:Src/stm32f4xx_hal_timebase_TIM.c **** 
  56:Src/stm32f4xx_hal_timebase_TIM.c **** /** @addtogroup HAL_TimeBase
  57:Src/stm32f4xx_hal_timebase_TIM.c ****   * @{
  58:Src/stm32f4xx_hal_timebase_TIM.c ****   */ 
  59:Src/stm32f4xx_hal_timebase_TIM.c **** 
  60:Src/stm32f4xx_hal_timebase_TIM.c **** /* Private typedef -----------------------------------------------------------*/
  61:Src/stm32f4xx_hal_timebase_TIM.c **** /* Private define ------------------------------------------------------------*/
  62:Src/stm32f4xx_hal_timebase_TIM.c **** /* Private macro -------------------------------------------------------------*/
  63:Src/stm32f4xx_hal_timebase_TIM.c **** /* Private variables ---------------------------------------------------------*/
  64:Src/stm32f4xx_hal_timebase_TIM.c **** TIM_HandleTypeDef        htim1; 
  65:Src/stm32f4xx_hal_timebase_TIM.c **** uint32_t                 uwIncrementState = 0;
  66:Src/stm32f4xx_hal_timebase_TIM.c **** /* Private function prototypes -----------------------------------------------*/
  67:Src/stm32f4xx_hal_timebase_TIM.c **** /* Private functions ---------------------------------------------------------*/
  68:Src/stm32f4xx_hal_timebase_TIM.c **** 
  69:Src/stm32f4xx_hal_timebase_TIM.c **** /**
  70:Src/stm32f4xx_hal_timebase_TIM.c ****   * @brief  This function configures the TIM1 as a time base source. 
  71:Src/stm32f4xx_hal_timebase_TIM.c ****   *         The time source is configured  to have 1ms time base with a dedicated 
  72:Src/stm32f4xx_hal_timebase_TIM.c ****   *         Tick interrupt priority. 
  73:Src/stm32f4xx_hal_timebase_TIM.c ****   * @note   This function is called  automatically at the beginning of program after
  74:Src/stm32f4xx_hal_timebase_TIM.c ****   *         reset by HAL_Init() or at any time when clock is configured, by HAL_RCC_ClockConfig(). 
  75:Src/stm32f4xx_hal_timebase_TIM.c ****   * @param  TickPriority: Tick interrupt priorty.
  76:Src/stm32f4xx_hal_timebase_TIM.c ****   * @retval HAL status
  77:Src/stm32f4xx_hal_timebase_TIM.c ****   */
  78:Src/stm32f4xx_hal_timebase_TIM.c **** HAL_StatusTypeDef HAL_InitTick(uint32_t TickPriority)
  79:Src/stm32f4xx_hal_timebase_TIM.c **** {
  37              		.loc 1 79 0
  38              		.cfi_startproc
ARM GAS  /tmp/cc2Rgwo3.s 			page 3


  39              		@ args = 0, pretend = 0, frame = 48
  40              		@ frame_needed = 1, uses_anonymous_args = 0
  41 0000 80B5     		push	{r7, lr}
  42              	.LCFI0:
  43              		.cfi_def_cfa_offset 8
  44              		.cfi_offset 7, -8
  45              		.cfi_offset 14, -4
  46 0002 8CB0     		sub	sp, sp, #48
  47              	.LCFI1:
  48              		.cfi_def_cfa_offset 56
  49 0004 00AF     		add	r7, sp, #0
  50              	.LCFI2:
  51              		.cfi_def_cfa_register 7
  52 0006 7860     		str	r0, [r7, #4]
  80:Src/stm32f4xx_hal_timebase_TIM.c ****   RCC_ClkInitTypeDef    clkconfig;
  81:Src/stm32f4xx_hal_timebase_TIM.c ****   uint32_t              uwTimclock = 0;
  53              		.loc 1 81 0
  54 0008 0023     		movs	r3, #0
  55 000a FB62     		str	r3, [r7, #44]
  82:Src/stm32f4xx_hal_timebase_TIM.c ****   uint32_t              uwPrescalerValue = 0;
  56              		.loc 1 82 0
  57 000c 0023     		movs	r3, #0
  58 000e BB62     		str	r3, [r7, #40]
  83:Src/stm32f4xx_hal_timebase_TIM.c ****   uint32_t              pFLatency;
  84:Src/stm32f4xx_hal_timebase_TIM.c ****   
  85:Src/stm32f4xx_hal_timebase_TIM.c ****   /*Configure the TIM1 IRQ priority */
  86:Src/stm32f4xx_hal_timebase_TIM.c ****   HAL_NVIC_SetPriority(TIM1_UP_TIM10_IRQn, TickPriority ,0); 
  59              		.loc 1 86 0
  60 0010 1920     		movs	r0, #25
  61 0012 7968     		ldr	r1, [r7, #4]
  62 0014 0022     		movs	r2, #0
  63 0016 FFF7FEFF 		bl	HAL_NVIC_SetPriority
  87:Src/stm32f4xx_hal_timebase_TIM.c ****   
  88:Src/stm32f4xx_hal_timebase_TIM.c ****   /* Enable the TIM1 global Interrupt */
  89:Src/stm32f4xx_hal_timebase_TIM.c ****   HAL_NVIC_EnableIRQ(TIM1_UP_TIM10_IRQn); 
  64              		.loc 1 89 0
  65 001a 1920     		movs	r0, #25
  66 001c FFF7FEFF 		bl	HAL_NVIC_EnableIRQ
  67              	.LBB2:
  90:Src/stm32f4xx_hal_timebase_TIM.c ****   
  91:Src/stm32f4xx_hal_timebase_TIM.c ****   /* Enable TIM1 clock */
  92:Src/stm32f4xx_hal_timebase_TIM.c ****   __HAL_RCC_TIM1_CLK_ENABLE();
  68              		.loc 1 92 0
  69 0020 0023     		movs	r3, #0
  70 0022 FB60     		str	r3, [r7, #12]
  71 0024 1E4A     		ldr	r2, .L5
  72 0026 1E4B     		ldr	r3, .L5
  73 0028 5B6C     		ldr	r3, [r3, #68]
  74 002a 43F00103 		orr	r3, r3, #1
  75 002e 5364     		str	r3, [r2, #68]
  76 0030 1B4B     		ldr	r3, .L5
  77 0032 5B6C     		ldr	r3, [r3, #68]
  78 0034 03F00103 		and	r3, r3, #1
  79 0038 FB60     		str	r3, [r7, #12]
  80 003a FB68     		ldr	r3, [r7, #12]
  81              	.LBE2:
  93:Src/stm32f4xx_hal_timebase_TIM.c ****   
ARM GAS  /tmp/cc2Rgwo3.s 			page 4


  94:Src/stm32f4xx_hal_timebase_TIM.c ****   /* Get clock configuration */
  95:Src/stm32f4xx_hal_timebase_TIM.c ****   HAL_RCC_GetClockConfig(&clkconfig, &pFLatency);
  82              		.loc 1 95 0
  83 003c 07F11402 		add	r2, r7, #20
  84 0040 07F11003 		add	r3, r7, #16
  85 0044 1046     		mov	r0, r2
  86 0046 1946     		mov	r1, r3
  87 0048 FFF7FEFF 		bl	HAL_RCC_GetClockConfig
  96:Src/stm32f4xx_hal_timebase_TIM.c ****   
  97:Src/stm32f4xx_hal_timebase_TIM.c ****   /* Compute TIM1 clock */
  98:Src/stm32f4xx_hal_timebase_TIM.c ****   uwTimclock = HAL_RCC_GetPCLK2Freq();
  88              		.loc 1 98 0
  89 004c FFF7FEFF 		bl	HAL_RCC_GetPCLK2Freq
  90 0050 F862     		str	r0, [r7, #44]
  99:Src/stm32f4xx_hal_timebase_TIM.c ****    
 100:Src/stm32f4xx_hal_timebase_TIM.c ****   /* Compute the prescaler value to have TIM1 counter clock equal to 1MHz */
 101:Src/stm32f4xx_hal_timebase_TIM.c ****   uwPrescalerValue = (uint32_t) ((uwTimclock / 1000000) - 1);
  91              		.loc 1 101 0
  92 0052 FB6A     		ldr	r3, [r7, #44]
  93 0054 134A     		ldr	r2, .L5+4
  94 0056 A2FB0323 		umull	r2, r3, r2, r3
  95 005a 9B0C     		lsrs	r3, r3, #18
  96 005c 013B     		subs	r3, r3, #1
  97 005e BB62     		str	r3, [r7, #40]
 102:Src/stm32f4xx_hal_timebase_TIM.c ****   
 103:Src/stm32f4xx_hal_timebase_TIM.c ****   /* Initialize TIM1 */
 104:Src/stm32f4xx_hal_timebase_TIM.c ****   htim1.Instance = TIM1;
  98              		.loc 1 104 0
  99 0060 114B     		ldr	r3, .L5+8
 100 0062 124A     		ldr	r2, .L5+12
 101 0064 1A60     		str	r2, [r3]
 105:Src/stm32f4xx_hal_timebase_TIM.c ****   
 106:Src/stm32f4xx_hal_timebase_TIM.c ****   /* Initialize TIMx peripheral as follow:
 107:Src/stm32f4xx_hal_timebase_TIM.c ****   + Period = [(TIM1CLK/1000) - 1]. to have a (1/1000) s time base.
 108:Src/stm32f4xx_hal_timebase_TIM.c ****   + Prescaler = (uwTimclock/1000000 - 1) to have a 1MHz counter clock.
 109:Src/stm32f4xx_hal_timebase_TIM.c ****   + ClockDivision = 0
 110:Src/stm32f4xx_hal_timebase_TIM.c ****   + Counter direction = Up
 111:Src/stm32f4xx_hal_timebase_TIM.c ****   */
 112:Src/stm32f4xx_hal_timebase_TIM.c ****   htim1.Init.Period = (1000000 / 1000) - 1;
 102              		.loc 1 112 0
 103 0066 104B     		ldr	r3, .L5+8
 104 0068 40F2E732 		movw	r2, #999
 105 006c DA60     		str	r2, [r3, #12]
 113:Src/stm32f4xx_hal_timebase_TIM.c ****   htim1.Init.Prescaler = uwPrescalerValue;
 106              		.loc 1 113 0
 107 006e 0E4A     		ldr	r2, .L5+8
 108 0070 BB6A     		ldr	r3, [r7, #40]
 109 0072 5360     		str	r3, [r2, #4]
 114:Src/stm32f4xx_hal_timebase_TIM.c ****   htim1.Init.ClockDivision = 0;
 110              		.loc 1 114 0
 111 0074 0C4B     		ldr	r3, .L5+8
 112 0076 0022     		movs	r2, #0
 113 0078 1A61     		str	r2, [r3, #16]
 115:Src/stm32f4xx_hal_timebase_TIM.c ****   htim1.Init.CounterMode = TIM_COUNTERMODE_UP;
 114              		.loc 1 115 0
 115 007a 0B4B     		ldr	r3, .L5+8
 116 007c 0022     		movs	r2, #0
ARM GAS  /tmp/cc2Rgwo3.s 			page 5


 117 007e 9A60     		str	r2, [r3, #8]
 116:Src/stm32f4xx_hal_timebase_TIM.c ****   if(HAL_TIM_Base_Init(&htim1) == HAL_OK)
 118              		.loc 1 116 0
 119 0080 0948     		ldr	r0, .L5+8
 120 0082 FFF7FEFF 		bl	HAL_TIM_Base_Init
 121 0086 0346     		mov	r3, r0
 122 0088 002B     		cmp	r3, #0
 123 008a 04D1     		bne	.L2
 117:Src/stm32f4xx_hal_timebase_TIM.c ****   {
 118:Src/stm32f4xx_hal_timebase_TIM.c ****     /* Start the TIM time Base generation in interrupt mode */
 119:Src/stm32f4xx_hal_timebase_TIM.c ****     return HAL_TIM_Base_Start_IT(&htim1);
 124              		.loc 1 119 0
 125 008c 0648     		ldr	r0, .L5+8
 126 008e FFF7FEFF 		bl	HAL_TIM_Base_Start_IT
 127 0092 0346     		mov	r3, r0
 128 0094 00E0     		b	.L4
 129              	.L2:
 120:Src/stm32f4xx_hal_timebase_TIM.c ****   }
 121:Src/stm32f4xx_hal_timebase_TIM.c ****   
 122:Src/stm32f4xx_hal_timebase_TIM.c ****   /* Return function status */
 123:Src/stm32f4xx_hal_timebase_TIM.c ****   return HAL_ERROR;
 130              		.loc 1 123 0
 131 0096 0123     		movs	r3, #1
 132              	.L4:
 124:Src/stm32f4xx_hal_timebase_TIM.c **** }
 133              		.loc 1 124 0 discriminator 1
 134 0098 1846     		mov	r0, r3
 135 009a 3037     		adds	r7, r7, #48
 136              	.LCFI3:
 137              		.cfi_def_cfa_offset 8
 138 009c BD46     		mov	sp, r7
 139              	.LCFI4:
 140              		.cfi_def_cfa_register 13
 141              		@ sp needed
 142 009e 80BD     		pop	{r7, pc}
 143              	.L6:
 144              		.align	2
 145              	.L5:
 146 00a0 00380240 		.word	1073887232
 147 00a4 83DE1B43 		.word	1125899907
 148 00a8 00000000 		.word	htim1
 149 00ac 00000140 		.word	1073807360
 150              		.cfi_endproc
 151              	.LFE123:
 153              		.section	.text.HAL_SuspendTick,"ax",%progbits
 154              		.align	2
 155              		.global	HAL_SuspendTick
 156              		.thumb
 157              		.thumb_func
 159              	HAL_SuspendTick:
 160              	.LFB124:
 125:Src/stm32f4xx_hal_timebase_TIM.c **** 
 126:Src/stm32f4xx_hal_timebase_TIM.c **** /**
 127:Src/stm32f4xx_hal_timebase_TIM.c ****   * @brief  Suspend Tick increment.
 128:Src/stm32f4xx_hal_timebase_TIM.c ****   * @note   Disable the tick increment by disabling TIM1 update interrupt.
 129:Src/stm32f4xx_hal_timebase_TIM.c ****   * @param  None
 130:Src/stm32f4xx_hal_timebase_TIM.c ****   * @retval None
ARM GAS  /tmp/cc2Rgwo3.s 			page 6


 131:Src/stm32f4xx_hal_timebase_TIM.c ****   */
 132:Src/stm32f4xx_hal_timebase_TIM.c **** void HAL_SuspendTick(void)
 133:Src/stm32f4xx_hal_timebase_TIM.c **** {
 161              		.loc 1 133 0
 162              		.cfi_startproc
 163              		@ args = 0, pretend = 0, frame = 0
 164              		@ frame_needed = 1, uses_anonymous_args = 0
 165              		@ link register save eliminated.
 166 0000 80B4     		push	{r7}
 167              	.LCFI5:
 168              		.cfi_def_cfa_offset 4
 169              		.cfi_offset 7, -4
 170 0002 00AF     		add	r7, sp, #0
 171              	.LCFI6:
 172              		.cfi_def_cfa_register 7
 134:Src/stm32f4xx_hal_timebase_TIM.c ****   /* Disable TIM1 update Interrupt */
 135:Src/stm32f4xx_hal_timebase_TIM.c ****   __HAL_TIM_DISABLE_IT(&htim1, TIM_IT_UPDATE);                                                  
 173              		.loc 1 135 0
 174 0004 054B     		ldr	r3, .L8
 175 0006 1B68     		ldr	r3, [r3]
 176 0008 044A     		ldr	r2, .L8
 177 000a 1268     		ldr	r2, [r2]
 178 000c D268     		ldr	r2, [r2, #12]
 179 000e 22F00102 		bic	r2, r2, #1
 180 0012 DA60     		str	r2, [r3, #12]
 136:Src/stm32f4xx_hal_timebase_TIM.c **** }
 181              		.loc 1 136 0
 182 0014 BD46     		mov	sp, r7
 183              	.LCFI7:
 184              		.cfi_def_cfa_register 13
 185              		@ sp needed
 186 0016 5DF8047B 		ldr	r7, [sp], #4
 187              	.LCFI8:
 188              		.cfi_restore 7
 189              		.cfi_def_cfa_offset 0
 190 001a 7047     		bx	lr
 191              	.L9:
 192              		.align	2
 193              	.L8:
 194 001c 00000000 		.word	htim1
 195              		.cfi_endproc
 196              	.LFE124:
 198              		.section	.text.HAL_ResumeTick,"ax",%progbits
 199              		.align	2
 200              		.global	HAL_ResumeTick
 201              		.thumb
 202              		.thumb_func
 204              	HAL_ResumeTick:
 205              	.LFB125:
 137:Src/stm32f4xx_hal_timebase_TIM.c **** 
 138:Src/stm32f4xx_hal_timebase_TIM.c **** /**
 139:Src/stm32f4xx_hal_timebase_TIM.c ****   * @brief  Resume Tick increment.
 140:Src/stm32f4xx_hal_timebase_TIM.c ****   * @note   Enable the tick increment by Enabling TIM1 update interrupt.
 141:Src/stm32f4xx_hal_timebase_TIM.c ****   * @param  None
 142:Src/stm32f4xx_hal_timebase_TIM.c ****   * @retval None
 143:Src/stm32f4xx_hal_timebase_TIM.c ****   */
 144:Src/stm32f4xx_hal_timebase_TIM.c **** void HAL_ResumeTick(void)
ARM GAS  /tmp/cc2Rgwo3.s 			page 7


 145:Src/stm32f4xx_hal_timebase_TIM.c **** {
 206              		.loc 1 145 0
 207              		.cfi_startproc
 208              		@ args = 0, pretend = 0, frame = 0
 209              		@ frame_needed = 1, uses_anonymous_args = 0
 210              		@ link register save eliminated.
 211 0000 80B4     		push	{r7}
 212              	.LCFI9:
 213              		.cfi_def_cfa_offset 4
 214              		.cfi_offset 7, -4
 215 0002 00AF     		add	r7, sp, #0
 216              	.LCFI10:
 217              		.cfi_def_cfa_register 7
 146:Src/stm32f4xx_hal_timebase_TIM.c ****   /* Enable TIM1 Update interrupt */
 147:Src/stm32f4xx_hal_timebase_TIM.c ****   __HAL_TIM_ENABLE_IT(&htim1, TIM_IT_UPDATE);
 218              		.loc 1 147 0
 219 0004 054B     		ldr	r3, .L11
 220 0006 1B68     		ldr	r3, [r3]
 221 0008 044A     		ldr	r2, .L11
 222 000a 1268     		ldr	r2, [r2]
 223 000c D268     		ldr	r2, [r2, #12]
 224 000e 42F00102 		orr	r2, r2, #1
 225 0012 DA60     		str	r2, [r3, #12]
 148:Src/stm32f4xx_hal_timebase_TIM.c **** }
 226              		.loc 1 148 0
 227 0014 BD46     		mov	sp, r7
 228              	.LCFI11:
 229              		.cfi_def_cfa_register 13
 230              		@ sp needed
 231 0016 5DF8047B 		ldr	r7, [sp], #4
 232              	.LCFI12:
 233              		.cfi_restore 7
 234              		.cfi_def_cfa_offset 0
 235 001a 7047     		bx	lr
 236              	.L12:
 237              		.align	2
 238              	.L11:
 239 001c 00000000 		.word	htim1
 240              		.cfi_endproc
 241              	.LFE125:
 243              		.text
 244              	.Letext0:
 245              		.file 2 "/usr/include/newlib/machine/_default_types.h"
 246              		.file 3 "/usr/include/newlib/sys/_stdint.h"
 247              		.file 4 "Drivers/CMSIS/Device/ST/STM32F4xx/Include/stm32f405xx.h"
 248              		.file 5 "Drivers/STM32F4xx_HAL_Driver/Inc/stm32f4xx_hal_def.h"
 249              		.file 6 "Drivers/STM32F4xx_HAL_Driver/Inc/stm32f4xx_hal_rcc.h"
 250              		.file 7 "Drivers/STM32F4xx_HAL_Driver/Inc/stm32f4xx_hal_dma.h"
 251              		.file 8 "Drivers/STM32F4xx_HAL_Driver/Inc/stm32f4xx_hal_tim.h"
 252              		.file 9 "Drivers/CMSIS/Include/core_cm4.h"
ARM GAS  /tmp/cc2Rgwo3.s 			page 8


DEFINED SYMBOLS
                            *ABS*:0000000000000000 stm32f4xx_hal_timebase_TIM.c
                            *COM*:000000000000003c htim1
     /tmp/cc2Rgwo3.s:26     .bss.uwIncrementState:0000000000000000 uwIncrementState
     /tmp/cc2Rgwo3.s:23     .bss.uwIncrementState:0000000000000000 $d
     /tmp/cc2Rgwo3.s:29     .text.HAL_InitTick:0000000000000000 $t
     /tmp/cc2Rgwo3.s:34     .text.HAL_InitTick:0000000000000000 HAL_InitTick
     /tmp/cc2Rgwo3.s:146    .text.HAL_InitTick:00000000000000a0 $d
     /tmp/cc2Rgwo3.s:154    .text.HAL_SuspendTick:0000000000000000 $t
     /tmp/cc2Rgwo3.s:159    .text.HAL_SuspendTick:0000000000000000 HAL_SuspendTick
     /tmp/cc2Rgwo3.s:194    .text.HAL_SuspendTick:000000000000001c $d
     /tmp/cc2Rgwo3.s:199    .text.HAL_ResumeTick:0000000000000000 $t
     /tmp/cc2Rgwo3.s:204    .text.HAL_ResumeTick:0000000000000000 HAL_ResumeTick
     /tmp/cc2Rgwo3.s:239    .text.HAL_ResumeTick:000000000000001c $d
                     .debug_frame:0000000000000010 $d

UNDEFINED SYMBOLS
HAL_NVIC_SetPriority
HAL_NVIC_EnableIRQ
HAL_RCC_GetClockConfig
HAL_RCC_GetPCLK2Freq
HAL_TIM_Base_Init
HAL_TIM_Base_Start_IT
