ARM GAS  /tmp/ccuQ0Gse.s 			page 1


   1              		.syntax unified
   2              		.cpu cortex-m4
   3              		.eabi_attribute 27, 1
   4              		.eabi_attribute 28, 1
   5              		.fpu fpv4-sp-d16
   6              		.eabi_attribute 20, 1
   7              		.eabi_attribute 21, 1
   8              		.eabi_attribute 23, 3
   9              		.eabi_attribute 24, 1
  10              		.eabi_attribute 25, 1
  11              		.eabi_attribute 26, 1
  12              		.eabi_attribute 30, 6
  13              		.eabi_attribute 34, 1
  14              		.eabi_attribute 18, 4
  15              		.thumb
  16              		.file	"stm32f4xx_hal_msp.c"
  17              		.text
  18              	.Ltext0:
  19              		.cfi_sections	.debug_frame
  20              		.section	.text.HAL_MspInit,"ax",%progbits
  21              		.align	2
  22              		.global	HAL_MspInit
  23              		.thumb
  24              		.thumb_func
  26              	HAL_MspInit:
  27              	.LFB123:
  28              		.file 1 "Src/stm32f4xx_hal_msp.c"
   1:Src/stm32f4xx_hal_msp.c **** /**
   2:Src/stm32f4xx_hal_msp.c ****   ******************************************************************************
   3:Src/stm32f4xx_hal_msp.c ****   * File Name          : stm32f4xx_hal_msp.c
   4:Src/stm32f4xx_hal_msp.c ****   * Description        : This file provides code for the MSP Initialization 
   5:Src/stm32f4xx_hal_msp.c ****   *                      and de-Initialization codes.
   6:Src/stm32f4xx_hal_msp.c ****   ******************************************************************************
   7:Src/stm32f4xx_hal_msp.c ****   * This notice applies to any and all portions of this file
   8:Src/stm32f4xx_hal_msp.c ****   * that are not between comment pairs USER CODE BEGIN and
   9:Src/stm32f4xx_hal_msp.c ****   * USER CODE END. Other portions of this file, whether 
  10:Src/stm32f4xx_hal_msp.c ****   * inserted by the user or by software development tools
  11:Src/stm32f4xx_hal_msp.c ****   * are owned by their respective copyright owners.
  12:Src/stm32f4xx_hal_msp.c ****   *
  13:Src/stm32f4xx_hal_msp.c ****   * Copyright (c) 2018 STMicroelectronics International N.V. 
  14:Src/stm32f4xx_hal_msp.c ****   * All rights reserved.
  15:Src/stm32f4xx_hal_msp.c ****   *
  16:Src/stm32f4xx_hal_msp.c ****   * Redistribution and use in source and binary forms, with or without 
  17:Src/stm32f4xx_hal_msp.c ****   * modification, are permitted, provided that the following conditions are met:
  18:Src/stm32f4xx_hal_msp.c ****   *
  19:Src/stm32f4xx_hal_msp.c ****   * 1. Redistribution of source code must retain the above copyright notice, 
  20:Src/stm32f4xx_hal_msp.c ****   *    this list of conditions and the following disclaimer.
  21:Src/stm32f4xx_hal_msp.c ****   * 2. Redistributions in binary form must reproduce the above copyright notice,
  22:Src/stm32f4xx_hal_msp.c ****   *    this list of conditions and the following disclaimer in the documentation
  23:Src/stm32f4xx_hal_msp.c ****   *    and/or other materials provided with the distribution.
  24:Src/stm32f4xx_hal_msp.c ****   * 3. Neither the name of STMicroelectronics nor the names of other 
  25:Src/stm32f4xx_hal_msp.c ****   *    contributors to this software may be used to endorse or promote products 
  26:Src/stm32f4xx_hal_msp.c ****   *    derived from this software without specific written permission.
  27:Src/stm32f4xx_hal_msp.c ****   * 4. This software, including modifications and/or derivative works of this 
  28:Src/stm32f4xx_hal_msp.c ****   *    software, must execute solely and exclusively on microcontroller or
  29:Src/stm32f4xx_hal_msp.c ****   *    microprocessor devices manufactured by or for STMicroelectronics.
  30:Src/stm32f4xx_hal_msp.c ****   * 5. Redistribution and use of this software other than as permitted under 
ARM GAS  /tmp/ccuQ0Gse.s 			page 2


  31:Src/stm32f4xx_hal_msp.c ****   *    this license is void and will automatically terminate your rights under 
  32:Src/stm32f4xx_hal_msp.c ****   *    this license. 
  33:Src/stm32f4xx_hal_msp.c ****   *
  34:Src/stm32f4xx_hal_msp.c ****   * THIS SOFTWARE IS PROVIDED BY STMICROELECTRONICS AND CONTRIBUTORS "AS IS" 
  35:Src/stm32f4xx_hal_msp.c ****   * AND ANY EXPRESS, IMPLIED OR STATUTORY WARRANTIES, INCLUDING, BUT NOT 
  36:Src/stm32f4xx_hal_msp.c ****   * LIMITED TO, THE IMPLIED WARRANTIES OF MERCHANTABILITY, FITNESS FOR A 
  37:Src/stm32f4xx_hal_msp.c ****   * PARTICULAR PURPOSE AND NON-INFRINGEMENT OF THIRD PARTY INTELLECTUAL PROPERTY
  38:Src/stm32f4xx_hal_msp.c ****   * RIGHTS ARE DISCLAIMED TO THE FULLEST EXTENT PERMITTED BY LAW. IN NO EVENT 
  39:Src/stm32f4xx_hal_msp.c ****   * SHALL STMICROELECTRONICS OR CONTRIBUTORS BE LIABLE FOR ANY DIRECT, INDIRECT,
  40:Src/stm32f4xx_hal_msp.c ****   * INCIDENTAL, SPECIAL, EXEMPLARY, OR CONSEQUENTIAL DAMAGES (INCLUDING, BUT NOT
  41:Src/stm32f4xx_hal_msp.c ****   * LIMITED TO, PROCUREMENT OF SUBSTITUTE GOODS OR SERVICES; LOSS OF USE, DATA, 
  42:Src/stm32f4xx_hal_msp.c ****   * OR PROFITS; OR BUSINESS INTERRUPTION) HOWEVER CAUSED AND ON ANY THEORY OF 
  43:Src/stm32f4xx_hal_msp.c ****   * LIABILITY, WHETHER IN CONTRACT, STRICT LIABILITY, OR TORT (INCLUDING 
  44:Src/stm32f4xx_hal_msp.c ****   * NEGLIGENCE OR OTHERWISE) ARISING IN ANY WAY OUT OF THE USE OF THIS SOFTWARE,
  45:Src/stm32f4xx_hal_msp.c ****   * EVEN IF ADVISED OF THE POSSIBILITY OF SUCH DAMAGE.
  46:Src/stm32f4xx_hal_msp.c ****   *
  47:Src/stm32f4xx_hal_msp.c ****   ******************************************************************************
  48:Src/stm32f4xx_hal_msp.c ****   */
  49:Src/stm32f4xx_hal_msp.c **** /* Includes ------------------------------------------------------------------*/
  50:Src/stm32f4xx_hal_msp.c **** #include "stm32f4xx_hal.h"
  51:Src/stm32f4xx_hal_msp.c **** extern void _Error_Handler(char *, int);
  52:Src/stm32f4xx_hal_msp.c **** /* USER CODE BEGIN 0 */
  53:Src/stm32f4xx_hal_msp.c **** 
  54:Src/stm32f4xx_hal_msp.c **** /* USER CODE END 0 */
  55:Src/stm32f4xx_hal_msp.c **** /**
  56:Src/stm32f4xx_hal_msp.c ****   * Initializes the Global MSP.
  57:Src/stm32f4xx_hal_msp.c ****   */
  58:Src/stm32f4xx_hal_msp.c **** void HAL_MspInit(void)
  59:Src/stm32f4xx_hal_msp.c **** {
  29              		.loc 1 59 0
  30              		.cfi_startproc
  31              		@ args = 0, pretend = 0, frame = 8
  32              		@ frame_needed = 1, uses_anonymous_args = 0
  33 0000 80B5     		push	{r7, lr}
  34              	.LCFI0:
  35              		.cfi_def_cfa_offset 8
  36              		.cfi_offset 7, -8
  37              		.cfi_offset 14, -4
  38 0002 82B0     		sub	sp, sp, #8
  39              	.LCFI1:
  40              		.cfi_def_cfa_offset 16
  41 0004 00AF     		add	r7, sp, #0
  42              	.LCFI2:
  43              		.cfi_def_cfa_register 7
  44              	.LBB2:
  60:Src/stm32f4xx_hal_msp.c ****   /* USER CODE BEGIN MspInit 0 */
  61:Src/stm32f4xx_hal_msp.c **** 
  62:Src/stm32f4xx_hal_msp.c ****   /* USER CODE END MspInit 0 */
  63:Src/stm32f4xx_hal_msp.c **** 
  64:Src/stm32f4xx_hal_msp.c ****   __HAL_RCC_SYSCFG_CLK_ENABLE();
  45              		.loc 1 64 0
  46 0006 0023     		movs	r3, #0
  47 0008 7B60     		str	r3, [r7, #4]
  48 000a 254A     		ldr	r2, .L2
  49 000c 244B     		ldr	r3, .L2
  50 000e 5B6C     		ldr	r3, [r3, #68]
  51 0010 43F48043 		orr	r3, r3, #16384
ARM GAS  /tmp/ccuQ0Gse.s 			page 3


  52 0014 5364     		str	r3, [r2, #68]
  53 0016 224B     		ldr	r3, .L2
  54 0018 5B6C     		ldr	r3, [r3, #68]
  55 001a 03F48043 		and	r3, r3, #16384
  56 001e 7B60     		str	r3, [r7, #4]
  57 0020 7B68     		ldr	r3, [r7, #4]
  58              	.LBE2:
  59              	.LBB3:
  65:Src/stm32f4xx_hal_msp.c ****   __HAL_RCC_PWR_CLK_ENABLE();
  60              		.loc 1 65 0
  61 0022 0023     		movs	r3, #0
  62 0024 3B60     		str	r3, [r7]
  63 0026 1E4A     		ldr	r2, .L2
  64 0028 1D4B     		ldr	r3, .L2
  65 002a 1B6C     		ldr	r3, [r3, #64]
  66 002c 43F08053 		orr	r3, r3, #268435456
  67 0030 1364     		str	r3, [r2, #64]
  68 0032 1B4B     		ldr	r3, .L2
  69 0034 1B6C     		ldr	r3, [r3, #64]
  70 0036 03F08053 		and	r3, r3, #268435456
  71 003a 3B60     		str	r3, [r7]
  72 003c 3B68     		ldr	r3, [r7]
  73              	.LBE3:
  66:Src/stm32f4xx_hal_msp.c **** 
  67:Src/stm32f4xx_hal_msp.c ****   HAL_NVIC_SetPriorityGrouping(NVIC_PRIORITYGROUP_4);
  74              		.loc 1 67 0
  75 003e 0320     		movs	r0, #3
  76 0040 FFF7FEFF 		bl	HAL_NVIC_SetPriorityGrouping
  68:Src/stm32f4xx_hal_msp.c **** 
  69:Src/stm32f4xx_hal_msp.c ****   /* System interrupt init*/
  70:Src/stm32f4xx_hal_msp.c ****   /* MemoryManagement_IRQn interrupt configuration */
  71:Src/stm32f4xx_hal_msp.c ****   HAL_NVIC_SetPriority(MemoryManagement_IRQn, 0, 0);
  77              		.loc 1 71 0
  78 0044 6FF00B00 		mvn	r0, #11
  79 0048 0021     		movs	r1, #0
  80 004a 0022     		movs	r2, #0
  81 004c FFF7FEFF 		bl	HAL_NVIC_SetPriority
  72:Src/stm32f4xx_hal_msp.c ****   /* BusFault_IRQn interrupt configuration */
  73:Src/stm32f4xx_hal_msp.c ****   HAL_NVIC_SetPriority(BusFault_IRQn, 0, 0);
  82              		.loc 1 73 0
  83 0050 6FF00A00 		mvn	r0, #10
  84 0054 0021     		movs	r1, #0
  85 0056 0022     		movs	r2, #0
  86 0058 FFF7FEFF 		bl	HAL_NVIC_SetPriority
  74:Src/stm32f4xx_hal_msp.c ****   /* UsageFault_IRQn interrupt configuration */
  75:Src/stm32f4xx_hal_msp.c ****   HAL_NVIC_SetPriority(UsageFault_IRQn, 0, 0);
  87              		.loc 1 75 0
  88 005c 6FF00900 		mvn	r0, #9
  89 0060 0021     		movs	r1, #0
  90 0062 0022     		movs	r2, #0
  91 0064 FFF7FEFF 		bl	HAL_NVIC_SetPriority
  76:Src/stm32f4xx_hal_msp.c ****   /* SVCall_IRQn interrupt configuration */
  77:Src/stm32f4xx_hal_msp.c ****   HAL_NVIC_SetPriority(SVCall_IRQn, 0, 0);
  92              		.loc 1 77 0
  93 0068 6FF00400 		mvn	r0, #4
  94 006c 0021     		movs	r1, #0
  95 006e 0022     		movs	r2, #0
ARM GAS  /tmp/ccuQ0Gse.s 			page 4


  96 0070 FFF7FEFF 		bl	HAL_NVIC_SetPriority
  78:Src/stm32f4xx_hal_msp.c ****   /* DebugMonitor_IRQn interrupt configuration */
  79:Src/stm32f4xx_hal_msp.c ****   HAL_NVIC_SetPriority(DebugMonitor_IRQn, 0, 0);
  97              		.loc 1 79 0
  98 0074 6FF00300 		mvn	r0, #3
  99 0078 0021     		movs	r1, #0
 100 007a 0022     		movs	r2, #0
 101 007c FFF7FEFF 		bl	HAL_NVIC_SetPriority
  80:Src/stm32f4xx_hal_msp.c ****   /* PendSV_IRQn interrupt configuration */
  81:Src/stm32f4xx_hal_msp.c ****   HAL_NVIC_SetPriority(PendSV_IRQn, 15, 0);
 102              		.loc 1 81 0
 103 0080 6FF00100 		mvn	r0, #1
 104 0084 0F21     		movs	r1, #15
 105 0086 0022     		movs	r2, #0
 106 0088 FFF7FEFF 		bl	HAL_NVIC_SetPriority
  82:Src/stm32f4xx_hal_msp.c ****   /* SysTick_IRQn interrupt configuration */
  83:Src/stm32f4xx_hal_msp.c ****   HAL_NVIC_SetPriority(SysTick_IRQn, 15, 0);
 107              		.loc 1 83 0
 108 008c 4FF0FF30 		mov	r0, #-1
 109 0090 0F21     		movs	r1, #15
 110 0092 0022     		movs	r2, #0
 111 0094 FFF7FEFF 		bl	HAL_NVIC_SetPriority
  84:Src/stm32f4xx_hal_msp.c **** 
  85:Src/stm32f4xx_hal_msp.c ****   /* USER CODE BEGIN MspInit 1 */
  86:Src/stm32f4xx_hal_msp.c **** 
  87:Src/stm32f4xx_hal_msp.c ****   /* USER CODE END MspInit 1 */
  88:Src/stm32f4xx_hal_msp.c **** }
 112              		.loc 1 88 0
 113 0098 0837     		adds	r7, r7, #8
 114              	.LCFI3:
 115              		.cfi_def_cfa_offset 8
 116 009a BD46     		mov	sp, r7
 117              	.LCFI4:
 118              		.cfi_def_cfa_register 13
 119              		@ sp needed
 120 009c 80BD     		pop	{r7, pc}
 121              	.L3:
 122 009e 00BF     		.align	2
 123              	.L2:
 124 00a0 00380240 		.word	1073887232
 125              		.cfi_endproc
 126              	.LFE123:
 128              		.section	.text.HAL_CAN_MspInit,"ax",%progbits
 129              		.align	2
 130              		.global	HAL_CAN_MspInit
 131              		.thumb
 132              		.thumb_func
 134              	HAL_CAN_MspInit:
 135              	.LFB124:
  89:Src/stm32f4xx_hal_msp.c **** 
  90:Src/stm32f4xx_hal_msp.c **** void HAL_CAN_MspInit(CAN_HandleTypeDef* hcan)
  91:Src/stm32f4xx_hal_msp.c **** {
 136              		.loc 1 91 0
 137              		.cfi_startproc
 138              		@ args = 0, pretend = 0, frame = 32
 139              		@ frame_needed = 1, uses_anonymous_args = 0
 140 0000 80B5     		push	{r7, lr}
ARM GAS  /tmp/ccuQ0Gse.s 			page 5


 141              	.LCFI5:
 142              		.cfi_def_cfa_offset 8
 143              		.cfi_offset 7, -8
 144              		.cfi_offset 14, -4
 145 0002 88B0     		sub	sp, sp, #32
 146              	.LCFI6:
 147              		.cfi_def_cfa_offset 40
 148 0004 00AF     		add	r7, sp, #0
 149              	.LCFI7:
 150              		.cfi_def_cfa_register 7
 151 0006 7860     		str	r0, [r7, #4]
  92:Src/stm32f4xx_hal_msp.c **** 
  93:Src/stm32f4xx_hal_msp.c ****   GPIO_InitTypeDef GPIO_InitStruct;
  94:Src/stm32f4xx_hal_msp.c ****   if(hcan->Instance==CAN1)
 152              		.loc 1 94 0
 153 0008 7B68     		ldr	r3, [r7, #4]
 154 000a 1B68     		ldr	r3, [r3]
 155 000c 124A     		ldr	r2, .L6
 156 000e 9342     		cmp	r3, r2
 157 0010 1ED1     		bne	.L4
 158              	.LBB4:
  95:Src/stm32f4xx_hal_msp.c ****   {
  96:Src/stm32f4xx_hal_msp.c ****   /* USER CODE BEGIN CAN1_MspInit 0 */
  97:Src/stm32f4xx_hal_msp.c **** 
  98:Src/stm32f4xx_hal_msp.c ****   /* USER CODE END CAN1_MspInit 0 */
  99:Src/stm32f4xx_hal_msp.c ****     /* Peripheral clock enable */
 100:Src/stm32f4xx_hal_msp.c ****     __HAL_RCC_CAN1_CLK_ENABLE();
 159              		.loc 1 100 0
 160 0012 0023     		movs	r3, #0
 161 0014 BB60     		str	r3, [r7, #8]
 162 0016 114A     		ldr	r2, .L6+4
 163 0018 104B     		ldr	r3, .L6+4
 164 001a 1B6C     		ldr	r3, [r3, #64]
 165 001c 43F00073 		orr	r3, r3, #33554432
 166 0020 1364     		str	r3, [r2, #64]
 167 0022 0E4B     		ldr	r3, .L6+4
 168 0024 1B6C     		ldr	r3, [r3, #64]
 169 0026 03F00073 		and	r3, r3, #33554432
 170 002a BB60     		str	r3, [r7, #8]
 171 002c BB68     		ldr	r3, [r7, #8]
 172              	.LBE4:
 101:Src/stm32f4xx_hal_msp.c ****   
 102:Src/stm32f4xx_hal_msp.c ****     /**CAN1 GPIO Configuration    
 103:Src/stm32f4xx_hal_msp.c ****     PB11     ------> CAN1_RX
 104:Src/stm32f4xx_hal_msp.c ****     PB12     ------> CAN1_TX 
 105:Src/stm32f4xx_hal_msp.c ****     */
 106:Src/stm32f4xx_hal_msp.c ****     GPIO_InitStruct.Pin = GPIO_PIN_11|GPIO_PIN_12;
 173              		.loc 1 106 0
 174 002e 4FF4C053 		mov	r3, #6144
 175 0032 FB60     		str	r3, [r7, #12]
 107:Src/stm32f4xx_hal_msp.c ****     GPIO_InitStruct.Mode = GPIO_MODE_AF_PP;
 176              		.loc 1 107 0
 177 0034 0223     		movs	r3, #2
 178 0036 3B61     		str	r3, [r7, #16]
 108:Src/stm32f4xx_hal_msp.c ****     GPIO_InitStruct.Pull = GPIO_NOPULL;
 179              		.loc 1 108 0
 180 0038 0023     		movs	r3, #0
ARM GAS  /tmp/ccuQ0Gse.s 			page 6


 181 003a 7B61     		str	r3, [r7, #20]
 109:Src/stm32f4xx_hal_msp.c ****     GPIO_InitStruct.Speed = GPIO_SPEED_FREQ_VERY_HIGH;
 182              		.loc 1 109 0
 183 003c 0323     		movs	r3, #3
 184 003e BB61     		str	r3, [r7, #24]
 110:Src/stm32f4xx_hal_msp.c ****     GPIO_InitStruct.Alternate = GPIO_AF9_CAN1;
 185              		.loc 1 110 0
 186 0040 0923     		movs	r3, #9
 187 0042 FB61     		str	r3, [r7, #28]
 111:Src/stm32f4xx_hal_msp.c ****     HAL_GPIO_Init(GPIOA, &GPIO_InitStruct);
 188              		.loc 1 111 0
 189 0044 07F10C03 		add	r3, r7, #12
 190 0048 0548     		ldr	r0, .L6+8
 191 004a 1946     		mov	r1, r3
 192 004c FFF7FEFF 		bl	HAL_GPIO_Init
 193              	.L4:
 112:Src/stm32f4xx_hal_msp.c **** 
 113:Src/stm32f4xx_hal_msp.c ****   /* USER CODE BEGIN CAN1_MspInit 1 */
 114:Src/stm32f4xx_hal_msp.c **** 
 115:Src/stm32f4xx_hal_msp.c ****   /* USER CODE END CAN1_MspInit 1 */
 116:Src/stm32f4xx_hal_msp.c ****   }
 117:Src/stm32f4xx_hal_msp.c **** 
 118:Src/stm32f4xx_hal_msp.c **** }
 194              		.loc 1 118 0
 195 0050 2037     		adds	r7, r7, #32
 196              	.LCFI8:
 197              		.cfi_def_cfa_offset 8
 198 0052 BD46     		mov	sp, r7
 199              	.LCFI9:
 200              		.cfi_def_cfa_register 13
 201              		@ sp needed
 202 0054 80BD     		pop	{r7, pc}
 203              	.L7:
 204 0056 00BF     		.align	2
 205              	.L6:
 206 0058 00640040 		.word	1073767424
 207 005c 00380240 		.word	1073887232
 208 0060 00000240 		.word	1073872896
 209              		.cfi_endproc
 210              	.LFE124:
 212              		.section	.text.HAL_CAN_MspDeInit,"ax",%progbits
 213              		.align	2
 214              		.global	HAL_CAN_MspDeInit
 215              		.thumb
 216              		.thumb_func
 218              	HAL_CAN_MspDeInit:
 219              	.LFB125:
 119:Src/stm32f4xx_hal_msp.c **** 
 120:Src/stm32f4xx_hal_msp.c **** void HAL_CAN_MspDeInit(CAN_HandleTypeDef* hcan)
 121:Src/stm32f4xx_hal_msp.c **** {
 220              		.loc 1 121 0
 221              		.cfi_startproc
 222              		@ args = 0, pretend = 0, frame = 8
 223              		@ frame_needed = 1, uses_anonymous_args = 0
 224 0000 80B5     		push	{r7, lr}
 225              	.LCFI10:
 226              		.cfi_def_cfa_offset 8
ARM GAS  /tmp/ccuQ0Gse.s 			page 7


 227              		.cfi_offset 7, -8
 228              		.cfi_offset 14, -4
 229 0002 82B0     		sub	sp, sp, #8
 230              	.LCFI11:
 231              		.cfi_def_cfa_offset 16
 232 0004 00AF     		add	r7, sp, #0
 233              	.LCFI12:
 234              		.cfi_def_cfa_register 7
 235 0006 7860     		str	r0, [r7, #4]
 122:Src/stm32f4xx_hal_msp.c **** 
 123:Src/stm32f4xx_hal_msp.c ****   if(hcan->Instance==CAN1)
 236              		.loc 1 123 0
 237 0008 7B68     		ldr	r3, [r7, #4]
 238 000a 1B68     		ldr	r3, [r3]
 239 000c 084A     		ldr	r2, .L10
 240 000e 9342     		cmp	r3, r2
 241 0010 0AD1     		bne	.L8
 124:Src/stm32f4xx_hal_msp.c ****   {
 125:Src/stm32f4xx_hal_msp.c ****   /* USER CODE BEGIN CAN1_MspDeInit 0 */
 126:Src/stm32f4xx_hal_msp.c **** 
 127:Src/stm32f4xx_hal_msp.c ****   /* USER CODE END CAN1_MspDeInit 0 */
 128:Src/stm32f4xx_hal_msp.c ****     /* Peripheral clock disable */
 129:Src/stm32f4xx_hal_msp.c ****     __HAL_RCC_CAN1_CLK_DISABLE();
 242              		.loc 1 129 0
 243 0012 084A     		ldr	r2, .L10+4
 244 0014 074B     		ldr	r3, .L10+4
 245 0016 1B6C     		ldr	r3, [r3, #64]
 246 0018 23F00073 		bic	r3, r3, #33554432
 247 001c 1364     		str	r3, [r2, #64]
 130:Src/stm32f4xx_hal_msp.c ****   
 131:Src/stm32f4xx_hal_msp.c ****     /**CAN1 GPIO Configuration    
 132:Src/stm32f4xx_hal_msp.c ****     PB8     ------> CAN1_RX
 133:Src/stm32f4xx_hal_msp.c ****     PB9     ------> CAN1_TX 
 134:Src/stm32f4xx_hal_msp.c ****     */
 135:Src/stm32f4xx_hal_msp.c ****     HAL_GPIO_DeInit(GPIOB, GPIO_PIN_8|GPIO_PIN_9);
 248              		.loc 1 135 0
 249 001e 0648     		ldr	r0, .L10+8
 250 0020 4FF44071 		mov	r1, #768
 251 0024 FFF7FEFF 		bl	HAL_GPIO_DeInit
 252              	.L8:
 136:Src/stm32f4xx_hal_msp.c **** 
 137:Src/stm32f4xx_hal_msp.c ****   /* USER CODE BEGIN CAN1_MspDeInit 1 */
 138:Src/stm32f4xx_hal_msp.c **** 
 139:Src/stm32f4xx_hal_msp.c ****   /* USER CODE END CAN1_MspDeInit 1 */
 140:Src/stm32f4xx_hal_msp.c ****   }
 141:Src/stm32f4xx_hal_msp.c **** 
 142:Src/stm32f4xx_hal_msp.c **** }
 253              		.loc 1 142 0
 254 0028 0837     		adds	r7, r7, #8
 255              	.LCFI13:
 256              		.cfi_def_cfa_offset 8
 257 002a BD46     		mov	sp, r7
 258              	.LCFI14:
 259              		.cfi_def_cfa_register 13
 260              		@ sp needed
 261 002c 80BD     		pop	{r7, pc}
 262              	.L11:
ARM GAS  /tmp/ccuQ0Gse.s 			page 8


 263 002e 00BF     		.align	2
 264              	.L10:
 265 0030 00640040 		.word	1073767424
 266 0034 00380240 		.word	1073887232
 267 0038 00040240 		.word	1073873920
 268              		.cfi_endproc
 269              	.LFE125:
 271              		.section	.text.HAL_I2C_MspInit,"ax",%progbits
 272              		.align	2
 273              		.global	HAL_I2C_MspInit
 274              		.thumb
 275              		.thumb_func
 277              	HAL_I2C_MspInit:
 278              	.LFB126:
 143:Src/stm32f4xx_hal_msp.c **** 
 144:Src/stm32f4xx_hal_msp.c **** void HAL_I2C_MspInit(I2C_HandleTypeDef* hi2c)
 145:Src/stm32f4xx_hal_msp.c **** {
 279              		.loc 1 145 0
 280              		.cfi_startproc
 281              		@ args = 0, pretend = 0, frame = 32
 282              		@ frame_needed = 1, uses_anonymous_args = 0
 283 0000 80B5     		push	{r7, lr}
 284              	.LCFI15:
 285              		.cfi_def_cfa_offset 8
 286              		.cfi_offset 7, -8
 287              		.cfi_offset 14, -4
 288 0002 88B0     		sub	sp, sp, #32
 289              	.LCFI16:
 290              		.cfi_def_cfa_offset 40
 291 0004 00AF     		add	r7, sp, #0
 292              	.LCFI17:
 293              		.cfi_def_cfa_register 7
 294 0006 7860     		str	r0, [r7, #4]
 146:Src/stm32f4xx_hal_msp.c **** 
 147:Src/stm32f4xx_hal_msp.c ****   GPIO_InitTypeDef GPIO_InitStruct;
 148:Src/stm32f4xx_hal_msp.c ****   if(hi2c->Instance==I2C2)
 295              		.loc 1 148 0
 296 0008 7B68     		ldr	r3, [r7, #4]
 297 000a 1B68     		ldr	r3, [r3]
 298 000c 124A     		ldr	r2, .L14
 299 000e 9342     		cmp	r3, r2
 300 0010 1ED1     		bne	.L12
 149:Src/stm32f4xx_hal_msp.c ****   {
 150:Src/stm32f4xx_hal_msp.c ****   /* USER CODE BEGIN I2C1_MspInit 0 */
 151:Src/stm32f4xx_hal_msp.c **** 
 152:Src/stm32f4xx_hal_msp.c ****   /* USER CODE END I2C1_MspInit 0 */
 153:Src/stm32f4xx_hal_msp.c ****   
 154:Src/stm32f4xx_hal_msp.c ****     /**I2C1 GPIO Configuration    
 155:Src/stm32f4xx_hal_msp.c ****     PB6     ------> I2C1_SCL
 156:Src/stm32f4xx_hal_msp.c ****     PB7     ------> I2C1_SDA 
 157:Src/stm32f4xx_hal_msp.c ****     */
 158:Src/stm32f4xx_hal_msp.c ****     GPIO_InitStruct.Pin = GPIO_PIN_10|GPIO_PIN_11;
 301              		.loc 1 158 0
 302 0012 4FF44063 		mov	r3, #3072
 303 0016 FB60     		str	r3, [r7, #12]
 159:Src/stm32f4xx_hal_msp.c ****     GPIO_InitStruct.Mode = GPIO_MODE_AF_OD;
 304              		.loc 1 159 0
ARM GAS  /tmp/ccuQ0Gse.s 			page 9


 305 0018 1223     		movs	r3, #18
 306 001a 3B61     		str	r3, [r7, #16]
 160:Src/stm32f4xx_hal_msp.c ****     GPIO_InitStruct.Pull = GPIO_NOPULL;
 307              		.loc 1 160 0
 308 001c 0023     		movs	r3, #0
 309 001e 7B61     		str	r3, [r7, #20]
 161:Src/stm32f4xx_hal_msp.c ****     GPIO_InitStruct.Speed = GPIO_SPEED_FREQ_VERY_HIGH;
 310              		.loc 1 161 0
 311 0020 0323     		movs	r3, #3
 312 0022 BB61     		str	r3, [r7, #24]
 162:Src/stm32f4xx_hal_msp.c ****     GPIO_InitStruct.Alternate = GPIO_AF4_I2C2;
 313              		.loc 1 162 0
 314 0024 0423     		movs	r3, #4
 315 0026 FB61     		str	r3, [r7, #28]
 163:Src/stm32f4xx_hal_msp.c ****     HAL_GPIO_Init(GPIOB, &GPIO_InitStruct);
 316              		.loc 1 163 0
 317 0028 07F10C03 		add	r3, r7, #12
 318 002c 0B48     		ldr	r0, .L14+4
 319 002e 1946     		mov	r1, r3
 320 0030 FFF7FEFF 		bl	HAL_GPIO_Init
 321              	.LBB5:
 164:Src/stm32f4xx_hal_msp.c **** 
 165:Src/stm32f4xx_hal_msp.c ****     /* Peripheral clock enable */
 166:Src/stm32f4xx_hal_msp.c ****     __HAL_RCC_I2C2_CLK_ENABLE();
 322              		.loc 1 166 0
 323 0034 0023     		movs	r3, #0
 324 0036 BB60     		str	r3, [r7, #8]
 325 0038 094A     		ldr	r2, .L14+8
 326 003a 094B     		ldr	r3, .L14+8
 327 003c 1B6C     		ldr	r3, [r3, #64]
 328 003e 43F48003 		orr	r3, r3, #4194304
 329 0042 1364     		str	r3, [r2, #64]
 330 0044 064B     		ldr	r3, .L14+8
 331 0046 1B6C     		ldr	r3, [r3, #64]
 332 0048 03F48003 		and	r3, r3, #4194304
 333 004c BB60     		str	r3, [r7, #8]
 334 004e BB68     		ldr	r3, [r7, #8]
 335              	.L12:
 336              	.LBE5:
 167:Src/stm32f4xx_hal_msp.c ****   /* USER CODE BEGIN I2C1_MspInit 1 */
 168:Src/stm32f4xx_hal_msp.c **** 
 169:Src/stm32f4xx_hal_msp.c ****   /* USER CODE END I2C1_MspInit 1 */
 170:Src/stm32f4xx_hal_msp.c ****   }
 171:Src/stm32f4xx_hal_msp.c **** 
 172:Src/stm32f4xx_hal_msp.c **** }
 337              		.loc 1 172 0
 338 0050 2037     		adds	r7, r7, #32
 339              	.LCFI18:
 340              		.cfi_def_cfa_offset 8
 341 0052 BD46     		mov	sp, r7
 342              	.LCFI19:
 343              		.cfi_def_cfa_register 13
 344              		@ sp needed
 345 0054 80BD     		pop	{r7, pc}
 346              	.L15:
 347 0056 00BF     		.align	2
 348              	.L14:
ARM GAS  /tmp/ccuQ0Gse.s 			page 10


 349 0058 00580040 		.word	1073764352
 350 005c 00040240 		.word	1073873920
 351 0060 00380240 		.word	1073887232
 352              		.cfi_endproc
 353              	.LFE126:
 355              		.section	.text.HAL_I2C_MspDeInit,"ax",%progbits
 356              		.align	2
 357              		.global	HAL_I2C_MspDeInit
 358              		.thumb
 359              		.thumb_func
 361              	HAL_I2C_MspDeInit:
 362              	.LFB127:
 173:Src/stm32f4xx_hal_msp.c **** 
 174:Src/stm32f4xx_hal_msp.c **** void HAL_I2C_MspDeInit(I2C_HandleTypeDef* hi2c)
 175:Src/stm32f4xx_hal_msp.c **** {
 363              		.loc 1 175 0
 364              		.cfi_startproc
 365              		@ args = 0, pretend = 0, frame = 8
 366              		@ frame_needed = 1, uses_anonymous_args = 0
 367 0000 80B5     		push	{r7, lr}
 368              	.LCFI20:
 369              		.cfi_def_cfa_offset 8
 370              		.cfi_offset 7, -8
 371              		.cfi_offset 14, -4
 372 0002 82B0     		sub	sp, sp, #8
 373              	.LCFI21:
 374              		.cfi_def_cfa_offset 16
 375 0004 00AF     		add	r7, sp, #0
 376              	.LCFI22:
 377              		.cfi_def_cfa_register 7
 378 0006 7860     		str	r0, [r7, #4]
 176:Src/stm32f4xx_hal_msp.c **** 
 177:Src/stm32f4xx_hal_msp.c ****   if(hi2c->Instance==I2C1)
 379              		.loc 1 177 0
 380 0008 7B68     		ldr	r3, [r7, #4]
 381 000a 1B68     		ldr	r3, [r3]
 382 000c 074A     		ldr	r2, .L18
 383 000e 9342     		cmp	r3, r2
 384 0010 09D1     		bne	.L16
 178:Src/stm32f4xx_hal_msp.c ****   {
 179:Src/stm32f4xx_hal_msp.c ****   /* USER CODE BEGIN I2C1_MspDeInit 0 */
 180:Src/stm32f4xx_hal_msp.c **** 
 181:Src/stm32f4xx_hal_msp.c ****   /* USER CODE END I2C1_MspDeInit 0 */
 182:Src/stm32f4xx_hal_msp.c ****     /* Peripheral clock disable */
 183:Src/stm32f4xx_hal_msp.c ****     __HAL_RCC_I2C1_CLK_DISABLE();
 385              		.loc 1 183 0
 386 0012 074A     		ldr	r2, .L18+4
 387 0014 064B     		ldr	r3, .L18+4
 388 0016 1B6C     		ldr	r3, [r3, #64]
 389 0018 23F40013 		bic	r3, r3, #2097152
 390 001c 1364     		str	r3, [r2, #64]
 184:Src/stm32f4xx_hal_msp.c ****   
 185:Src/stm32f4xx_hal_msp.c ****     /**I2C1 GPIO Configuration    
 186:Src/stm32f4xx_hal_msp.c ****     PB6     ------> I2C1_SCL
 187:Src/stm32f4xx_hal_msp.c ****     PB7     ------> I2C1_SDA 
 188:Src/stm32f4xx_hal_msp.c ****     */
 189:Src/stm32f4xx_hal_msp.c ****     HAL_GPIO_DeInit(GPIOB, GPIO_PIN_6|GPIO_PIN_7);
ARM GAS  /tmp/ccuQ0Gse.s 			page 11


 391              		.loc 1 189 0
 392 001e 0548     		ldr	r0, .L18+8
 393 0020 C021     		movs	r1, #192
 394 0022 FFF7FEFF 		bl	HAL_GPIO_DeInit
 395              	.L16:
 190:Src/stm32f4xx_hal_msp.c **** 
 191:Src/stm32f4xx_hal_msp.c ****   /* USER CODE BEGIN I2C1_MspDeInit 1 */
 192:Src/stm32f4xx_hal_msp.c **** 
 193:Src/stm32f4xx_hal_msp.c ****   /* USER CODE END I2C1_MspDeInit 1 */
 194:Src/stm32f4xx_hal_msp.c ****   }
 195:Src/stm32f4xx_hal_msp.c **** 
 196:Src/stm32f4xx_hal_msp.c **** }
 396              		.loc 1 196 0
 397 0026 0837     		adds	r7, r7, #8
 398              	.LCFI23:
 399              		.cfi_def_cfa_offset 8
 400 0028 BD46     		mov	sp, r7
 401              	.LCFI24:
 402              		.cfi_def_cfa_register 13
 403              		@ sp needed
 404 002a 80BD     		pop	{r7, pc}
 405              	.L19:
 406              		.align	2
 407              	.L18:
 408 002c 00540040 		.word	1073763328
 409 0030 00380240 		.word	1073887232
 410 0034 00040240 		.word	1073873920
 411              		.cfi_endproc
 412              	.LFE127:
 414              		.section	.text.HAL_SPI_MspInit,"ax",%progbits
 415              		.align	2
 416              		.global	HAL_SPI_MspInit
 417              		.thumb
 418              		.thumb_func
 420              	HAL_SPI_MspInit:
 421              	.LFB128:
 197:Src/stm32f4xx_hal_msp.c **** 
 198:Src/stm32f4xx_hal_msp.c **** void HAL_SPI_MspInit(SPI_HandleTypeDef* hspi)
 199:Src/stm32f4xx_hal_msp.c **** {
 422              		.loc 1 199 0
 423              		.cfi_startproc
 424              		@ args = 0, pretend = 0, frame = 40
 425              		@ frame_needed = 1, uses_anonymous_args = 0
 426 0000 80B5     		push	{r7, lr}
 427              	.LCFI25:
 428              		.cfi_def_cfa_offset 8
 429              		.cfi_offset 7, -8
 430              		.cfi_offset 14, -4
 431 0002 8AB0     		sub	sp, sp, #40
 432              	.LCFI26:
 433              		.cfi_def_cfa_offset 48
 434 0004 00AF     		add	r7, sp, #0
 435              	.LCFI27:
 436              		.cfi_def_cfa_register 7
 437 0006 7860     		str	r0, [r7, #4]
 200:Src/stm32f4xx_hal_msp.c ****   //IMPORTANT
 201:Src/stm32f4xx_hal_msp.c ****   //SPIA corresponds to SPI3, SPIB corresponds to SPI2
ARM GAS  /tmp/ccuQ0Gse.s 			page 12


 202:Src/stm32f4xx_hal_msp.c **** 
 203:Src/stm32f4xx_hal_msp.c ****   /**SPI2 GPIO Configuration    
 204:Src/stm32f4xx_hal_msp.c ****     PC10     ------> SPI2_SCK
 205:Src/stm32f4xx_hal_msp.c ****     PC11     ------> SPI2_MISO
 206:Src/stm32f4xx_hal_msp.c ****     PC12     ------> SPI2_MOSI 
 207:Src/stm32f4xx_hal_msp.c ****     PC7      ------> SPI3_CS3A 
 208:Src/stm32f4xx_hal_msp.c ****     PC6      ------> SPI3_CS3B 
 209:Src/stm32f4xx_hal_msp.c ****     PC9      ------> SPI3_CS4A 
 210:Src/stm32f4xx_hal_msp.c ****     PC8      ------> SPI3_CS4B
 211:Src/stm32f4xx_hal_msp.c ****   */
 212:Src/stm32f4xx_hal_msp.c **** 
 213:Src/stm32f4xx_hal_msp.c ****   /**SPI3 GPIO Configuration    
 214:Src/stm32f4xx_hal_msp.c ****     PB13     ------> SPI3_SCK
 215:Src/stm32f4xx_hal_msp.c ****     PB14     ------> SPI3_MISO
 216:Src/stm32f4xx_hal_msp.c ****     PB15     ------> SPI3_MOSI 
 217:Src/stm32f4xx_hal_msp.c ****     PA4      ------> SPI2_CS1A
 218:Src/stm32f4xx_hal_msp.c ****     PA3      ------> SPI2_CS1B
 219:Src/stm32f4xx_hal_msp.c ****     PB1      ------> SPI2_CS2A 
 220:Src/stm32f4xx_hal_msp.c ****     PA2      ------> SPI2_CS2B
 221:Src/stm32f4xx_hal_msp.c **** 
 222:Src/stm32f4xx_hal_msp.c ****   */
 223:Src/stm32f4xx_hal_msp.c **** 
 224:Src/stm32f4xx_hal_msp.c ****   GPIO_InitTypeDef GPIO_InitStruct;
 225:Src/stm32f4xx_hal_msp.c ****   if(hspi->Instance==SPI3)
 438              		.loc 1 225 0
 439 0008 7B68     		ldr	r3, [r7, #4]
 440 000a 1B68     		ldr	r3, [r3]
 441 000c 564A     		ldr	r2, .L23
 442 000e 9342     		cmp	r3, r2
 443 0010 58D1     		bne	.L21
 444              	.LBB6:
 226:Src/stm32f4xx_hal_msp.c ****   {
 227:Src/stm32f4xx_hal_msp.c ****     /* Peripheral clock enable */
 228:Src/stm32f4xx_hal_msp.c ****     __HAL_RCC_SPI3_CLK_ENABLE();
 445              		.loc 1 228 0
 446 0012 0023     		movs	r3, #0
 447 0014 3B61     		str	r3, [r7, #16]
 448 0016 554A     		ldr	r2, .L23+4
 449 0018 544B     		ldr	r3, .L23+4
 450 001a 1B6C     		ldr	r3, [r3, #64]
 451 001c 43F40043 		orr	r3, r3, #32768
 452 0020 1364     		str	r3, [r2, #64]
 453 0022 524B     		ldr	r3, .L23+4
 454 0024 1B6C     		ldr	r3, [r3, #64]
 455 0026 03F40043 		and	r3, r3, #32768
 456 002a 3B61     		str	r3, [r7, #16]
 457 002c 3B69     		ldr	r3, [r7, #16]
 458              	.LBE6:
 229:Src/stm32f4xx_hal_msp.c ****   
 230:Src/stm32f4xx_hal_msp.c ****     GPIO_InitStruct.Pin = GPIO_PIN_10|GPIO_PIN_11|GPIO_PIN_12;
 459              		.loc 1 230 0
 460 002e 4FF4E053 		mov	r3, #7168
 461 0032 7B61     		str	r3, [r7, #20]
 231:Src/stm32f4xx_hal_msp.c ****     GPIO_InitStruct.Mode = GPIO_MODE_AF_PP;
 462              		.loc 1 231 0
 463 0034 0223     		movs	r3, #2
 464 0036 BB61     		str	r3, [r7, #24]
ARM GAS  /tmp/ccuQ0Gse.s 			page 13


 232:Src/stm32f4xx_hal_msp.c ****     GPIO_InitStruct.Pull = GPIO_PULLUP;
 465              		.loc 1 232 0
 466 0038 0123     		movs	r3, #1
 467 003a FB61     		str	r3, [r7, #28]
 233:Src/stm32f4xx_hal_msp.c ****     GPIO_InitStruct.Speed = GPIO_SPEED_FREQ_LOW;
 468              		.loc 1 233 0
 469 003c 0023     		movs	r3, #0
 470 003e 3B62     		str	r3, [r7, #32]
 234:Src/stm32f4xx_hal_msp.c ****     GPIO_InitStruct.Alternate = GPIO_AF6_SPI3;
 471              		.loc 1 234 0
 472 0040 0623     		movs	r3, #6
 473 0042 7B62     		str	r3, [r7, #36]
 235:Src/stm32f4xx_hal_msp.c ****     HAL_GPIO_Init(GPIOC, &GPIO_InitStruct);
 474              		.loc 1 235 0
 475 0044 07F11403 		add	r3, r7, #20
 476 0048 4948     		ldr	r0, .L23+8
 477 004a 1946     		mov	r1, r3
 478 004c FFF7FEFF 		bl	HAL_GPIO_Init
 236:Src/stm32f4xx_hal_msp.c **** 
 237:Src/stm32f4xx_hal_msp.c ****     //CS1A
 238:Src/stm32f4xx_hal_msp.c ****     GPIO_InitStruct.Pin = GPIO_PIN_4;
 479              		.loc 1 238 0
 480 0050 1023     		movs	r3, #16
 481 0052 7B61     		str	r3, [r7, #20]
 239:Src/stm32f4xx_hal_msp.c ****     GPIO_InitStruct.Mode = GPIO_MODE_OUTPUT_PP;
 482              		.loc 1 239 0
 483 0054 0123     		movs	r3, #1
 484 0056 BB61     		str	r3, [r7, #24]
 240:Src/stm32f4xx_hal_msp.c ****     GPIO_InitStruct.Pull = GPIO_NOPULL;
 485              		.loc 1 240 0
 486 0058 0023     		movs	r3, #0
 487 005a FB61     		str	r3, [r7, #28]
 241:Src/stm32f4xx_hal_msp.c ****     GPIO_InitStruct.Speed = GPIO_SPEED_FREQ_LOW;
 488              		.loc 1 241 0
 489 005c 0023     		movs	r3, #0
 490 005e 3B62     		str	r3, [r7, #32]
 242:Src/stm32f4xx_hal_msp.c ****     HAL_GPIO_Init(GPIOA, &GPIO_InitStruct);
 491              		.loc 1 242 0
 492 0060 07F11403 		add	r3, r7, #20
 493 0064 4348     		ldr	r0, .L23+12
 494 0066 1946     		mov	r1, r3
 495 0068 FFF7FEFF 		bl	HAL_GPIO_Init
 243:Src/stm32f4xx_hal_msp.c ****     HAL_GPIO_WritePin(GPIOA, GPIO_PIN_4, GPIO_PIN_SET);
 496              		.loc 1 243 0
 497 006c 4148     		ldr	r0, .L23+12
 498 006e 1021     		movs	r1, #16
 499 0070 0122     		movs	r2, #1
 500 0072 FFF7FEFF 		bl	HAL_GPIO_WritePin
 244:Src/stm32f4xx_hal_msp.c **** 
 245:Src/stm32f4xx_hal_msp.c ****     //CS2A
 246:Src/stm32f4xx_hal_msp.c ****     GPIO_InitStruct.Pin = GPIO_PIN_1;
 501              		.loc 1 246 0
 502 0076 0223     		movs	r3, #2
 503 0078 7B61     		str	r3, [r7, #20]
 247:Src/stm32f4xx_hal_msp.c ****     GPIO_InitStruct.Mode = GPIO_MODE_OUTPUT_PP;
 504              		.loc 1 247 0
 505 007a 0123     		movs	r3, #1
ARM GAS  /tmp/ccuQ0Gse.s 			page 14


 506 007c BB61     		str	r3, [r7, #24]
 248:Src/stm32f4xx_hal_msp.c ****     GPIO_InitStruct.Pull = GPIO_NOPULL;
 507              		.loc 1 248 0
 508 007e 0023     		movs	r3, #0
 509 0080 FB61     		str	r3, [r7, #28]
 249:Src/stm32f4xx_hal_msp.c ****     GPIO_InitStruct.Speed = GPIO_SPEED_FREQ_LOW;
 510              		.loc 1 249 0
 511 0082 0023     		movs	r3, #0
 512 0084 3B62     		str	r3, [r7, #32]
 250:Src/stm32f4xx_hal_msp.c ****     HAL_GPIO_Init(GPIOB, &GPIO_InitStruct);
 513              		.loc 1 250 0
 514 0086 07F11403 		add	r3, r7, #20
 515 008a 3B48     		ldr	r0, .L23+16
 516 008c 1946     		mov	r1, r3
 517 008e FFF7FEFF 		bl	HAL_GPIO_Init
 251:Src/stm32f4xx_hal_msp.c ****     HAL_GPIO_WritePin(GPIOB, GPIO_PIN_1, GPIO_PIN_SET);
 518              		.loc 1 251 0
 519 0092 3948     		ldr	r0, .L23+16
 520 0094 0221     		movs	r1, #2
 521 0096 0122     		movs	r2, #1
 522 0098 FFF7FEFF 		bl	HAL_GPIO_WritePin
 252:Src/stm32f4xx_hal_msp.c **** 
 253:Src/stm32f4xx_hal_msp.c ****     //CS1B and CS2B
 254:Src/stm32f4xx_hal_msp.c ****     GPIO_InitStruct.Pin = GPIO_PIN_3 | GPIO_PIN_2;
 523              		.loc 1 254 0
 524 009c 0C23     		movs	r3, #12
 525 009e 7B61     		str	r3, [r7, #20]
 255:Src/stm32f4xx_hal_msp.c ****     GPIO_InitStruct.Mode = GPIO_MODE_OUTPUT_PP;
 526              		.loc 1 255 0
 527 00a0 0123     		movs	r3, #1
 528 00a2 BB61     		str	r3, [r7, #24]
 256:Src/stm32f4xx_hal_msp.c ****     GPIO_InitStruct.Pull = GPIO_NOPULL;
 529              		.loc 1 256 0
 530 00a4 0023     		movs	r3, #0
 531 00a6 FB61     		str	r3, [r7, #28]
 257:Src/stm32f4xx_hal_msp.c ****     GPIO_InitStruct.Speed = GPIO_SPEED_FREQ_LOW;
 532              		.loc 1 257 0
 533 00a8 0023     		movs	r3, #0
 534 00aa 3B62     		str	r3, [r7, #32]
 258:Src/stm32f4xx_hal_msp.c ****     HAL_GPIO_Init(GPIOA, &GPIO_InitStruct);
 535              		.loc 1 258 0
 536 00ac 07F11403 		add	r3, r7, #20
 537 00b0 3048     		ldr	r0, .L23+12
 538 00b2 1946     		mov	r1, r3
 539 00b4 FFF7FEFF 		bl	HAL_GPIO_Init
 259:Src/stm32f4xx_hal_msp.c ****     HAL_GPIO_WritePin(GPIOA, GPIO_PIN_3|GPIO_PIN_2, GPIO_PIN_SET);
 540              		.loc 1 259 0
 541 00b8 2E48     		ldr	r0, .L23+12
 542 00ba 0C21     		movs	r1, #12
 543 00bc 0122     		movs	r2, #1
 544 00be FFF7FEFF 		bl	HAL_GPIO_WritePin
 545 00c2 4DE0     		b	.L20
 546              	.L21:
 260:Src/stm32f4xx_hal_msp.c **** 
 261:Src/stm32f4xx_hal_msp.c ****   }
 262:Src/stm32f4xx_hal_msp.c ****   else if (hspi->Instance==SPI2) {
 547              		.loc 1 262 0
ARM GAS  /tmp/ccuQ0Gse.s 			page 15


 548 00c4 7B68     		ldr	r3, [r7, #4]
 549 00c6 1B68     		ldr	r3, [r3]
 550 00c8 2C4A     		ldr	r2, .L23+20
 551 00ca 9342     		cmp	r3, r2
 552 00cc 48D1     		bne	.L20
 553              	.LBB7:
 263:Src/stm32f4xx_hal_msp.c ****     __HAL_RCC_SPI2_CLK_ENABLE();
 554              		.loc 1 263 0
 555 00ce 0023     		movs	r3, #0
 556 00d0 FB60     		str	r3, [r7, #12]
 557 00d2 264A     		ldr	r2, .L23+4
 558 00d4 254B     		ldr	r3, .L23+4
 559 00d6 1B6C     		ldr	r3, [r3, #64]
 560 00d8 43F48043 		orr	r3, r3, #16384
 561 00dc 1364     		str	r3, [r2, #64]
 562 00de 234B     		ldr	r3, .L23+4
 563 00e0 1B6C     		ldr	r3, [r3, #64]
 564 00e2 03F48043 		and	r3, r3, #16384
 565 00e6 FB60     		str	r3, [r7, #12]
 566 00e8 FB68     		ldr	r3, [r7, #12]
 567              	.LBE7:
 264:Src/stm32f4xx_hal_msp.c **** 
 265:Src/stm32f4xx_hal_msp.c ****     GPIO_InitStruct.Pin = GPIO_PIN_13|GPIO_PIN_14|GPIO_PIN_15;
 568              		.loc 1 265 0
 569 00ea 4FF46043 		mov	r3, #57344
 570 00ee 7B61     		str	r3, [r7, #20]
 266:Src/stm32f4xx_hal_msp.c ****     GPIO_InitStruct.Mode = GPIO_MODE_AF_PP;
 571              		.loc 1 266 0
 572 00f0 0223     		movs	r3, #2
 573 00f2 BB61     		str	r3, [r7, #24]
 267:Src/stm32f4xx_hal_msp.c ****     GPIO_InitStruct.Pull = GPIO_PULLUP;
 574              		.loc 1 267 0
 575 00f4 0123     		movs	r3, #1
 576 00f6 FB61     		str	r3, [r7, #28]
 268:Src/stm32f4xx_hal_msp.c ****     GPIO_InitStruct.Speed = GPIO_SPEED_FREQ_LOW;
 577              		.loc 1 268 0
 578 00f8 0023     		movs	r3, #0
 579 00fa 3B62     		str	r3, [r7, #32]
 269:Src/stm32f4xx_hal_msp.c ****     GPIO_InitStruct.Alternate = GPIO_AF5_SPI2;
 580              		.loc 1 269 0
 581 00fc 0523     		movs	r3, #5
 582 00fe 7B62     		str	r3, [r7, #36]
 270:Src/stm32f4xx_hal_msp.c ****     HAL_GPIO_Init(GPIOB, &GPIO_InitStruct);
 583              		.loc 1 270 0
 584 0100 07F11403 		add	r3, r7, #20
 585 0104 1C48     		ldr	r0, .L23+16
 586 0106 1946     		mov	r1, r3
 587 0108 FFF7FEFF 		bl	HAL_GPIO_Init
 271:Src/stm32f4xx_hal_msp.c **** 
 272:Src/stm32f4xx_hal_msp.c ****     //CS3A and CS4A
 273:Src/stm32f4xx_hal_msp.c ****     GPIO_InitStruct.Pin = GPIO_PIN_7|GPIO_PIN_9;
 588              		.loc 1 273 0
 589 010c 4FF42073 		mov	r3, #640
 590 0110 7B61     		str	r3, [r7, #20]
 274:Src/stm32f4xx_hal_msp.c ****     GPIO_InitStruct.Mode = GPIO_MODE_OUTPUT_PP;
 591              		.loc 1 274 0
 592 0112 0123     		movs	r3, #1
ARM GAS  /tmp/ccuQ0Gse.s 			page 16


 593 0114 BB61     		str	r3, [r7, #24]
 275:Src/stm32f4xx_hal_msp.c ****     GPIO_InitStruct.Pull = GPIO_NOPULL;
 594              		.loc 1 275 0
 595 0116 0023     		movs	r3, #0
 596 0118 FB61     		str	r3, [r7, #28]
 276:Src/stm32f4xx_hal_msp.c ****     GPIO_InitStruct.Speed = GPIO_SPEED_FREQ_LOW;
 597              		.loc 1 276 0
 598 011a 0023     		movs	r3, #0
 599 011c 3B62     		str	r3, [r7, #32]
 277:Src/stm32f4xx_hal_msp.c ****     HAL_GPIO_Init(GPIOC, &GPIO_InitStruct);
 600              		.loc 1 277 0
 601 011e 07F11403 		add	r3, r7, #20
 602 0122 1348     		ldr	r0, .L23+8
 603 0124 1946     		mov	r1, r3
 604 0126 FFF7FEFF 		bl	HAL_GPIO_Init
 278:Src/stm32f4xx_hal_msp.c ****     HAL_GPIO_WritePin(GPIOC, GPIO_PIN_7|GPIO_PIN_9, GPIO_PIN_SET);
 605              		.loc 1 278 0
 606 012a 1148     		ldr	r0, .L23+8
 607 012c 4FF42071 		mov	r1, #640
 608 0130 0122     		movs	r2, #1
 609 0132 FFF7FEFF 		bl	HAL_GPIO_WritePin
 279:Src/stm32f4xx_hal_msp.c **** 
 280:Src/stm32f4xx_hal_msp.c ****     //CS3B and CS4B
 281:Src/stm32f4xx_hal_msp.c ****     GPIO_InitStruct.Pin = GPIO_PIN_6|GPIO_PIN_8;
 610              		.loc 1 281 0
 611 0136 4FF4A073 		mov	r3, #320
 612 013a 7B61     		str	r3, [r7, #20]
 282:Src/stm32f4xx_hal_msp.c ****     GPIO_InitStruct.Mode = GPIO_MODE_OUTPUT_PP;
 613              		.loc 1 282 0
 614 013c 0123     		movs	r3, #1
 615 013e BB61     		str	r3, [r7, #24]
 283:Src/stm32f4xx_hal_msp.c ****     GPIO_InitStruct.Pull = GPIO_NOPULL;
 616              		.loc 1 283 0
 617 0140 0023     		movs	r3, #0
 618 0142 FB61     		str	r3, [r7, #28]
 284:Src/stm32f4xx_hal_msp.c ****     GPIO_InitStruct.Speed = GPIO_SPEED_FREQ_LOW;
 619              		.loc 1 284 0
 620 0144 0023     		movs	r3, #0
 621 0146 3B62     		str	r3, [r7, #32]
 285:Src/stm32f4xx_hal_msp.c ****     HAL_GPIO_Init(GPIOC, &GPIO_InitStruct);
 622              		.loc 1 285 0
 623 0148 07F11403 		add	r3, r7, #20
 624 014c 0848     		ldr	r0, .L23+8
 625 014e 1946     		mov	r1, r3
 626 0150 FFF7FEFF 		bl	HAL_GPIO_Init
 286:Src/stm32f4xx_hal_msp.c ****     HAL_GPIO_WritePin(GPIOC, GPIO_PIN_6|GPIO_PIN_8, GPIO_PIN_SET);
 627              		.loc 1 286 0
 628 0154 0648     		ldr	r0, .L23+8
 629 0156 4FF4A071 		mov	r1, #320
 630 015a 0122     		movs	r2, #1
 631 015c FFF7FEFF 		bl	HAL_GPIO_WritePin
 632              	.L20:
 287:Src/stm32f4xx_hal_msp.c ****   }
 288:Src/stm32f4xx_hal_msp.c **** 
 289:Src/stm32f4xx_hal_msp.c **** }
 633              		.loc 1 289 0
 634 0160 2837     		adds	r7, r7, #40
ARM GAS  /tmp/ccuQ0Gse.s 			page 17


 635              	.LCFI28:
 636              		.cfi_def_cfa_offset 8
 637 0162 BD46     		mov	sp, r7
 638              	.LCFI29:
 639              		.cfi_def_cfa_register 13
 640              		@ sp needed
 641 0164 80BD     		pop	{r7, pc}
 642              	.L24:
 643 0166 00BF     		.align	2
 644              	.L23:
 645 0168 003C0040 		.word	1073757184
 646 016c 00380240 		.word	1073887232
 647 0170 00080240 		.word	1073874944
 648 0174 00000240 		.word	1073872896
 649 0178 00040240 		.word	1073873920
 650 017c 00380040 		.word	1073756160
 651              		.cfi_endproc
 652              	.LFE128:
 654              		.section	.text.HAL_SPI_MspDeInit,"ax",%progbits
 655              		.align	2
 656              		.global	HAL_SPI_MspDeInit
 657              		.thumb
 658              		.thumb_func
 660              	HAL_SPI_MspDeInit:
 661              	.LFB129:
 290:Src/stm32f4xx_hal_msp.c **** 
 291:Src/stm32f4xx_hal_msp.c **** void HAL_SPI_MspDeInit(SPI_HandleTypeDef* hspi)
 292:Src/stm32f4xx_hal_msp.c **** {
 662              		.loc 1 292 0
 663              		.cfi_startproc
 664              		@ args = 0, pretend = 0, frame = 8
 665              		@ frame_needed = 1, uses_anonymous_args = 0
 666 0000 80B5     		push	{r7, lr}
 667              	.LCFI30:
 668              		.cfi_def_cfa_offset 8
 669              		.cfi_offset 7, -8
 670              		.cfi_offset 14, -4
 671 0002 82B0     		sub	sp, sp, #8
 672              	.LCFI31:
 673              		.cfi_def_cfa_offset 16
 674 0004 00AF     		add	r7, sp, #0
 675              	.LCFI32:
 676              		.cfi_def_cfa_register 7
 677 0006 7860     		str	r0, [r7, #4]
 293:Src/stm32f4xx_hal_msp.c **** 
 294:Src/stm32f4xx_hal_msp.c ****   if(hspi->Instance==SPI1)
 678              		.loc 1 294 0
 679 0008 7B68     		ldr	r3, [r7, #4]
 680 000a 1B68     		ldr	r3, [r3]
 681 000c 074A     		ldr	r2, .L27
 682 000e 9342     		cmp	r3, r2
 683 0010 09D1     		bne	.L25
 295:Src/stm32f4xx_hal_msp.c ****   {
 296:Src/stm32f4xx_hal_msp.c ****   /* USER CODE BEGIN SPI1_MspDeInit 0 */
 297:Src/stm32f4xx_hal_msp.c **** 
 298:Src/stm32f4xx_hal_msp.c ****   /* USER CODE END SPI1_MspDeInit 0 */
 299:Src/stm32f4xx_hal_msp.c ****     /* Peripheral clock disable */
ARM GAS  /tmp/ccuQ0Gse.s 			page 18


 300:Src/stm32f4xx_hal_msp.c ****     __HAL_RCC_SPI1_CLK_DISABLE();
 684              		.loc 1 300 0
 685 0012 074A     		ldr	r2, .L27+4
 686 0014 064B     		ldr	r3, .L27+4
 687 0016 5B6C     		ldr	r3, [r3, #68]
 688 0018 23F48053 		bic	r3, r3, #4096
 689 001c 5364     		str	r3, [r2, #68]
 301:Src/stm32f4xx_hal_msp.c ****   
 302:Src/stm32f4xx_hal_msp.c ****     /**SPI1 GPIO Configuration    
 303:Src/stm32f4xx_hal_msp.c ****     PA5     ------> SPI1_SCK
 304:Src/stm32f4xx_hal_msp.c ****     PA6     ------> SPI1_MISO
 305:Src/stm32f4xx_hal_msp.c ****     PA7     ------> SPI1_MOSI 
 306:Src/stm32f4xx_hal_msp.c ****     */
 307:Src/stm32f4xx_hal_msp.c ****     HAL_GPIO_DeInit(GPIOA, GPIO_PIN_5|GPIO_PIN_6|GPIO_PIN_7);
 690              		.loc 1 307 0
 691 001e 0548     		ldr	r0, .L27+8
 692 0020 E021     		movs	r1, #224
 693 0022 FFF7FEFF 		bl	HAL_GPIO_DeInit
 694              	.L25:
 308:Src/stm32f4xx_hal_msp.c **** 
 309:Src/stm32f4xx_hal_msp.c ****   /* USER CODE BEGIN SPI1_MspDeInit 1 */
 310:Src/stm32f4xx_hal_msp.c **** 
 311:Src/stm32f4xx_hal_msp.c ****   /* USER CODE END SPI1_MspDeInit 1 */
 312:Src/stm32f4xx_hal_msp.c ****   }
 313:Src/stm32f4xx_hal_msp.c **** 
 314:Src/stm32f4xx_hal_msp.c **** }
 695              		.loc 1 314 0
 696 0026 0837     		adds	r7, r7, #8
 697              	.LCFI33:
 698              		.cfi_def_cfa_offset 8
 699 0028 BD46     		mov	sp, r7
 700              	.LCFI34:
 701              		.cfi_def_cfa_register 13
 702              		@ sp needed
 703 002a 80BD     		pop	{r7, pc}
 704              	.L28:
 705              		.align	2
 706              	.L27:
 707 002c 00300140 		.word	1073819648
 708 0030 00380240 		.word	1073887232
 709 0034 00000240 		.word	1073872896
 710              		.cfi_endproc
 711              	.LFE129:
 713              		.section	.text.HAL_UART_MspInit,"ax",%progbits
 714              		.align	2
 715              		.global	HAL_UART_MspInit
 716              		.thumb
 717              		.thumb_func
 719              	HAL_UART_MspInit:
 720              	.LFB130:
 315:Src/stm32f4xx_hal_msp.c **** 
 316:Src/stm32f4xx_hal_msp.c **** void HAL_UART_MspInit(UART_HandleTypeDef* huart)
 317:Src/stm32f4xx_hal_msp.c **** {
 721              		.loc 1 317 0
 722              		.cfi_startproc
 723              		@ args = 0, pretend = 0, frame = 32
 724              		@ frame_needed = 1, uses_anonymous_args = 0
ARM GAS  /tmp/ccuQ0Gse.s 			page 19


 725 0000 80B5     		push	{r7, lr}
 726              	.LCFI35:
 727              		.cfi_def_cfa_offset 8
 728              		.cfi_offset 7, -8
 729              		.cfi_offset 14, -4
 730 0002 88B0     		sub	sp, sp, #32
 731              	.LCFI36:
 732              		.cfi_def_cfa_offset 40
 733 0004 00AF     		add	r7, sp, #0
 734              	.LCFI37:
 735              		.cfi_def_cfa_register 7
 736 0006 7860     		str	r0, [r7, #4]
 318:Src/stm32f4xx_hal_msp.c **** 
 319:Src/stm32f4xx_hal_msp.c ****   GPIO_InitTypeDef GPIO_InitStruct;
 320:Src/stm32f4xx_hal_msp.c ****   if(huart->Instance==UART4)
 737              		.loc 1 320 0
 738 0008 7B68     		ldr	r3, [r7, #4]
 739 000a 1B68     		ldr	r3, [r3]
 740 000c 124A     		ldr	r2, .L31
 741 000e 9342     		cmp	r3, r2
 742 0010 1ED1     		bne	.L29
 743              	.LBB8:
 321:Src/stm32f4xx_hal_msp.c ****   {
 322:Src/stm32f4xx_hal_msp.c ****   /* USER CODE BEGIN UART4_MspInit 0 */
 323:Src/stm32f4xx_hal_msp.c **** 
 324:Src/stm32f4xx_hal_msp.c ****   /* USER CODE END UART4_MspInit 0 */
 325:Src/stm32f4xx_hal_msp.c ****     /* Peripheral clock enable */
 326:Src/stm32f4xx_hal_msp.c ****     __HAL_RCC_UART4_CLK_ENABLE();
 744              		.loc 1 326 0
 745 0012 0023     		movs	r3, #0
 746 0014 BB60     		str	r3, [r7, #8]
 747 0016 114A     		ldr	r2, .L31+4
 748 0018 104B     		ldr	r3, .L31+4
 749 001a 1B6C     		ldr	r3, [r3, #64]
 750 001c 43F40023 		orr	r3, r3, #524288
 751 0020 1364     		str	r3, [r2, #64]
 752 0022 0E4B     		ldr	r3, .L31+4
 753 0024 1B6C     		ldr	r3, [r3, #64]
 754 0026 03F40023 		and	r3, r3, #524288
 755 002a BB60     		str	r3, [r7, #8]
 756 002c BB68     		ldr	r3, [r7, #8]
 757              	.LBE8:
 327:Src/stm32f4xx_hal_msp.c ****   
 328:Src/stm32f4xx_hal_msp.c ****     /**UART4 GPIO Configuration    
 329:Src/stm32f4xx_hal_msp.c ****     PC10-WKUP     ------> UART4_TX
 330:Src/stm32f4xx_hal_msp.c ****     PC11     ------> UART4_RX 
 331:Src/stm32f4xx_hal_msp.c ****     */
 332:Src/stm32f4xx_hal_msp.c ****     GPIO_InitStruct.Pin = GPIO_PIN_10|GPIO_PIN_11;
 758              		.loc 1 332 0
 759 002e 4FF44063 		mov	r3, #3072
 760 0032 FB60     		str	r3, [r7, #12]
 333:Src/stm32f4xx_hal_msp.c ****     GPIO_InitStruct.Mode = GPIO_MODE_AF_PP;
 761              		.loc 1 333 0
 762 0034 0223     		movs	r3, #2
 763 0036 3B61     		str	r3, [r7, #16]
 334:Src/stm32f4xx_hal_msp.c ****     GPIO_InitStruct.Pull = GPIO_PULLUP;
 764              		.loc 1 334 0
ARM GAS  /tmp/ccuQ0Gse.s 			page 20


 765 0038 0123     		movs	r3, #1
 766 003a 7B61     		str	r3, [r7, #20]
 335:Src/stm32f4xx_hal_msp.c ****     GPIO_InitStruct.Speed = GPIO_SPEED_FREQ_VERY_HIGH;
 767              		.loc 1 335 0
 768 003c 0323     		movs	r3, #3
 769 003e BB61     		str	r3, [r7, #24]
 336:Src/stm32f4xx_hal_msp.c ****     GPIO_InitStruct.Alternate = GPIO_AF8_UART4;
 770              		.loc 1 336 0
 771 0040 0823     		movs	r3, #8
 772 0042 FB61     		str	r3, [r7, #28]
 337:Src/stm32f4xx_hal_msp.c ****     HAL_GPIO_Init(GPIOC, &GPIO_InitStruct);
 773              		.loc 1 337 0
 774 0044 07F10C03 		add	r3, r7, #12
 775 0048 0548     		ldr	r0, .L31+8
 776 004a 1946     		mov	r1, r3
 777 004c FFF7FEFF 		bl	HAL_GPIO_Init
 778              	.L29:
 338:Src/stm32f4xx_hal_msp.c **** 
 339:Src/stm32f4xx_hal_msp.c ****   /* USER CODE BEGIN UART4_MspInit 1 */
 340:Src/stm32f4xx_hal_msp.c **** 
 341:Src/stm32f4xx_hal_msp.c ****   /* USER CODE END UART4_MspInit 1 */
 342:Src/stm32f4xx_hal_msp.c ****   }
 343:Src/stm32f4xx_hal_msp.c **** 
 344:Src/stm32f4xx_hal_msp.c **** }
 779              		.loc 1 344 0
 780 0050 2037     		adds	r7, r7, #32
 781              	.LCFI38:
 782              		.cfi_def_cfa_offset 8
 783 0052 BD46     		mov	sp, r7
 784              	.LCFI39:
 785              		.cfi_def_cfa_register 13
 786              		@ sp needed
 787 0054 80BD     		pop	{r7, pc}
 788              	.L32:
 789 0056 00BF     		.align	2
 790              	.L31:
 791 0058 004C0040 		.word	1073761280
 792 005c 00380240 		.word	1073887232
 793 0060 00080240 		.word	1073874944
 794              		.cfi_endproc
 795              	.LFE130:
 797              		.section	.text.HAL_UART_MspDeInit,"ax",%progbits
 798              		.align	2
 799              		.global	HAL_UART_MspDeInit
 800              		.thumb
 801              		.thumb_func
 803              	HAL_UART_MspDeInit:
 804              	.LFB131:
 345:Src/stm32f4xx_hal_msp.c **** 
 346:Src/stm32f4xx_hal_msp.c **** void HAL_UART_MspDeInit(UART_HandleTypeDef* huart)
 347:Src/stm32f4xx_hal_msp.c **** {
 805              		.loc 1 347 0
 806              		.cfi_startproc
 807              		@ args = 0, pretend = 0, frame = 8
 808              		@ frame_needed = 1, uses_anonymous_args = 0
 809 0000 80B5     		push	{r7, lr}
 810              	.LCFI40:
ARM GAS  /tmp/ccuQ0Gse.s 			page 21


 811              		.cfi_def_cfa_offset 8
 812              		.cfi_offset 7, -8
 813              		.cfi_offset 14, -4
 814 0002 82B0     		sub	sp, sp, #8
 815              	.LCFI41:
 816              		.cfi_def_cfa_offset 16
 817 0004 00AF     		add	r7, sp, #0
 818              	.LCFI42:
 819              		.cfi_def_cfa_register 7
 820 0006 7860     		str	r0, [r7, #4]
 348:Src/stm32f4xx_hal_msp.c **** 
 349:Src/stm32f4xx_hal_msp.c ****   if(huart->Instance==UART4)
 821              		.loc 1 349 0
 822 0008 7B68     		ldr	r3, [r7, #4]
 823 000a 1B68     		ldr	r3, [r3]
 824 000c 074A     		ldr	r2, .L35
 825 000e 9342     		cmp	r3, r2
 826 0010 09D1     		bne	.L33
 350:Src/stm32f4xx_hal_msp.c ****   {
 351:Src/stm32f4xx_hal_msp.c ****   /* USER CODE BEGIN UART4_MspDeInit 0 */
 352:Src/stm32f4xx_hal_msp.c **** 
 353:Src/stm32f4xx_hal_msp.c ****   /* USER CODE END UART4_MspDeInit 0 */
 354:Src/stm32f4xx_hal_msp.c ****     /* Peripheral clock disable */
 355:Src/stm32f4xx_hal_msp.c ****     __HAL_RCC_UART4_CLK_DISABLE();
 827              		.loc 1 355 0
 828 0012 074A     		ldr	r2, .L35+4
 829 0014 064B     		ldr	r3, .L35+4
 830 0016 1B6C     		ldr	r3, [r3, #64]
 831 0018 23F40023 		bic	r3, r3, #524288
 832 001c 1364     		str	r3, [r2, #64]
 356:Src/stm32f4xx_hal_msp.c ****   
 357:Src/stm32f4xx_hal_msp.c ****     /**UART4 GPIO Configuration    
 358:Src/stm32f4xx_hal_msp.c ****     PA0-WKUP     ------> UART4_TX
 359:Src/stm32f4xx_hal_msp.c ****     PA1     ------> UART4_RX 
 360:Src/stm32f4xx_hal_msp.c ****     */
 361:Src/stm32f4xx_hal_msp.c ****     HAL_GPIO_DeInit(GPIOA, GPIO_PIN_0|GPIO_PIN_1);
 833              		.loc 1 361 0
 834 001e 0548     		ldr	r0, .L35+8
 835 0020 0321     		movs	r1, #3
 836 0022 FFF7FEFF 		bl	HAL_GPIO_DeInit
 837              	.L33:
 362:Src/stm32f4xx_hal_msp.c **** 
 363:Src/stm32f4xx_hal_msp.c ****   /* USER CODE BEGIN UART4_MspDeInit 1 */
 364:Src/stm32f4xx_hal_msp.c **** 
 365:Src/stm32f4xx_hal_msp.c ****   /* USER CODE END UART4_MspDeInit 1 */
 366:Src/stm32f4xx_hal_msp.c ****   }
 367:Src/stm32f4xx_hal_msp.c **** 
 368:Src/stm32f4xx_hal_msp.c **** }
 838              		.loc 1 368 0
 839 0026 0837     		adds	r7, r7, #8
 840              	.LCFI43:
 841              		.cfi_def_cfa_offset 8
 842 0028 BD46     		mov	sp, r7
 843              	.LCFI44:
 844              		.cfi_def_cfa_register 13
 845              		@ sp needed
 846 002a 80BD     		pop	{r7, pc}
ARM GAS  /tmp/ccuQ0Gse.s 			page 22


 847              	.L36:
 848              		.align	2
 849              	.L35:
 850 002c 004C0040 		.word	1073761280
 851 0030 00380240 		.word	1073887232
 852 0034 00000240 		.word	1073872896
 853              		.cfi_endproc
 854              	.LFE131:
 856              		.section	.text.HAL_ADC_MspInit,"ax",%progbits
 857              		.align	2
 858              		.global	HAL_ADC_MspInit
 859              		.thumb
 860              		.thumb_func
 862              	HAL_ADC_MspInit:
 863              	.LFB132:
 369:Src/stm32f4xx_hal_msp.c **** 
 370:Src/stm32f4xx_hal_msp.c **** void HAL_ADC_MspInit(ADC_HandleTypeDef* hadc) {
 864              		.loc 1 370 0
 865              		.cfi_startproc
 866              		@ args = 0, pretend = 0, frame = 32
 867              		@ frame_needed = 1, uses_anonymous_args = 0
 868 0000 80B5     		push	{r7, lr}
 869              	.LCFI45:
 870              		.cfi_def_cfa_offset 8
 871              		.cfi_offset 7, -8
 872              		.cfi_offset 14, -4
 873 0002 88B0     		sub	sp, sp, #32
 874              	.LCFI46:
 875              		.cfi_def_cfa_offset 40
 876 0004 00AF     		add	r7, sp, #0
 877              	.LCFI47:
 878              		.cfi_def_cfa_register 7
 879 0006 7860     		str	r0, [r7, #4]
 371:Src/stm32f4xx_hal_msp.c ****   /*
 372:Src/stm32f4xx_hal_msp.c ****   PC4 ------> ADC1_IN14  LINPOT1W
 373:Src/stm32f4xx_hal_msp.c ****   PC5 ------> ADC1_IN15  LINPOT2W
 374:Src/stm32f4xx_hal_msp.c ****   PB0 ------> ADC1_IN8   LINPOT3W
 375:Src/stm32f4xx_hal_msp.c ****   XXX ------> ADC1_INX   STEERING
 376:Src/stm32f4xx_hal_msp.c ****   */
 377:Src/stm32f4xx_hal_msp.c ****   if (hadc->Instance==ADC1) {
 880              		.loc 1 377 0
 881 0008 7B68     		ldr	r3, [r7, #4]
 882 000a 1B68     		ldr	r3, [r3]
 883 000c 0E4A     		ldr	r2, .L39
 884 000e 9342     		cmp	r3, r2
 885 0010 17D1     		bne	.L37
 886              	.LBB9:
 378:Src/stm32f4xx_hal_msp.c ****     GPIO_InitTypeDef GPIO_InitStruct;
 379:Src/stm32f4xx_hal_msp.c **** 
 380:Src/stm32f4xx_hal_msp.c ****     GPIO_InitStruct.Pin = GPIO_PIN_3|GPIO_PIN_4|GPIO_PIN_5;
 887              		.loc 1 380 0
 888 0012 3823     		movs	r3, #56
 889 0014 FB60     		str	r3, [r7, #12]
 381:Src/stm32f4xx_hal_msp.c ****     GPIO_InitStruct.Mode = GPIO_MODE_ANALOG;
 890              		.loc 1 381 0
 891 0016 0323     		movs	r3, #3
 892 0018 3B61     		str	r3, [r7, #16]
ARM GAS  /tmp/ccuQ0Gse.s 			page 23


 382:Src/stm32f4xx_hal_msp.c ****     GPIO_InitStruct.Pull = GPIO_NOPULL;
 893              		.loc 1 382 0
 894 001a 0023     		movs	r3, #0
 895 001c 7B61     		str	r3, [r7, #20]
 383:Src/stm32f4xx_hal_msp.c ****     HAL_GPIO_Init(GPIOC, &GPIO_InitStruct);
 896              		.loc 1 383 0
 897 001e 07F10C03 		add	r3, r7, #12
 898 0022 0A48     		ldr	r0, .L39+4
 899 0024 1946     		mov	r1, r3
 900 0026 FFF7FEFF 		bl	HAL_GPIO_Init
 384:Src/stm32f4xx_hal_msp.c **** 
 385:Src/stm32f4xx_hal_msp.c ****     GPIO_InitStruct.Pin = GPIO_PIN_0;
 901              		.loc 1 385 0
 902 002a 0123     		movs	r3, #1
 903 002c FB60     		str	r3, [r7, #12]
 386:Src/stm32f4xx_hal_msp.c ****     GPIO_InitStruct.Mode = GPIO_MODE_ANALOG;
 904              		.loc 1 386 0
 905 002e 0323     		movs	r3, #3
 906 0030 3B61     		str	r3, [r7, #16]
 387:Src/stm32f4xx_hal_msp.c ****     GPIO_InitStruct.Pull = GPIO_NOPULL;
 907              		.loc 1 387 0
 908 0032 0023     		movs	r3, #0
 909 0034 7B61     		str	r3, [r7, #20]
 388:Src/stm32f4xx_hal_msp.c ****     HAL_GPIO_Init(GPIOB, &GPIO_InitStruct);
 910              		.loc 1 388 0
 911 0036 07F10C03 		add	r3, r7, #12
 912 003a 0548     		ldr	r0, .L39+8
 913 003c 1946     		mov	r1, r3
 914 003e FFF7FEFF 		bl	HAL_GPIO_Init
 915              	.L37:
 916              	.LBE9:
 389:Src/stm32f4xx_hal_msp.c ****   }
 390:Src/stm32f4xx_hal_msp.c **** }
 917              		.loc 1 390 0
 918 0042 2037     		adds	r7, r7, #32
 919              	.LCFI48:
 920              		.cfi_def_cfa_offset 8
 921 0044 BD46     		mov	sp, r7
 922              	.LCFI49:
 923              		.cfi_def_cfa_register 13
 924              		@ sp needed
 925 0046 80BD     		pop	{r7, pc}
 926              	.L40:
 927              		.align	2
 928              	.L39:
 929 0048 00200140 		.word	1073815552
 930 004c 00080240 		.word	1073874944
 931 0050 00040240 		.word	1073873920
 932              		.cfi_endproc
 933              	.LFE132:
 935              		.text
 936              	.Letext0:
 937              		.file 2 "/usr/include/newlib/machine/_default_types.h"
 938              		.file 3 "/usr/include/newlib/sys/_stdint.h"
 939              		.file 4 "Drivers/CMSIS/Device/ST/STM32F4xx/Include/stm32f405xx.h"
 940              		.file 5 "Drivers/CMSIS/Device/ST/STM32F4xx/Include/stm32f4xx.h"
 941              		.file 6 "Drivers/STM32F4xx_HAL_Driver/Inc/stm32f4xx_hal_def.h"
ARM GAS  /tmp/ccuQ0Gse.s 			page 24


 942              		.file 7 "Drivers/STM32F4xx_HAL_Driver/Inc/stm32f4xx_hal_gpio.h"
 943              		.file 8 "Drivers/STM32F4xx_HAL_Driver/Inc/stm32f4xx_hal_dma.h"
 944              		.file 9 "Drivers/STM32F4xx_HAL_Driver/Inc/stm32f4xx_hal_adc.h"
 945              		.file 10 "Drivers/STM32F4xx_HAL_Driver/Inc/stm32f4xx_hal_can.h"
 946              		.file 11 "Drivers/STM32F4xx_HAL_Driver/Inc/stm32f4xx_hal_i2c.h"
 947              		.file 12 "Drivers/STM32F4xx_HAL_Driver/Inc/stm32f4xx_hal_spi.h"
 948              		.file 13 "Drivers/STM32F4xx_HAL_Driver/Inc/stm32f4xx_hal_uart.h"
 949              		.file 14 "Drivers/CMSIS/Include/core_cm4.h"
ARM GAS  /tmp/ccuQ0Gse.s 			page 25


DEFINED SYMBOLS
                            *ABS*:0000000000000000 stm32f4xx_hal_msp.c
     /tmp/ccuQ0Gse.s:21     .text.HAL_MspInit:0000000000000000 $t
     /tmp/ccuQ0Gse.s:26     .text.HAL_MspInit:0000000000000000 HAL_MspInit
     /tmp/ccuQ0Gse.s:124    .text.HAL_MspInit:00000000000000a0 $d
     /tmp/ccuQ0Gse.s:129    .text.HAL_CAN_MspInit:0000000000000000 $t
     /tmp/ccuQ0Gse.s:134    .text.HAL_CAN_MspInit:0000000000000000 HAL_CAN_MspInit
     /tmp/ccuQ0Gse.s:206    .text.HAL_CAN_MspInit:0000000000000058 $d
     /tmp/ccuQ0Gse.s:213    .text.HAL_CAN_MspDeInit:0000000000000000 $t
     /tmp/ccuQ0Gse.s:218    .text.HAL_CAN_MspDeInit:0000000000000000 HAL_CAN_MspDeInit
     /tmp/ccuQ0Gse.s:265    .text.HAL_CAN_MspDeInit:0000000000000030 $d
     /tmp/ccuQ0Gse.s:272    .text.HAL_I2C_MspInit:0000000000000000 $t
     /tmp/ccuQ0Gse.s:277    .text.HAL_I2C_MspInit:0000000000000000 HAL_I2C_MspInit
     /tmp/ccuQ0Gse.s:349    .text.HAL_I2C_MspInit:0000000000000058 $d
     /tmp/ccuQ0Gse.s:356    .text.HAL_I2C_MspDeInit:0000000000000000 $t
     /tmp/ccuQ0Gse.s:361    .text.HAL_I2C_MspDeInit:0000000000000000 HAL_I2C_MspDeInit
     /tmp/ccuQ0Gse.s:408    .text.HAL_I2C_MspDeInit:000000000000002c $d
     /tmp/ccuQ0Gse.s:415    .text.HAL_SPI_MspInit:0000000000000000 $t
     /tmp/ccuQ0Gse.s:420    .text.HAL_SPI_MspInit:0000000000000000 HAL_SPI_MspInit
     /tmp/ccuQ0Gse.s:645    .text.HAL_SPI_MspInit:0000000000000168 $d
     /tmp/ccuQ0Gse.s:655    .text.HAL_SPI_MspDeInit:0000000000000000 $t
     /tmp/ccuQ0Gse.s:660    .text.HAL_SPI_MspDeInit:0000000000000000 HAL_SPI_MspDeInit
     /tmp/ccuQ0Gse.s:707    .text.HAL_SPI_MspDeInit:000000000000002c $d
     /tmp/ccuQ0Gse.s:714    .text.HAL_UART_MspInit:0000000000000000 $t
     /tmp/ccuQ0Gse.s:719    .text.HAL_UART_MspInit:0000000000000000 HAL_UART_MspInit
     /tmp/ccuQ0Gse.s:791    .text.HAL_UART_MspInit:0000000000000058 $d
     /tmp/ccuQ0Gse.s:798    .text.HAL_UART_MspDeInit:0000000000000000 $t
     /tmp/ccuQ0Gse.s:803    .text.HAL_UART_MspDeInit:0000000000000000 HAL_UART_MspDeInit
     /tmp/ccuQ0Gse.s:850    .text.HAL_UART_MspDeInit:000000000000002c $d
     /tmp/ccuQ0Gse.s:857    .text.HAL_ADC_MspInit:0000000000000000 $t
     /tmp/ccuQ0Gse.s:862    .text.HAL_ADC_MspInit:0000000000000000 HAL_ADC_MspInit
     /tmp/ccuQ0Gse.s:929    .text.HAL_ADC_MspInit:0000000000000048 $d
                     .debug_frame:0000000000000010 $d

UNDEFINED SYMBOLS
HAL_NVIC_SetPriorityGrouping
HAL_NVIC_SetPriority
HAL_GPIO_Init
HAL_GPIO_DeInit
HAL_GPIO_WritePin
