ARM GAS  /tmp/cc8x3o8L.s 			page 1


   1              		.syntax unified
   2              		.cpu cortex-m4
   3              		.eabi_attribute 27, 1
   4              		.eabi_attribute 28, 1
   5              		.fpu fpv4-sp-d16
   6              		.eabi_attribute 20, 1
   7              		.eabi_attribute 21, 1
   8              		.eabi_attribute 23, 3
   9              		.eabi_attribute 24, 1
  10              		.eabi_attribute 25, 1
  11              		.eabi_attribute 26, 1
  12              		.eabi_attribute 30, 6
  13              		.eabi_attribute 34, 1
  14              		.eabi_attribute 18, 4
  15              		.thumb
  16              		.file	"system_stm32f4xx.c"
  17              		.text
  18              	.Ltext0:
  19              		.cfi_sections	.debug_frame
  20              		.global	SystemCoreClock
  21              		.section	.data.SystemCoreClock,"aw",%progbits
  22              		.align	2
  25              	SystemCoreClock:
  26 0000 0024F400 		.word	16000000
  27              		.global	AHBPrescTable
  28              		.section	.rodata.AHBPrescTable,"a",%progbits
  29              		.align	2
  32              	AHBPrescTable:
  33 0000 00       		.byte	0
  34 0001 00       		.byte	0
  35 0002 00       		.byte	0
  36 0003 00       		.byte	0
  37 0004 00       		.byte	0
  38 0005 00       		.byte	0
  39 0006 00       		.byte	0
  40 0007 00       		.byte	0
  41 0008 01       		.byte	1
  42 0009 02       		.byte	2
  43 000a 03       		.byte	3
  44 000b 04       		.byte	4
  45 000c 06       		.byte	6
  46 000d 07       		.byte	7
  47 000e 08       		.byte	8
  48 000f 09       		.byte	9
  49              		.global	APBPrescTable
  50              		.section	.rodata.APBPrescTable,"a",%progbits
  51              		.align	2
  54              	APBPrescTable:
  55 0000 00       		.byte	0
  56 0001 00       		.byte	0
  57 0002 00       		.byte	0
  58 0003 00       		.byte	0
  59 0004 01       		.byte	1
  60 0005 02       		.byte	2
  61 0006 03       		.byte	3
  62 0007 04       		.byte	4
  63              		.section	.text.SystemInit,"ax",%progbits
ARM GAS  /tmp/cc8x3o8L.s 			page 2


  64              		.align	2
  65              		.global	SystemInit
  66              		.thumb
  67              		.thumb_func
  69              	SystemInit:
  70              	.LFB123:
  71              		.file 1 "Src/system_stm32f4xx.c"
   1:Src/system_stm32f4xx.c **** /**
   2:Src/system_stm32f4xx.c ****   ******************************************************************************
   3:Src/system_stm32f4xx.c ****   * @file    system_stm32f4xx.c
   4:Src/system_stm32f4xx.c ****   * @author  MCD Application Team
   5:Src/system_stm32f4xx.c ****   * @brief   CMSIS Cortex-M4 Device Peripheral Access Layer System Source File.
   6:Src/system_stm32f4xx.c ****   *
   7:Src/system_stm32f4xx.c ****   *   This file provides two functions and one global variable to be called from 
   8:Src/system_stm32f4xx.c ****   *   user application:
   9:Src/system_stm32f4xx.c ****   *      - SystemInit(): This function is called at startup just after reset and 
  10:Src/system_stm32f4xx.c ****   *                      before branch to main program. This call is made inside
  11:Src/system_stm32f4xx.c ****   *                      the "startup_stm32f4xx.s" file.
  12:Src/system_stm32f4xx.c ****   *
  13:Src/system_stm32f4xx.c ****   *      - SystemCoreClock variable: Contains the core clock (HCLK), it can be used
  14:Src/system_stm32f4xx.c ****   *                                  by the user application to setup the SysTick 
  15:Src/system_stm32f4xx.c ****   *                                  timer or configure other parameters.
  16:Src/system_stm32f4xx.c ****   *                                     
  17:Src/system_stm32f4xx.c ****   *      - SystemCoreClockUpdate(): Updates the variable SystemCoreClock and must
  18:Src/system_stm32f4xx.c ****   *                                 be called whenever the core clock is changed
  19:Src/system_stm32f4xx.c ****   *                                 during program execution.
  20:Src/system_stm32f4xx.c ****   *
  21:Src/system_stm32f4xx.c ****   *
  22:Src/system_stm32f4xx.c ****   ******************************************************************************
  23:Src/system_stm32f4xx.c ****   * @attention
  24:Src/system_stm32f4xx.c ****   *
  25:Src/system_stm32f4xx.c ****   * <h2><center>&copy; COPYRIGHT 2017 STMicroelectronics</center></h2>
  26:Src/system_stm32f4xx.c ****   *
  27:Src/system_stm32f4xx.c ****   * Redistribution and use in source and binary forms, with or without modification,
  28:Src/system_stm32f4xx.c ****   * are permitted provided that the following conditions are met:
  29:Src/system_stm32f4xx.c ****   *   1. Redistributions of source code must retain the above copyright notice,
  30:Src/system_stm32f4xx.c ****   *      this list of conditions and the following disclaimer.
  31:Src/system_stm32f4xx.c ****   *   2. Redistributions in binary form must reproduce the above copyright notice,
  32:Src/system_stm32f4xx.c ****   *      this list of conditions and the following disclaimer in the documentation
  33:Src/system_stm32f4xx.c ****   *      and/or other materials provided with the distribution.
  34:Src/system_stm32f4xx.c ****   *   3. Neither the name of STMicroelectronics nor the names of its contributors
  35:Src/system_stm32f4xx.c ****   *      may be used to endorse or promote products derived from this software
  36:Src/system_stm32f4xx.c ****   *      without specific prior written permission.
  37:Src/system_stm32f4xx.c ****   *
  38:Src/system_stm32f4xx.c ****   * THIS SOFTWARE IS PROVIDED BY THE COPYRIGHT HOLDERS AND CONTRIBUTORS "AS IS"
  39:Src/system_stm32f4xx.c ****   * AND ANY EXPRESS OR IMPLIED WARRANTIES, INCLUDING, BUT NOT LIMITED TO, THE
  40:Src/system_stm32f4xx.c ****   * IMPLIED WARRANTIES OF MERCHANTABILITY AND FITNESS FOR A PARTICULAR PURPOSE ARE
  41:Src/system_stm32f4xx.c ****   * DISCLAIMED. IN NO EVENT SHALL THE COPYRIGHT HOLDER OR CONTRIBUTORS BE LIABLE
  42:Src/system_stm32f4xx.c ****   * FOR ANY DIRECT, INDIRECT, INCIDENTAL, SPECIAL, EXEMPLARY, OR CONSEQUENTIAL
  43:Src/system_stm32f4xx.c ****   * DAMAGES (INCLUDING, BUT NOT LIMITED TO, PROCUREMENT OF SUBSTITUTE GOODS OR
  44:Src/system_stm32f4xx.c ****   * SERVICES; LOSS OF USE, DATA, OR PROFITS; OR BUSINESS INTERRUPTION) HOWEVER
  45:Src/system_stm32f4xx.c ****   * CAUSED AND ON ANY THEORY OF LIABILITY, WHETHER IN CONTRACT, STRICT LIABILITY,
  46:Src/system_stm32f4xx.c ****   * OR TORT (INCLUDING NEGLIGENCE OR OTHERWISE) ARISING IN ANY WAY OUT OF THE USE
  47:Src/system_stm32f4xx.c ****   * OF THIS SOFTWARE, EVEN IF ADVISED OF THE POSSIBILITY OF SUCH DAMAGE.
  48:Src/system_stm32f4xx.c ****   *
  49:Src/system_stm32f4xx.c ****   ******************************************************************************
  50:Src/system_stm32f4xx.c ****   */
ARM GAS  /tmp/cc8x3o8L.s 			page 3


  51:Src/system_stm32f4xx.c **** 
  52:Src/system_stm32f4xx.c **** /** @addtogroup CMSIS
  53:Src/system_stm32f4xx.c ****   * @{
  54:Src/system_stm32f4xx.c ****   */
  55:Src/system_stm32f4xx.c **** 
  56:Src/system_stm32f4xx.c **** /** @addtogroup stm32f4xx_system
  57:Src/system_stm32f4xx.c ****   * @{
  58:Src/system_stm32f4xx.c ****   */  
  59:Src/system_stm32f4xx.c ****   
  60:Src/system_stm32f4xx.c **** /** @addtogroup STM32F4xx_System_Private_Includes
  61:Src/system_stm32f4xx.c ****   * @{
  62:Src/system_stm32f4xx.c ****   */
  63:Src/system_stm32f4xx.c **** 
  64:Src/system_stm32f4xx.c **** 
  65:Src/system_stm32f4xx.c **** #include "stm32f4xx.h"
  66:Src/system_stm32f4xx.c **** 
  67:Src/system_stm32f4xx.c **** #if !defined  (HSE_VALUE) 
  68:Src/system_stm32f4xx.c ****   #define HSE_VALUE    ((uint32_t)25000000) /*!< Default value of the External oscillator in Hz */
  69:Src/system_stm32f4xx.c **** #endif /* HSE_VALUE */
  70:Src/system_stm32f4xx.c **** 
  71:Src/system_stm32f4xx.c **** #if !defined  (HSI_VALUE)
  72:Src/system_stm32f4xx.c ****   #define HSI_VALUE    ((uint32_t)16000000) /*!< Value of the Internal oscillator in Hz*/
  73:Src/system_stm32f4xx.c **** #endif /* HSI_VALUE */
  74:Src/system_stm32f4xx.c **** 
  75:Src/system_stm32f4xx.c **** /**
  76:Src/system_stm32f4xx.c ****   * @}
  77:Src/system_stm32f4xx.c ****   */
  78:Src/system_stm32f4xx.c **** 
  79:Src/system_stm32f4xx.c **** /** @addtogroup STM32F4xx_System_Private_TypesDefinitions
  80:Src/system_stm32f4xx.c ****   * @{
  81:Src/system_stm32f4xx.c ****   */
  82:Src/system_stm32f4xx.c **** 
  83:Src/system_stm32f4xx.c **** /**
  84:Src/system_stm32f4xx.c ****   * @}
  85:Src/system_stm32f4xx.c ****   */
  86:Src/system_stm32f4xx.c **** 
  87:Src/system_stm32f4xx.c **** /** @addtogroup STM32F4xx_System_Private_Defines
  88:Src/system_stm32f4xx.c ****   * @{
  89:Src/system_stm32f4xx.c ****   */
  90:Src/system_stm32f4xx.c **** 
  91:Src/system_stm32f4xx.c **** /************************* Miscellaneous Configuration ************************/
  92:Src/system_stm32f4xx.c **** /*!< Uncomment the following line if you need to use external SRAM or SDRAM as data memory  */
  93:Src/system_stm32f4xx.c **** #if defined(STM32F405xx) || defined(STM32F415xx) || defined(STM32F407xx) || defined(STM32F417xx)\
  94:Src/system_stm32f4xx.c ****  || defined(STM32F427xx) || defined(STM32F437xx) || defined(STM32F429xx) || defined(STM32F439xx)\
  95:Src/system_stm32f4xx.c ****  || defined(STM32F469xx) || defined(STM32F479xx) || defined(STM32F412Zx) || defined(STM32F412Vx)
  96:Src/system_stm32f4xx.c **** /* #define DATA_IN_ExtSRAM */
  97:Src/system_stm32f4xx.c **** #endif /* STM32F40xxx || STM32F41xxx || STM32F42xxx || STM32F43xxx || STM32F469xx || STM32F479xx ||
  98:Src/system_stm32f4xx.c ****           STM32F412Zx || STM32F412Vx */
  99:Src/system_stm32f4xx.c ****  
 100:Src/system_stm32f4xx.c **** #if defined(STM32F427xx) || defined(STM32F437xx) || defined(STM32F429xx) || defined(STM32F439xx)\
 101:Src/system_stm32f4xx.c ****  || defined(STM32F446xx) || defined(STM32F469xx) || defined(STM32F479xx)
 102:Src/system_stm32f4xx.c **** /* #define DATA_IN_ExtSDRAM */
 103:Src/system_stm32f4xx.c **** #endif /* STM32F427xx || STM32F437xx || STM32F429xx || STM32F439xx || STM32F446xx || STM32F469xx ||
 104:Src/system_stm32f4xx.c ****           STM32F479xx */
 105:Src/system_stm32f4xx.c **** 
 106:Src/system_stm32f4xx.c **** /*!< Uncomment the following line if you need to relocate your vector Table in
 107:Src/system_stm32f4xx.c ****      Internal SRAM. */
ARM GAS  /tmp/cc8x3o8L.s 			page 4


 108:Src/system_stm32f4xx.c **** /* #define VECT_TAB_SRAM */
 109:Src/system_stm32f4xx.c **** #define VECT_TAB_OFFSET  0x00 /*!< Vector Table base offset field. 
 110:Src/system_stm32f4xx.c ****                                    This value must be a multiple of 0x200. */
 111:Src/system_stm32f4xx.c **** /******************************************************************************/
 112:Src/system_stm32f4xx.c **** 
 113:Src/system_stm32f4xx.c **** /**
 114:Src/system_stm32f4xx.c ****   * @}
 115:Src/system_stm32f4xx.c ****   */
 116:Src/system_stm32f4xx.c **** 
 117:Src/system_stm32f4xx.c **** /** @addtogroup STM32F4xx_System_Private_Macros
 118:Src/system_stm32f4xx.c ****   * @{
 119:Src/system_stm32f4xx.c ****   */
 120:Src/system_stm32f4xx.c **** 
 121:Src/system_stm32f4xx.c **** /**
 122:Src/system_stm32f4xx.c ****   * @}
 123:Src/system_stm32f4xx.c ****   */
 124:Src/system_stm32f4xx.c **** 
 125:Src/system_stm32f4xx.c **** /** @addtogroup STM32F4xx_System_Private_Variables
 126:Src/system_stm32f4xx.c ****   * @{
 127:Src/system_stm32f4xx.c ****   */
 128:Src/system_stm32f4xx.c ****   /* This variable is updated in three ways:
 129:Src/system_stm32f4xx.c ****       1) by calling CMSIS function SystemCoreClockUpdate()
 130:Src/system_stm32f4xx.c ****       2) by calling HAL API function HAL_RCC_GetHCLKFreq()
 131:Src/system_stm32f4xx.c ****       3) each time HAL_RCC_ClockConfig() is called to configure the system clock frequency 
 132:Src/system_stm32f4xx.c ****          Note: If you use this function to configure the system clock; then there
 133:Src/system_stm32f4xx.c ****                is no need to call the 2 first functions listed above, since SystemCoreClock
 134:Src/system_stm32f4xx.c ****                variable is updated automatically.
 135:Src/system_stm32f4xx.c ****   */
 136:Src/system_stm32f4xx.c **** uint32_t SystemCoreClock = 16000000;
 137:Src/system_stm32f4xx.c **** const uint8_t AHBPrescTable[16] = {0, 0, 0, 0, 0, 0, 0, 0, 1, 2, 3, 4, 6, 7, 8, 9};
 138:Src/system_stm32f4xx.c **** const uint8_t APBPrescTable[8]  = {0, 0, 0, 0, 1, 2, 3, 4};
 139:Src/system_stm32f4xx.c **** /**
 140:Src/system_stm32f4xx.c ****   * @}
 141:Src/system_stm32f4xx.c ****   */
 142:Src/system_stm32f4xx.c **** 
 143:Src/system_stm32f4xx.c **** /** @addtogroup STM32F4xx_System_Private_FunctionPrototypes
 144:Src/system_stm32f4xx.c ****   * @{
 145:Src/system_stm32f4xx.c ****   */
 146:Src/system_stm32f4xx.c **** 
 147:Src/system_stm32f4xx.c **** #if defined (DATA_IN_ExtSRAM) || defined (DATA_IN_ExtSDRAM)
 148:Src/system_stm32f4xx.c ****   static void SystemInit_ExtMemCtl(void); 
 149:Src/system_stm32f4xx.c **** #endif /* DATA_IN_ExtSRAM || DATA_IN_ExtSDRAM */
 150:Src/system_stm32f4xx.c **** 
 151:Src/system_stm32f4xx.c **** /**
 152:Src/system_stm32f4xx.c ****   * @}
 153:Src/system_stm32f4xx.c ****   */
 154:Src/system_stm32f4xx.c **** 
 155:Src/system_stm32f4xx.c **** /** @addtogroup STM32F4xx_System_Private_Functions
 156:Src/system_stm32f4xx.c ****   * @{
 157:Src/system_stm32f4xx.c ****   */
 158:Src/system_stm32f4xx.c **** 
 159:Src/system_stm32f4xx.c **** /**
 160:Src/system_stm32f4xx.c ****   * @brief  Setup the microcontroller system
 161:Src/system_stm32f4xx.c ****   *         Initialize the FPU setting, vector table location and External memory 
 162:Src/system_stm32f4xx.c ****   *         configuration.
 163:Src/system_stm32f4xx.c ****   * @param  None
 164:Src/system_stm32f4xx.c ****   * @retval None
ARM GAS  /tmp/cc8x3o8L.s 			page 5


 165:Src/system_stm32f4xx.c ****   */
 166:Src/system_stm32f4xx.c **** void SystemInit(void)
 167:Src/system_stm32f4xx.c **** {
  72              		.loc 1 167 0
  73              		.cfi_startproc
  74              		@ args = 0, pretend = 0, frame = 0
  75              		@ frame_needed = 1, uses_anonymous_args = 0
  76              		@ link register save eliminated.
  77 0000 80B4     		push	{r7}
  78              	.LCFI0:
  79              		.cfi_def_cfa_offset 4
  80              		.cfi_offset 7, -4
  81 0002 00AF     		add	r7, sp, #0
  82              	.LCFI1:
  83              		.cfi_def_cfa_register 7
 168:Src/system_stm32f4xx.c ****   /* FPU settings ------------------------------------------------------------*/
 169:Src/system_stm32f4xx.c ****   #if (__FPU_PRESENT == 1) && (__FPU_USED == 1)
 170:Src/system_stm32f4xx.c ****     SCB->CPACR |= ((3UL << 10*2)|(3UL << 11*2));  /* set CP10 and CP11 Full Access */
  84              		.loc 1 170 0
  85 0004 164A     		ldr	r2, .L2
  86 0006 164B     		ldr	r3, .L2
  87 0008 D3F88830 		ldr	r3, [r3, #136]
  88 000c 43F47003 		orr	r3, r3, #15728640
  89 0010 C2F88830 		str	r3, [r2, #136]
 171:Src/system_stm32f4xx.c ****   #endif
 172:Src/system_stm32f4xx.c ****   /* Reset the RCC clock configuration to the default reset state ------------*/
 173:Src/system_stm32f4xx.c ****   /* Set HSION bit */
 174:Src/system_stm32f4xx.c ****   RCC->CR |= (uint32_t)0x00000001;
  90              		.loc 1 174 0
  91 0014 134A     		ldr	r2, .L2+4
  92 0016 134B     		ldr	r3, .L2+4
  93 0018 1B68     		ldr	r3, [r3]
  94 001a 43F00103 		orr	r3, r3, #1
  95 001e 1360     		str	r3, [r2]
 175:Src/system_stm32f4xx.c **** 
 176:Src/system_stm32f4xx.c ****   /* Reset CFGR register */
 177:Src/system_stm32f4xx.c ****   RCC->CFGR = 0x00000000;
  96              		.loc 1 177 0
  97 0020 104B     		ldr	r3, .L2+4
  98 0022 0022     		movs	r2, #0
  99 0024 9A60     		str	r2, [r3, #8]
 178:Src/system_stm32f4xx.c **** 
 179:Src/system_stm32f4xx.c ****   /* Reset HSEON, CSSON and PLLON bits */
 180:Src/system_stm32f4xx.c ****   RCC->CR &= (uint32_t)0xFEF6FFFF;
 100              		.loc 1 180 0
 101 0026 0F4A     		ldr	r2, .L2+4
 102 0028 0E4B     		ldr	r3, .L2+4
 103 002a 1B68     		ldr	r3, [r3]
 104 002c 23F08473 		bic	r3, r3, #17301504
 105 0030 23F48033 		bic	r3, r3, #65536
 106 0034 1360     		str	r3, [r2]
 181:Src/system_stm32f4xx.c **** 
 182:Src/system_stm32f4xx.c ****   /* Reset PLLCFGR register */
 183:Src/system_stm32f4xx.c ****   RCC->PLLCFGR = 0x24003010;
 107              		.loc 1 183 0
 108 0036 0B4B     		ldr	r3, .L2+4
 109 0038 0B4A     		ldr	r2, .L2+8
ARM GAS  /tmp/cc8x3o8L.s 			page 6


 110 003a 5A60     		str	r2, [r3, #4]
 184:Src/system_stm32f4xx.c **** 
 185:Src/system_stm32f4xx.c ****   /* Reset HSEBYP bit */
 186:Src/system_stm32f4xx.c ****   RCC->CR &= (uint32_t)0xFFFBFFFF;
 111              		.loc 1 186 0
 112 003c 094A     		ldr	r2, .L2+4
 113 003e 094B     		ldr	r3, .L2+4
 114 0040 1B68     		ldr	r3, [r3]
 115 0042 23F48023 		bic	r3, r3, #262144
 116 0046 1360     		str	r3, [r2]
 187:Src/system_stm32f4xx.c **** 
 188:Src/system_stm32f4xx.c ****   /* Disable all interrupts */
 189:Src/system_stm32f4xx.c ****   RCC->CIR = 0x00000000;
 117              		.loc 1 189 0
 118 0048 064B     		ldr	r3, .L2+4
 119 004a 0022     		movs	r2, #0
 120 004c DA60     		str	r2, [r3, #12]
 190:Src/system_stm32f4xx.c **** 
 191:Src/system_stm32f4xx.c **** #if defined (DATA_IN_ExtSRAM) || defined (DATA_IN_ExtSDRAM)
 192:Src/system_stm32f4xx.c ****   SystemInit_ExtMemCtl(); 
 193:Src/system_stm32f4xx.c **** #endif /* DATA_IN_ExtSRAM || DATA_IN_ExtSDRAM */
 194:Src/system_stm32f4xx.c **** 
 195:Src/system_stm32f4xx.c ****   /* Configure the Vector Table location add offset address ------------------*/
 196:Src/system_stm32f4xx.c **** #ifdef VECT_TAB_SRAM
 197:Src/system_stm32f4xx.c ****   SCB->VTOR = SRAM_BASE | VECT_TAB_OFFSET; /* Vector Table Relocation in Internal SRAM */
 198:Src/system_stm32f4xx.c **** #else
 199:Src/system_stm32f4xx.c ****   SCB->VTOR = FLASH_BASE | VECT_TAB_OFFSET; /* Vector Table Relocation in Internal FLASH */
 121              		.loc 1 199 0
 122 004e 044B     		ldr	r3, .L2
 123 0050 4FF00062 		mov	r2, #134217728
 124 0054 9A60     		str	r2, [r3, #8]
 200:Src/system_stm32f4xx.c **** #endif
 201:Src/system_stm32f4xx.c **** }
 125              		.loc 1 201 0
 126 0056 BD46     		mov	sp, r7
 127              	.LCFI2:
 128              		.cfi_def_cfa_register 13
 129              		@ sp needed
 130 0058 5DF8047B 		ldr	r7, [sp], #4
 131              	.LCFI3:
 132              		.cfi_restore 7
 133              		.cfi_def_cfa_offset 0
 134 005c 7047     		bx	lr
 135              	.L3:
 136 005e 00BF     		.align	2
 137              	.L2:
 138 0060 00ED00E0 		.word	-536810240
 139 0064 00380240 		.word	1073887232
 140 0068 10300024 		.word	603992080
 141              		.cfi_endproc
 142              	.LFE123:
 144              		.section	.text.SystemCoreClockUpdate,"ax",%progbits
 145              		.align	2
 146              		.global	SystemCoreClockUpdate
 147              		.thumb
 148              		.thumb_func
 150              	SystemCoreClockUpdate:
ARM GAS  /tmp/cc8x3o8L.s 			page 7


 151              	.LFB124:
 202:Src/system_stm32f4xx.c **** 
 203:Src/system_stm32f4xx.c **** /**
 204:Src/system_stm32f4xx.c ****    * @brief  Update SystemCoreClock variable according to Clock Register Values.
 205:Src/system_stm32f4xx.c ****   *         The SystemCoreClock variable contains the core clock (HCLK), it can
 206:Src/system_stm32f4xx.c ****   *         be used by the user application to setup the SysTick timer or configure
 207:Src/system_stm32f4xx.c ****   *         other parameters.
 208:Src/system_stm32f4xx.c ****   *           
 209:Src/system_stm32f4xx.c ****   * @note   Each time the core clock (HCLK) changes, this function must be called
 210:Src/system_stm32f4xx.c ****   *         to update SystemCoreClock variable value. Otherwise, any configuration
 211:Src/system_stm32f4xx.c ****   *         based on this variable will be incorrect.         
 212:Src/system_stm32f4xx.c ****   *     
 213:Src/system_stm32f4xx.c ****   * @note   - The system frequency computed by this function is not the real 
 214:Src/system_stm32f4xx.c ****   *           frequency in the chip. It is calculated based on the predefined 
 215:Src/system_stm32f4xx.c ****   *           constant and the selected clock source:
 216:Src/system_stm32f4xx.c ****   *             
 217:Src/system_stm32f4xx.c ****   *           - If SYSCLK source is HSI, SystemCoreClock will contain the HSI_VALUE(*)
 218:Src/system_stm32f4xx.c ****   *                                              
 219:Src/system_stm32f4xx.c ****   *           - If SYSCLK source is HSE, SystemCoreClock will contain the HSE_VALUE(**)
 220:Src/system_stm32f4xx.c ****   *                          
 221:Src/system_stm32f4xx.c ****   *           - If SYSCLK source is PLL, SystemCoreClock will contain the HSE_VALUE(**) 
 222:Src/system_stm32f4xx.c ****   *             or HSI_VALUE(*) multiplied/divided by the PLL factors.
 223:Src/system_stm32f4xx.c ****   *         
 224:Src/system_stm32f4xx.c ****   *         (*) HSI_VALUE is a constant defined in stm32f4xx_hal_conf.h file (default value
 225:Src/system_stm32f4xx.c ****   *             16 MHz) but the real value may vary depending on the variations
 226:Src/system_stm32f4xx.c ****   *             in voltage and temperature.   
 227:Src/system_stm32f4xx.c ****   *    
 228:Src/system_stm32f4xx.c ****   *         (**) HSE_VALUE is a constant defined in stm32f4xx_hal_conf.h file (its value
 229:Src/system_stm32f4xx.c ****   *              depends on the application requirements), user has to ensure that HSE_VALUE
 230:Src/system_stm32f4xx.c ****   *              is same as the real frequency of the crystal used. Otherwise, this function
 231:Src/system_stm32f4xx.c ****   *              may have wrong result.
 232:Src/system_stm32f4xx.c ****   *                
 233:Src/system_stm32f4xx.c ****   *         - The result of this function could be not correct when using fractional
 234:Src/system_stm32f4xx.c ****   *           value for HSE crystal.
 235:Src/system_stm32f4xx.c ****   *     
 236:Src/system_stm32f4xx.c ****   * @param  None
 237:Src/system_stm32f4xx.c ****   * @retval None
 238:Src/system_stm32f4xx.c ****   */
 239:Src/system_stm32f4xx.c **** void SystemCoreClockUpdate(void)
 240:Src/system_stm32f4xx.c **** {
 152              		.loc 1 240 0
 153              		.cfi_startproc
 154              		@ args = 0, pretend = 0, frame = 24
 155              		@ frame_needed = 1, uses_anonymous_args = 0
 156              		@ link register save eliminated.
 157 0000 80B4     		push	{r7}
 158              	.LCFI4:
 159              		.cfi_def_cfa_offset 4
 160              		.cfi_offset 7, -4
 161 0002 87B0     		sub	sp, sp, #28
 162              	.LCFI5:
 163              		.cfi_def_cfa_offset 32
 164 0004 00AF     		add	r7, sp, #0
 165              	.LCFI6:
 166              		.cfi_def_cfa_register 7
 241:Src/system_stm32f4xx.c ****   uint32_t tmp = 0, pllvco = 0, pllp = 2, pllsource = 0, pllm = 2;
 167              		.loc 1 241 0
ARM GAS  /tmp/cc8x3o8L.s 			page 8


 168 0006 0023     		movs	r3, #0
 169 0008 3B61     		str	r3, [r7, #16]
 170 000a 0023     		movs	r3, #0
 171 000c 7B61     		str	r3, [r7, #20]
 172 000e 0223     		movs	r3, #2
 173 0010 FB60     		str	r3, [r7, #12]
 174 0012 0023     		movs	r3, #0
 175 0014 BB60     		str	r3, [r7, #8]
 176 0016 0223     		movs	r3, #2
 177 0018 7B60     		str	r3, [r7, #4]
 242:Src/system_stm32f4xx.c ****   
 243:Src/system_stm32f4xx.c ****   /* Get SYSCLK source -------------------------------------------------------*/
 244:Src/system_stm32f4xx.c ****   tmp = RCC->CFGR & RCC_CFGR_SWS;
 178              		.loc 1 244 0
 179 001a 324B     		ldr	r3, .L13
 180 001c 9B68     		ldr	r3, [r3, #8]
 181 001e 03F00C03 		and	r3, r3, #12
 182 0022 3B61     		str	r3, [r7, #16]
 245:Src/system_stm32f4xx.c **** 
 246:Src/system_stm32f4xx.c ****   switch (tmp)
 183              		.loc 1 246 0
 184 0024 3B69     		ldr	r3, [r7, #16]
 185 0026 042B     		cmp	r3, #4
 186 0028 07D0     		beq	.L6
 187 002a 082B     		cmp	r3, #8
 188 002c 09D0     		beq	.L7
 189 002e 002B     		cmp	r3, #0
 190 0030 3FD1     		bne	.L12
 247:Src/system_stm32f4xx.c ****   {
 248:Src/system_stm32f4xx.c ****     case 0x00:  /* HSI used as system clock source */
 249:Src/system_stm32f4xx.c ****       SystemCoreClock = HSI_VALUE;
 191              		.loc 1 249 0
 192 0032 2D4B     		ldr	r3, .L13+4
 193 0034 2D4A     		ldr	r2, .L13+8
 194 0036 1A60     		str	r2, [r3]
 250:Src/system_stm32f4xx.c ****       break;
 195              		.loc 1 250 0
 196 0038 3FE0     		b	.L9
 197              	.L6:
 251:Src/system_stm32f4xx.c ****     case 0x04:  /* HSE used as system clock source */
 252:Src/system_stm32f4xx.c ****       SystemCoreClock = HSE_VALUE;
 198              		.loc 1 252 0
 199 003a 2B4B     		ldr	r3, .L13+4
 200 003c 2C4A     		ldr	r2, .L13+12
 201 003e 1A60     		str	r2, [r3]
 253:Src/system_stm32f4xx.c ****       break;
 202              		.loc 1 253 0
 203 0040 3BE0     		b	.L9
 204              	.L7:
 254:Src/system_stm32f4xx.c ****     case 0x08:  /* PLL used as system clock source */
 255:Src/system_stm32f4xx.c **** 
 256:Src/system_stm32f4xx.c ****       /* PLL_VCO = (HSE_VALUE or HSI_VALUE / PLL_M) * PLL_N
 257:Src/system_stm32f4xx.c ****          SYSCLK = PLL_VCO / PLL_P
 258:Src/system_stm32f4xx.c ****          */    
 259:Src/system_stm32f4xx.c ****       pllsource = (RCC->PLLCFGR & RCC_PLLCFGR_PLLSRC) >> 22;
 205              		.loc 1 259 0
 206 0042 284B     		ldr	r3, .L13
ARM GAS  /tmp/cc8x3o8L.s 			page 9


 207 0044 5B68     		ldr	r3, [r3, #4]
 208 0046 03F48003 		and	r3, r3, #4194304
 209 004a 9B0D     		lsrs	r3, r3, #22
 210 004c BB60     		str	r3, [r7, #8]
 260:Src/system_stm32f4xx.c ****       pllm = RCC->PLLCFGR & RCC_PLLCFGR_PLLM;
 211              		.loc 1 260 0
 212 004e 254B     		ldr	r3, .L13
 213 0050 5B68     		ldr	r3, [r3, #4]
 214 0052 03F03F03 		and	r3, r3, #63
 215 0056 7B60     		str	r3, [r7, #4]
 261:Src/system_stm32f4xx.c ****       
 262:Src/system_stm32f4xx.c ****       if (pllsource != 0)
 216              		.loc 1 262 0
 217 0058 BB68     		ldr	r3, [r7, #8]
 218 005a 002B     		cmp	r3, #0
 219 005c 0DD0     		beq	.L10
 263:Src/system_stm32f4xx.c ****       {
 264:Src/system_stm32f4xx.c ****         /* HSE used as PLL clock source */
 265:Src/system_stm32f4xx.c ****         pllvco = (HSE_VALUE / pllm) * ((RCC->PLLCFGR & RCC_PLLCFGR_PLLN) >> 6);
 220              		.loc 1 265 0
 221 005e 244A     		ldr	r2, .L13+12
 222 0060 7B68     		ldr	r3, [r7, #4]
 223 0062 B2FBF3F2 		udiv	r2, r2, r3
 224 0066 1F4B     		ldr	r3, .L13
 225 0068 5968     		ldr	r1, [r3, #4]
 226 006a 47F6C073 		movw	r3, #32704
 227 006e 0B40     		ands	r3, r3, r1
 228 0070 9B09     		lsrs	r3, r3, #6
 229 0072 03FB02F3 		mul	r3, r3, r2
 230 0076 7B61     		str	r3, [r7, #20]
 231 0078 0CE0     		b	.L11
 232              	.L10:
 266:Src/system_stm32f4xx.c ****       }
 267:Src/system_stm32f4xx.c ****       else
 268:Src/system_stm32f4xx.c ****       {
 269:Src/system_stm32f4xx.c ****         /* HSI used as PLL clock source */
 270:Src/system_stm32f4xx.c ****         pllvco = (HSI_VALUE / pllm) * ((RCC->PLLCFGR & RCC_PLLCFGR_PLLN) >> 6);
 233              		.loc 1 270 0
 234 007a 1C4A     		ldr	r2, .L13+8
 235 007c 7B68     		ldr	r3, [r7, #4]
 236 007e B2FBF3F2 		udiv	r2, r2, r3
 237 0082 184B     		ldr	r3, .L13
 238 0084 5968     		ldr	r1, [r3, #4]
 239 0086 47F6C073 		movw	r3, #32704
 240 008a 0B40     		ands	r3, r3, r1
 241 008c 9B09     		lsrs	r3, r3, #6
 242 008e 03FB02F3 		mul	r3, r3, r2
 243 0092 7B61     		str	r3, [r7, #20]
 244              	.L11:
 271:Src/system_stm32f4xx.c ****       }
 272:Src/system_stm32f4xx.c **** 
 273:Src/system_stm32f4xx.c ****       pllp = (((RCC->PLLCFGR & RCC_PLLCFGR_PLLP) >>16) + 1 ) *2;
 245              		.loc 1 273 0
 246 0094 134B     		ldr	r3, .L13
 247 0096 5B68     		ldr	r3, [r3, #4]
 248 0098 03F44033 		and	r3, r3, #196608
 249 009c 1B0C     		lsrs	r3, r3, #16
ARM GAS  /tmp/cc8x3o8L.s 			page 10


 250 009e 0133     		adds	r3, r3, #1
 251 00a0 5B00     		lsls	r3, r3, #1
 252 00a2 FB60     		str	r3, [r7, #12]
 274:Src/system_stm32f4xx.c ****       SystemCoreClock = pllvco/pllp;
 253              		.loc 1 274 0
 254 00a4 7A69     		ldr	r2, [r7, #20]
 255 00a6 FB68     		ldr	r3, [r7, #12]
 256 00a8 B2FBF3F3 		udiv	r3, r2, r3
 257 00ac 0E4A     		ldr	r2, .L13+4
 258 00ae 1360     		str	r3, [r2]
 275:Src/system_stm32f4xx.c ****       break;
 259              		.loc 1 275 0
 260 00b0 03E0     		b	.L9
 261              	.L12:
 276:Src/system_stm32f4xx.c ****     default:
 277:Src/system_stm32f4xx.c ****       SystemCoreClock = HSI_VALUE;
 262              		.loc 1 277 0
 263 00b2 0D4B     		ldr	r3, .L13+4
 264 00b4 0D4A     		ldr	r2, .L13+8
 265 00b6 1A60     		str	r2, [r3]
 278:Src/system_stm32f4xx.c ****       break;
 266              		.loc 1 278 0
 267 00b8 00BF     		nop
 268              	.L9:
 279:Src/system_stm32f4xx.c ****   }
 280:Src/system_stm32f4xx.c ****   /* Compute HCLK frequency --------------------------------------------------*/
 281:Src/system_stm32f4xx.c ****   /* Get HCLK prescaler */
 282:Src/system_stm32f4xx.c ****   tmp = AHBPrescTable[((RCC->CFGR & RCC_CFGR_HPRE) >> 4)];
 269              		.loc 1 282 0
 270 00ba 0A4B     		ldr	r3, .L13
 271 00bc 9B68     		ldr	r3, [r3, #8]
 272 00be 03F0F003 		and	r3, r3, #240
 273 00c2 1B09     		lsrs	r3, r3, #4
 274 00c4 0B4A     		ldr	r2, .L13+16
 275 00c6 D35C     		ldrb	r3, [r2, r3]	@ zero_extendqisi2
 276 00c8 3B61     		str	r3, [r7, #16]
 283:Src/system_stm32f4xx.c ****   /* HCLK frequency */
 284:Src/system_stm32f4xx.c ****   SystemCoreClock >>= tmp;
 277              		.loc 1 284 0
 278 00ca 074B     		ldr	r3, .L13+4
 279 00cc 1A68     		ldr	r2, [r3]
 280 00ce 3B69     		ldr	r3, [r7, #16]
 281 00d0 22FA03F3 		lsr	r3, r2, r3
 282 00d4 044A     		ldr	r2, .L13+4
 283 00d6 1360     		str	r3, [r2]
 285:Src/system_stm32f4xx.c **** }
 284              		.loc 1 285 0
 285 00d8 1C37     		adds	r7, r7, #28
 286              	.LCFI7:
 287              		.cfi_def_cfa_offset 4
 288 00da BD46     		mov	sp, r7
 289              	.LCFI8:
 290              		.cfi_def_cfa_register 13
 291              		@ sp needed
 292 00dc 5DF8047B 		ldr	r7, [sp], #4
 293              	.LCFI9:
 294              		.cfi_restore 7
ARM GAS  /tmp/cc8x3o8L.s 			page 11


 295              		.cfi_def_cfa_offset 0
 296 00e0 7047     		bx	lr
 297              	.L14:
 298 00e2 00BF     		.align	2
 299              	.L13:
 300 00e4 00380240 		.word	1073887232
 301 00e8 00000000 		.word	SystemCoreClock
 302 00ec 0024F400 		.word	16000000
 303 00f0 40787D01 		.word	25000000
 304 00f4 00000000 		.word	AHBPrescTable
 305              		.cfi_endproc
 306              	.LFE124:
 308              		.text
 309              	.Letext0:
 310              		.file 2 "/usr/include/newlib/machine/_default_types.h"
 311              		.file 3 "/usr/include/newlib/sys/_stdint.h"
 312              		.file 4 "Drivers/CMSIS/Include/core_cm4.h"
 313              		.file 5 "Drivers/CMSIS/Device/ST/STM32F4xx/Include/stm32f405xx.h"
ARM GAS  /tmp/cc8x3o8L.s 			page 12


DEFINED SYMBOLS
                            *ABS*:0000000000000000 system_stm32f4xx.c
     /tmp/cc8x3o8L.s:25     .data.SystemCoreClock:0000000000000000 SystemCoreClock
     /tmp/cc8x3o8L.s:22     .data.SystemCoreClock:0000000000000000 $d
     /tmp/cc8x3o8L.s:32     .rodata.AHBPrescTable:0000000000000000 AHBPrescTable
     /tmp/cc8x3o8L.s:29     .rodata.AHBPrescTable:0000000000000000 $d
     /tmp/cc8x3o8L.s:54     .rodata.APBPrescTable:0000000000000000 APBPrescTable
     /tmp/cc8x3o8L.s:51     .rodata.APBPrescTable:0000000000000000 $d
     /tmp/cc8x3o8L.s:64     .text.SystemInit:0000000000000000 $t
     /tmp/cc8x3o8L.s:69     .text.SystemInit:0000000000000000 SystemInit
     /tmp/cc8x3o8L.s:138    .text.SystemInit:0000000000000060 $d
     /tmp/cc8x3o8L.s:145    .text.SystemCoreClockUpdate:0000000000000000 $t
     /tmp/cc8x3o8L.s:150    .text.SystemCoreClockUpdate:0000000000000000 SystemCoreClockUpdate
     /tmp/cc8x3o8L.s:300    .text.SystemCoreClockUpdate:00000000000000e4 $d
                     .debug_frame:0000000000000010 $d

NO UNDEFINED SYMBOLS
