ARM GAS  /tmp/ccQGBHUU.s 			page 1


   1              		.syntax unified
   2              		.cpu cortex-m4
   3              		.eabi_attribute 27, 1
   4              		.eabi_attribute 28, 1
   5              		.fpu fpv4-sp-d16
   6              		.eabi_attribute 20, 1
   7              		.eabi_attribute 21, 1
   8              		.eabi_attribute 23, 3
   9              		.eabi_attribute 24, 1
  10              		.eabi_attribute 25, 1
  11              		.eabi_attribute 26, 1
  12              		.eabi_attribute 30, 1
  13              		.eabi_attribute 34, 1
  14              		.eabi_attribute 18, 4
  15              		.thumb
  16              		.file	"stm32f4xx_hal_msp.c"
  17              		.text
  18              	.Ltext0:
  19              		.cfi_sections	.debug_frame
  20              		.section	.text.HAL_MspInit,"ax",%progbits
  21              		.align	2
  22              		.global	HAL_MspInit
  23              		.thumb
  24              		.thumb_func
  26              	HAL_MspInit:
  27              	.LFB123:
  28              		.file 1 "Src/stm32f4xx_hal_msp.c"
   1:Src/stm32f4xx_hal_msp.c **** /**
   2:Src/stm32f4xx_hal_msp.c ****   ******************************************************************************
   3:Src/stm32f4xx_hal_msp.c ****   * File Name          : stm32f4xx_hal_msp.c
   4:Src/stm32f4xx_hal_msp.c ****   * Description        : This file provides code for the MSP Initialization 
   5:Src/stm32f4xx_hal_msp.c ****   *                      and de-Initialization codes.
   6:Src/stm32f4xx_hal_msp.c ****   ******************************************************************************
   7:Src/stm32f4xx_hal_msp.c ****   * This notice applies to any and all portions of this file
   8:Src/stm32f4xx_hal_msp.c ****   * that are not between comment pairs USER CODE BEGIN and
   9:Src/stm32f4xx_hal_msp.c ****   * USER CODE END. Other portions of this file, whether 
  10:Src/stm32f4xx_hal_msp.c ****   * inserted by the user or by software development tools
  11:Src/stm32f4xx_hal_msp.c ****   * are owned by their respective copyright owners.
  12:Src/stm32f4xx_hal_msp.c ****   *
  13:Src/stm32f4xx_hal_msp.c ****   * Copyright (c) 2018 STMicroelectronics International N.V. 
  14:Src/stm32f4xx_hal_msp.c ****   * All rights reserved.
  15:Src/stm32f4xx_hal_msp.c ****   *
  16:Src/stm32f4xx_hal_msp.c ****   * Redistribution and use in source and binary forms, with or without 
  17:Src/stm32f4xx_hal_msp.c ****   * modification, are permitted, provided that the following conditions are met:
  18:Src/stm32f4xx_hal_msp.c ****   *
  19:Src/stm32f4xx_hal_msp.c ****   * 1. Redistribution of source code must retain the above copyright notice, 
  20:Src/stm32f4xx_hal_msp.c ****   *    this list of conditions and the following disclaimer.
  21:Src/stm32f4xx_hal_msp.c ****   * 2. Redistributions in binary form must reproduce the above copyright notice,
  22:Src/stm32f4xx_hal_msp.c ****   *    this list of conditions and the following disclaimer in the documentation
  23:Src/stm32f4xx_hal_msp.c ****   *    and/or other materials provided with the distribution.
  24:Src/stm32f4xx_hal_msp.c ****   * 3. Neither the name of STMicroelectronics nor the names of other 
  25:Src/stm32f4xx_hal_msp.c ****   *    contributors to this software may be used to endorse or promote products 
  26:Src/stm32f4xx_hal_msp.c ****   *    derived from this software without specific written permission.
  27:Src/stm32f4xx_hal_msp.c ****   * 4. This software, including modifications and/or derivative works of this 
  28:Src/stm32f4xx_hal_msp.c ****   *    software, must execute solely and exclusively on microcontroller or
  29:Src/stm32f4xx_hal_msp.c ****   *    microprocessor devices manufactured by or for STMicroelectronics.
  30:Src/stm32f4xx_hal_msp.c ****   * 5. Redistribution and use of this software other than as permitted under 
ARM GAS  /tmp/ccQGBHUU.s 			page 2


  31:Src/stm32f4xx_hal_msp.c ****   *    this license is void and will automatically terminate your rights under 
  32:Src/stm32f4xx_hal_msp.c ****   *    this license. 
  33:Src/stm32f4xx_hal_msp.c ****   *
  34:Src/stm32f4xx_hal_msp.c ****   * THIS SOFTWARE IS PROVIDED BY STMICROELECTRONICS AND CONTRIBUTORS "AS IS" 
  35:Src/stm32f4xx_hal_msp.c ****   * AND ANY EXPRESS, IMPLIED OR STATUTORY WARRANTIES, INCLUDING, BUT NOT 
  36:Src/stm32f4xx_hal_msp.c ****   * LIMITED TO, THE IMPLIED WARRANTIES OF MERCHANTABILITY, FITNESS FOR A 
  37:Src/stm32f4xx_hal_msp.c ****   * PARTICULAR PURPOSE AND NON-INFRINGEMENT OF THIRD PARTY INTELLECTUAL PROPERTY
  38:Src/stm32f4xx_hal_msp.c ****   * RIGHTS ARE DISCLAIMED TO THE FULLEST EXTENT PERMITTED BY LAW. IN NO EVENT 
  39:Src/stm32f4xx_hal_msp.c ****   * SHALL STMICROELECTRONICS OR CONTRIBUTORS BE LIABLE FOR ANY DIRECT, INDIRECT,
  40:Src/stm32f4xx_hal_msp.c ****   * INCIDENTAL, SPECIAL, EXEMPLARY, OR CONSEQUENTIAL DAMAGES (INCLUDING, BUT NOT
  41:Src/stm32f4xx_hal_msp.c ****   * LIMITED TO, PROCUREMENT OF SUBSTITUTE GOODS OR SERVICES; LOSS OF USE, DATA, 
  42:Src/stm32f4xx_hal_msp.c ****   * OR PROFITS; OR BUSINESS INTERRUPTION) HOWEVER CAUSED AND ON ANY THEORY OF 
  43:Src/stm32f4xx_hal_msp.c ****   * LIABILITY, WHETHER IN CONTRACT, STRICT LIABILITY, OR TORT (INCLUDING 
  44:Src/stm32f4xx_hal_msp.c ****   * NEGLIGENCE OR OTHERWISE) ARISING IN ANY WAY OUT OF THE USE OF THIS SOFTWARE,
  45:Src/stm32f4xx_hal_msp.c ****   * EVEN IF ADVISED OF THE POSSIBILITY OF SUCH DAMAGE.
  46:Src/stm32f4xx_hal_msp.c ****   *
  47:Src/stm32f4xx_hal_msp.c ****   ******************************************************************************
  48:Src/stm32f4xx_hal_msp.c ****   */
  49:Src/stm32f4xx_hal_msp.c **** /* Includes ------------------------------------------------------------------*/
  50:Src/stm32f4xx_hal_msp.c **** #include "stm32f4xx_hal.h"
  51:Src/stm32f4xx_hal_msp.c **** extern void _Error_Handler(char *, int);
  52:Src/stm32f4xx_hal_msp.c **** /* USER CODE BEGIN 0 */
  53:Src/stm32f4xx_hal_msp.c **** 
  54:Src/stm32f4xx_hal_msp.c **** /* USER CODE END 0 */
  55:Src/stm32f4xx_hal_msp.c **** /**
  56:Src/stm32f4xx_hal_msp.c ****   * Initializes the Global MSP.
  57:Src/stm32f4xx_hal_msp.c ****   */
  58:Src/stm32f4xx_hal_msp.c **** void HAL_MspInit(void)
  59:Src/stm32f4xx_hal_msp.c **** {
  29              		.loc 1 59 0
  30              		.cfi_startproc
  31              		@ args = 0, pretend = 0, frame = 8
  32              		@ frame_needed = 0, uses_anonymous_args = 0
  33 0000 10B5     		push	{r4, lr}
  34              	.LCFI0:
  35              		.cfi_def_cfa_offset 8
  36              		.cfi_offset 4, -8
  37              		.cfi_offset 14, -4
  38 0002 82B0     		sub	sp, sp, #8
  39              	.LCFI1:
  40              		.cfi_def_cfa_offset 16
  41              	.LBB2:
  60:Src/stm32f4xx_hal_msp.c ****   /* USER CODE BEGIN MspInit 0 */
  61:Src/stm32f4xx_hal_msp.c **** 
  62:Src/stm32f4xx_hal_msp.c ****   /* USER CODE END MspInit 0 */
  63:Src/stm32f4xx_hal_msp.c **** 
  64:Src/stm32f4xx_hal_msp.c ****   __HAL_RCC_SYSCFG_CLK_ENABLE();
  42              		.loc 1 64 0
  43 0004 0024     		movs	r4, #0
  44 0006 0094     		str	r4, [sp]
  45 0008 214B     		ldr	r3, .L3
  46 000a 5A6C     		ldr	r2, [r3, #68]
  47 000c 42F48042 		orr	r2, r2, #16384
  48 0010 5A64     		str	r2, [r3, #68]
  49 0012 5A6C     		ldr	r2, [r3, #68]
  50 0014 02F48042 		and	r2, r2, #16384
  51 0018 0092     		str	r2, [sp]
ARM GAS  /tmp/ccQGBHUU.s 			page 3


  52 001a 009A     		ldr	r2, [sp]
  53              	.LBE2:
  54              	.LBB3:
  65:Src/stm32f4xx_hal_msp.c ****   __HAL_RCC_PWR_CLK_ENABLE();
  55              		.loc 1 65 0
  56 001c 0194     		str	r4, [sp, #4]
  57 001e 1A6C     		ldr	r2, [r3, #64]
  58 0020 42F08052 		orr	r2, r2, #268435456
  59 0024 1A64     		str	r2, [r3, #64]
  60 0026 1B6C     		ldr	r3, [r3, #64]
  61 0028 03F08053 		and	r3, r3, #268435456
  62 002c 0193     		str	r3, [sp, #4]
  63 002e 019B     		ldr	r3, [sp, #4]
  64              	.LBE3:
  66:Src/stm32f4xx_hal_msp.c **** 
  67:Src/stm32f4xx_hal_msp.c ****   HAL_NVIC_SetPriorityGrouping(NVIC_PRIORITYGROUP_0);
  65              		.loc 1 67 0
  66 0030 0720     		movs	r0, #7
  67 0032 FFF7FEFF 		bl	HAL_NVIC_SetPriorityGrouping
  68              	.LVL0:
  68:Src/stm32f4xx_hal_msp.c **** 
  69:Src/stm32f4xx_hal_msp.c ****   /* System interrupt init*/
  70:Src/stm32f4xx_hal_msp.c ****   /* MemoryManagement_IRQn interrupt configuration */
  71:Src/stm32f4xx_hal_msp.c ****   HAL_NVIC_SetPriority(MemoryManagement_IRQn, 0, 0);
  69              		.loc 1 71 0
  70 0036 6FF00B00 		mvn	r0, #11
  71 003a 2146     		mov	r1, r4
  72 003c 2246     		mov	r2, r4
  73 003e FFF7FEFF 		bl	HAL_NVIC_SetPriority
  74              	.LVL1:
  72:Src/stm32f4xx_hal_msp.c ****   /* BusFault_IRQn interrupt configuration */
  73:Src/stm32f4xx_hal_msp.c ****   HAL_NVIC_SetPriority(BusFault_IRQn, 0, 0);
  75              		.loc 1 73 0
  76 0042 6FF00A00 		mvn	r0, #10
  77 0046 2146     		mov	r1, r4
  78 0048 2246     		mov	r2, r4
  79 004a FFF7FEFF 		bl	HAL_NVIC_SetPriority
  80              	.LVL2:
  74:Src/stm32f4xx_hal_msp.c ****   /* UsageFault_IRQn interrupt configuration */
  75:Src/stm32f4xx_hal_msp.c ****   HAL_NVIC_SetPriority(UsageFault_IRQn, 0, 0);
  81              		.loc 1 75 0
  82 004e 6FF00900 		mvn	r0, #9
  83 0052 2146     		mov	r1, r4
  84 0054 2246     		mov	r2, r4
  85 0056 FFF7FEFF 		bl	HAL_NVIC_SetPriority
  86              	.LVL3:
  76:Src/stm32f4xx_hal_msp.c ****   /* SVCall_IRQn interrupt configuration */
  77:Src/stm32f4xx_hal_msp.c ****   HAL_NVIC_SetPriority(SVCall_IRQn, 0, 0);
  87              		.loc 1 77 0
  88 005a 6FF00400 		mvn	r0, #4
  89 005e 2146     		mov	r1, r4
  90 0060 2246     		mov	r2, r4
  91 0062 FFF7FEFF 		bl	HAL_NVIC_SetPriority
  92              	.LVL4:
  78:Src/stm32f4xx_hal_msp.c ****   /* DebugMonitor_IRQn interrupt configuration */
  79:Src/stm32f4xx_hal_msp.c ****   HAL_NVIC_SetPriority(DebugMonitor_IRQn, 0, 0);
  93              		.loc 1 79 0
ARM GAS  /tmp/ccQGBHUU.s 			page 4


  94 0066 6FF00300 		mvn	r0, #3
  95 006a 2146     		mov	r1, r4
  96 006c 2246     		mov	r2, r4
  97 006e FFF7FEFF 		bl	HAL_NVIC_SetPriority
  98              	.LVL5:
  80:Src/stm32f4xx_hal_msp.c ****   /* PendSV_IRQn interrupt configuration */
  81:Src/stm32f4xx_hal_msp.c ****   HAL_NVIC_SetPriority(PendSV_IRQn, 0, 0);
  99              		.loc 1 81 0
 100 0072 6FF00100 		mvn	r0, #1
 101 0076 2146     		mov	r1, r4
 102 0078 2246     		mov	r2, r4
 103 007a FFF7FEFF 		bl	HAL_NVIC_SetPriority
 104              	.LVL6:
  82:Src/stm32f4xx_hal_msp.c ****   /* SysTick_IRQn interrupt configuration */
  83:Src/stm32f4xx_hal_msp.c ****   HAL_NVIC_SetPriority(SysTick_IRQn, 0, 0);
 105              		.loc 1 83 0
 106 007e 4FF0FF30 		mov	r0, #-1
 107 0082 2146     		mov	r1, r4
 108 0084 2246     		mov	r2, r4
 109 0086 FFF7FEFF 		bl	HAL_NVIC_SetPriority
 110              	.LVL7:
  84:Src/stm32f4xx_hal_msp.c **** 
  85:Src/stm32f4xx_hal_msp.c ****   /* USER CODE BEGIN MspInit 1 */
  86:Src/stm32f4xx_hal_msp.c **** 
  87:Src/stm32f4xx_hal_msp.c ****   /* USER CODE END MspInit 1 */
  88:Src/stm32f4xx_hal_msp.c **** }
 111              		.loc 1 88 0
 112 008a 02B0     		add	sp, sp, #8
 113              	.LCFI2:
 114              		.cfi_def_cfa_offset 8
 115              		@ sp needed
 116 008c 10BD     		pop	{r4, pc}
 117              	.L4:
 118 008e 00BF     		.align	2
 119              	.L3:
 120 0090 00380240 		.word	1073887232
 121              		.cfi_endproc
 122              	.LFE123:
 124              		.section	.text.HAL_I2C_MspInit,"ax",%progbits
 125              		.align	2
 126              		.global	HAL_I2C_MspInit
 127              		.thumb
 128              		.thumb_func
 130              	HAL_I2C_MspInit:
 131              	.LFB124:
  89:Src/stm32f4xx_hal_msp.c **** 
  90:Src/stm32f4xx_hal_msp.c **** void HAL_I2C_MspInit(I2C_HandleTypeDef* hi2c)
  91:Src/stm32f4xx_hal_msp.c **** {
 132              		.loc 1 91 0
 133              		.cfi_startproc
 134              		@ args = 0, pretend = 0, frame = 24
 135              		@ frame_needed = 0, uses_anonymous_args = 0
 136              	.LVL8:
  92:Src/stm32f4xx_hal_msp.c **** 
  93:Src/stm32f4xx_hal_msp.c ****   GPIO_InitTypeDef GPIO_InitStruct;
  94:Src/stm32f4xx_hal_msp.c ****   if(hi2c->Instance==I2C1)
 137              		.loc 1 94 0
ARM GAS  /tmp/ccQGBHUU.s 			page 5


 138 0000 0268     		ldr	r2, [r0]
 139 0002 114B     		ldr	r3, .L9
 140 0004 9A42     		cmp	r2, r3
 141 0006 1ED1     		bne	.L8
  91:Src/stm32f4xx_hal_msp.c **** 
 142              		.loc 1 91 0
 143 0008 10B5     		push	{r4, lr}
 144              	.LCFI3:
 145              		.cfi_def_cfa_offset 8
 146              		.cfi_offset 4, -8
 147              		.cfi_offset 14, -4
 148 000a 86B0     		sub	sp, sp, #24
 149              	.LCFI4:
 150              		.cfi_def_cfa_offset 32
  95:Src/stm32f4xx_hal_msp.c ****   {
  96:Src/stm32f4xx_hal_msp.c ****   /* USER CODE BEGIN I2C1_MspInit 0 */
  97:Src/stm32f4xx_hal_msp.c **** 
  98:Src/stm32f4xx_hal_msp.c ****   /* USER CODE END I2C1_MspInit 0 */
  99:Src/stm32f4xx_hal_msp.c ****   
 100:Src/stm32f4xx_hal_msp.c ****     /**I2C1 GPIO Configuration    
 101:Src/stm32f4xx_hal_msp.c ****     PB6     ------> I2C1_SCL
 102:Src/stm32f4xx_hal_msp.c ****     PB9     ------> I2C1_SDA 
 103:Src/stm32f4xx_hal_msp.c ****     */
 104:Src/stm32f4xx_hal_msp.c ****     GPIO_InitStruct.Pin = Audio_SCL_Pin|Audio_SDA_Pin;
 151              		.loc 1 104 0
 152 000c 4FF41073 		mov	r3, #576
 153 0010 0193     		str	r3, [sp, #4]
 105:Src/stm32f4xx_hal_msp.c ****     GPIO_InitStruct.Mode = GPIO_MODE_AF_OD;
 154              		.loc 1 105 0
 155 0012 1223     		movs	r3, #18
 156 0014 0293     		str	r3, [sp, #8]
 106:Src/stm32f4xx_hal_msp.c ****     GPIO_InitStruct.Pull = GPIO_PULLUP;
 157              		.loc 1 106 0
 158 0016 0123     		movs	r3, #1
 159 0018 0393     		str	r3, [sp, #12]
 107:Src/stm32f4xx_hal_msp.c ****     GPIO_InitStruct.Speed = GPIO_SPEED_FREQ_LOW;
 160              		.loc 1 107 0
 161 001a 0024     		movs	r4, #0
 162 001c 0494     		str	r4, [sp, #16]
 108:Src/stm32f4xx_hal_msp.c ****     GPIO_InitStruct.Alternate = GPIO_AF4_I2C1;
 163              		.loc 1 108 0
 164 001e 0423     		movs	r3, #4
 165 0020 0593     		str	r3, [sp, #20]
 109:Src/stm32f4xx_hal_msp.c ****     HAL_GPIO_Init(GPIOB, &GPIO_InitStruct);
 166              		.loc 1 109 0
 167 0022 0A48     		ldr	r0, .L9+4
 168              	.LVL9:
 169 0024 0DEB0301 		add	r1, sp, r3
 170 0028 FFF7FEFF 		bl	HAL_GPIO_Init
 171              	.LVL10:
 172              	.LBB4:
 110:Src/stm32f4xx_hal_msp.c **** 
 111:Src/stm32f4xx_hal_msp.c ****     /* Peripheral clock enable */
 112:Src/stm32f4xx_hal_msp.c ****     __HAL_RCC_I2C1_CLK_ENABLE();
 173              		.loc 1 112 0
 174 002c 0094     		str	r4, [sp]
 175 002e 084B     		ldr	r3, .L9+8
ARM GAS  /tmp/ccQGBHUU.s 			page 6


 176 0030 1A6C     		ldr	r2, [r3, #64]
 177 0032 42F40012 		orr	r2, r2, #2097152
 178 0036 1A64     		str	r2, [r3, #64]
 179 0038 1B6C     		ldr	r3, [r3, #64]
 180 003a 03F40013 		and	r3, r3, #2097152
 181 003e 0093     		str	r3, [sp]
 182 0040 009B     		ldr	r3, [sp]
 183              	.LBE4:
 113:Src/stm32f4xx_hal_msp.c ****   /* USER CODE BEGIN I2C1_MspInit 1 */
 114:Src/stm32f4xx_hal_msp.c **** 
 115:Src/stm32f4xx_hal_msp.c ****   /* USER CODE END I2C1_MspInit 1 */
 116:Src/stm32f4xx_hal_msp.c ****   }
 117:Src/stm32f4xx_hal_msp.c **** 
 118:Src/stm32f4xx_hal_msp.c **** }
 184              		.loc 1 118 0
 185 0042 06B0     		add	sp, sp, #24
 186              	.LCFI5:
 187              		.cfi_def_cfa_offset 8
 188              		@ sp needed
 189 0044 10BD     		pop	{r4, pc}
 190              	.LVL11:
 191              	.L8:
 192              	.LCFI6:
 193              		.cfi_def_cfa_offset 0
 194              		.cfi_restore 4
 195              		.cfi_restore 14
 196 0046 7047     		bx	lr
 197              	.L10:
 198              		.align	2
 199              	.L9:
 200 0048 00540040 		.word	1073763328
 201 004c 00040240 		.word	1073873920
 202 0050 00380240 		.word	1073887232
 203              		.cfi_endproc
 204              	.LFE124:
 206              		.section	.text.HAL_I2C_MspDeInit,"ax",%progbits
 207              		.align	2
 208              		.global	HAL_I2C_MspDeInit
 209              		.thumb
 210              		.thumb_func
 212              	HAL_I2C_MspDeInit:
 213              	.LFB125:
 119:Src/stm32f4xx_hal_msp.c **** 
 120:Src/stm32f4xx_hal_msp.c **** void HAL_I2C_MspDeInit(I2C_HandleTypeDef* hi2c)
 121:Src/stm32f4xx_hal_msp.c **** {
 214              		.loc 1 121 0
 215              		.cfi_startproc
 216              		@ args = 0, pretend = 0, frame = 0
 217              		@ frame_needed = 0, uses_anonymous_args = 0
 218              	.LVL12:
 219 0000 08B5     		push	{r3, lr}
 220              	.LCFI7:
 221              		.cfi_def_cfa_offset 8
 222              		.cfi_offset 3, -8
 223              		.cfi_offset 14, -4
 122:Src/stm32f4xx_hal_msp.c **** 
 123:Src/stm32f4xx_hal_msp.c ****   if(hi2c->Instance==I2C1)
ARM GAS  /tmp/ccQGBHUU.s 			page 7


 224              		.loc 1 123 0
 225 0002 0268     		ldr	r2, [r0]
 226 0004 064B     		ldr	r3, .L14
 227 0006 9A42     		cmp	r2, r3
 228 0008 09D1     		bne	.L11
 124:Src/stm32f4xx_hal_msp.c ****   {
 125:Src/stm32f4xx_hal_msp.c ****   /* USER CODE BEGIN I2C1_MspDeInit 0 */
 126:Src/stm32f4xx_hal_msp.c **** 
 127:Src/stm32f4xx_hal_msp.c ****   /* USER CODE END I2C1_MspDeInit 0 */
 128:Src/stm32f4xx_hal_msp.c ****     /* Peripheral clock disable */
 129:Src/stm32f4xx_hal_msp.c ****     __HAL_RCC_I2C1_CLK_DISABLE();
 229              		.loc 1 129 0
 230 000a 064A     		ldr	r2, .L14+4
 231 000c 136C     		ldr	r3, [r2, #64]
 232 000e 23F40013 		bic	r3, r3, #2097152
 233 0012 1364     		str	r3, [r2, #64]
 130:Src/stm32f4xx_hal_msp.c ****   
 131:Src/stm32f4xx_hal_msp.c ****     /**I2C1 GPIO Configuration    
 132:Src/stm32f4xx_hal_msp.c ****     PB6     ------> I2C1_SCL
 133:Src/stm32f4xx_hal_msp.c ****     PB9     ------> I2C1_SDA 
 134:Src/stm32f4xx_hal_msp.c ****     */
 135:Src/stm32f4xx_hal_msp.c ****     HAL_GPIO_DeInit(GPIOB, Audio_SCL_Pin|Audio_SDA_Pin);
 234              		.loc 1 135 0
 235 0014 0448     		ldr	r0, .L14+8
 236              	.LVL13:
 237 0016 4FF41071 		mov	r1, #576
 238 001a FFF7FEFF 		bl	HAL_GPIO_DeInit
 239              	.LVL14:
 240              	.L11:
 241 001e 08BD     		pop	{r3, pc}
 242              	.L15:
 243              		.align	2
 244              	.L14:
 245 0020 00540040 		.word	1073763328
 246 0024 00380240 		.word	1073887232
 247 0028 00040240 		.word	1073873920
 248              		.cfi_endproc
 249              	.LFE125:
 251              		.section	.text.HAL_I2S_MspInit,"ax",%progbits
 252              		.align	2
 253              		.global	HAL_I2S_MspInit
 254              		.thumb
 255              		.thumb_func
 257              	HAL_I2S_MspInit:
 258              	.LFB126:
 136:Src/stm32f4xx_hal_msp.c **** 
 137:Src/stm32f4xx_hal_msp.c ****   /* USER CODE BEGIN I2C1_MspDeInit 1 */
 138:Src/stm32f4xx_hal_msp.c **** 
 139:Src/stm32f4xx_hal_msp.c ****   /* USER CODE END I2C1_MspDeInit 1 */
 140:Src/stm32f4xx_hal_msp.c ****   }
 141:Src/stm32f4xx_hal_msp.c **** 
 142:Src/stm32f4xx_hal_msp.c **** }
 143:Src/stm32f4xx_hal_msp.c **** 
 144:Src/stm32f4xx_hal_msp.c **** void HAL_I2S_MspInit(I2S_HandleTypeDef* hi2s)
 145:Src/stm32f4xx_hal_msp.c **** {
 259              		.loc 1 145 0
 260              		.cfi_startproc
ARM GAS  /tmp/ccQGBHUU.s 			page 8


 261              		@ args = 0, pretend = 0, frame = 32
 262              		@ frame_needed = 0, uses_anonymous_args = 0
 263              	.LVL15:
 264 0000 70B5     		push	{r4, r5, r6, lr}
 265              	.LCFI8:
 266              		.cfi_def_cfa_offset 16
 267              		.cfi_offset 4, -16
 268              		.cfi_offset 5, -12
 269              		.cfi_offset 6, -8
 270              		.cfi_offset 14, -4
 271 0002 88B0     		sub	sp, sp, #32
 272              	.LCFI9:
 273              		.cfi_def_cfa_offset 48
 146:Src/stm32f4xx_hal_msp.c **** 
 147:Src/stm32f4xx_hal_msp.c ****   GPIO_InitTypeDef GPIO_InitStruct;
 148:Src/stm32f4xx_hal_msp.c ****   if(hi2s->Instance==SPI2)
 274              		.loc 1 148 0
 275 0004 0368     		ldr	r3, [r0]
 276 0006 274A     		ldr	r2, .L20
 277 0008 9342     		cmp	r3, r2
 278 000a 23D1     		bne	.L17
 279              	.LBB5:
 149:Src/stm32f4xx_hal_msp.c ****   {
 150:Src/stm32f4xx_hal_msp.c ****   /* USER CODE BEGIN SPI2_MspInit 0 */
 151:Src/stm32f4xx_hal_msp.c **** 
 152:Src/stm32f4xx_hal_msp.c ****   /* USER CODE END SPI2_MspInit 0 */
 153:Src/stm32f4xx_hal_msp.c ****     /* Peripheral clock enable */
 154:Src/stm32f4xx_hal_msp.c ****     __HAL_RCC_SPI2_CLK_ENABLE();
 280              		.loc 1 154 0
 281 000c 0024     		movs	r4, #0
 282 000e 0194     		str	r4, [sp, #4]
 283 0010 254B     		ldr	r3, .L20+4
 284 0012 1A6C     		ldr	r2, [r3, #64]
 285 0014 42F48042 		orr	r2, r2, #16384
 286 0018 1A64     		str	r2, [r3, #64]
 287 001a 1B6C     		ldr	r3, [r3, #64]
 288 001c 03F48043 		and	r3, r3, #16384
 289 0020 0193     		str	r3, [sp, #4]
 290 0022 019B     		ldr	r3, [sp, #4]
 291              	.LBE5:
 155:Src/stm32f4xx_hal_msp.c ****   
 156:Src/stm32f4xx_hal_msp.c ****     /**I2S2 GPIO Configuration    
 157:Src/stm32f4xx_hal_msp.c ****     PC3     ------> I2S2_SD
 158:Src/stm32f4xx_hal_msp.c ****     PB10     ------> I2S2_CK
 159:Src/stm32f4xx_hal_msp.c ****     PB12     ------> I2S2_WS 
 160:Src/stm32f4xx_hal_msp.c ****     */
 161:Src/stm32f4xx_hal_msp.c ****     GPIO_InitStruct.Pin = PDM_OUT_Pin;
 292              		.loc 1 161 0
 293 0024 0823     		movs	r3, #8
 294 0026 0393     		str	r3, [sp, #12]
 162:Src/stm32f4xx_hal_msp.c ****     GPIO_InitStruct.Mode = GPIO_MODE_AF_PP;
 295              		.loc 1 162 0
 296 0028 0226     		movs	r6, #2
 297 002a 0496     		str	r6, [sp, #16]
 163:Src/stm32f4xx_hal_msp.c ****     GPIO_InitStruct.Pull = GPIO_NOPULL;
 298              		.loc 1 163 0
 299 002c 0594     		str	r4, [sp, #20]
ARM GAS  /tmp/ccQGBHUU.s 			page 9


 164:Src/stm32f4xx_hal_msp.c ****     GPIO_InitStruct.Speed = GPIO_SPEED_FREQ_LOW;
 300              		.loc 1 164 0
 301 002e 0694     		str	r4, [sp, #24]
 165:Src/stm32f4xx_hal_msp.c ****     GPIO_InitStruct.Alternate = GPIO_AF5_SPI2;
 302              		.loc 1 165 0
 303 0030 0525     		movs	r5, #5
 304 0032 0795     		str	r5, [sp, #28]
 166:Src/stm32f4xx_hal_msp.c ****     HAL_GPIO_Init(PDM_OUT_GPIO_Port, &GPIO_InitStruct);
 305              		.loc 1 166 0
 306 0034 1D48     		ldr	r0, .L20+8
 307              	.LVL16:
 308 0036 03A9     		add	r1, sp, #12
 309 0038 FFF7FEFF 		bl	HAL_GPIO_Init
 310              	.LVL17:
 167:Src/stm32f4xx_hal_msp.c **** 
 168:Src/stm32f4xx_hal_msp.c ****     GPIO_InitStruct.Pin = CLK_IN_Pin|GPIO_PIN_12;
 311              		.loc 1 168 0
 312 003c 4FF4A053 		mov	r3, #5120
 313 0040 0393     		str	r3, [sp, #12]
 169:Src/stm32f4xx_hal_msp.c ****     GPIO_InitStruct.Mode = GPIO_MODE_AF_PP;
 314              		.loc 1 169 0
 315 0042 0496     		str	r6, [sp, #16]
 170:Src/stm32f4xx_hal_msp.c ****     GPIO_InitStruct.Pull = GPIO_NOPULL;
 316              		.loc 1 170 0
 317 0044 0594     		str	r4, [sp, #20]
 171:Src/stm32f4xx_hal_msp.c ****     GPIO_InitStruct.Speed = GPIO_SPEED_FREQ_LOW;
 318              		.loc 1 171 0
 319 0046 0694     		str	r4, [sp, #24]
 172:Src/stm32f4xx_hal_msp.c ****     GPIO_InitStruct.Alternate = GPIO_AF5_SPI2;
 320              		.loc 1 172 0
 321 0048 0795     		str	r5, [sp, #28]
 173:Src/stm32f4xx_hal_msp.c ****     HAL_GPIO_Init(GPIOB, &GPIO_InitStruct);
 322              		.loc 1 173 0
 323 004a 1948     		ldr	r0, .L20+12
 324 004c 03A9     		add	r1, sp, #12
 325 004e FFF7FEFF 		bl	HAL_GPIO_Init
 326              	.LVL18:
 327 0052 25E0     		b	.L16
 328              	.LVL19:
 329              	.L17:
 174:Src/stm32f4xx_hal_msp.c **** 
 175:Src/stm32f4xx_hal_msp.c ****   /* USER CODE BEGIN SPI2_MspInit 1 */
 176:Src/stm32f4xx_hal_msp.c **** 
 177:Src/stm32f4xx_hal_msp.c ****   /* USER CODE END SPI2_MspInit 1 */
 178:Src/stm32f4xx_hal_msp.c ****   }
 179:Src/stm32f4xx_hal_msp.c ****   else if(hi2s->Instance==SPI3)
 330              		.loc 1 179 0
 331 0054 174A     		ldr	r2, .L20+16
 332 0056 9342     		cmp	r3, r2
 333 0058 22D1     		bne	.L16
 334              	.LBB6:
 180:Src/stm32f4xx_hal_msp.c ****   {
 181:Src/stm32f4xx_hal_msp.c ****   /* USER CODE BEGIN SPI3_MspInit 0 */
 182:Src/stm32f4xx_hal_msp.c **** 
 183:Src/stm32f4xx_hal_msp.c ****   /* USER CODE END SPI3_MspInit 0 */
 184:Src/stm32f4xx_hal_msp.c ****     /* Peripheral clock enable */
 185:Src/stm32f4xx_hal_msp.c ****     __HAL_RCC_SPI3_CLK_ENABLE();
ARM GAS  /tmp/ccQGBHUU.s 			page 10


 335              		.loc 1 185 0
 336 005a 0024     		movs	r4, #0
 337 005c 0294     		str	r4, [sp, #8]
 338 005e 124B     		ldr	r3, .L20+4
 339 0060 1A6C     		ldr	r2, [r3, #64]
 340 0062 42F40042 		orr	r2, r2, #32768
 341 0066 1A64     		str	r2, [r3, #64]
 342 0068 1B6C     		ldr	r3, [r3, #64]
 343 006a 03F40043 		and	r3, r3, #32768
 344 006e 0293     		str	r3, [sp, #8]
 345 0070 029B     		ldr	r3, [sp, #8]
 346              	.LBE6:
 186:Src/stm32f4xx_hal_msp.c ****   
 187:Src/stm32f4xx_hal_msp.c ****     /**I2S3 GPIO Configuration    
 188:Src/stm32f4xx_hal_msp.c ****     PA4     ------> I2S3_WS
 189:Src/stm32f4xx_hal_msp.c ****     PC7     ------> I2S3_MCK
 190:Src/stm32f4xx_hal_msp.c ****     PC10     ------> I2S3_CK
 191:Src/stm32f4xx_hal_msp.c ****     PC12     ------> I2S3_SD 
 192:Src/stm32f4xx_hal_msp.c ****     */
 193:Src/stm32f4xx_hal_msp.c ****     GPIO_InitStruct.Pin = I2S3_WS_Pin;
 347              		.loc 1 193 0
 348 0072 1023     		movs	r3, #16
 349 0074 0393     		str	r3, [sp, #12]
 194:Src/stm32f4xx_hal_msp.c ****     GPIO_InitStruct.Mode = GPIO_MODE_AF_PP;
 350              		.loc 1 194 0
 351 0076 0226     		movs	r6, #2
 352 0078 0496     		str	r6, [sp, #16]
 195:Src/stm32f4xx_hal_msp.c ****     GPIO_InitStruct.Pull = GPIO_NOPULL;
 353              		.loc 1 195 0
 354 007a 0594     		str	r4, [sp, #20]
 196:Src/stm32f4xx_hal_msp.c ****     GPIO_InitStruct.Speed = GPIO_SPEED_FREQ_LOW;
 355              		.loc 1 196 0
 356 007c 0694     		str	r4, [sp, #24]
 197:Src/stm32f4xx_hal_msp.c ****     GPIO_InitStruct.Alternate = GPIO_AF6_SPI3;
 357              		.loc 1 197 0
 358 007e 0625     		movs	r5, #6
 359 0080 0795     		str	r5, [sp, #28]
 198:Src/stm32f4xx_hal_msp.c ****     HAL_GPIO_Init(I2S3_WS_GPIO_Port, &GPIO_InitStruct);
 360              		.loc 1 198 0
 361 0082 0D48     		ldr	r0, .L20+20
 362              	.LVL20:
 363 0084 03A9     		add	r1, sp, #12
 364 0086 FFF7FEFF 		bl	HAL_GPIO_Init
 365              	.LVL21:
 199:Src/stm32f4xx_hal_msp.c **** 
 200:Src/stm32f4xx_hal_msp.c ****     GPIO_InitStruct.Pin = I2S3_MCK_Pin|I2S3_SCK_Pin|I2S3_SD_Pin;
 366              		.loc 1 200 0
 367 008a 4FF4A453 		mov	r3, #5248
 368 008e 0393     		str	r3, [sp, #12]
 201:Src/stm32f4xx_hal_msp.c ****     GPIO_InitStruct.Mode = GPIO_MODE_AF_PP;
 369              		.loc 1 201 0
 370 0090 0496     		str	r6, [sp, #16]
 202:Src/stm32f4xx_hal_msp.c ****     GPIO_InitStruct.Pull = GPIO_NOPULL;
 371              		.loc 1 202 0
 372 0092 0594     		str	r4, [sp, #20]
 203:Src/stm32f4xx_hal_msp.c ****     GPIO_InitStruct.Speed = GPIO_SPEED_FREQ_LOW;
 373              		.loc 1 203 0
ARM GAS  /tmp/ccQGBHUU.s 			page 11


 374 0094 0694     		str	r4, [sp, #24]
 204:Src/stm32f4xx_hal_msp.c ****     GPIO_InitStruct.Alternate = GPIO_AF6_SPI3;
 375              		.loc 1 204 0
 376 0096 0795     		str	r5, [sp, #28]
 205:Src/stm32f4xx_hal_msp.c ****     HAL_GPIO_Init(GPIOC, &GPIO_InitStruct);
 377              		.loc 1 205 0
 378 0098 0448     		ldr	r0, .L20+8
 379 009a 03A9     		add	r1, sp, #12
 380 009c FFF7FEFF 		bl	HAL_GPIO_Init
 381              	.LVL22:
 382              	.L16:
 206:Src/stm32f4xx_hal_msp.c **** 
 207:Src/stm32f4xx_hal_msp.c ****   /* USER CODE BEGIN SPI3_MspInit 1 */
 208:Src/stm32f4xx_hal_msp.c **** 
 209:Src/stm32f4xx_hal_msp.c ****   /* USER CODE END SPI3_MspInit 1 */
 210:Src/stm32f4xx_hal_msp.c ****   }
 211:Src/stm32f4xx_hal_msp.c **** 
 212:Src/stm32f4xx_hal_msp.c **** }
 383              		.loc 1 212 0
 384 00a0 08B0     		add	sp, sp, #32
 385              	.LCFI10:
 386              		.cfi_def_cfa_offset 16
 387              		@ sp needed
 388 00a2 70BD     		pop	{r4, r5, r6, pc}
 389              	.L21:
 390              		.align	2
 391              	.L20:
 392 00a4 00380040 		.word	1073756160
 393 00a8 00380240 		.word	1073887232
 394 00ac 00080240 		.word	1073874944
 395 00b0 00040240 		.word	1073873920
 396 00b4 003C0040 		.word	1073757184
 397 00b8 00000240 		.word	1073872896
 398              		.cfi_endproc
 399              	.LFE126:
 401              		.section	.text.HAL_I2S_MspDeInit,"ax",%progbits
 402              		.align	2
 403              		.global	HAL_I2S_MspDeInit
 404              		.thumb
 405              		.thumb_func
 407              	HAL_I2S_MspDeInit:
 408              	.LFB127:
 213:Src/stm32f4xx_hal_msp.c **** 
 214:Src/stm32f4xx_hal_msp.c **** void HAL_I2S_MspDeInit(I2S_HandleTypeDef* hi2s)
 215:Src/stm32f4xx_hal_msp.c **** {
 409              		.loc 1 215 0
 410              		.cfi_startproc
 411              		@ args = 0, pretend = 0, frame = 0
 412              		@ frame_needed = 0, uses_anonymous_args = 0
 413              	.LVL23:
 414 0000 08B5     		push	{r3, lr}
 415              	.LCFI11:
 416              		.cfi_def_cfa_offset 8
 417              		.cfi_offset 3, -8
 418              		.cfi_offset 14, -4
 216:Src/stm32f4xx_hal_msp.c **** 
 217:Src/stm32f4xx_hal_msp.c ****   if(hi2s->Instance==SPI2)
ARM GAS  /tmp/ccQGBHUU.s 			page 12


 419              		.loc 1 217 0
 420 0002 0368     		ldr	r3, [r0]
 421 0004 124A     		ldr	r2, .L26
 422 0006 9342     		cmp	r3, r2
 423 0008 0FD1     		bne	.L23
 218:Src/stm32f4xx_hal_msp.c ****   {
 219:Src/stm32f4xx_hal_msp.c ****   /* USER CODE BEGIN SPI2_MspDeInit 0 */
 220:Src/stm32f4xx_hal_msp.c **** 
 221:Src/stm32f4xx_hal_msp.c ****   /* USER CODE END SPI2_MspDeInit 0 */
 222:Src/stm32f4xx_hal_msp.c ****     /* Peripheral clock disable */
 223:Src/stm32f4xx_hal_msp.c ****     __HAL_RCC_SPI2_CLK_DISABLE();
 424              		.loc 1 223 0
 425 000a 02F50032 		add	r2, r2, #131072
 426 000e 136C     		ldr	r3, [r2, #64]
 427 0010 23F48043 		bic	r3, r3, #16384
 428 0014 1364     		str	r3, [r2, #64]
 224:Src/stm32f4xx_hal_msp.c ****   
 225:Src/stm32f4xx_hal_msp.c ****     /**I2S2 GPIO Configuration    
 226:Src/stm32f4xx_hal_msp.c ****     PC3     ------> I2S2_SD
 227:Src/stm32f4xx_hal_msp.c ****     PB10     ------> I2S2_CK
 228:Src/stm32f4xx_hal_msp.c ****     PB12     ------> I2S2_WS 
 229:Src/stm32f4xx_hal_msp.c ****     */
 230:Src/stm32f4xx_hal_msp.c ****     HAL_GPIO_DeInit(PDM_OUT_GPIO_Port, PDM_OUT_Pin);
 429              		.loc 1 230 0
 430 0016 0F48     		ldr	r0, .L26+4
 431              	.LVL24:
 432 0018 0821     		movs	r1, #8
 433 001a FFF7FEFF 		bl	HAL_GPIO_DeInit
 434              	.LVL25:
 231:Src/stm32f4xx_hal_msp.c **** 
 232:Src/stm32f4xx_hal_msp.c ****     HAL_GPIO_DeInit(GPIOB, CLK_IN_Pin|GPIO_PIN_12);
 435              		.loc 1 232 0
 436 001e 0E48     		ldr	r0, .L26+8
 437 0020 4FF4A051 		mov	r1, #5120
 438 0024 FFF7FEFF 		bl	HAL_GPIO_DeInit
 439              	.LVL26:
 440 0028 08BD     		pop	{r3, pc}
 441              	.LVL27:
 442              	.L23:
 233:Src/stm32f4xx_hal_msp.c **** 
 234:Src/stm32f4xx_hal_msp.c ****   /* USER CODE BEGIN SPI2_MspDeInit 1 */
 235:Src/stm32f4xx_hal_msp.c **** 
 236:Src/stm32f4xx_hal_msp.c ****   /* USER CODE END SPI2_MspDeInit 1 */
 237:Src/stm32f4xx_hal_msp.c ****   }
 238:Src/stm32f4xx_hal_msp.c ****   else if(hi2s->Instance==SPI3)
 443              		.loc 1 238 0
 444 002a 0C4A     		ldr	r2, .L26+12
 445 002c 9342     		cmp	r3, r2
 446 002e 0ED1     		bne	.L22
 239:Src/stm32f4xx_hal_msp.c ****   {
 240:Src/stm32f4xx_hal_msp.c ****   /* USER CODE BEGIN SPI3_MspDeInit 0 */
 241:Src/stm32f4xx_hal_msp.c **** 
 242:Src/stm32f4xx_hal_msp.c ****   /* USER CODE END SPI3_MspDeInit 0 */
 243:Src/stm32f4xx_hal_msp.c ****     /* Peripheral clock disable */
 244:Src/stm32f4xx_hal_msp.c ****     __HAL_RCC_SPI3_CLK_DISABLE();
 447              		.loc 1 244 0
 448 0030 02F5FE32 		add	r2, r2, #130048
ARM GAS  /tmp/ccQGBHUU.s 			page 13


 449 0034 136C     		ldr	r3, [r2, #64]
 450 0036 23F40043 		bic	r3, r3, #32768
 451 003a 1364     		str	r3, [r2, #64]
 245:Src/stm32f4xx_hal_msp.c ****   
 246:Src/stm32f4xx_hal_msp.c ****     /**I2S3 GPIO Configuration    
 247:Src/stm32f4xx_hal_msp.c ****     PA4     ------> I2S3_WS
 248:Src/stm32f4xx_hal_msp.c ****     PC7     ------> I2S3_MCK
 249:Src/stm32f4xx_hal_msp.c ****     PC10     ------> I2S3_CK
 250:Src/stm32f4xx_hal_msp.c ****     PC12     ------> I2S3_SD 
 251:Src/stm32f4xx_hal_msp.c ****     */
 252:Src/stm32f4xx_hal_msp.c ****     HAL_GPIO_DeInit(I2S3_WS_GPIO_Port, I2S3_WS_Pin);
 452              		.loc 1 252 0
 453 003c 0848     		ldr	r0, .L26+16
 454              	.LVL28:
 455 003e 1021     		movs	r1, #16
 456 0040 FFF7FEFF 		bl	HAL_GPIO_DeInit
 457              	.LVL29:
 253:Src/stm32f4xx_hal_msp.c **** 
 254:Src/stm32f4xx_hal_msp.c ****     HAL_GPIO_DeInit(GPIOC, I2S3_MCK_Pin|I2S3_SCK_Pin|I2S3_SD_Pin);
 458              		.loc 1 254 0
 459 0044 0348     		ldr	r0, .L26+4
 460 0046 4FF4A451 		mov	r1, #5248
 461 004a FFF7FEFF 		bl	HAL_GPIO_DeInit
 462              	.LVL30:
 463              	.L22:
 464 004e 08BD     		pop	{r3, pc}
 465              	.L27:
 466              		.align	2
 467              	.L26:
 468 0050 00380040 		.word	1073756160
 469 0054 00080240 		.word	1073874944
 470 0058 00040240 		.word	1073873920
 471 005c 003C0040 		.word	1073757184
 472 0060 00000240 		.word	1073872896
 473              		.cfi_endproc
 474              	.LFE127:
 476              		.section	.text.HAL_SPI_MspInit,"ax",%progbits
 477              		.align	2
 478              		.global	HAL_SPI_MspInit
 479              		.thumb
 480              		.thumb_func
 482              	HAL_SPI_MspInit:
 483              	.LFB128:
 255:Src/stm32f4xx_hal_msp.c **** 
 256:Src/stm32f4xx_hal_msp.c ****   /* USER CODE BEGIN SPI3_MspDeInit 1 */
 257:Src/stm32f4xx_hal_msp.c **** 
 258:Src/stm32f4xx_hal_msp.c ****   /* USER CODE END SPI3_MspDeInit 1 */
 259:Src/stm32f4xx_hal_msp.c ****   }
 260:Src/stm32f4xx_hal_msp.c **** 
 261:Src/stm32f4xx_hal_msp.c **** }
 262:Src/stm32f4xx_hal_msp.c **** 
 263:Src/stm32f4xx_hal_msp.c **** void HAL_SPI_MspInit(SPI_HandleTypeDef* hspi)
 264:Src/stm32f4xx_hal_msp.c **** {
 484              		.loc 1 264 0
 485              		.cfi_startproc
 486              		@ args = 0, pretend = 0, frame = 24
 487              		@ frame_needed = 0, uses_anonymous_args = 0
ARM GAS  /tmp/ccQGBHUU.s 			page 14


 488              	.LVL31:
 265:Src/stm32f4xx_hal_msp.c **** 
 266:Src/stm32f4xx_hal_msp.c ****   GPIO_InitTypeDef GPIO_InitStruct;
 267:Src/stm32f4xx_hal_msp.c ****   if(hspi->Instance==SPI1)
 489              		.loc 1 267 0
 490 0000 0268     		ldr	r2, [r0]
 491 0002 114B     		ldr	r3, .L32
 492 0004 9A42     		cmp	r2, r3
 493 0006 1ED1     		bne	.L31
 264:Src/stm32f4xx_hal_msp.c **** 
 494              		.loc 1 264 0
 495 0008 00B5     		push	{lr}
 496              	.LCFI12:
 497              		.cfi_def_cfa_offset 4
 498              		.cfi_offset 14, -4
 499 000a 87B0     		sub	sp, sp, #28
 500              	.LCFI13:
 501              		.cfi_def_cfa_offset 32
 502              	.LBB7:
 268:Src/stm32f4xx_hal_msp.c ****   {
 269:Src/stm32f4xx_hal_msp.c ****   /* USER CODE BEGIN SPI1_MspInit 0 */
 270:Src/stm32f4xx_hal_msp.c **** 
 271:Src/stm32f4xx_hal_msp.c ****   /* USER CODE END SPI1_MspInit 0 */
 272:Src/stm32f4xx_hal_msp.c ****     /* Peripheral clock enable */
 273:Src/stm32f4xx_hal_msp.c ****     __HAL_RCC_SPI1_CLK_ENABLE();
 503              		.loc 1 273 0
 504 000c 0021     		movs	r1, #0
 505 000e 0091     		str	r1, [sp]
 506 0010 03F58433 		add	r3, r3, #67584
 507 0014 5A6C     		ldr	r2, [r3, #68]
 508 0016 42F48052 		orr	r2, r2, #4096
 509 001a 5A64     		str	r2, [r3, #68]
 510 001c 5B6C     		ldr	r3, [r3, #68]
 511 001e 03F48053 		and	r3, r3, #4096
 512 0022 0093     		str	r3, [sp]
 513 0024 009B     		ldr	r3, [sp]
 514              	.LBE7:
 274:Src/stm32f4xx_hal_msp.c ****   
 275:Src/stm32f4xx_hal_msp.c ****     /**SPI1 GPIO Configuration    
 276:Src/stm32f4xx_hal_msp.c ****     PA5     ------> SPI1_SCK
 277:Src/stm32f4xx_hal_msp.c ****     PA6     ------> SPI1_MISO
 278:Src/stm32f4xx_hal_msp.c ****     PA7     ------> SPI1_MOSI 
 279:Src/stm32f4xx_hal_msp.c ****     */
 280:Src/stm32f4xx_hal_msp.c ****     GPIO_InitStruct.Pin = SPI1_SCK_Pin|SPI1_MISO_Pin|SPI1_MISOA7_Pin;
 515              		.loc 1 280 0
 516 0026 E023     		movs	r3, #224
 517 0028 0193     		str	r3, [sp, #4]
 281:Src/stm32f4xx_hal_msp.c ****     GPIO_InitStruct.Mode = GPIO_MODE_AF_PP;
 518              		.loc 1 281 0
 519 002a 0223     		movs	r3, #2
 520 002c 0293     		str	r3, [sp, #8]
 282:Src/stm32f4xx_hal_msp.c ****     GPIO_InitStruct.Pull = GPIO_NOPULL;
 521              		.loc 1 282 0
 522 002e 0391     		str	r1, [sp, #12]
 283:Src/stm32f4xx_hal_msp.c ****     GPIO_InitStruct.Speed = GPIO_SPEED_FREQ_VERY_HIGH;
 523              		.loc 1 283 0
 524 0030 0323     		movs	r3, #3
ARM GAS  /tmp/ccQGBHUU.s 			page 15


 525 0032 0493     		str	r3, [sp, #16]
 284:Src/stm32f4xx_hal_msp.c ****     GPIO_InitStruct.Alternate = GPIO_AF5_SPI1;
 526              		.loc 1 284 0
 527 0034 0523     		movs	r3, #5
 528 0036 0593     		str	r3, [sp, #20]
 285:Src/stm32f4xx_hal_msp.c ****     HAL_GPIO_Init(GPIOA, &GPIO_InitStruct);
 529              		.loc 1 285 0
 530 0038 0448     		ldr	r0, .L32+4
 531              	.LVL32:
 532 003a 01A9     		add	r1, sp, #4
 533 003c FFF7FEFF 		bl	HAL_GPIO_Init
 534              	.LVL33:
 286:Src/stm32f4xx_hal_msp.c **** 
 287:Src/stm32f4xx_hal_msp.c ****   /* USER CODE BEGIN SPI1_MspInit 1 */
 288:Src/stm32f4xx_hal_msp.c **** 
 289:Src/stm32f4xx_hal_msp.c ****   /* USER CODE END SPI1_MspInit 1 */
 290:Src/stm32f4xx_hal_msp.c ****   }
 291:Src/stm32f4xx_hal_msp.c **** 
 292:Src/stm32f4xx_hal_msp.c **** }
 535              		.loc 1 292 0
 536 0040 07B0     		add	sp, sp, #28
 537              	.LCFI14:
 538              		.cfi_def_cfa_offset 4
 539              		@ sp needed
 540 0042 5DF804FB 		ldr	pc, [sp], #4
 541              	.LVL34:
 542              	.L31:
 543              	.LCFI15:
 544              		.cfi_def_cfa_offset 0
 545              		.cfi_restore 14
 546 0046 7047     		bx	lr
 547              	.L33:
 548              		.align	2
 549              	.L32:
 550 0048 00300140 		.word	1073819648
 551 004c 00000240 		.word	1073872896
 552              		.cfi_endproc
 553              	.LFE128:
 555              		.section	.text.HAL_SPI_MspDeInit,"ax",%progbits
 556              		.align	2
 557              		.global	HAL_SPI_MspDeInit
 558              		.thumb
 559              		.thumb_func
 561              	HAL_SPI_MspDeInit:
 562              	.LFB129:
 293:Src/stm32f4xx_hal_msp.c **** 
 294:Src/stm32f4xx_hal_msp.c **** void HAL_SPI_MspDeInit(SPI_HandleTypeDef* hspi)
 295:Src/stm32f4xx_hal_msp.c **** {
 563              		.loc 1 295 0
 564              		.cfi_startproc
 565              		@ args = 0, pretend = 0, frame = 0
 566              		@ frame_needed = 0, uses_anonymous_args = 0
 567              	.LVL35:
 568 0000 08B5     		push	{r3, lr}
 569              	.LCFI16:
 570              		.cfi_def_cfa_offset 8
 571              		.cfi_offset 3, -8
ARM GAS  /tmp/ccQGBHUU.s 			page 16


 572              		.cfi_offset 14, -4
 296:Src/stm32f4xx_hal_msp.c **** 
 297:Src/stm32f4xx_hal_msp.c ****   if(hspi->Instance==SPI1)
 573              		.loc 1 297 0
 574 0002 0268     		ldr	r2, [r0]
 575 0004 064B     		ldr	r3, .L37
 576 0006 9A42     		cmp	r2, r3
 577 0008 08D1     		bne	.L34
 298:Src/stm32f4xx_hal_msp.c ****   {
 299:Src/stm32f4xx_hal_msp.c ****   /* USER CODE BEGIN SPI1_MspDeInit 0 */
 300:Src/stm32f4xx_hal_msp.c **** 
 301:Src/stm32f4xx_hal_msp.c ****   /* USER CODE END SPI1_MspDeInit 0 */
 302:Src/stm32f4xx_hal_msp.c ****     /* Peripheral clock disable */
 303:Src/stm32f4xx_hal_msp.c ****     __HAL_RCC_SPI1_CLK_DISABLE();
 578              		.loc 1 303 0
 579 000a 064A     		ldr	r2, .L37+4
 580 000c 536C     		ldr	r3, [r2, #68]
 581 000e 23F48053 		bic	r3, r3, #4096
 582 0012 5364     		str	r3, [r2, #68]
 304:Src/stm32f4xx_hal_msp.c ****   
 305:Src/stm32f4xx_hal_msp.c ****     /**SPI1 GPIO Configuration    
 306:Src/stm32f4xx_hal_msp.c ****     PA5     ------> SPI1_SCK
 307:Src/stm32f4xx_hal_msp.c ****     PA6     ------> SPI1_MISO
 308:Src/stm32f4xx_hal_msp.c ****     PA7     ------> SPI1_MOSI 
 309:Src/stm32f4xx_hal_msp.c ****     */
 310:Src/stm32f4xx_hal_msp.c ****     HAL_GPIO_DeInit(GPIOA, SPI1_SCK_Pin|SPI1_MISO_Pin|SPI1_MISOA7_Pin);
 583              		.loc 1 310 0
 584 0014 0448     		ldr	r0, .L37+8
 585              	.LVL36:
 586 0016 E021     		movs	r1, #224
 587 0018 FFF7FEFF 		bl	HAL_GPIO_DeInit
 588              	.LVL37:
 589              	.L34:
 590 001c 08BD     		pop	{r3, pc}
 591              	.L38:
 592 001e 00BF     		.align	2
 593              	.L37:
 594 0020 00300140 		.word	1073819648
 595 0024 00380240 		.word	1073887232
 596 0028 00000240 		.word	1073872896
 597              		.cfi_endproc
 598              	.LFE129:
 600              		.text
 601              	.Letext0:
 602              		.file 2 "Drivers/CMSIS/Device/ST/STM32F4xx/Include/stm32f401xc.h"
 603              		.file 3 "/usr/include/newlib/machine/_default_types.h"
 604              		.file 4 "/usr/include/newlib/sys/_stdint.h"
 605              		.file 5 "Drivers/STM32F4xx_HAL_Driver/Inc/stm32f4xx_hal_def.h"
 606              		.file 6 "Inc/stm32f4xx_hal_gpio.h"
 607              		.file 7 "Drivers/STM32F4xx_HAL_Driver/Inc/stm32f4xx_hal_dma.h"
 608              		.file 8 "Drivers/STM32F4xx_HAL_Driver/Inc/stm32f4xx_hal_i2c.h"
 609              		.file 9 "Drivers/STM32F4xx_HAL_Driver/Inc/stm32f4xx_hal_i2s.h"
 610              		.file 10 "Drivers/STM32F4xx_HAL_Driver/Inc/stm32f4xx_hal_spi.h"
 611              		.file 11 "Drivers/STM32F4xx_HAL_Driver/Inc/stm32f4xx_hal_cortex.h"
 612              		.file 12 "Drivers/CMSIS/Include/core_cm4.h"
ARM GAS  /tmp/ccQGBHUU.s 			page 17


DEFINED SYMBOLS
                            *ABS*:0000000000000000 stm32f4xx_hal_msp.c
     /tmp/ccQGBHUU.s:21     .text.HAL_MspInit:0000000000000000 $t
     /tmp/ccQGBHUU.s:26     .text.HAL_MspInit:0000000000000000 HAL_MspInit
     /tmp/ccQGBHUU.s:120    .text.HAL_MspInit:0000000000000090 $d
     /tmp/ccQGBHUU.s:125    .text.HAL_I2C_MspInit:0000000000000000 $t
     /tmp/ccQGBHUU.s:130    .text.HAL_I2C_MspInit:0000000000000000 HAL_I2C_MspInit
     /tmp/ccQGBHUU.s:200    .text.HAL_I2C_MspInit:0000000000000048 $d
     /tmp/ccQGBHUU.s:207    .text.HAL_I2C_MspDeInit:0000000000000000 $t
     /tmp/ccQGBHUU.s:212    .text.HAL_I2C_MspDeInit:0000000000000000 HAL_I2C_MspDeInit
     /tmp/ccQGBHUU.s:245    .text.HAL_I2C_MspDeInit:0000000000000020 $d
     /tmp/ccQGBHUU.s:252    .text.HAL_I2S_MspInit:0000000000000000 $t
     /tmp/ccQGBHUU.s:257    .text.HAL_I2S_MspInit:0000000000000000 HAL_I2S_MspInit
     /tmp/ccQGBHUU.s:392    .text.HAL_I2S_MspInit:00000000000000a4 $d
     /tmp/ccQGBHUU.s:402    .text.HAL_I2S_MspDeInit:0000000000000000 $t
     /tmp/ccQGBHUU.s:407    .text.HAL_I2S_MspDeInit:0000000000000000 HAL_I2S_MspDeInit
     /tmp/ccQGBHUU.s:468    .text.HAL_I2S_MspDeInit:0000000000000050 $d
     /tmp/ccQGBHUU.s:477    .text.HAL_SPI_MspInit:0000000000000000 $t
     /tmp/ccQGBHUU.s:482    .text.HAL_SPI_MspInit:0000000000000000 HAL_SPI_MspInit
     /tmp/ccQGBHUU.s:550    .text.HAL_SPI_MspInit:0000000000000048 $d
     /tmp/ccQGBHUU.s:556    .text.HAL_SPI_MspDeInit:0000000000000000 $t
     /tmp/ccQGBHUU.s:561    .text.HAL_SPI_MspDeInit:0000000000000000 HAL_SPI_MspDeInit
     /tmp/ccQGBHUU.s:594    .text.HAL_SPI_MspDeInit:0000000000000020 $d
                     .debug_frame:0000000000000010 $d

UNDEFINED SYMBOLS
HAL_NVIC_SetPriorityGrouping
HAL_NVIC_SetPriority
HAL_GPIO_Init
HAL_GPIO_DeInit
