ARM GAS  /tmp/ccFhHkw7.s 			page 1


   1              		.syntax unified
   2              		.cpu cortex-m4
   3              		.eabi_attribute 27, 1
   4              		.eabi_attribute 28, 1
   5              		.fpu fpv4-sp-d16
   6              		.eabi_attribute 20, 1
   7              		.eabi_attribute 21, 1
   8              		.eabi_attribute 23, 3
   9              		.eabi_attribute 24, 1
  10              		.eabi_attribute 25, 1
  11              		.eabi_attribute 26, 1
  12              		.eabi_attribute 30, 1
  13              		.eabi_attribute 34, 1
  14              		.eabi_attribute 18, 4
  15              		.thumb
  16              		.file	"usbh_ioreq.c"
  17              		.text
  18              	.Ltext0:
  19              		.cfi_sections	.debug_frame
  20              		.section	.text.USBH_CtlSendSetup,"ax",%progbits
  21              		.align	2
  22              		.global	USBH_CtlSendSetup
  23              		.thumb
  24              		.thumb_func
  26              	USBH_CtlSendSetup:
  27              	.LFB123:
  28              		.file 1 "Middlewares/ST/STM32_USB_Host_Library/Core/Src/usbh_ioreq.c"
   1:Middlewares/ST/STM32_USB_Host_Library/Core/Src/usbh_ioreq.c **** /** 
   2:Middlewares/ST/STM32_USB_Host_Library/Core/Src/usbh_ioreq.c ****   ******************************************************************************
   3:Middlewares/ST/STM32_USB_Host_Library/Core/Src/usbh_ioreq.c ****   * @file    usbh_ioreq.c 
   4:Middlewares/ST/STM32_USB_Host_Library/Core/Src/usbh_ioreq.c ****   * @author  MCD Application Team
   5:Middlewares/ST/STM32_USB_Host_Library/Core/Src/usbh_ioreq.c ****   * @version V3.2.2
   6:Middlewares/ST/STM32_USB_Host_Library/Core/Src/usbh_ioreq.c ****   * @date    07-July-2015
   7:Middlewares/ST/STM32_USB_Host_Library/Core/Src/usbh_ioreq.c ****   * @brief   This file handles the issuing of the USB transactions
   8:Middlewares/ST/STM32_USB_Host_Library/Core/Src/usbh_ioreq.c ****   ******************************************************************************
   9:Middlewares/ST/STM32_USB_Host_Library/Core/Src/usbh_ioreq.c ****   * @attention
  10:Middlewares/ST/STM32_USB_Host_Library/Core/Src/usbh_ioreq.c ****   *
  11:Middlewares/ST/STM32_USB_Host_Library/Core/Src/usbh_ioreq.c ****   * <h2><center>&copy; COPYRIGHT 2015 STMicroelectronics</center></h2>
  12:Middlewares/ST/STM32_USB_Host_Library/Core/Src/usbh_ioreq.c ****   *
  13:Middlewares/ST/STM32_USB_Host_Library/Core/Src/usbh_ioreq.c ****   * Licensed under MCD-ST Liberty SW License Agreement V2, (the "License");
  14:Middlewares/ST/STM32_USB_Host_Library/Core/Src/usbh_ioreq.c ****   * You may not use this file except in compliance with the License.
  15:Middlewares/ST/STM32_USB_Host_Library/Core/Src/usbh_ioreq.c ****   * You may obtain a copy of the License at:
  16:Middlewares/ST/STM32_USB_Host_Library/Core/Src/usbh_ioreq.c ****   *
  17:Middlewares/ST/STM32_USB_Host_Library/Core/Src/usbh_ioreq.c ****   *        http://www.st.com/software_license_agreement_liberty_v2
  18:Middlewares/ST/STM32_USB_Host_Library/Core/Src/usbh_ioreq.c ****   *
  19:Middlewares/ST/STM32_USB_Host_Library/Core/Src/usbh_ioreq.c ****   * Unless required by applicable law or agreed to in writing, software 
  20:Middlewares/ST/STM32_USB_Host_Library/Core/Src/usbh_ioreq.c ****   * distributed under the License is distributed on an "AS IS" BASIS, 
  21:Middlewares/ST/STM32_USB_Host_Library/Core/Src/usbh_ioreq.c ****   * WITHOUT WARRANTIES OR CONDITIONS OF ANY KIND, either express or implied.
  22:Middlewares/ST/STM32_USB_Host_Library/Core/Src/usbh_ioreq.c ****   * See the License for the specific language governing permissions and
  23:Middlewares/ST/STM32_USB_Host_Library/Core/Src/usbh_ioreq.c ****   * limitations under the License.
  24:Middlewares/ST/STM32_USB_Host_Library/Core/Src/usbh_ioreq.c ****   *
  25:Middlewares/ST/STM32_USB_Host_Library/Core/Src/usbh_ioreq.c ****   ******************************************************************************
  26:Middlewares/ST/STM32_USB_Host_Library/Core/Src/usbh_ioreq.c ****   */ 
  27:Middlewares/ST/STM32_USB_Host_Library/Core/Src/usbh_ioreq.c **** /* Includes ------------------------------------------------------------------*/
  28:Middlewares/ST/STM32_USB_Host_Library/Core/Src/usbh_ioreq.c **** 
  29:Middlewares/ST/STM32_USB_Host_Library/Core/Src/usbh_ioreq.c **** #include "usbh_ioreq.h"
  30:Middlewares/ST/STM32_USB_Host_Library/Core/Src/usbh_ioreq.c **** 
ARM GAS  /tmp/ccFhHkw7.s 			page 2


  31:Middlewares/ST/STM32_USB_Host_Library/Core/Src/usbh_ioreq.c **** /** @addtogroup USBH_LIB
  32:Middlewares/ST/STM32_USB_Host_Library/Core/Src/usbh_ioreq.c ****   * @{
  33:Middlewares/ST/STM32_USB_Host_Library/Core/Src/usbh_ioreq.c ****   */
  34:Middlewares/ST/STM32_USB_Host_Library/Core/Src/usbh_ioreq.c **** 
  35:Middlewares/ST/STM32_USB_Host_Library/Core/Src/usbh_ioreq.c **** /** @addtogroup USBH_LIB_CORE
  36:Middlewares/ST/STM32_USB_Host_Library/Core/Src/usbh_ioreq.c **** * @{
  37:Middlewares/ST/STM32_USB_Host_Library/Core/Src/usbh_ioreq.c **** */
  38:Middlewares/ST/STM32_USB_Host_Library/Core/Src/usbh_ioreq.c ****   
  39:Middlewares/ST/STM32_USB_Host_Library/Core/Src/usbh_ioreq.c **** /** @defgroup USBH_IOREQ 
  40:Middlewares/ST/STM32_USB_Host_Library/Core/Src/usbh_ioreq.c ****   * @brief This file handles the standard protocol processing (USB v2.0)
  41:Middlewares/ST/STM32_USB_Host_Library/Core/Src/usbh_ioreq.c ****   * @{
  42:Middlewares/ST/STM32_USB_Host_Library/Core/Src/usbh_ioreq.c ****   */
  43:Middlewares/ST/STM32_USB_Host_Library/Core/Src/usbh_ioreq.c **** 
  44:Middlewares/ST/STM32_USB_Host_Library/Core/Src/usbh_ioreq.c **** 
  45:Middlewares/ST/STM32_USB_Host_Library/Core/Src/usbh_ioreq.c **** /** @defgroup USBH_IOREQ_Private_Defines
  46:Middlewares/ST/STM32_USB_Host_Library/Core/Src/usbh_ioreq.c ****   * @{
  47:Middlewares/ST/STM32_USB_Host_Library/Core/Src/usbh_ioreq.c ****   */ 
  48:Middlewares/ST/STM32_USB_Host_Library/Core/Src/usbh_ioreq.c **** 
  49:Middlewares/ST/STM32_USB_Host_Library/Core/Src/usbh_ioreq.c **** /**
  50:Middlewares/ST/STM32_USB_Host_Library/Core/Src/usbh_ioreq.c ****   * @}
  51:Middlewares/ST/STM32_USB_Host_Library/Core/Src/usbh_ioreq.c ****   */ 
  52:Middlewares/ST/STM32_USB_Host_Library/Core/Src/usbh_ioreq.c ****  
  53:Middlewares/ST/STM32_USB_Host_Library/Core/Src/usbh_ioreq.c **** 
  54:Middlewares/ST/STM32_USB_Host_Library/Core/Src/usbh_ioreq.c **** /** @defgroup USBH_IOREQ_Private_TypesDefinitions
  55:Middlewares/ST/STM32_USB_Host_Library/Core/Src/usbh_ioreq.c ****   * @{
  56:Middlewares/ST/STM32_USB_Host_Library/Core/Src/usbh_ioreq.c ****   */ 
  57:Middlewares/ST/STM32_USB_Host_Library/Core/Src/usbh_ioreq.c **** /**
  58:Middlewares/ST/STM32_USB_Host_Library/Core/Src/usbh_ioreq.c ****   * @}
  59:Middlewares/ST/STM32_USB_Host_Library/Core/Src/usbh_ioreq.c ****   */ 
  60:Middlewares/ST/STM32_USB_Host_Library/Core/Src/usbh_ioreq.c **** 
  61:Middlewares/ST/STM32_USB_Host_Library/Core/Src/usbh_ioreq.c **** 
  62:Middlewares/ST/STM32_USB_Host_Library/Core/Src/usbh_ioreq.c **** 
  63:Middlewares/ST/STM32_USB_Host_Library/Core/Src/usbh_ioreq.c **** /** @defgroup USBH_IOREQ_Private_Macros
  64:Middlewares/ST/STM32_USB_Host_Library/Core/Src/usbh_ioreq.c ****   * @{
  65:Middlewares/ST/STM32_USB_Host_Library/Core/Src/usbh_ioreq.c ****   */ 
  66:Middlewares/ST/STM32_USB_Host_Library/Core/Src/usbh_ioreq.c **** /**
  67:Middlewares/ST/STM32_USB_Host_Library/Core/Src/usbh_ioreq.c ****   * @}
  68:Middlewares/ST/STM32_USB_Host_Library/Core/Src/usbh_ioreq.c ****   */ 
  69:Middlewares/ST/STM32_USB_Host_Library/Core/Src/usbh_ioreq.c **** 
  70:Middlewares/ST/STM32_USB_Host_Library/Core/Src/usbh_ioreq.c **** 
  71:Middlewares/ST/STM32_USB_Host_Library/Core/Src/usbh_ioreq.c **** /** @defgroup USBH_IOREQ_Private_Variables
  72:Middlewares/ST/STM32_USB_Host_Library/Core/Src/usbh_ioreq.c ****   * @{
  73:Middlewares/ST/STM32_USB_Host_Library/Core/Src/usbh_ioreq.c ****   */ 
  74:Middlewares/ST/STM32_USB_Host_Library/Core/Src/usbh_ioreq.c **** /**
  75:Middlewares/ST/STM32_USB_Host_Library/Core/Src/usbh_ioreq.c ****   * @}
  76:Middlewares/ST/STM32_USB_Host_Library/Core/Src/usbh_ioreq.c ****   */ 
  77:Middlewares/ST/STM32_USB_Host_Library/Core/Src/usbh_ioreq.c **** /** @defgroup USBH_IOREQ_Private_FunctionPrototypes
  78:Middlewares/ST/STM32_USB_Host_Library/Core/Src/usbh_ioreq.c ****   * @{
  79:Middlewares/ST/STM32_USB_Host_Library/Core/Src/usbh_ioreq.c ****   */ 
  80:Middlewares/ST/STM32_USB_Host_Library/Core/Src/usbh_ioreq.c **** 
  81:Middlewares/ST/STM32_USB_Host_Library/Core/Src/usbh_ioreq.c **** /**
  82:Middlewares/ST/STM32_USB_Host_Library/Core/Src/usbh_ioreq.c ****   * @}
  83:Middlewares/ST/STM32_USB_Host_Library/Core/Src/usbh_ioreq.c ****   */ 
  84:Middlewares/ST/STM32_USB_Host_Library/Core/Src/usbh_ioreq.c **** 
  85:Middlewares/ST/STM32_USB_Host_Library/Core/Src/usbh_ioreq.c **** 
  86:Middlewares/ST/STM32_USB_Host_Library/Core/Src/usbh_ioreq.c **** /** @defgroup USBH_IOREQ_Private_Functions
  87:Middlewares/ST/STM32_USB_Host_Library/Core/Src/usbh_ioreq.c ****   * @{
ARM GAS  /tmp/ccFhHkw7.s 			page 3


  88:Middlewares/ST/STM32_USB_Host_Library/Core/Src/usbh_ioreq.c ****   */ 
  89:Middlewares/ST/STM32_USB_Host_Library/Core/Src/usbh_ioreq.c **** 
  90:Middlewares/ST/STM32_USB_Host_Library/Core/Src/usbh_ioreq.c **** 
  91:Middlewares/ST/STM32_USB_Host_Library/Core/Src/usbh_ioreq.c **** 
  92:Middlewares/ST/STM32_USB_Host_Library/Core/Src/usbh_ioreq.c **** /**
  93:Middlewares/ST/STM32_USB_Host_Library/Core/Src/usbh_ioreq.c ****   * @brief  USBH_CtlSendSetup
  94:Middlewares/ST/STM32_USB_Host_Library/Core/Src/usbh_ioreq.c ****   *         Sends the Setup Packet to the Device
  95:Middlewares/ST/STM32_USB_Host_Library/Core/Src/usbh_ioreq.c ****   * @param  phost: Host Handle
  96:Middlewares/ST/STM32_USB_Host_Library/Core/Src/usbh_ioreq.c ****   * @param  buff: Buffer pointer from which the Data will be send to Device
  97:Middlewares/ST/STM32_USB_Host_Library/Core/Src/usbh_ioreq.c ****   * @param  pipe_num: Pipe Number
  98:Middlewares/ST/STM32_USB_Host_Library/Core/Src/usbh_ioreq.c ****   * @retval USBH Status
  99:Middlewares/ST/STM32_USB_Host_Library/Core/Src/usbh_ioreq.c ****   */
 100:Middlewares/ST/STM32_USB_Host_Library/Core/Src/usbh_ioreq.c **** USBH_StatusTypeDef USBH_CtlSendSetup (USBH_HandleTypeDef *phost, 
 101:Middlewares/ST/STM32_USB_Host_Library/Core/Src/usbh_ioreq.c ****                                 uint8_t *buff, 
 102:Middlewares/ST/STM32_USB_Host_Library/Core/Src/usbh_ioreq.c ****                                 uint8_t pipe_num)
 103:Middlewares/ST/STM32_USB_Host_Library/Core/Src/usbh_ioreq.c **** {
  29              		.loc 1 103 0
  30              		.cfi_startproc
  31              		@ args = 0, pretend = 0, frame = 0
  32              		@ frame_needed = 0, uses_anonymous_args = 0
  33              	.LVL0:
  34 0000 10B5     		push	{r4, lr}
  35              	.LCFI0:
  36              		.cfi_def_cfa_offset 8
  37              		.cfi_offset 4, -8
  38              		.cfi_offset 14, -4
  39 0002 84B0     		sub	sp, sp, #16
  40              	.LCFI1:
  41              		.cfi_def_cfa_offset 24
 104:Middlewares/ST/STM32_USB_Host_Library/Core/Src/usbh_ioreq.c **** 
 105:Middlewares/ST/STM32_USB_Host_Library/Core/Src/usbh_ioreq.c ****   USBH_LL_SubmitURB (phost,                     /* Driver handle    */
  42              		.loc 1 105 0
  43 0004 0024     		movs	r4, #0
  44 0006 0094     		str	r4, [sp]
  45 0008 0191     		str	r1, [sp, #4]
  46 000a 0823     		movs	r3, #8
  47 000c 0293     		str	r3, [sp, #8]
  48 000e 0394     		str	r4, [sp, #12]
  49 0010 1146     		mov	r1, r2
  50              	.LVL1:
  51 0012 2246     		mov	r2, r4
  52              	.LVL2:
  53 0014 2346     		mov	r3, r4
  54 0016 FFF7FEFF 		bl	USBH_LL_SubmitURB
  55              	.LVL3:
 106:Middlewares/ST/STM32_USB_Host_Library/Core/Src/usbh_ioreq.c ****                           pipe_num,             /* Pipe index       */
 107:Middlewares/ST/STM32_USB_Host_Library/Core/Src/usbh_ioreq.c ****                           0,                    /* Direction : OUT  */
 108:Middlewares/ST/STM32_USB_Host_Library/Core/Src/usbh_ioreq.c ****                           USBH_EP_CONTROL,      /* EP type          */
 109:Middlewares/ST/STM32_USB_Host_Library/Core/Src/usbh_ioreq.c ****                           USBH_PID_SETUP,       /* Type setup       */
 110:Middlewares/ST/STM32_USB_Host_Library/Core/Src/usbh_ioreq.c ****                           buff,                 /* data buffer      */
 111:Middlewares/ST/STM32_USB_Host_Library/Core/Src/usbh_ioreq.c ****                           USBH_SETUP_PKT_SIZE,  /* data length      */ 
 112:Middlewares/ST/STM32_USB_Host_Library/Core/Src/usbh_ioreq.c ****                           0);
 113:Middlewares/ST/STM32_USB_Host_Library/Core/Src/usbh_ioreq.c ****   return USBH_OK;  
 114:Middlewares/ST/STM32_USB_Host_Library/Core/Src/usbh_ioreq.c **** }
  56              		.loc 1 114 0
  57 001a 2046     		mov	r0, r4
  58 001c 04B0     		add	sp, sp, #16
ARM GAS  /tmp/ccFhHkw7.s 			page 4


  59              	.LCFI2:
  60              		.cfi_def_cfa_offset 8
  61              		@ sp needed
  62 001e 10BD     		pop	{r4, pc}
  63              		.cfi_endproc
  64              	.LFE123:
  66              		.section	.text.USBH_CtlSendData,"ax",%progbits
  67              		.align	2
  68              		.global	USBH_CtlSendData
  69              		.thumb
  70              		.thumb_func
  72              	USBH_CtlSendData:
  73              	.LFB124:
 115:Middlewares/ST/STM32_USB_Host_Library/Core/Src/usbh_ioreq.c **** 
 116:Middlewares/ST/STM32_USB_Host_Library/Core/Src/usbh_ioreq.c **** 
 117:Middlewares/ST/STM32_USB_Host_Library/Core/Src/usbh_ioreq.c **** /**
 118:Middlewares/ST/STM32_USB_Host_Library/Core/Src/usbh_ioreq.c ****   * @brief  USBH_CtlSendData
 119:Middlewares/ST/STM32_USB_Host_Library/Core/Src/usbh_ioreq.c ****   *         Sends a data Packet to the Device
 120:Middlewares/ST/STM32_USB_Host_Library/Core/Src/usbh_ioreq.c ****   * @param  phost: Host Handle
 121:Middlewares/ST/STM32_USB_Host_Library/Core/Src/usbh_ioreq.c ****   * @param  buff: Buffer pointer from which the Data will be sent to Device
 122:Middlewares/ST/STM32_USB_Host_Library/Core/Src/usbh_ioreq.c ****   * @param  length: Length of the data to be sent
 123:Middlewares/ST/STM32_USB_Host_Library/Core/Src/usbh_ioreq.c ****   * @param  pipe_num: Pipe Number
 124:Middlewares/ST/STM32_USB_Host_Library/Core/Src/usbh_ioreq.c ****   * @retval USBH Status
 125:Middlewares/ST/STM32_USB_Host_Library/Core/Src/usbh_ioreq.c ****   */
 126:Middlewares/ST/STM32_USB_Host_Library/Core/Src/usbh_ioreq.c **** USBH_StatusTypeDef USBH_CtlSendData (USBH_HandleTypeDef *phost, 
 127:Middlewares/ST/STM32_USB_Host_Library/Core/Src/usbh_ioreq.c ****                                 uint8_t *buff, 
 128:Middlewares/ST/STM32_USB_Host_Library/Core/Src/usbh_ioreq.c ****                                 uint16_t length,
 129:Middlewares/ST/STM32_USB_Host_Library/Core/Src/usbh_ioreq.c ****                                 uint8_t pipe_num,
 130:Middlewares/ST/STM32_USB_Host_Library/Core/Src/usbh_ioreq.c ****                                 uint8_t do_ping )
 131:Middlewares/ST/STM32_USB_Host_Library/Core/Src/usbh_ioreq.c **** {
  74              		.loc 1 131 0
  75              		.cfi_startproc
  76              		@ args = 4, pretend = 0, frame = 0
  77              		@ frame_needed = 0, uses_anonymous_args = 0
  78              	.LVL4:
  79 0000 30B5     		push	{r4, r5, lr}
  80              	.LCFI3:
  81              		.cfi_def_cfa_offset 12
  82              		.cfi_offset 4, -12
  83              		.cfi_offset 5, -8
  84              		.cfi_offset 14, -4
  85 0002 85B0     		sub	sp, sp, #20
  86              	.LCFI4:
  87              		.cfi_def_cfa_offset 32
  88 0004 9DF82040 		ldrb	r4, [sp, #32]	@ zero_extendqisi2
 132:Middlewares/ST/STM32_USB_Host_Library/Core/Src/usbh_ioreq.c ****   if(phost->device.speed != USBH_SPEED_HIGH)
  89              		.loc 1 132 0
  90 0008 90F81D53 		ldrb	r5, [r0, #797]	@ zero_extendqisi2
  91 000c 05B1     		cbz	r5, .L4
 133:Middlewares/ST/STM32_USB_Host_Library/Core/Src/usbh_ioreq.c ****   {
 134:Middlewares/ST/STM32_USB_Host_Library/Core/Src/usbh_ioreq.c ****     do_ping = 0;
  92              		.loc 1 134 0
  93 000e 0024     		movs	r4, #0
  94              	.L4:
  95              	.LVL5:
 135:Middlewares/ST/STM32_USB_Host_Library/Core/Src/usbh_ioreq.c ****   }
 136:Middlewares/ST/STM32_USB_Host_Library/Core/Src/usbh_ioreq.c ****   
ARM GAS  /tmp/ccFhHkw7.s 			page 5


 137:Middlewares/ST/STM32_USB_Host_Library/Core/Src/usbh_ioreq.c ****   USBH_LL_SubmitURB (phost,                     /* Driver handle    */
  96              		.loc 1 137 0
  97 0010 0125     		movs	r5, #1
  98 0012 0095     		str	r5, [sp]
  99 0014 0191     		str	r1, [sp, #4]
 100 0016 0292     		str	r2, [sp, #8]
 101 0018 0394     		str	r4, [sp, #12]
 102 001a 1946     		mov	r1, r3
 103              	.LVL6:
 104 001c 0022     		movs	r2, #0
 105              	.LVL7:
 106 001e 1346     		mov	r3, r2
 107              	.LVL8:
 108 0020 FFF7FEFF 		bl	USBH_LL_SubmitURB
 109              	.LVL9:
 138:Middlewares/ST/STM32_USB_Host_Library/Core/Src/usbh_ioreq.c ****                           pipe_num,             /* Pipe index       */
 139:Middlewares/ST/STM32_USB_Host_Library/Core/Src/usbh_ioreq.c ****                           0,                    /* Direction : OUT  */
 140:Middlewares/ST/STM32_USB_Host_Library/Core/Src/usbh_ioreq.c ****                           USBH_EP_CONTROL,      /* EP type          */                          
 141:Middlewares/ST/STM32_USB_Host_Library/Core/Src/usbh_ioreq.c ****                           USBH_PID_DATA,        /* Type Data        */
 142:Middlewares/ST/STM32_USB_Host_Library/Core/Src/usbh_ioreq.c ****                           buff,                 /* data buffer      */
 143:Middlewares/ST/STM32_USB_Host_Library/Core/Src/usbh_ioreq.c ****                           length,               /* data length      */ 
 144:Middlewares/ST/STM32_USB_Host_Library/Core/Src/usbh_ioreq.c ****                           do_ping);             /* do ping (HS Only)*/
 145:Middlewares/ST/STM32_USB_Host_Library/Core/Src/usbh_ioreq.c ****   
 146:Middlewares/ST/STM32_USB_Host_Library/Core/Src/usbh_ioreq.c ****   return USBH_OK;
 147:Middlewares/ST/STM32_USB_Host_Library/Core/Src/usbh_ioreq.c **** }
 110              		.loc 1 147 0
 111 0024 0020     		movs	r0, #0
 112 0026 05B0     		add	sp, sp, #20
 113              	.LCFI5:
 114              		.cfi_def_cfa_offset 12
 115              		@ sp needed
 116 0028 30BD     		pop	{r4, r5, pc}
 117              		.cfi_endproc
 118              	.LFE124:
 120 002a 00BF     		.section	.text.USBH_CtlReceiveData,"ax",%progbits
 121              		.align	2
 122              		.global	USBH_CtlReceiveData
 123              		.thumb
 124              		.thumb_func
 126              	USBH_CtlReceiveData:
 127              	.LFB125:
 148:Middlewares/ST/STM32_USB_Host_Library/Core/Src/usbh_ioreq.c **** 
 149:Middlewares/ST/STM32_USB_Host_Library/Core/Src/usbh_ioreq.c **** 
 150:Middlewares/ST/STM32_USB_Host_Library/Core/Src/usbh_ioreq.c **** /**
 151:Middlewares/ST/STM32_USB_Host_Library/Core/Src/usbh_ioreq.c ****   * @brief  USBH_CtlReceiveData
 152:Middlewares/ST/STM32_USB_Host_Library/Core/Src/usbh_ioreq.c ****   *         Receives the Device Response to the Setup Packet
 153:Middlewares/ST/STM32_USB_Host_Library/Core/Src/usbh_ioreq.c ****   * @param  phost: Host Handle
 154:Middlewares/ST/STM32_USB_Host_Library/Core/Src/usbh_ioreq.c ****   * @param  buff: Buffer pointer in which the response needs to be copied
 155:Middlewares/ST/STM32_USB_Host_Library/Core/Src/usbh_ioreq.c ****   * @param  length: Length of the data to be received
 156:Middlewares/ST/STM32_USB_Host_Library/Core/Src/usbh_ioreq.c ****   * @param  pipe_num: Pipe Number
 157:Middlewares/ST/STM32_USB_Host_Library/Core/Src/usbh_ioreq.c ****   * @retval USBH Status. 
 158:Middlewares/ST/STM32_USB_Host_Library/Core/Src/usbh_ioreq.c ****   */
 159:Middlewares/ST/STM32_USB_Host_Library/Core/Src/usbh_ioreq.c **** USBH_StatusTypeDef USBH_CtlReceiveData(USBH_HandleTypeDef *phost, 
 160:Middlewares/ST/STM32_USB_Host_Library/Core/Src/usbh_ioreq.c ****                                 uint8_t* buff, 
 161:Middlewares/ST/STM32_USB_Host_Library/Core/Src/usbh_ioreq.c ****                                 uint16_t length,
 162:Middlewares/ST/STM32_USB_Host_Library/Core/Src/usbh_ioreq.c ****                                 uint8_t pipe_num)
 163:Middlewares/ST/STM32_USB_Host_Library/Core/Src/usbh_ioreq.c **** {
ARM GAS  /tmp/ccFhHkw7.s 			page 6


 128              		.loc 1 163 0
 129              		.cfi_startproc
 130              		@ args = 0, pretend = 0, frame = 0
 131              		@ frame_needed = 0, uses_anonymous_args = 0
 132              	.LVL10:
 133 0000 30B5     		push	{r4, r5, lr}
 134              	.LCFI6:
 135              		.cfi_def_cfa_offset 12
 136              		.cfi_offset 4, -12
 137              		.cfi_offset 5, -8
 138              		.cfi_offset 14, -4
 139 0002 85B0     		sub	sp, sp, #20
 140              	.LCFI7:
 141              		.cfi_def_cfa_offset 32
 164:Middlewares/ST/STM32_USB_Host_Library/Core/Src/usbh_ioreq.c ****   USBH_LL_SubmitURB (phost,                     /* Driver handle    */
 142              		.loc 1 164 0
 143 0004 0125     		movs	r5, #1
 144 0006 0095     		str	r5, [sp]
 145 0008 0191     		str	r1, [sp, #4]
 146 000a 0292     		str	r2, [sp, #8]
 147 000c 0024     		movs	r4, #0
 148 000e 0394     		str	r4, [sp, #12]
 149 0010 1946     		mov	r1, r3
 150              	.LVL11:
 151 0012 2A46     		mov	r2, r5
 152              	.LVL12:
 153 0014 2346     		mov	r3, r4
 154              	.LVL13:
 155 0016 FFF7FEFF 		bl	USBH_LL_SubmitURB
 156              	.LVL14:
 165:Middlewares/ST/STM32_USB_Host_Library/Core/Src/usbh_ioreq.c ****                           pipe_num,             /* Pipe index       */
 166:Middlewares/ST/STM32_USB_Host_Library/Core/Src/usbh_ioreq.c ****                           1,                    /* Direction : IN   */
 167:Middlewares/ST/STM32_USB_Host_Library/Core/Src/usbh_ioreq.c ****                           USBH_EP_CONTROL,      /* EP type          */                          
 168:Middlewares/ST/STM32_USB_Host_Library/Core/Src/usbh_ioreq.c ****                           USBH_PID_DATA,        /* Type Data        */
 169:Middlewares/ST/STM32_USB_Host_Library/Core/Src/usbh_ioreq.c ****                           buff,                 /* data buffer      */
 170:Middlewares/ST/STM32_USB_Host_Library/Core/Src/usbh_ioreq.c ****                           length,               /* data length      */ 
 171:Middlewares/ST/STM32_USB_Host_Library/Core/Src/usbh_ioreq.c ****                           0);
 172:Middlewares/ST/STM32_USB_Host_Library/Core/Src/usbh_ioreq.c ****   return USBH_OK;
 173:Middlewares/ST/STM32_USB_Host_Library/Core/Src/usbh_ioreq.c ****   
 174:Middlewares/ST/STM32_USB_Host_Library/Core/Src/usbh_ioreq.c **** }
 157              		.loc 1 174 0
 158 001a 2046     		mov	r0, r4
 159 001c 05B0     		add	sp, sp, #20
 160              	.LCFI8:
 161              		.cfi_def_cfa_offset 12
 162              		@ sp needed
 163 001e 30BD     		pop	{r4, r5, pc}
 164              		.cfi_endproc
 165              	.LFE125:
 167              		.section	.text.USBH_BulkSendData,"ax",%progbits
 168              		.align	2
 169              		.global	USBH_BulkSendData
 170              		.thumb
 171              		.thumb_func
 173              	USBH_BulkSendData:
 174              	.LFB126:
 175:Middlewares/ST/STM32_USB_Host_Library/Core/Src/usbh_ioreq.c **** 
ARM GAS  /tmp/ccFhHkw7.s 			page 7


 176:Middlewares/ST/STM32_USB_Host_Library/Core/Src/usbh_ioreq.c **** 
 177:Middlewares/ST/STM32_USB_Host_Library/Core/Src/usbh_ioreq.c **** /**
 178:Middlewares/ST/STM32_USB_Host_Library/Core/Src/usbh_ioreq.c ****   * @brief  USBH_BulkSendData
 179:Middlewares/ST/STM32_USB_Host_Library/Core/Src/usbh_ioreq.c ****   *         Sends the Bulk Packet to the device
 180:Middlewares/ST/STM32_USB_Host_Library/Core/Src/usbh_ioreq.c ****   * @param  phost: Host Handle
 181:Middlewares/ST/STM32_USB_Host_Library/Core/Src/usbh_ioreq.c ****   * @param  buff: Buffer pointer from which the Data will be sent to Device
 182:Middlewares/ST/STM32_USB_Host_Library/Core/Src/usbh_ioreq.c ****   * @param  length: Length of the data to be sent
 183:Middlewares/ST/STM32_USB_Host_Library/Core/Src/usbh_ioreq.c ****   * @param  pipe_num: Pipe Number
 184:Middlewares/ST/STM32_USB_Host_Library/Core/Src/usbh_ioreq.c ****   * @retval USBH Status
 185:Middlewares/ST/STM32_USB_Host_Library/Core/Src/usbh_ioreq.c ****   */
 186:Middlewares/ST/STM32_USB_Host_Library/Core/Src/usbh_ioreq.c **** USBH_StatusTypeDef USBH_BulkSendData (USBH_HandleTypeDef *phost, 
 187:Middlewares/ST/STM32_USB_Host_Library/Core/Src/usbh_ioreq.c ****                                 uint8_t *buff, 
 188:Middlewares/ST/STM32_USB_Host_Library/Core/Src/usbh_ioreq.c ****                                 uint16_t length,
 189:Middlewares/ST/STM32_USB_Host_Library/Core/Src/usbh_ioreq.c ****                                 uint8_t pipe_num,
 190:Middlewares/ST/STM32_USB_Host_Library/Core/Src/usbh_ioreq.c ****                                 uint8_t do_ping )
 191:Middlewares/ST/STM32_USB_Host_Library/Core/Src/usbh_ioreq.c **** { 
 175              		.loc 1 191 0
 176              		.cfi_startproc
 177              		@ args = 4, pretend = 0, frame = 0
 178              		@ frame_needed = 0, uses_anonymous_args = 0
 179              	.LVL15:
 180 0000 30B5     		push	{r4, r5, lr}
 181              	.LCFI9:
 182              		.cfi_def_cfa_offset 12
 183              		.cfi_offset 4, -12
 184              		.cfi_offset 5, -8
 185              		.cfi_offset 14, -4
 186 0002 85B0     		sub	sp, sp, #20
 187              	.LCFI10:
 188              		.cfi_def_cfa_offset 32
 189 0004 9DF82040 		ldrb	r4, [sp, #32]	@ zero_extendqisi2
 192:Middlewares/ST/STM32_USB_Host_Library/Core/Src/usbh_ioreq.c ****   if(phost->device.speed != USBH_SPEED_HIGH)
 190              		.loc 1 192 0
 191 0008 90F81D53 		ldrb	r5, [r0, #797]	@ zero_extendqisi2
 192 000c 05B1     		cbz	r5, .L10
 193:Middlewares/ST/STM32_USB_Host_Library/Core/Src/usbh_ioreq.c ****   {
 194:Middlewares/ST/STM32_USB_Host_Library/Core/Src/usbh_ioreq.c ****     do_ping = 0;
 193              		.loc 1 194 0
 194 000e 0024     		movs	r4, #0
 195              	.L10:
 196              	.LVL16:
 195:Middlewares/ST/STM32_USB_Host_Library/Core/Src/usbh_ioreq.c ****   }
 196:Middlewares/ST/STM32_USB_Host_Library/Core/Src/usbh_ioreq.c ****   
 197:Middlewares/ST/STM32_USB_Host_Library/Core/Src/usbh_ioreq.c ****   USBH_LL_SubmitURB (phost,                     /* Driver handle    */
 197              		.loc 1 197 0
 198 0010 0125     		movs	r5, #1
 199 0012 0095     		str	r5, [sp]
 200 0014 0191     		str	r1, [sp, #4]
 201 0016 0292     		str	r2, [sp, #8]
 202 0018 0394     		str	r4, [sp, #12]
 203 001a 1946     		mov	r1, r3
 204              	.LVL17:
 205 001c 0022     		movs	r2, #0
 206              	.LVL18:
 207 001e 0223     		movs	r3, #2
 208              	.LVL19:
 209 0020 FFF7FEFF 		bl	USBH_LL_SubmitURB
ARM GAS  /tmp/ccFhHkw7.s 			page 8


 210              	.LVL20:
 198:Middlewares/ST/STM32_USB_Host_Library/Core/Src/usbh_ioreq.c ****                           pipe_num,             /* Pipe index       */
 199:Middlewares/ST/STM32_USB_Host_Library/Core/Src/usbh_ioreq.c ****                           0,                    /* Direction : IN   */
 200:Middlewares/ST/STM32_USB_Host_Library/Core/Src/usbh_ioreq.c ****                           USBH_EP_BULK,         /* EP type          */                          
 201:Middlewares/ST/STM32_USB_Host_Library/Core/Src/usbh_ioreq.c ****                           USBH_PID_DATA,        /* Type Data        */
 202:Middlewares/ST/STM32_USB_Host_Library/Core/Src/usbh_ioreq.c ****                           buff,                 /* data buffer      */
 203:Middlewares/ST/STM32_USB_Host_Library/Core/Src/usbh_ioreq.c ****                           length,               /* data length      */  
 204:Middlewares/ST/STM32_USB_Host_Library/Core/Src/usbh_ioreq.c ****                           do_ping);             /* do ping (HS Only)*/
 205:Middlewares/ST/STM32_USB_Host_Library/Core/Src/usbh_ioreq.c ****   return USBH_OK;
 206:Middlewares/ST/STM32_USB_Host_Library/Core/Src/usbh_ioreq.c **** }
 211              		.loc 1 206 0
 212 0024 0020     		movs	r0, #0
 213 0026 05B0     		add	sp, sp, #20
 214              	.LCFI11:
 215              		.cfi_def_cfa_offset 12
 216              		@ sp needed
 217 0028 30BD     		pop	{r4, r5, pc}
 218              		.cfi_endproc
 219              	.LFE126:
 221 002a 00BF     		.section	.text.USBH_BulkReceiveData,"ax",%progbits
 222              		.align	2
 223              		.global	USBH_BulkReceiveData
 224              		.thumb
 225              		.thumb_func
 227              	USBH_BulkReceiveData:
 228              	.LFB127:
 207:Middlewares/ST/STM32_USB_Host_Library/Core/Src/usbh_ioreq.c **** 
 208:Middlewares/ST/STM32_USB_Host_Library/Core/Src/usbh_ioreq.c **** 
 209:Middlewares/ST/STM32_USB_Host_Library/Core/Src/usbh_ioreq.c **** /**
 210:Middlewares/ST/STM32_USB_Host_Library/Core/Src/usbh_ioreq.c ****   * @brief  USBH_BulkReceiveData
 211:Middlewares/ST/STM32_USB_Host_Library/Core/Src/usbh_ioreq.c ****   *         Receives IN bulk packet from device
 212:Middlewares/ST/STM32_USB_Host_Library/Core/Src/usbh_ioreq.c ****   * @param  phost: Host Handle
 213:Middlewares/ST/STM32_USB_Host_Library/Core/Src/usbh_ioreq.c ****   * @param  buff: Buffer pointer in which the received data packet to be copied
 214:Middlewares/ST/STM32_USB_Host_Library/Core/Src/usbh_ioreq.c ****   * @param  length: Length of the data to be received
 215:Middlewares/ST/STM32_USB_Host_Library/Core/Src/usbh_ioreq.c ****   * @param  pipe_num: Pipe Number
 216:Middlewares/ST/STM32_USB_Host_Library/Core/Src/usbh_ioreq.c ****   * @retval USBH Status. 
 217:Middlewares/ST/STM32_USB_Host_Library/Core/Src/usbh_ioreq.c ****   */
 218:Middlewares/ST/STM32_USB_Host_Library/Core/Src/usbh_ioreq.c **** USBH_StatusTypeDef USBH_BulkReceiveData(USBH_HandleTypeDef *phost, 
 219:Middlewares/ST/STM32_USB_Host_Library/Core/Src/usbh_ioreq.c ****                                 uint8_t *buff, 
 220:Middlewares/ST/STM32_USB_Host_Library/Core/Src/usbh_ioreq.c ****                                 uint16_t length,
 221:Middlewares/ST/STM32_USB_Host_Library/Core/Src/usbh_ioreq.c ****                                 uint8_t pipe_num)
 222:Middlewares/ST/STM32_USB_Host_Library/Core/Src/usbh_ioreq.c **** {
 229              		.loc 1 222 0
 230              		.cfi_startproc
 231              		@ args = 0, pretend = 0, frame = 0
 232              		@ frame_needed = 0, uses_anonymous_args = 0
 233              	.LVL21:
 234 0000 30B5     		push	{r4, r5, lr}
 235              	.LCFI12:
 236              		.cfi_def_cfa_offset 12
 237              		.cfi_offset 4, -12
 238              		.cfi_offset 5, -8
 239              		.cfi_offset 14, -4
 240 0002 85B0     		sub	sp, sp, #20
 241              	.LCFI13:
 242              		.cfi_def_cfa_offset 32
 223:Middlewares/ST/STM32_USB_Host_Library/Core/Src/usbh_ioreq.c ****   USBH_LL_SubmitURB (phost,                     /* Driver handle    */
ARM GAS  /tmp/ccFhHkw7.s 			page 9


 243              		.loc 1 223 0
 244 0004 0125     		movs	r5, #1
 245 0006 0095     		str	r5, [sp]
 246 0008 0191     		str	r1, [sp, #4]
 247 000a 0292     		str	r2, [sp, #8]
 248 000c 0024     		movs	r4, #0
 249 000e 0394     		str	r4, [sp, #12]
 250 0010 1946     		mov	r1, r3
 251              	.LVL22:
 252 0012 2A46     		mov	r2, r5
 253              	.LVL23:
 254 0014 0223     		movs	r3, #2
 255              	.LVL24:
 256 0016 FFF7FEFF 		bl	USBH_LL_SubmitURB
 257              	.LVL25:
 224:Middlewares/ST/STM32_USB_Host_Library/Core/Src/usbh_ioreq.c ****                           pipe_num,             /* Pipe index       */
 225:Middlewares/ST/STM32_USB_Host_Library/Core/Src/usbh_ioreq.c ****                           1,                    /* Direction : IN   */
 226:Middlewares/ST/STM32_USB_Host_Library/Core/Src/usbh_ioreq.c ****                           USBH_EP_BULK,         /* EP type          */                          
 227:Middlewares/ST/STM32_USB_Host_Library/Core/Src/usbh_ioreq.c ****                           USBH_PID_DATA,        /* Type Data        */
 228:Middlewares/ST/STM32_USB_Host_Library/Core/Src/usbh_ioreq.c ****                           buff,                 /* data buffer      */
 229:Middlewares/ST/STM32_USB_Host_Library/Core/Src/usbh_ioreq.c ****                           length,               /* data length      */  
 230:Middlewares/ST/STM32_USB_Host_Library/Core/Src/usbh_ioreq.c ****                           0);
 231:Middlewares/ST/STM32_USB_Host_Library/Core/Src/usbh_ioreq.c ****   return USBH_OK;
 232:Middlewares/ST/STM32_USB_Host_Library/Core/Src/usbh_ioreq.c **** }
 258              		.loc 1 232 0
 259 001a 2046     		mov	r0, r4
 260 001c 05B0     		add	sp, sp, #20
 261              	.LCFI14:
 262              		.cfi_def_cfa_offset 12
 263              		@ sp needed
 264 001e 30BD     		pop	{r4, r5, pc}
 265              		.cfi_endproc
 266              	.LFE127:
 268              		.section	.text.USBH_InterruptReceiveData,"ax",%progbits
 269              		.align	2
 270              		.global	USBH_InterruptReceiveData
 271              		.thumb
 272              		.thumb_func
 274              	USBH_InterruptReceiveData:
 275              	.LFB128:
 233:Middlewares/ST/STM32_USB_Host_Library/Core/Src/usbh_ioreq.c **** 
 234:Middlewares/ST/STM32_USB_Host_Library/Core/Src/usbh_ioreq.c **** 
 235:Middlewares/ST/STM32_USB_Host_Library/Core/Src/usbh_ioreq.c **** /**
 236:Middlewares/ST/STM32_USB_Host_Library/Core/Src/usbh_ioreq.c ****   * @brief  USBH_InterruptReceiveData
 237:Middlewares/ST/STM32_USB_Host_Library/Core/Src/usbh_ioreq.c ****   *         Receives the Device Response to the Interrupt IN token
 238:Middlewares/ST/STM32_USB_Host_Library/Core/Src/usbh_ioreq.c ****   * @param  phost: Host Handle
 239:Middlewares/ST/STM32_USB_Host_Library/Core/Src/usbh_ioreq.c ****   * @param  buff: Buffer pointer in which the response needs to be copied
 240:Middlewares/ST/STM32_USB_Host_Library/Core/Src/usbh_ioreq.c ****   * @param  length: Length of the data to be received
 241:Middlewares/ST/STM32_USB_Host_Library/Core/Src/usbh_ioreq.c ****   * @param  pipe_num: Pipe Number
 242:Middlewares/ST/STM32_USB_Host_Library/Core/Src/usbh_ioreq.c ****   * @retval USBH Status. 
 243:Middlewares/ST/STM32_USB_Host_Library/Core/Src/usbh_ioreq.c ****   */
 244:Middlewares/ST/STM32_USB_Host_Library/Core/Src/usbh_ioreq.c **** USBH_StatusTypeDef USBH_InterruptReceiveData(USBH_HandleTypeDef *phost, 
 245:Middlewares/ST/STM32_USB_Host_Library/Core/Src/usbh_ioreq.c ****                                 uint8_t *buff, 
 246:Middlewares/ST/STM32_USB_Host_Library/Core/Src/usbh_ioreq.c ****                                 uint8_t length,
 247:Middlewares/ST/STM32_USB_Host_Library/Core/Src/usbh_ioreq.c ****                                 uint8_t pipe_num)
 248:Middlewares/ST/STM32_USB_Host_Library/Core/Src/usbh_ioreq.c **** {
 276              		.loc 1 248 0
ARM GAS  /tmp/ccFhHkw7.s 			page 10


 277              		.cfi_startproc
 278              		@ args = 0, pretend = 0, frame = 0
 279              		@ frame_needed = 0, uses_anonymous_args = 0
 280              	.LVL26:
 281 0000 30B5     		push	{r4, r5, lr}
 282              	.LCFI15:
 283              		.cfi_def_cfa_offset 12
 284              		.cfi_offset 4, -12
 285              		.cfi_offset 5, -8
 286              		.cfi_offset 14, -4
 287 0002 85B0     		sub	sp, sp, #20
 288              	.LCFI16:
 289              		.cfi_def_cfa_offset 32
 249:Middlewares/ST/STM32_USB_Host_Library/Core/Src/usbh_ioreq.c ****   USBH_LL_SubmitURB (phost,                     /* Driver handle    */
 290              		.loc 1 249 0
 291 0004 0125     		movs	r5, #1
 292 0006 0095     		str	r5, [sp]
 293 0008 0191     		str	r1, [sp, #4]
 294 000a 0292     		str	r2, [sp, #8]
 295 000c 0024     		movs	r4, #0
 296 000e 0394     		str	r4, [sp, #12]
 297 0010 1946     		mov	r1, r3
 298              	.LVL27:
 299 0012 2A46     		mov	r2, r5
 300              	.LVL28:
 301 0014 0323     		movs	r3, #3
 302              	.LVL29:
 303 0016 FFF7FEFF 		bl	USBH_LL_SubmitURB
 304              	.LVL30:
 250:Middlewares/ST/STM32_USB_Host_Library/Core/Src/usbh_ioreq.c ****                           pipe_num,             /* Pipe index       */
 251:Middlewares/ST/STM32_USB_Host_Library/Core/Src/usbh_ioreq.c ****                           1,                    /* Direction : IN   */
 252:Middlewares/ST/STM32_USB_Host_Library/Core/Src/usbh_ioreq.c ****                           USBH_EP_INTERRUPT,    /* EP type          */                          
 253:Middlewares/ST/STM32_USB_Host_Library/Core/Src/usbh_ioreq.c ****                           USBH_PID_DATA,        /* Type Data        */
 254:Middlewares/ST/STM32_USB_Host_Library/Core/Src/usbh_ioreq.c ****                           buff,                 /* data buffer      */
 255:Middlewares/ST/STM32_USB_Host_Library/Core/Src/usbh_ioreq.c ****                           length,               /* data length      */  
 256:Middlewares/ST/STM32_USB_Host_Library/Core/Src/usbh_ioreq.c ****                           0); 
 257:Middlewares/ST/STM32_USB_Host_Library/Core/Src/usbh_ioreq.c ****   
 258:Middlewares/ST/STM32_USB_Host_Library/Core/Src/usbh_ioreq.c ****   return USBH_OK;
 259:Middlewares/ST/STM32_USB_Host_Library/Core/Src/usbh_ioreq.c **** }
 305              		.loc 1 259 0
 306 001a 2046     		mov	r0, r4
 307 001c 05B0     		add	sp, sp, #20
 308              	.LCFI17:
 309              		.cfi_def_cfa_offset 12
 310              		@ sp needed
 311 001e 30BD     		pop	{r4, r5, pc}
 312              		.cfi_endproc
 313              	.LFE128:
 315              		.section	.text.USBH_InterruptSendData,"ax",%progbits
 316              		.align	2
 317              		.global	USBH_InterruptSendData
 318              		.thumb
 319              		.thumb_func
 321              	USBH_InterruptSendData:
 322              	.LFB129:
 260:Middlewares/ST/STM32_USB_Host_Library/Core/Src/usbh_ioreq.c **** 
 261:Middlewares/ST/STM32_USB_Host_Library/Core/Src/usbh_ioreq.c **** /**
ARM GAS  /tmp/ccFhHkw7.s 			page 11


 262:Middlewares/ST/STM32_USB_Host_Library/Core/Src/usbh_ioreq.c ****   * @brief  USBH_InterruptSendData
 263:Middlewares/ST/STM32_USB_Host_Library/Core/Src/usbh_ioreq.c ****   *         Sends the data on Interrupt OUT Endpoint
 264:Middlewares/ST/STM32_USB_Host_Library/Core/Src/usbh_ioreq.c ****   * @param  phost: Host Handle
 265:Middlewares/ST/STM32_USB_Host_Library/Core/Src/usbh_ioreq.c ****   * @param  buff: Buffer pointer from where the data needs to be copied
 266:Middlewares/ST/STM32_USB_Host_Library/Core/Src/usbh_ioreq.c ****   * @param  length: Length of the data to be sent
 267:Middlewares/ST/STM32_USB_Host_Library/Core/Src/usbh_ioreq.c ****   * @param  pipe_num: Pipe Number
 268:Middlewares/ST/STM32_USB_Host_Library/Core/Src/usbh_ioreq.c ****   * @retval USBH Status. 
 269:Middlewares/ST/STM32_USB_Host_Library/Core/Src/usbh_ioreq.c ****   */
 270:Middlewares/ST/STM32_USB_Host_Library/Core/Src/usbh_ioreq.c **** USBH_StatusTypeDef USBH_InterruptSendData(USBH_HandleTypeDef *phost, 
 271:Middlewares/ST/STM32_USB_Host_Library/Core/Src/usbh_ioreq.c ****                                 uint8_t *buff, 
 272:Middlewares/ST/STM32_USB_Host_Library/Core/Src/usbh_ioreq.c ****                                 uint8_t length,
 273:Middlewares/ST/STM32_USB_Host_Library/Core/Src/usbh_ioreq.c ****                                 uint8_t pipe_num)
 274:Middlewares/ST/STM32_USB_Host_Library/Core/Src/usbh_ioreq.c **** {
 323              		.loc 1 274 0
 324              		.cfi_startproc
 325              		@ args = 0, pretend = 0, frame = 0
 326              		@ frame_needed = 0, uses_anonymous_args = 0
 327              	.LVL31:
 328 0000 10B5     		push	{r4, lr}
 329              	.LCFI18:
 330              		.cfi_def_cfa_offset 8
 331              		.cfi_offset 4, -8
 332              		.cfi_offset 14, -4
 333 0002 84B0     		sub	sp, sp, #16
 334              	.LCFI19:
 335              		.cfi_def_cfa_offset 24
 275:Middlewares/ST/STM32_USB_Host_Library/Core/Src/usbh_ioreq.c ****   USBH_LL_SubmitURB (phost,                     /* Driver handle    */
 336              		.loc 1 275 0
 337 0004 0124     		movs	r4, #1
 338 0006 0094     		str	r4, [sp]
 339 0008 0191     		str	r1, [sp, #4]
 340 000a 0292     		str	r2, [sp, #8]
 341 000c 0024     		movs	r4, #0
 342 000e 0394     		str	r4, [sp, #12]
 343 0010 1946     		mov	r1, r3
 344              	.LVL32:
 345 0012 2246     		mov	r2, r4
 346              	.LVL33:
 347 0014 0323     		movs	r3, #3
 348              	.LVL34:
 349 0016 FFF7FEFF 		bl	USBH_LL_SubmitURB
 350              	.LVL35:
 276:Middlewares/ST/STM32_USB_Host_Library/Core/Src/usbh_ioreq.c ****                           pipe_num,             /* Pipe index       */
 277:Middlewares/ST/STM32_USB_Host_Library/Core/Src/usbh_ioreq.c ****                           0,                    /* Direction : OUT   */
 278:Middlewares/ST/STM32_USB_Host_Library/Core/Src/usbh_ioreq.c ****                           USBH_EP_INTERRUPT,    /* EP type          */                          
 279:Middlewares/ST/STM32_USB_Host_Library/Core/Src/usbh_ioreq.c ****                           USBH_PID_DATA,        /* Type Data        */
 280:Middlewares/ST/STM32_USB_Host_Library/Core/Src/usbh_ioreq.c ****                           buff,                 /* data buffer      */
 281:Middlewares/ST/STM32_USB_Host_Library/Core/Src/usbh_ioreq.c ****                           length,               /* data length      */  
 282:Middlewares/ST/STM32_USB_Host_Library/Core/Src/usbh_ioreq.c ****                           0);  
 283:Middlewares/ST/STM32_USB_Host_Library/Core/Src/usbh_ioreq.c ****   
 284:Middlewares/ST/STM32_USB_Host_Library/Core/Src/usbh_ioreq.c ****   return USBH_OK;
 285:Middlewares/ST/STM32_USB_Host_Library/Core/Src/usbh_ioreq.c **** }
 351              		.loc 1 285 0
 352 001a 2046     		mov	r0, r4
 353 001c 04B0     		add	sp, sp, #16
 354              	.LCFI20:
 355              		.cfi_def_cfa_offset 8
ARM GAS  /tmp/ccFhHkw7.s 			page 12


 356              		@ sp needed
 357 001e 10BD     		pop	{r4, pc}
 358              		.cfi_endproc
 359              	.LFE129:
 361              		.section	.text.USBH_IsocReceiveData,"ax",%progbits
 362              		.align	2
 363              		.global	USBH_IsocReceiveData
 364              		.thumb
 365              		.thumb_func
 367              	USBH_IsocReceiveData:
 368              	.LFB130:
 286:Middlewares/ST/STM32_USB_Host_Library/Core/Src/usbh_ioreq.c **** 
 287:Middlewares/ST/STM32_USB_Host_Library/Core/Src/usbh_ioreq.c **** /**
 288:Middlewares/ST/STM32_USB_Host_Library/Core/Src/usbh_ioreq.c ****   * @brief  USBH_IsocReceiveData
 289:Middlewares/ST/STM32_USB_Host_Library/Core/Src/usbh_ioreq.c ****   *         Receives the Device Response to the Isochronous IN token
 290:Middlewares/ST/STM32_USB_Host_Library/Core/Src/usbh_ioreq.c ****   * @param  phost: Host Handle
 291:Middlewares/ST/STM32_USB_Host_Library/Core/Src/usbh_ioreq.c ****   * @param  buff: Buffer pointer in which the response needs to be copied
 292:Middlewares/ST/STM32_USB_Host_Library/Core/Src/usbh_ioreq.c ****   * @param  length: Length of the data to be received
 293:Middlewares/ST/STM32_USB_Host_Library/Core/Src/usbh_ioreq.c ****   * @param  pipe_num: Pipe Number
 294:Middlewares/ST/STM32_USB_Host_Library/Core/Src/usbh_ioreq.c ****   * @retval USBH Status. 
 295:Middlewares/ST/STM32_USB_Host_Library/Core/Src/usbh_ioreq.c ****   */
 296:Middlewares/ST/STM32_USB_Host_Library/Core/Src/usbh_ioreq.c **** USBH_StatusTypeDef USBH_IsocReceiveData(USBH_HandleTypeDef *phost, 
 297:Middlewares/ST/STM32_USB_Host_Library/Core/Src/usbh_ioreq.c ****                                 uint8_t *buff, 
 298:Middlewares/ST/STM32_USB_Host_Library/Core/Src/usbh_ioreq.c ****                                 uint32_t length,
 299:Middlewares/ST/STM32_USB_Host_Library/Core/Src/usbh_ioreq.c ****                                 uint8_t pipe_num)
 300:Middlewares/ST/STM32_USB_Host_Library/Core/Src/usbh_ioreq.c **** {    
 369              		.loc 1 300 0
 370              		.cfi_startproc
 371              		@ args = 0, pretend = 0, frame = 0
 372              		@ frame_needed = 0, uses_anonymous_args = 0
 373              	.LVL36:
 374 0000 30B5     		push	{r4, r5, lr}
 375              	.LCFI21:
 376              		.cfi_def_cfa_offset 12
 377              		.cfi_offset 4, -12
 378              		.cfi_offset 5, -8
 379              		.cfi_offset 14, -4
 380 0002 85B0     		sub	sp, sp, #20
 381              	.LCFI22:
 382              		.cfi_def_cfa_offset 32
 301:Middlewares/ST/STM32_USB_Host_Library/Core/Src/usbh_ioreq.c ****   USBH_LL_SubmitURB (phost,                     /* Driver handle    */
 383              		.loc 1 301 0
 384 0004 0124     		movs	r4, #1
 385 0006 0094     		str	r4, [sp]
 386 0008 0191     		str	r1, [sp, #4]
 387 000a 92B2     		uxth	r2, r2
 388              	.LVL37:
 389 000c 0292     		str	r2, [sp, #8]
 390 000e 0025     		movs	r5, #0
 391 0010 0395     		str	r5, [sp, #12]
 392 0012 1946     		mov	r1, r3
 393              	.LVL38:
 394 0014 2246     		mov	r2, r4
 395 0016 2346     		mov	r3, r4
 396              	.LVL39:
 397 0018 FFF7FEFF 		bl	USBH_LL_SubmitURB
 398              	.LVL40:
ARM GAS  /tmp/ccFhHkw7.s 			page 13


 302:Middlewares/ST/STM32_USB_Host_Library/Core/Src/usbh_ioreq.c ****                           pipe_num,             /* Pipe index       */
 303:Middlewares/ST/STM32_USB_Host_Library/Core/Src/usbh_ioreq.c ****                           1,                    /* Direction : IN   */
 304:Middlewares/ST/STM32_USB_Host_Library/Core/Src/usbh_ioreq.c ****                           USBH_EP_ISO,          /* EP type          */                          
 305:Middlewares/ST/STM32_USB_Host_Library/Core/Src/usbh_ioreq.c ****                           USBH_PID_DATA,        /* Type Data        */
 306:Middlewares/ST/STM32_USB_Host_Library/Core/Src/usbh_ioreq.c ****                           buff,                 /* data buffer      */
 307:Middlewares/ST/STM32_USB_Host_Library/Core/Src/usbh_ioreq.c ****                           length,               /* data length      */
 308:Middlewares/ST/STM32_USB_Host_Library/Core/Src/usbh_ioreq.c ****                           0);
 309:Middlewares/ST/STM32_USB_Host_Library/Core/Src/usbh_ioreq.c **** 
 310:Middlewares/ST/STM32_USB_Host_Library/Core/Src/usbh_ioreq.c ****   
 311:Middlewares/ST/STM32_USB_Host_Library/Core/Src/usbh_ioreq.c ****   return USBH_OK;
 312:Middlewares/ST/STM32_USB_Host_Library/Core/Src/usbh_ioreq.c **** }
 399              		.loc 1 312 0
 400 001c 2846     		mov	r0, r5
 401 001e 05B0     		add	sp, sp, #20
 402              	.LCFI23:
 403              		.cfi_def_cfa_offset 12
 404              		@ sp needed
 405 0020 30BD     		pop	{r4, r5, pc}
 406              		.cfi_endproc
 407              	.LFE130:
 409 0022 00BF     		.section	.text.USBH_IsocSendData,"ax",%progbits
 410              		.align	2
 411              		.global	USBH_IsocSendData
 412              		.thumb
 413              		.thumb_func
 415              	USBH_IsocSendData:
 416              	.LFB131:
 313:Middlewares/ST/STM32_USB_Host_Library/Core/Src/usbh_ioreq.c **** 
 314:Middlewares/ST/STM32_USB_Host_Library/Core/Src/usbh_ioreq.c **** /**
 315:Middlewares/ST/STM32_USB_Host_Library/Core/Src/usbh_ioreq.c ****   * @brief  USBH_IsocSendData
 316:Middlewares/ST/STM32_USB_Host_Library/Core/Src/usbh_ioreq.c ****   *         Sends the data on Isochronous OUT Endpoint
 317:Middlewares/ST/STM32_USB_Host_Library/Core/Src/usbh_ioreq.c ****   * @param  phost: Host Handle
 318:Middlewares/ST/STM32_USB_Host_Library/Core/Src/usbh_ioreq.c ****   * @param  buff: Buffer pointer from where the data needs to be copied
 319:Middlewares/ST/STM32_USB_Host_Library/Core/Src/usbh_ioreq.c ****   * @param  length: Length of the data to be sent
 320:Middlewares/ST/STM32_USB_Host_Library/Core/Src/usbh_ioreq.c ****   * @param  pipe_num: Pipe Number
 321:Middlewares/ST/STM32_USB_Host_Library/Core/Src/usbh_ioreq.c ****   * @retval USBH Status. 
 322:Middlewares/ST/STM32_USB_Host_Library/Core/Src/usbh_ioreq.c ****   */
 323:Middlewares/ST/STM32_USB_Host_Library/Core/Src/usbh_ioreq.c **** USBH_StatusTypeDef USBH_IsocSendData(USBH_HandleTypeDef *phost, 
 324:Middlewares/ST/STM32_USB_Host_Library/Core/Src/usbh_ioreq.c ****                                 uint8_t *buff, 
 325:Middlewares/ST/STM32_USB_Host_Library/Core/Src/usbh_ioreq.c ****                                 uint32_t length,
 326:Middlewares/ST/STM32_USB_Host_Library/Core/Src/usbh_ioreq.c ****                                 uint8_t pipe_num)
 327:Middlewares/ST/STM32_USB_Host_Library/Core/Src/usbh_ioreq.c **** {
 417              		.loc 1 327 0
 418              		.cfi_startproc
 419              		@ args = 0, pretend = 0, frame = 0
 420              		@ frame_needed = 0, uses_anonymous_args = 0
 421              	.LVL41:
 422 0000 30B5     		push	{r4, r5, lr}
 423              	.LCFI24:
 424              		.cfi_def_cfa_offset 12
 425              		.cfi_offset 4, -12
 426              		.cfi_offset 5, -8
 427              		.cfi_offset 14, -4
 428 0002 85B0     		sub	sp, sp, #20
 429              	.LCFI25:
 430              		.cfi_def_cfa_offset 32
 328:Middlewares/ST/STM32_USB_Host_Library/Core/Src/usbh_ioreq.c ****   USBH_LL_SubmitURB (phost,                     /* Driver handle    */
ARM GAS  /tmp/ccFhHkw7.s 			page 14


 431              		.loc 1 328 0
 432 0004 0125     		movs	r5, #1
 433 0006 0095     		str	r5, [sp]
 434 0008 0191     		str	r1, [sp, #4]
 435 000a 92B2     		uxth	r2, r2
 436              	.LVL42:
 437 000c 0292     		str	r2, [sp, #8]
 438 000e 0024     		movs	r4, #0
 439 0010 0394     		str	r4, [sp, #12]
 440 0012 1946     		mov	r1, r3
 441              	.LVL43:
 442 0014 2246     		mov	r2, r4
 443 0016 2B46     		mov	r3, r5
 444              	.LVL44:
 445 0018 FFF7FEFF 		bl	USBH_LL_SubmitURB
 446              	.LVL45:
 329:Middlewares/ST/STM32_USB_Host_Library/Core/Src/usbh_ioreq.c ****                           pipe_num,             /* Pipe index       */
 330:Middlewares/ST/STM32_USB_Host_Library/Core/Src/usbh_ioreq.c ****                           0,                    /* Direction : OUT   */
 331:Middlewares/ST/STM32_USB_Host_Library/Core/Src/usbh_ioreq.c ****                           USBH_EP_ISO,          /* EP type          */                          
 332:Middlewares/ST/STM32_USB_Host_Library/Core/Src/usbh_ioreq.c ****                           USBH_PID_DATA,        /* Type Data        */
 333:Middlewares/ST/STM32_USB_Host_Library/Core/Src/usbh_ioreq.c ****                           buff,                 /* data buffer      */
 334:Middlewares/ST/STM32_USB_Host_Library/Core/Src/usbh_ioreq.c ****                           length,               /* data length      */ 
 335:Middlewares/ST/STM32_USB_Host_Library/Core/Src/usbh_ioreq.c ****                           0);
 336:Middlewares/ST/STM32_USB_Host_Library/Core/Src/usbh_ioreq.c ****   
 337:Middlewares/ST/STM32_USB_Host_Library/Core/Src/usbh_ioreq.c ****   return USBH_OK;
 338:Middlewares/ST/STM32_USB_Host_Library/Core/Src/usbh_ioreq.c **** }
 447              		.loc 1 338 0
 448 001c 2046     		mov	r0, r4
 449 001e 05B0     		add	sp, sp, #20
 450              	.LCFI26:
 451              		.cfi_def_cfa_offset 12
 452              		@ sp needed
 453 0020 30BD     		pop	{r4, r5, pc}
 454              		.cfi_endproc
 455              	.LFE131:
 457 0022 00BF     		.text
 458              	.Letext0:
 459              		.file 2 "/usr/include/newlib/machine/_default_types.h"
 460              		.file 3 "/usr/include/newlib/sys/_stdint.h"
 461              		.file 4 "Middlewares/ST/STM32_USB_Host_Library/Core/Inc/usbh_def.h"
 462              		.file 5 "Drivers/CMSIS/Include/core_cm4.h"
 463              		.file 6 "Middlewares/ST/STM32_USB_Host_Library/Core/Inc/usbh_core.h"
ARM GAS  /tmp/ccFhHkw7.s 			page 15


DEFINED SYMBOLS
                            *ABS*:0000000000000000 usbh_ioreq.c
     /tmp/ccFhHkw7.s:21     .text.USBH_CtlSendSetup:0000000000000000 $t
     /tmp/ccFhHkw7.s:26     .text.USBH_CtlSendSetup:0000000000000000 USBH_CtlSendSetup
     /tmp/ccFhHkw7.s:67     .text.USBH_CtlSendData:0000000000000000 $t
     /tmp/ccFhHkw7.s:72     .text.USBH_CtlSendData:0000000000000000 USBH_CtlSendData
     /tmp/ccFhHkw7.s:121    .text.USBH_CtlReceiveData:0000000000000000 $t
     /tmp/ccFhHkw7.s:126    .text.USBH_CtlReceiveData:0000000000000000 USBH_CtlReceiveData
     /tmp/ccFhHkw7.s:168    .text.USBH_BulkSendData:0000000000000000 $t
     /tmp/ccFhHkw7.s:173    .text.USBH_BulkSendData:0000000000000000 USBH_BulkSendData
     /tmp/ccFhHkw7.s:222    .text.USBH_BulkReceiveData:0000000000000000 $t
     /tmp/ccFhHkw7.s:227    .text.USBH_BulkReceiveData:0000000000000000 USBH_BulkReceiveData
     /tmp/ccFhHkw7.s:269    .text.USBH_InterruptReceiveData:0000000000000000 $t
     /tmp/ccFhHkw7.s:274    .text.USBH_InterruptReceiveData:0000000000000000 USBH_InterruptReceiveData
     /tmp/ccFhHkw7.s:316    .text.USBH_InterruptSendData:0000000000000000 $t
     /tmp/ccFhHkw7.s:321    .text.USBH_InterruptSendData:0000000000000000 USBH_InterruptSendData
     /tmp/ccFhHkw7.s:362    .text.USBH_IsocReceiveData:0000000000000000 $t
     /tmp/ccFhHkw7.s:367    .text.USBH_IsocReceiveData:0000000000000000 USBH_IsocReceiveData
     /tmp/ccFhHkw7.s:410    .text.USBH_IsocSendData:0000000000000000 $t
     /tmp/ccFhHkw7.s:415    .text.USBH_IsocSendData:0000000000000000 USBH_IsocSendData
                     .debug_frame:0000000000000010 $d

UNDEFINED SYMBOLS
USBH_LL_SubmitURB
