ARM GAS  /tmp/cckgA1Rh.s 			page 1


   1              		.syntax unified
   2              		.cpu cortex-m4
   3              		.eabi_attribute 27, 1
   4              		.eabi_attribute 28, 1
   5              		.fpu fpv4-sp-d16
   6              		.eabi_attribute 20, 1
   7              		.eabi_attribute 21, 1
   8              		.eabi_attribute 23, 3
   9              		.eabi_attribute 24, 1
  10              		.eabi_attribute 25, 1
  11              		.eabi_attribute 26, 1
  12              		.eabi_attribute 30, 1
  13              		.eabi_attribute 34, 1
  14              		.eabi_attribute 18, 4
  15              		.thumb
  16              		.file	"usbh_pipes.c"
  17              		.text
  18              	.Ltext0:
  19              		.cfi_sections	.debug_frame
  20              		.section	.text.USBH_GetFreePipe,"ax",%progbits
  21              		.align	2
  22              		.thumb
  23              		.thumb_func
  25              	USBH_GetFreePipe:
  26              	.LFB127:
  27              		.file 1 "Middlewares/ST/STM32_USB_Host_Library/Core/Src/usbh_pipes.c"
   1:Middlewares/ST/STM32_USB_Host_Library/Core/Src/usbh_pipes.c **** /**
   2:Middlewares/ST/STM32_USB_Host_Library/Core/Src/usbh_pipes.c ****   ******************************************************************************
   3:Middlewares/ST/STM32_USB_Host_Library/Core/Src/usbh_pipes.c ****   * @file    usbh_pipes.c
   4:Middlewares/ST/STM32_USB_Host_Library/Core/Src/usbh_pipes.c ****   * @author  MCD Application Team
   5:Middlewares/ST/STM32_USB_Host_Library/Core/Src/usbh_pipes.c ****   * @version V3.2.2
   6:Middlewares/ST/STM32_USB_Host_Library/Core/Src/usbh_pipes.c ****   * @date    07-July-2015
   7:Middlewares/ST/STM32_USB_Host_Library/Core/Src/usbh_pipes.c ****   * @brief   This file implements functions for opening and closing Pipes
   8:Middlewares/ST/STM32_USB_Host_Library/Core/Src/usbh_pipes.c ****   ******************************************************************************
   9:Middlewares/ST/STM32_USB_Host_Library/Core/Src/usbh_pipes.c ****   * @attention
  10:Middlewares/ST/STM32_USB_Host_Library/Core/Src/usbh_pipes.c ****   *
  11:Middlewares/ST/STM32_USB_Host_Library/Core/Src/usbh_pipes.c ****   * <h2><center>&copy; COPYRIGHT 2015 STMicroelectronics</center></h2>
  12:Middlewares/ST/STM32_USB_Host_Library/Core/Src/usbh_pipes.c ****   *
  13:Middlewares/ST/STM32_USB_Host_Library/Core/Src/usbh_pipes.c ****   * Licensed under MCD-ST Liberty SW License Agreement V2, (the "License");
  14:Middlewares/ST/STM32_USB_Host_Library/Core/Src/usbh_pipes.c ****   * You may not use this file except in compliance with the License.
  15:Middlewares/ST/STM32_USB_Host_Library/Core/Src/usbh_pipes.c ****   * You may obtain a copy of the License at:
  16:Middlewares/ST/STM32_USB_Host_Library/Core/Src/usbh_pipes.c ****   *
  17:Middlewares/ST/STM32_USB_Host_Library/Core/Src/usbh_pipes.c ****   *        http://www.st.com/software_license_agreement_liberty_v2
  18:Middlewares/ST/STM32_USB_Host_Library/Core/Src/usbh_pipes.c ****   *
  19:Middlewares/ST/STM32_USB_Host_Library/Core/Src/usbh_pipes.c ****   * Unless required by applicable law or agreed to in writing, software 
  20:Middlewares/ST/STM32_USB_Host_Library/Core/Src/usbh_pipes.c ****   * distributed under the License is distributed on an "AS IS" BASIS, 
  21:Middlewares/ST/STM32_USB_Host_Library/Core/Src/usbh_pipes.c ****   * WITHOUT WARRANTIES OR CONDITIONS OF ANY KIND, either express or implied.
  22:Middlewares/ST/STM32_USB_Host_Library/Core/Src/usbh_pipes.c ****   * See the License for the specific language governing permissions and
  23:Middlewares/ST/STM32_USB_Host_Library/Core/Src/usbh_pipes.c ****   * limitations under the License.
  24:Middlewares/ST/STM32_USB_Host_Library/Core/Src/usbh_pipes.c ****   *
  25:Middlewares/ST/STM32_USB_Host_Library/Core/Src/usbh_pipes.c ****   ******************************************************************************
  26:Middlewares/ST/STM32_USB_Host_Library/Core/Src/usbh_pipes.c ****   */ 
  27:Middlewares/ST/STM32_USB_Host_Library/Core/Src/usbh_pipes.c **** 
  28:Middlewares/ST/STM32_USB_Host_Library/Core/Src/usbh_pipes.c **** /* Includes ------------------------------------------------------------------*/
  29:Middlewares/ST/STM32_USB_Host_Library/Core/Src/usbh_pipes.c **** #include "usbh_pipes.h"
  30:Middlewares/ST/STM32_USB_Host_Library/Core/Src/usbh_pipes.c **** 
  31:Middlewares/ST/STM32_USB_Host_Library/Core/Src/usbh_pipes.c **** /** @addtogroup USBH_LIB
ARM GAS  /tmp/cckgA1Rh.s 			page 2


  32:Middlewares/ST/STM32_USB_Host_Library/Core/Src/usbh_pipes.c ****   * @{
  33:Middlewares/ST/STM32_USB_Host_Library/Core/Src/usbh_pipes.c ****   */
  34:Middlewares/ST/STM32_USB_Host_Library/Core/Src/usbh_pipes.c **** 
  35:Middlewares/ST/STM32_USB_Host_Library/Core/Src/usbh_pipes.c **** /** @addtogroup USBH_LIB_CORE
  36:Middlewares/ST/STM32_USB_Host_Library/Core/Src/usbh_pipes.c **** * @{
  37:Middlewares/ST/STM32_USB_Host_Library/Core/Src/usbh_pipes.c **** */
  38:Middlewares/ST/STM32_USB_Host_Library/Core/Src/usbh_pipes.c ****   
  39:Middlewares/ST/STM32_USB_Host_Library/Core/Src/usbh_pipes.c **** /** @defgroup USBH_PIPES
  40:Middlewares/ST/STM32_USB_Host_Library/Core/Src/usbh_pipes.c ****   * @brief This file includes opening and closing Pipes
  41:Middlewares/ST/STM32_USB_Host_Library/Core/Src/usbh_pipes.c ****   * @{
  42:Middlewares/ST/STM32_USB_Host_Library/Core/Src/usbh_pipes.c ****   */ 
  43:Middlewares/ST/STM32_USB_Host_Library/Core/Src/usbh_pipes.c **** 
  44:Middlewares/ST/STM32_USB_Host_Library/Core/Src/usbh_pipes.c **** /** @defgroup USBH_PIPES_Private_Defines
  45:Middlewares/ST/STM32_USB_Host_Library/Core/Src/usbh_pipes.c ****   * @{
  46:Middlewares/ST/STM32_USB_Host_Library/Core/Src/usbh_pipes.c ****   */ 
  47:Middlewares/ST/STM32_USB_Host_Library/Core/Src/usbh_pipes.c **** /**
  48:Middlewares/ST/STM32_USB_Host_Library/Core/Src/usbh_pipes.c ****   * @}
  49:Middlewares/ST/STM32_USB_Host_Library/Core/Src/usbh_pipes.c ****   */ 
  50:Middlewares/ST/STM32_USB_Host_Library/Core/Src/usbh_pipes.c **** 
  51:Middlewares/ST/STM32_USB_Host_Library/Core/Src/usbh_pipes.c **** /** @defgroup USBH_PIPES_Private_TypesDefinitions
  52:Middlewares/ST/STM32_USB_Host_Library/Core/Src/usbh_pipes.c ****   * @{
  53:Middlewares/ST/STM32_USB_Host_Library/Core/Src/usbh_pipes.c ****   */ 
  54:Middlewares/ST/STM32_USB_Host_Library/Core/Src/usbh_pipes.c **** /**
  55:Middlewares/ST/STM32_USB_Host_Library/Core/Src/usbh_pipes.c ****   * @}
  56:Middlewares/ST/STM32_USB_Host_Library/Core/Src/usbh_pipes.c ****   */ 
  57:Middlewares/ST/STM32_USB_Host_Library/Core/Src/usbh_pipes.c **** 
  58:Middlewares/ST/STM32_USB_Host_Library/Core/Src/usbh_pipes.c **** 
  59:Middlewares/ST/STM32_USB_Host_Library/Core/Src/usbh_pipes.c **** /** @defgroup USBH_PIPES_Private_Macros
  60:Middlewares/ST/STM32_USB_Host_Library/Core/Src/usbh_pipes.c ****   * @{
  61:Middlewares/ST/STM32_USB_Host_Library/Core/Src/usbh_pipes.c ****   */ 
  62:Middlewares/ST/STM32_USB_Host_Library/Core/Src/usbh_pipes.c **** /**
  63:Middlewares/ST/STM32_USB_Host_Library/Core/Src/usbh_pipes.c ****   * @}
  64:Middlewares/ST/STM32_USB_Host_Library/Core/Src/usbh_pipes.c ****   */ 
  65:Middlewares/ST/STM32_USB_Host_Library/Core/Src/usbh_pipes.c **** 
  66:Middlewares/ST/STM32_USB_Host_Library/Core/Src/usbh_pipes.c **** 
  67:Middlewares/ST/STM32_USB_Host_Library/Core/Src/usbh_pipes.c **** /** @defgroup USBH_PIPES_Private_Variables
  68:Middlewares/ST/STM32_USB_Host_Library/Core/Src/usbh_pipes.c ****   * @{
  69:Middlewares/ST/STM32_USB_Host_Library/Core/Src/usbh_pipes.c ****   */ 
  70:Middlewares/ST/STM32_USB_Host_Library/Core/Src/usbh_pipes.c **** 
  71:Middlewares/ST/STM32_USB_Host_Library/Core/Src/usbh_pipes.c **** /**
  72:Middlewares/ST/STM32_USB_Host_Library/Core/Src/usbh_pipes.c ****   * @}
  73:Middlewares/ST/STM32_USB_Host_Library/Core/Src/usbh_pipes.c ****   */ 
  74:Middlewares/ST/STM32_USB_Host_Library/Core/Src/usbh_pipes.c **** 
  75:Middlewares/ST/STM32_USB_Host_Library/Core/Src/usbh_pipes.c **** 
  76:Middlewares/ST/STM32_USB_Host_Library/Core/Src/usbh_pipes.c **** /** @defgroup USBH_PIPES_Private_Functions
  77:Middlewares/ST/STM32_USB_Host_Library/Core/Src/usbh_pipes.c ****   * @{
  78:Middlewares/ST/STM32_USB_Host_Library/Core/Src/usbh_pipes.c ****   */ 
  79:Middlewares/ST/STM32_USB_Host_Library/Core/Src/usbh_pipes.c **** static uint16_t USBH_GetFreePipe (USBH_HandleTypeDef *phost);
  80:Middlewares/ST/STM32_USB_Host_Library/Core/Src/usbh_pipes.c **** 
  81:Middlewares/ST/STM32_USB_Host_Library/Core/Src/usbh_pipes.c **** 
  82:Middlewares/ST/STM32_USB_Host_Library/Core/Src/usbh_pipes.c **** /**
  83:Middlewares/ST/STM32_USB_Host_Library/Core/Src/usbh_pipes.c ****   * @brief  USBH_Open_Pipe
  84:Middlewares/ST/STM32_USB_Host_Library/Core/Src/usbh_pipes.c ****   *         Open a  pipe
  85:Middlewares/ST/STM32_USB_Host_Library/Core/Src/usbh_pipes.c ****   * @param  phost: Host Handle
  86:Middlewares/ST/STM32_USB_Host_Library/Core/Src/usbh_pipes.c ****   * @param  pipe_num: Pipe Number
  87:Middlewares/ST/STM32_USB_Host_Library/Core/Src/usbh_pipes.c ****   * @param  dev_address: USB Device address allocated to attached device
  88:Middlewares/ST/STM32_USB_Host_Library/Core/Src/usbh_pipes.c ****   * @param  speed : USB device speed (Full/Low)
ARM GAS  /tmp/cckgA1Rh.s 			page 3


  89:Middlewares/ST/STM32_USB_Host_Library/Core/Src/usbh_pipes.c ****   * @param  ep_type: end point type (Bulk/int/ctl)
  90:Middlewares/ST/STM32_USB_Host_Library/Core/Src/usbh_pipes.c ****   * @param  mps: max pkt size
  91:Middlewares/ST/STM32_USB_Host_Library/Core/Src/usbh_pipes.c ****   * @retval USBH Status
  92:Middlewares/ST/STM32_USB_Host_Library/Core/Src/usbh_pipes.c ****   */
  93:Middlewares/ST/STM32_USB_Host_Library/Core/Src/usbh_pipes.c **** USBH_StatusTypeDef USBH_OpenPipe  (USBH_HandleTypeDef *phost,
  94:Middlewares/ST/STM32_USB_Host_Library/Core/Src/usbh_pipes.c ****                             uint8_t pipe_num,
  95:Middlewares/ST/STM32_USB_Host_Library/Core/Src/usbh_pipes.c ****                             uint8_t epnum,
  96:Middlewares/ST/STM32_USB_Host_Library/Core/Src/usbh_pipes.c ****                             uint8_t dev_address,
  97:Middlewares/ST/STM32_USB_Host_Library/Core/Src/usbh_pipes.c ****                             uint8_t speed,
  98:Middlewares/ST/STM32_USB_Host_Library/Core/Src/usbh_pipes.c ****                             uint8_t ep_type,
  99:Middlewares/ST/STM32_USB_Host_Library/Core/Src/usbh_pipes.c ****                             uint16_t mps)
 100:Middlewares/ST/STM32_USB_Host_Library/Core/Src/usbh_pipes.c **** {
 101:Middlewares/ST/STM32_USB_Host_Library/Core/Src/usbh_pipes.c **** 
 102:Middlewares/ST/STM32_USB_Host_Library/Core/Src/usbh_pipes.c ****   USBH_LL_OpenPipe(phost,
 103:Middlewares/ST/STM32_USB_Host_Library/Core/Src/usbh_pipes.c ****                         pipe_num,
 104:Middlewares/ST/STM32_USB_Host_Library/Core/Src/usbh_pipes.c ****                         epnum,
 105:Middlewares/ST/STM32_USB_Host_Library/Core/Src/usbh_pipes.c ****                         dev_address,
 106:Middlewares/ST/STM32_USB_Host_Library/Core/Src/usbh_pipes.c ****                         speed,
 107:Middlewares/ST/STM32_USB_Host_Library/Core/Src/usbh_pipes.c ****                         ep_type,
 108:Middlewares/ST/STM32_USB_Host_Library/Core/Src/usbh_pipes.c ****                         mps);
 109:Middlewares/ST/STM32_USB_Host_Library/Core/Src/usbh_pipes.c ****   
 110:Middlewares/ST/STM32_USB_Host_Library/Core/Src/usbh_pipes.c ****   return USBH_OK; 
 111:Middlewares/ST/STM32_USB_Host_Library/Core/Src/usbh_pipes.c **** 
 112:Middlewares/ST/STM32_USB_Host_Library/Core/Src/usbh_pipes.c **** }
 113:Middlewares/ST/STM32_USB_Host_Library/Core/Src/usbh_pipes.c **** 
 114:Middlewares/ST/STM32_USB_Host_Library/Core/Src/usbh_pipes.c **** /**
 115:Middlewares/ST/STM32_USB_Host_Library/Core/Src/usbh_pipes.c ****   * @brief  USBH_ClosePipe
 116:Middlewares/ST/STM32_USB_Host_Library/Core/Src/usbh_pipes.c ****   *         Close a  pipe
 117:Middlewares/ST/STM32_USB_Host_Library/Core/Src/usbh_pipes.c ****   * @param  phost: Host Handle
 118:Middlewares/ST/STM32_USB_Host_Library/Core/Src/usbh_pipes.c ****   * @param  pipe_num: Pipe Number
 119:Middlewares/ST/STM32_USB_Host_Library/Core/Src/usbh_pipes.c ****   * @retval USBH Status
 120:Middlewares/ST/STM32_USB_Host_Library/Core/Src/usbh_pipes.c ****   */
 121:Middlewares/ST/STM32_USB_Host_Library/Core/Src/usbh_pipes.c **** USBH_StatusTypeDef USBH_ClosePipe  (USBH_HandleTypeDef *phost,
 122:Middlewares/ST/STM32_USB_Host_Library/Core/Src/usbh_pipes.c ****                             uint8_t pipe_num)
 123:Middlewares/ST/STM32_USB_Host_Library/Core/Src/usbh_pipes.c **** {
 124:Middlewares/ST/STM32_USB_Host_Library/Core/Src/usbh_pipes.c **** 
 125:Middlewares/ST/STM32_USB_Host_Library/Core/Src/usbh_pipes.c ****   USBH_LL_ClosePipe(phost, pipe_num);
 126:Middlewares/ST/STM32_USB_Host_Library/Core/Src/usbh_pipes.c ****   
 127:Middlewares/ST/STM32_USB_Host_Library/Core/Src/usbh_pipes.c ****   return USBH_OK; 
 128:Middlewares/ST/STM32_USB_Host_Library/Core/Src/usbh_pipes.c **** 
 129:Middlewares/ST/STM32_USB_Host_Library/Core/Src/usbh_pipes.c **** }
 130:Middlewares/ST/STM32_USB_Host_Library/Core/Src/usbh_pipes.c **** 
 131:Middlewares/ST/STM32_USB_Host_Library/Core/Src/usbh_pipes.c **** /**
 132:Middlewares/ST/STM32_USB_Host_Library/Core/Src/usbh_pipes.c ****   * @brief  USBH_Alloc_Pipe
 133:Middlewares/ST/STM32_USB_Host_Library/Core/Src/usbh_pipes.c ****   *         Allocate a new Pipe
 134:Middlewares/ST/STM32_USB_Host_Library/Core/Src/usbh_pipes.c ****   * @param  phost: Host Handle
 135:Middlewares/ST/STM32_USB_Host_Library/Core/Src/usbh_pipes.c ****   * @param  ep_addr: End point for which the Pipe to be allocated
 136:Middlewares/ST/STM32_USB_Host_Library/Core/Src/usbh_pipes.c ****   * @retval Pipe number
 137:Middlewares/ST/STM32_USB_Host_Library/Core/Src/usbh_pipes.c ****   */
 138:Middlewares/ST/STM32_USB_Host_Library/Core/Src/usbh_pipes.c **** uint8_t USBH_AllocPipe  (USBH_HandleTypeDef *phost, uint8_t ep_addr)
 139:Middlewares/ST/STM32_USB_Host_Library/Core/Src/usbh_pipes.c **** {
 140:Middlewares/ST/STM32_USB_Host_Library/Core/Src/usbh_pipes.c ****   uint16_t pipe;
 141:Middlewares/ST/STM32_USB_Host_Library/Core/Src/usbh_pipes.c ****   
 142:Middlewares/ST/STM32_USB_Host_Library/Core/Src/usbh_pipes.c ****   pipe =  USBH_GetFreePipe(phost);
 143:Middlewares/ST/STM32_USB_Host_Library/Core/Src/usbh_pipes.c **** 
 144:Middlewares/ST/STM32_USB_Host_Library/Core/Src/usbh_pipes.c ****   if (pipe != 0xFFFF)
 145:Middlewares/ST/STM32_USB_Host_Library/Core/Src/usbh_pipes.c ****   {
ARM GAS  /tmp/cckgA1Rh.s 			page 4


 146:Middlewares/ST/STM32_USB_Host_Library/Core/Src/usbh_pipes.c **** 	phost->Pipes[pipe] = 0x8000 | ep_addr;
 147:Middlewares/ST/STM32_USB_Host_Library/Core/Src/usbh_pipes.c ****   }
 148:Middlewares/ST/STM32_USB_Host_Library/Core/Src/usbh_pipes.c ****   return pipe;
 149:Middlewares/ST/STM32_USB_Host_Library/Core/Src/usbh_pipes.c **** }
 150:Middlewares/ST/STM32_USB_Host_Library/Core/Src/usbh_pipes.c **** 
 151:Middlewares/ST/STM32_USB_Host_Library/Core/Src/usbh_pipes.c **** /**
 152:Middlewares/ST/STM32_USB_Host_Library/Core/Src/usbh_pipes.c ****   * @brief  USBH_Free_Pipe
 153:Middlewares/ST/STM32_USB_Host_Library/Core/Src/usbh_pipes.c ****   *         Free the USB Pipe
 154:Middlewares/ST/STM32_USB_Host_Library/Core/Src/usbh_pipes.c ****   * @param  phost: Host Handle
 155:Middlewares/ST/STM32_USB_Host_Library/Core/Src/usbh_pipes.c ****   * @param  idx: Pipe number to be freed 
 156:Middlewares/ST/STM32_USB_Host_Library/Core/Src/usbh_pipes.c ****   * @retval USBH Status
 157:Middlewares/ST/STM32_USB_Host_Library/Core/Src/usbh_pipes.c ****   */
 158:Middlewares/ST/STM32_USB_Host_Library/Core/Src/usbh_pipes.c **** USBH_StatusTypeDef USBH_FreePipe  (USBH_HandleTypeDef *phost, uint8_t idx)
 159:Middlewares/ST/STM32_USB_Host_Library/Core/Src/usbh_pipes.c **** {
 160:Middlewares/ST/STM32_USB_Host_Library/Core/Src/usbh_pipes.c ****    if(idx < 11)
 161:Middlewares/ST/STM32_USB_Host_Library/Core/Src/usbh_pipes.c ****    {
 162:Middlewares/ST/STM32_USB_Host_Library/Core/Src/usbh_pipes.c **** 	 phost->Pipes[idx] &= 0x7FFF;
 163:Middlewares/ST/STM32_USB_Host_Library/Core/Src/usbh_pipes.c ****    }
 164:Middlewares/ST/STM32_USB_Host_Library/Core/Src/usbh_pipes.c ****    return USBH_OK;
 165:Middlewares/ST/STM32_USB_Host_Library/Core/Src/usbh_pipes.c **** }
 166:Middlewares/ST/STM32_USB_Host_Library/Core/Src/usbh_pipes.c **** 
 167:Middlewares/ST/STM32_USB_Host_Library/Core/Src/usbh_pipes.c **** /**
 168:Middlewares/ST/STM32_USB_Host_Library/Core/Src/usbh_pipes.c ****   * @brief  USBH_GetFreePipe
 169:Middlewares/ST/STM32_USB_Host_Library/Core/Src/usbh_pipes.c ****   * @param  phost: Host Handle
 170:Middlewares/ST/STM32_USB_Host_Library/Core/Src/usbh_pipes.c ****   *         Get a free Pipe number for allocation to a device endpoint
 171:Middlewares/ST/STM32_USB_Host_Library/Core/Src/usbh_pipes.c ****   * @retval idx: Free Pipe number
 172:Middlewares/ST/STM32_USB_Host_Library/Core/Src/usbh_pipes.c ****   */
 173:Middlewares/ST/STM32_USB_Host_Library/Core/Src/usbh_pipes.c **** static uint16_t USBH_GetFreePipe (USBH_HandleTypeDef *phost)
 174:Middlewares/ST/STM32_USB_Host_Library/Core/Src/usbh_pipes.c **** {
  28              		.loc 1 174 0
  29              		.cfi_startproc
  30              		@ args = 0, pretend = 0, frame = 0
  31              		@ frame_needed = 0, uses_anonymous_args = 0
  32              		@ link register save eliminated.
  33              	.LVL0:
 175:Middlewares/ST/STM32_USB_Host_Library/Core/Src/usbh_pipes.c ****   uint8_t idx = 0;
 176:Middlewares/ST/STM32_USB_Host_Library/Core/Src/usbh_pipes.c ****   
 177:Middlewares/ST/STM32_USB_Host_Library/Core/Src/usbh_pipes.c ****   for (idx = 0 ; idx < 11 ; idx++)
  34              		.loc 1 177 0
  35 0000 0023     		movs	r3, #0
  36 0002 0AE0     		b	.L2
  37              	.LVL1:
  38              	.L5:
 178:Middlewares/ST/STM32_USB_Host_Library/Core/Src/usbh_pipes.c ****   {
 179:Middlewares/ST/STM32_USB_Host_Library/Core/Src/usbh_pipes.c **** 	if ((phost->Pipes[idx] & 0x8000) == 0)
  39              		.loc 1 179 0
  40 0004 00EB8302 		add	r2, r0, r3, lsl #2
  41 0008 D2F87C23 		ldr	r2, [r2, #892]
  42 000c 12F4004F 		tst	r2, #32768
  43 0010 01D1     		bne	.L3
 180:Middlewares/ST/STM32_USB_Host_Library/Core/Src/usbh_pipes.c **** 	{
 181:Middlewares/ST/STM32_USB_Host_Library/Core/Src/usbh_pipes.c **** 	   return idx;
  44              		.loc 1 181 0
  45 0012 98B2     		uxth	r0, r3
  46              	.LVL2:
  47 0014 7047     		bx	lr
  48              	.LVL3:
ARM GAS  /tmp/cckgA1Rh.s 			page 5


  49              	.L3:
 177:Middlewares/ST/STM32_USB_Host_Library/Core/Src/usbh_pipes.c ****   {
  50              		.loc 1 177 0 discriminator 2
  51 0016 0133     		adds	r3, r3, #1
  52              	.LVL4:
  53 0018 DBB2     		uxtb	r3, r3
  54              	.LVL5:
  55              	.L2:
 177:Middlewares/ST/STM32_USB_Host_Library/Core/Src/usbh_pipes.c ****   {
  56              		.loc 1 177 0 is_stmt 0 discriminator 1
  57 001a 0A2B     		cmp	r3, #10
  58 001c F2D9     		bls	.L5
 182:Middlewares/ST/STM32_USB_Host_Library/Core/Src/usbh_pipes.c **** 	} 
 183:Middlewares/ST/STM32_USB_Host_Library/Core/Src/usbh_pipes.c ****   }
 184:Middlewares/ST/STM32_USB_Host_Library/Core/Src/usbh_pipes.c ****   return 0xFFFF;
  59              		.loc 1 184 0 is_stmt 1
  60 001e 4FF6FF70 		movw	r0, #65535
  61              	.LVL6:
 185:Middlewares/ST/STM32_USB_Host_Library/Core/Src/usbh_pipes.c **** }
  62              		.loc 1 185 0
  63 0022 7047     		bx	lr
  64              		.cfi_endproc
  65              	.LFE127:
  67              		.section	.text.USBH_OpenPipe,"ax",%progbits
  68              		.align	2
  69              		.global	USBH_OpenPipe
  70              		.thumb
  71              		.thumb_func
  73              	USBH_OpenPipe:
  74              	.LFB123:
 100:Middlewares/ST/STM32_USB_Host_Library/Core/Src/usbh_pipes.c **** 
  75              		.loc 1 100 0
  76              		.cfi_startproc
  77              		@ args = 12, pretend = 0, frame = 0
  78              		@ frame_needed = 0, uses_anonymous_args = 0
  79              	.LVL7:
  80 0000 10B5     		push	{r4, lr}
  81              	.LCFI0:
  82              		.cfi_def_cfa_offset 8
  83              		.cfi_offset 4, -8
  84              		.cfi_offset 14, -4
  85 0002 84B0     		sub	sp, sp, #16
  86              	.LCFI1:
  87              		.cfi_def_cfa_offset 24
 102:Middlewares/ST/STM32_USB_Host_Library/Core/Src/usbh_pipes.c ****                         pipe_num,
  88              		.loc 1 102 0
  89 0004 9DF81840 		ldrb	r4, [sp, #24]	@ zero_extendqisi2
  90 0008 0094     		str	r4, [sp]
  91 000a 9DF81C40 		ldrb	r4, [sp, #28]	@ zero_extendqisi2
  92 000e 0194     		str	r4, [sp, #4]
  93 0010 BDF82040 		ldrh	r4, [sp, #32]
  94 0014 0294     		str	r4, [sp, #8]
  95 0016 FFF7FEFF 		bl	USBH_LL_OpenPipe
  96              	.LVL8:
 112:Middlewares/ST/STM32_USB_Host_Library/Core/Src/usbh_pipes.c **** 
  97              		.loc 1 112 0
  98 001a 0020     		movs	r0, #0
ARM GAS  /tmp/cckgA1Rh.s 			page 6


  99 001c 04B0     		add	sp, sp, #16
 100              	.LCFI2:
 101              		.cfi_def_cfa_offset 8
 102              		@ sp needed
 103 001e 10BD     		pop	{r4, pc}
 104              		.cfi_endproc
 105              	.LFE123:
 107              		.section	.text.USBH_ClosePipe,"ax",%progbits
 108              		.align	2
 109              		.global	USBH_ClosePipe
 110              		.thumb
 111              		.thumb_func
 113              	USBH_ClosePipe:
 114              	.LFB124:
 123:Middlewares/ST/STM32_USB_Host_Library/Core/Src/usbh_pipes.c **** 
 115              		.loc 1 123 0
 116              		.cfi_startproc
 117              		@ args = 0, pretend = 0, frame = 0
 118              		@ frame_needed = 0, uses_anonymous_args = 0
 119              	.LVL9:
 120 0000 08B5     		push	{r3, lr}
 121              	.LCFI3:
 122              		.cfi_def_cfa_offset 8
 123              		.cfi_offset 3, -8
 124              		.cfi_offset 14, -4
 125:Middlewares/ST/STM32_USB_Host_Library/Core/Src/usbh_pipes.c ****   
 125              		.loc 1 125 0
 126 0002 FFF7FEFF 		bl	USBH_LL_ClosePipe
 127              	.LVL10:
 129:Middlewares/ST/STM32_USB_Host_Library/Core/Src/usbh_pipes.c **** 
 128              		.loc 1 129 0
 129 0006 0020     		movs	r0, #0
 130 0008 08BD     		pop	{r3, pc}
 131              		.cfi_endproc
 132              	.LFE124:
 134 000a 00BF     		.section	.text.USBH_AllocPipe,"ax",%progbits
 135              		.align	2
 136              		.global	USBH_AllocPipe
 137              		.thumb
 138              		.thumb_func
 140              	USBH_AllocPipe:
 141              	.LFB125:
 139:Middlewares/ST/STM32_USB_Host_Library/Core/Src/usbh_pipes.c ****   uint16_t pipe;
 142              		.loc 1 139 0
 143              		.cfi_startproc
 144              		@ args = 0, pretend = 0, frame = 0
 145              		@ frame_needed = 0, uses_anonymous_args = 0
 146              	.LVL11:
 147 0000 38B5     		push	{r3, r4, r5, lr}
 148              	.LCFI4:
 149              		.cfi_def_cfa_offset 16
 150              		.cfi_offset 3, -16
 151              		.cfi_offset 4, -12
 152              		.cfi_offset 5, -8
 153              		.cfi_offset 14, -4
 154 0002 0446     		mov	r4, r0
 155 0004 0D46     		mov	r5, r1
ARM GAS  /tmp/cckgA1Rh.s 			page 7


 142:Middlewares/ST/STM32_USB_Host_Library/Core/Src/usbh_pipes.c **** 
 156              		.loc 1 142 0
 157 0006 FFF7FEFF 		bl	USBH_GetFreePipe
 158              	.LVL12:
 144:Middlewares/ST/STM32_USB_Host_Library/Core/Src/usbh_pipes.c ****   {
 159              		.loc 1 144 0
 160 000a 4FF6FF73 		movw	r3, #65535
 161 000e 9842     		cmp	r0, r3
 162 0010 05D0     		beq	.L11
 146:Middlewares/ST/STM32_USB_Host_Library/Core/Src/usbh_pipes.c ****   }
 163              		.loc 1 146 0
 164 0012 45F40045 		orr	r5, r5, #32768
 165 0016 04EB8004 		add	r4, r4, r0, lsl #2
 166              	.LVL13:
 167 001a C4F87C53 		str	r5, [r4, #892]
 168              	.L11:
 149:Middlewares/ST/STM32_USB_Host_Library/Core/Src/usbh_pipes.c **** 
 169              		.loc 1 149 0
 170 001e C0B2     		uxtb	r0, r0
 171              	.LVL14:
 172 0020 38BD     		pop	{r3, r4, r5, pc}
 173              		.cfi_endproc
 174              	.LFE125:
 176 0022 00BF     		.section	.text.USBH_FreePipe,"ax",%progbits
 177              		.align	2
 178              		.global	USBH_FreePipe
 179              		.thumb
 180              		.thumb_func
 182              	USBH_FreePipe:
 183              	.LFB126:
 159:Middlewares/ST/STM32_USB_Host_Library/Core/Src/usbh_pipes.c ****    if(idx < 11)
 184              		.loc 1 159 0
 185              		.cfi_startproc
 186              		@ args = 0, pretend = 0, frame = 0
 187              		@ frame_needed = 0, uses_anonymous_args = 0
 188              		@ link register save eliminated.
 189              	.LVL15:
 160:Middlewares/ST/STM32_USB_Host_Library/Core/Src/usbh_pipes.c ****    {
 190              		.loc 1 160 0
 191 0000 0A29     		cmp	r1, #10
 192 0002 06D8     		bhi	.L14
 162:Middlewares/ST/STM32_USB_Host_Library/Core/Src/usbh_pipes.c ****    }
 193              		.loc 1 162 0
 194 0004 DE31     		adds	r1, r1, #222
 195              	.LVL16:
 196 0006 00EB8101 		add	r1, r0, r1, lsl #2
 197 000a 4B68     		ldr	r3, [r1, #4]
 198 000c C3F30E03 		ubfx	r3, r3, #0, #15
 199 0010 4B60     		str	r3, [r1, #4]
 200              	.L14:
 165:Middlewares/ST/STM32_USB_Host_Library/Core/Src/usbh_pipes.c **** 
 201              		.loc 1 165 0
 202 0012 0020     		movs	r0, #0
 203              	.LVL17:
 204 0014 7047     		bx	lr
 205              		.cfi_endproc
 206              	.LFE126:
ARM GAS  /tmp/cckgA1Rh.s 			page 8


 208 0016 00BF     		.text
 209              	.Letext0:
 210              		.file 2 "/usr/include/newlib/machine/_default_types.h"
 211              		.file 3 "/usr/include/newlib/sys/_stdint.h"
 212              		.file 4 "Middlewares/ST/STM32_USB_Host_Library/Core/Inc/usbh_def.h"
 213              		.file 5 "Drivers/CMSIS/Include/core_cm4.h"
 214              		.file 6 "Middlewares/ST/STM32_USB_Host_Library/Core/Inc/usbh_core.h"
ARM GAS  /tmp/cckgA1Rh.s 			page 9


DEFINED SYMBOLS
                            *ABS*:0000000000000000 usbh_pipes.c
     /tmp/cckgA1Rh.s:21     .text.USBH_GetFreePipe:0000000000000000 $t
     /tmp/cckgA1Rh.s:25     .text.USBH_GetFreePipe:0000000000000000 USBH_GetFreePipe
     /tmp/cckgA1Rh.s:68     .text.USBH_OpenPipe:0000000000000000 $t
     /tmp/cckgA1Rh.s:73     .text.USBH_OpenPipe:0000000000000000 USBH_OpenPipe
     /tmp/cckgA1Rh.s:108    .text.USBH_ClosePipe:0000000000000000 $t
     /tmp/cckgA1Rh.s:113    .text.USBH_ClosePipe:0000000000000000 USBH_ClosePipe
     /tmp/cckgA1Rh.s:135    .text.USBH_AllocPipe:0000000000000000 $t
     /tmp/cckgA1Rh.s:140    .text.USBH_AllocPipe:0000000000000000 USBH_AllocPipe
     /tmp/cckgA1Rh.s:177    .text.USBH_FreePipe:0000000000000000 $t
     /tmp/cckgA1Rh.s:182    .text.USBH_FreePipe:0000000000000000 USBH_FreePipe
                     .debug_frame:0000000000000010 $d

UNDEFINED SYMBOLS
USBH_LL_OpenPipe
USBH_LL_ClosePipe
